<?xml version="1.0" encoding="utf-8"?><testsuites><testsuite name="pytest" errors="0" failures="6" skipped="9" tests="137" time="176.039" timestamp="2026-01-25T09:28:17.481206" hostname="runnervmymu0l"><testcase classname="tests.endpoints.attachments.test_attachments_add" name="test_add_success" time="2.305"><failure message="AssertionError: Expected status 200, got 400. URL: https://api.ganttpro.com/v1.0/attachments, Response: [{&quot;code&quot;:3005,&quot;msg&quot;:&quot;Code: 3005: body must have required property 'userId'&quot;}]">tests/endpoints/attachments/test_attachments_add.py:30: in test_add_success
    assert_status_code(response, 200)
src/assertions.py:28: in assert_status_code
    assert response.status_code == expected_status, message
E   AssertionError: Expected status 200, got 400. URL: https://api.ganttpro.com/v1.0/attachments, Response: [{"code":3005,"msg":"Code: 3005: body must have required property 'userId'"}]</failure></testcase><testcase classname="tests.endpoints.attachments.test_attachments_add" name="test_add_unauthorized" time="1.163" /><testcase classname="tests.endpoints.attachments.test_attachments_add" name="test_add_missing_fields" time="1.181" /><testcase classname="tests.endpoints.attachments.test_attachments_delete" name="test_delete_attachment_unauthorized" time="0.001"><skipped type="pytest.skip" message="Attachment tests require file upload which is not yet implemented">/home/runner/work/api-tests-ganttpro/api-tests-ganttpro/tests/endpoints/attachments/test_attachments_delete.py:7: Attachment tests require file upload which is not yet implemented</skipped></testcase><testcase classname="tests.endpoints.attachments.test_attachments_delete" name="test_delete_attachment_not_found" time="1.192" /><testcase classname="tests.endpoints.attachments.test_attachments_delete_by_ids" name="test_delete_attachments_by_ids_success" time="0.001"><skipped type="pytest.skip" message="Attachment tests require file upload which is not yet implemented">/home/runner/work/api-tests-ganttpro/api-tests-ganttpro/tests/endpoints/attachments/test_attachments_delete_by_ids.py:7: Attachment tests require file upload which is not yet implemented</skipped></testcase><testcase classname="tests.endpoints.attachments.test_attachments_delete_by_ids" name="test_delete_attachments_by_ids_unauthorized" time="1.163" /><testcase classname="tests.endpoints.attachments.test_attachments_delete_by_ids" name="test_delete_attachments_by_ids_missing_required_field" time="1.180" /><testcase classname="tests.endpoints.attachments.test_attachments_get_by_project" name="test_get_attachments_by_project_id_success" time="1.188" /><testcase classname="tests.endpoints.attachments.test_attachments_get_by_project" name="test_get_attachments_by_project_id_unauthorized" time="1.163" /><testcase classname="tests.endpoints.attachments.test_attachments_get_by_project" name="test_get_attachments_by_project_id_missing_required_param" time="1.163" /><testcase classname="tests.endpoints.attachments.test_attachments_get_list" name="test_get_attachments_list_success" time="1.187" /><testcase classname="tests.endpoints.attachments.test_attachments_get_list" name="test_get_attachments_list_unauthorized" time="1.163" /><testcase classname="tests.endpoints.attachments.test_attachments_get_list" name="test_get_attachments_list_missing_required_param" time="1.162" /><testcase classname="tests.endpoints.colors.test_colors_get" name="test_get_colors_success" time="1.185" /><testcase classname="tests.endpoints.colors.test_colors_get" name="test_get_colors_unauthorized" time="1.162" /><testcase classname="tests.endpoints.comments.test_comments_add" name="test_add_comment_to_task_success" time="1.003"><failure message="TypeError: int() argument must be a string, a bytes-like object or a number, not 'NoneType'">tests/endpoints/comments/test_comments_add.py:15: in test_add_comment_to_task_success
    "userId": int(user_id),
E   TypeError: int() argument must be a string, a bytes-like object or a number, not 'NoneType'</failure></testcase><testcase classname="tests.endpoints.comments.test_comments_add" name="test_add_comment_to_task_unauthorized" time="1.003"><failure message="TypeError: int() argument must be a string, a bytes-like object or a number, not 'NoneType'">tests/endpoints/comments/test_comments_add.py:31: in test_add_comment_to_task_unauthorized
    "userId": int(user_id),
E   TypeError: int() argument must be a string, a bytes-like object or a number, not 'NoneType'</failure></testcase><testcase classname="tests.endpoints.comments.test_comments_add" name="test_add_comment_to_task_missing_required_fields" time="1.181" /><testcase classname="tests.endpoints.comments.test_comments_delete" name="test_delete_comment_unauthorized" time="0.180"><skipped type="pytest.skip" message="Could not create test comment: 400">/home/runner/work/api-tests-ganttpro/api-tests-ganttpro/tests/endpoints/comments/test_comments_delete.py:7: Could not create test comment: 400</skipped></testcase><testcase classname="tests.endpoints.comments.test_comments_delete" name="test_delete_comment_not_found" time="1.184" /><testcase classname="tests.endpoints.comments.test_comments_get_by_project" name="test_get_comments_by_project_id_success" time="1.191" /><testcase classname="tests.endpoints.comments.test_comments_get_by_project" name="test_get_comments_by_project_id_unauthorized" time="1.163" /><testcase classname="tests.endpoints.comments.test_comments_get_by_project" name="test_get_comments_by_project_id_missing_required_param" time="1.163" /><testcase classname="tests.endpoints.comments.test_comments_get_list" name="test_get_comments_list_success" time="1.184" /><testcase classname="tests.endpoints.comments.test_comments_get_list" name="test_get_comments_list_unauthorized" time="1.164" /><testcase classname="tests.endpoints.comments.test_comments_get_list" name="test_get_comments_list_missing_required_param" time="1.163" /><testcase classname="tests.endpoints.comments.test_comments_update" name="test_update_comment_success" time="0.001"><skipped type="pytest.skip" message="Could not create test comment: 400">/home/runner/work/api-tests-ganttpro/api-tests-ganttpro/tests/endpoints/comments/test_comments_update.py:7: Could not create test comment: 400</skipped></testcase><testcase classname="tests.endpoints.comments.test_comments_update" name="test_update_comment_unauthorized" time="0.000"><skipped type="pytest.skip" message="Could not create test comment: 400">/home/runner/work/api-tests-ganttpro/api-tests-ganttpro/tests/endpoints/comments/test_comments_update.py:23: Could not create test comment: 400</skipped></testcase><testcase classname="tests.endpoints.comments.test_comments_update" name="test_update_comment_missing_required_field" time="0.000"><skipped type="pytest.skip" message="Could not create test comment: 400">/home/runner/work/api-tests-ganttpro/api-tests-ganttpro/tests/endpoints/comments/test_comments_update.py:38: Could not create test comment: 400</skipped></testcase><testcase classname="tests.endpoints.languages.test_languages_get" name="test_get_languages_success" time="1.193" /><testcase classname="tests.endpoints.languages.test_languages_get" name="test_get_languages_unauthorized" time="1.164" /><testcase classname="tests.endpoints.links.test_links_create" name="test_create_link_success" time="1.853" /><testcase classname="tests.endpoints.links.test_links_create" name="test_create_link_unauthorized" time="1.162" /><testcase classname="tests.endpoints.links.test_links_create" name="test_create_link_missing_required_fields" time="1.179" /><testcase classname="tests.endpoints.links.test_links_delete" name="test_delete_link_unauthorized" time="1.162" /><testcase classname="tests.endpoints.links.test_links_delete" name="test_delete_link_not_found" time="1.184" /><testcase classname="tests.endpoints.links.test_links_get" name="test_get_link_success" time="1.193" /><testcase classname="tests.endpoints.links.test_links_get" name="test_get_link_unauthorized" time="1.162" /><testcase classname="tests.endpoints.links.test_links_get" name="test_get_link_not_found" time="1.186" /><testcase classname="tests.endpoints.links.test_links_update" name="test_update_link_success" time="1.380" /><testcase classname="tests.endpoints.links.test_links_update" name="test_update_link_unauthorized" time="1.164" /><testcase classname="tests.endpoints.links.test_links_update" name="test_update_link_invalid_id" time="1.183" /><testcase classname="tests.endpoints.projects.test_projects_get_list" name="test_get_projects_list_success" time="1.192" /><testcase classname="tests.endpoints.projects.test_projects_get_list" name="test_get_projects_list_unauthorized" time="1.162" /><testcase classname="tests.endpoints.projects.test_projects_get_list" name="test_get_projects_list_invalid_key" time="1.163" /><testcase classname="tests.endpoints.resources.test_resources_get" name="test_get_resources_list_success" time="1.192" /><testcase classname="tests.endpoints.resources.test_resources_get" name="test_get_resources_list_unauthorized" time="1.163" /><testcase classname="tests.endpoints.resources.test_resources_get" name="test_get_resources_list_invalid_key" time="1.162" /><testcase classname="tests.endpoints.resources.test_resources_get_list" name="test_get_resources_list_success" time="1.191" /><testcase classname="tests.endpoints.resources.test_resources_get_list" name="test_get_resources_list_unauthorized" time="1.162" /><testcase classname="tests.endpoints.roles.test_roles_account_get" name="test_get_account_roles_success" time="1.185" /><testcase classname="tests.endpoints.roles.test_roles_account_get" name="test_get_account_roles_unauthorized" time="1.163" /><testcase classname="tests.endpoints.roles.test_roles_project_get" name="test_get_project_roles_success" time="1.190" /><testcase classname="tests.endpoints.roles.test_roles_project_get" name="test_get_project_roles_unauthorized" time="1.162" /><testcase classname="tests.endpoints.tasks.test_tasks_assign_resource" name="test_assign_resource_to_task_success" time="1.188"><skipped type="pytest.skip" message="API returned 500 on assignResource">/home/runner/work/api-tests-ganttpro/api-tests-ganttpro/tests/endpoints/tasks/test_tasks_assign_resource.py:19: API returned 500 on assignResource</skipped></testcase><testcase classname="tests.endpoints.tasks.test_tasks_assign_resource" name="test_assign_resource_unauthorized" time="1.164" /><testcase classname="tests.endpoints.tasks.test_tasks_assign_resource" name="test_assign_resource_invalid_key" time="1.163" /><testcase classname="tests.endpoints.tasks.test_tasks_assign_resource" name="test_assign_resource_missing_required_field" time="1.181" /><testcase classname="tests.endpoints.tasks.test_tasks_assign_resource_delete" name="test_delete_assign_from_task_success" time="1.351" /><testcase classname="tests.endpoints.tasks.test_tasks_assign_resource_delete" name="test_delete_assign_from_task_unauthorized" time="1.163" /><testcase classname="tests.endpoints.tasks.test_tasks_assign_resource_delete" name="test_delete_assign_from_task_missing_required_param" time="1.162" /><testcase classname="tests.endpoints.tasks.test_tasks_assign_resource_post" name="test_assign_resources_to_task_success" time="1.409" /><testcase classname="tests.endpoints.tasks.test_tasks_assign_resource_post" name="test_assign_resources_to_task_unauthorized" time="1.163" /><testcase classname="tests.endpoints.tasks.test_tasks_assign_resource_post" name="test_assign_resources_to_task_missing_required_field" time="1.182" /><testcase classname="tests.endpoints.tasks.test_tasks_assign_resource_put" name="test_update_task_resource_success" time="1.390" /><testcase classname="tests.endpoints.tasks.test_tasks_assign_resource_put" name="test_update_task_resource_unauthorized" time="1.162" /><testcase classname="tests.endpoints.tasks.test_tasks_assign_resource_put" name="test_update_task_resource_missing_required_field" time="1.182" /><testcase classname="tests.endpoints.tasks.test_tasks_create" name="test_create_success" time="1.462" /><testcase classname="tests.endpoints.tasks.test_tasks_create" name="test_create_unauthorized" time="1.162" /><testcase classname="tests.endpoints.tasks.test_tasks_create" name="test_create_invalid_key" time="1.162" /><testcase classname="tests.endpoints.tasks.test_tasks_create" name="test_create_missing_name" time="1.180" /><testcase classname="tests.endpoints.tasks.test_tasks_create" name="test_create_defaults" time="1.474"><failure message="AssertionError: assert 480 == 1440&#10; +  where 480 = &lt;built-in method get of dict object at 0x7fbd9c415400&gt;('duration')&#10; +    where &lt;built-in method get of dict object at 0x7fbd9c415400&gt; = {'attachments': [], 'color': 1, 'comments': [], 'createdAt': '2026-01-25T09:29:38.000Z', ...}.get">tests/endpoints/tasks/test_tasks_create.py:89: in test_create_defaults
    assert item.get("duration") == 1440  # API uses minutes (1 day = 1440 minutes)
E   AssertionError: assert 480 == 1440
E    +  where 480 = &lt;built-in method get of dict object at 0x7fbd9c415400&gt;('duration')
E    +    where &lt;built-in method get of dict object at 0x7fbd9c415400&gt; = {'attachments': [], 'color': 1, 'comments': [], 'createdAt': '2026-01-25T09:29:38.000Z', ...}.get</failure></testcase><testcase classname="tests.endpoints.tasks.test_tasks_create" name="test_create_start_duration_calculates_end" time="1.881" /><testcase classname="tests.endpoints.tasks.test_tasks_create" name="test_create_end_duration_calculates_start" time="1.872" /><testcase classname="tests.endpoints.tasks.test_tasks_create" name="test_create_invalid_progress" time="1.180" /><testcase classname="tests.endpoints.tasks.test_tasks_create" name="test_create_invalid_color" time="1.181" /><testcase classname="tests.endpoints.tasks.test_tasks_create" name="test_create_missing_project_id" time="1.181" /><testcase classname="tests.endpoints.tasks.test_tasks_create" name="test_create_start_only_uses_default_duration" time="1.452"><failure message="AssertionError: assert False&#10; +  where False = &lt;built-in method startswith of str object at 0x7fbd9c36b990&gt;('2025-01-05')&#10; +    where &lt;built-in method startswith of str object at 0x7fbd9c36b990&gt; = '2025-01-06 09:00:00'.startswith&#10; +      where '2025-01-06 09:00:00' = &lt;built-in method get of dict object at 0x7fbd9c316840&gt;('startDate')&#10; +        where &lt;built-in method get of dict object at 0x7fbd9c316840&gt; = {'attachments': [], 'color': 1, 'comments': [], 'createdAt': '2026-01-25T09:29:47.000Z', ...}.get">tests/endpoints/tasks/test_tasks_create.py:217: in test_create_start_only_uses_default_duration
    assert item.get("startDate").startswith("2025-01-05")  # API returns datetime format
E   AssertionError: assert False
E    +  where False = &lt;built-in method startswith of str object at 0x7fbd9c36b990&gt;('2025-01-05')
E    +    where &lt;built-in method startswith of str object at 0x7fbd9c36b990&gt; = '2025-01-06 09:00:00'.startswith
E    +      where '2025-01-06 09:00:00' = &lt;built-in method get of dict object at 0x7fbd9c316840&gt;('startDate')
E    +        where &lt;built-in method get of dict object at 0x7fbd9c316840&gt; = {'attachments': [], 'color': 1, 'comments': [], 'createdAt': '2026-01-25T09:29:47.000Z', ...}.get</failure></testcase><testcase classname="tests.endpoints.tasks.test_tasks_create" name="test_create_duration_only_sets_dates" time="1.862" /><testcase classname="tests.endpoints.tasks.test_tasks_create" name="test_create_all_dates_recalculates_end" time="1.825" /><testcase classname="tests.endpoints.tasks.test_tasks_create" name="test_create_progress_max_valid" time="1.827" /><testcase classname="tests.endpoints.tasks.test_tasks_create" name="test_create_progress_negative" time="1.180" /><testcase classname="tests.endpoints.tasks.test_tasks_create" name="test_create_color_min_max" time="2.666" /><testcase classname="tests.endpoints.tasks.test_tasks_create" name="test_create_duration_zero" time="1.226" /><testcase classname="tests.endpoints.tasks.test_tasks_create" name="test_create_duration_negative" time="1.181" /><testcase classname="tests.endpoints.tasks.test_tasks_create" name="test_create_blank_name" time="1.894" /><testcase classname="tests.endpoints.tasks.test_tasks_create" name="test_create_with_parent" time="2.166" /><testcase classname="tests.endpoints.tasks.test_tasks_create" name="test_create_with_resources" time="2.059" /><testcase classname="tests.endpoints.tasks.test_tasks_create" name="test_create_with_custom_field" time="1.004"><skipped type="pytest.skip" message="CUSTOM_FIELD_ID не задан">/home/runner/work/api-tests-ganttpro/api-tests-ganttpro/tests/endpoints/tasks/test_tasks_create.py:458: CUSTOM_FIELD_ID не задан</skipped></testcase><testcase classname="tests.endpoints.tasks.test_tasks_create" name="test_create_with_deadline" time="1.884" /><testcase classname="tests.endpoints.tasks.test_tasks_create" name="test_create_no_dates_sets_defaults" time="1.448"><failure message="AssertionError: assert 480 == 1440&#10; +  where 480 = &lt;built-in method get of dict object at 0x7fbd9c3378c0&gt;('duration')&#10; +    where &lt;built-in method get of dict object at 0x7fbd9c3378c0&gt; = {'attachments': [], 'color': 1, 'comments': [], 'createdAt': '2026-01-25T09:30:09.000Z', ...}.get">tests/endpoints/tasks/test_tasks_create.py:519: in test_create_no_dates_sets_defaults
    assert item.get("duration") == 1440  # Default duration in minutes
E   AssertionError: assert 480 == 1440
E    +  where 480 = &lt;built-in method get of dict object at 0x7fbd9c3378c0&gt;('duration')
E    +    where &lt;built-in method get of dict object at 0x7fbd9c3378c0&gt; = {'attachments': [], 'color': 1, 'comments': [], 'createdAt': '2026-01-25T09:30:09.000Z', ...}.get</failure></testcase><testcase classname="tests.endpoints.tasks.test_tasks_create" name="test_create_milestone_type" time="1.855" /><testcase classname="tests.endpoints.tasks.test_tasks_delete" name="test_delete_success" time="2.023" /><testcase classname="tests.endpoints.tasks.test_tasks_delete" name="test_delete_unauthorized" time="2.015" /><testcase classname="tests.endpoints.tasks.test_tasks_delete" name="test_delete_invalid_key" time="2.006" /><testcase classname="tests.endpoints.tasks.test_tasks_delete" name="test_delete_nonexistent" time="1.183" /><testcase classname="tests.endpoints.tasks.test_tasks_delete_task" name="test_delete_task_unauthorized" time="1.163" /><testcase classname="tests.endpoints.tasks.test_tasks_delete_task" name="test_delete_task_not_found" time="1.185" /><testcase classname="tests.endpoints.tasks.test_tasks_get_list" name="test_get_list_success" time="1.196" /><testcase classname="tests.endpoints.tasks.test_tasks_get_list" name="test_get_list_unauthorized" time="1.602" /><testcase classname="tests.endpoints.tasks.test_tasks_get_list" name="test_get_list_invalid_key" time="1.165" /><testcase classname="tests.endpoints.tasks.test_tasks_get_list" name="test_get_list_missing_project_id" time="1.165" /><testcase classname="tests.endpoints.tasks.test_tasks_update" name="test_update_success" time="2.073" /><testcase classname="tests.endpoints.tasks.test_tasks_update" name="test_update_unauthorized" time="2.048" /><testcase classname="tests.endpoints.tasks.test_tasks_update" name="test_update_invalid_key" time="2.006" /><testcase classname="tests.endpoints.tasks.test_tasks_update" name="test_update_nonexistent" time="1.182" /><testcase classname="tests.endpoints.tasks.test_tasks_update_task" name="test_update_task_success" time="1.247" /><testcase classname="tests.endpoints.tasks.test_tasks_update_task" name="test_update_task_unauthorized" time="1.162" /><testcase classname="tests.endpoints.tasks.test_tasks_update_task" name="test_update_task_invalid_id" time="1.191" /><testcase classname="tests.endpoints.team.test_team_get" name="test_get_team_success" time="1.181" /><testcase classname="tests.endpoints.team.test_team_get" name="test_get_team_unauthorized" time="1.162" /><testcase classname="tests.endpoints.team.test_team_get" name="test_get_team_invalid_key" time="1.174" /><testcase classname="tests.endpoints.timelogs.test_timelogs_add" name="test_add_time_log_to_task_success" time="2.086" /><testcase classname="tests.endpoints.timelogs.test_timelogs_add" name="test_add_time_log_to_task_unauthorized" time="2.019" /><testcase classname="tests.endpoints.timelogs.test_timelogs_add" name="test_add_time_log_to_task_missing_required_fields" time="1.178" /><testcase classname="tests.endpoints.timelogs.test_timelogs_delete" name="test_delete_time_log_unauthorized" time="1.353" /><testcase classname="tests.endpoints.timelogs.test_timelogs_delete" name="test_delete_time_log_not_found" time="1.181" /><testcase classname="tests.endpoints.timelogs.test_timelogs_get_by_project" name="test_get_time_log_by_project_id_success" time="1.184" /><testcase classname="tests.endpoints.timelogs.test_timelogs_get_by_project" name="test_get_time_log_by_project_id_unauthorized" time="1.163" /><testcase classname="tests.endpoints.timelogs.test_timelogs_get_by_project" name="test_get_time_log_by_project_id_missing_required_param" time="1.162" /><testcase classname="tests.endpoints.timelogs.test_timelogs_get_list" name="test_get_time_log_list_success" time="2.011" /><testcase classname="tests.endpoints.timelogs.test_timelogs_get_list" name="test_get_time_log_list_unauthorized" time="2.040" /><testcase classname="tests.endpoints.timelogs.test_timelogs_get_list" name="test_get_time_log_list_missing_required_param" time="1.166" /><testcase classname="tests.endpoints.timelogs.test_timelogs_get_one" name="test_get_time_log_success" time="1.182" /><testcase classname="tests.endpoints.timelogs.test_timelogs_get_one" name="test_get_time_log_unauthorized" time="1.164" /><testcase classname="tests.endpoints.timelogs.test_timelogs_get_one" name="test_get_time_log_not_found" time="1.181" /><testcase classname="tests.endpoints.timelogs.test_timelogs_update" name="test_update_time_log_success" time="1.191" /><testcase classname="tests.endpoints.timelogs.test_timelogs_update" name="test_update_time_log_unauthorized" time="1.163" /><testcase classname="tests.endpoints.timelogs.test_timelogs_update" name="test_update_time_log_invalid_id" time="1.179" /><testcase classname="tests.scenarios.test_scenario_example" name="test_scenario_example" time="0.001"><skipped type="pytest.skip" message="Scenario tests are placeholder for 2nd iteration">/home/runner/work/api-tests-ganttpro/api-tests-ganttpro/tests/scenarios/test_scenario_example.py:5: Scenario tests are placeholder for 2nd iteration</skipped></testcase><testcase classname="tests.smoke.test_smoke_public_gets" name="test_get_languages_success" time="1.178" /><testcase classname="tests.smoke.test_smoke_public_gets" name="test_get_colors_success" time="1.183" /><testcase classname="tests.smoke.test_smoke_public_gets" name="test_get_account_roles_success" time="1.182" /><testcase classname="tests.smoke.test_smoke_public_gets" name="test_get_project_roles_success" time="1.186" /><testcase classname="tests.smoke.test_smoke_public_gets" name="test_unauthorized_without_api_key" time="1.161" /><testcase classname="tests.smoke.test_smoke_public_gets" name="test_unauthorized_with_invalid_api_key" time="2.395" /></testsuite></testsuites>