<?xml version="1.0" encoding="utf-8"?><testsuites><testsuite name="pytest" errors="82" failures="0" skipped="3" tests="137" time="60.467" timestamp="2026-01-14T16:12:36.025538" hostname="runnervmi13qx"><testcase classname="tests.endpoints.attachments.test_attachments_add" name="test_add_success" time="0.003"><error message="failed on setup with &quot;ValueError: PROJECT_ID environment variable is required but not set. Add it to GitHub Secrets.&quot;">tests/conftest.py:43: in project_id
    raise ValueError("PROJECT_ID environment variable is required but not set. Add it to GitHub Secrets.")
E   ValueError: PROJECT_ID environment variable is required but not set. Add it to GitHub Secrets.</error></testcase><testcase classname="tests.endpoints.attachments.test_attachments_add" name="test_add_unauthorized" time="0.001"><error message="failed on setup with &quot;ValueError: PROJECT_ID environment variable is required but not set. Add it to GitHub Secrets.&quot;">tests/conftest.py:43: in project_id
    raise ValueError("PROJECT_ID environment variable is required but not set. Add it to GitHub Secrets.")
E   ValueError: PROJECT_ID environment variable is required but not set. Add it to GitHub Secrets.</error></testcase><testcase classname="tests.endpoints.attachments.test_attachments_add" name="test_add_missing_fields" time="1.507" /><testcase classname="tests.endpoints.attachments.test_attachments_delete" name="test_delete_attachment_unauthorized" time="0.001"><skipped type="pytest.skip" message="Attachment tests require file upload which is not yet implemented">/home/runner/work/api-tests-ganttpro/api-tests-ganttpro/tests/endpoints/attachments/test_attachments_delete.py:7: Attachment tests require file upload which is not yet implemented</skipped></testcase><testcase classname="tests.endpoints.attachments.test_attachments_delete" name="test_delete_attachment_not_found" time="1.129" /><testcase classname="tests.endpoints.attachments.test_attachments_delete_by_ids" name="test_delete_attachments_by_ids_success" time="0.001"><skipped type="pytest.skip" message="Attachment tests require file upload which is not yet implemented">/home/runner/work/api-tests-ganttpro/api-tests-ganttpro/tests/endpoints/attachments/test_attachments_delete_by_ids.py:7: Attachment tests require file upload which is not yet implemented</skipped></testcase><testcase classname="tests.endpoints.attachments.test_attachments_delete_by_ids" name="test_delete_attachments_by_ids_unauthorized" time="1.114" /><testcase classname="tests.endpoints.attachments.test_attachments_delete_by_ids" name="test_delete_attachments_by_ids_missing_required_field" time="1.127" /><testcase classname="tests.endpoints.attachments.test_attachments_get_by_project" name="test_get_attachments_by_project_id_success" time="0.001"><error message="failed on setup with &quot;ValueError: PROJECT_ID environment variable is required but not set. Add it to GitHub Secrets.&quot;">tests/conftest.py:43: in project_id
    raise ValueError("PROJECT_ID environment variable is required but not set. Add it to GitHub Secrets.")
E   ValueError: PROJECT_ID environment variable is required but not set. Add it to GitHub Secrets.</error></testcase><testcase classname="tests.endpoints.attachments.test_attachments_get_by_project" name="test_get_attachments_by_project_id_unauthorized" time="0.001"><error message="failed on setup with &quot;ValueError: PROJECT_ID environment variable is required but not set. Add it to GitHub Secrets.&quot;">tests/conftest.py:43: in project_id
    raise ValueError("PROJECT_ID environment variable is required but not set. Add it to GitHub Secrets.")
E   ValueError: PROJECT_ID environment variable is required but not set. Add it to GitHub Secrets.</error></testcase><testcase classname="tests.endpoints.attachments.test_attachments_get_by_project" name="test_get_attachments_by_project_id_missing_required_param" time="1.113" /><testcase classname="tests.endpoints.attachments.test_attachments_get_list" name="test_get_attachments_list_success" time="0.001"><error message="failed on setup with &quot;ValueError: PROJECT_ID environment variable is required but not set. Add it to GitHub Secrets.&quot;">tests/conftest.py:43: in project_id
    raise ValueError("PROJECT_ID environment variable is required but not set. Add it to GitHub Secrets.")
E   ValueError: PROJECT_ID environment variable is required but not set. Add it to GitHub Secrets.</error></testcase><testcase classname="tests.endpoints.attachments.test_attachments_get_list" name="test_get_attachments_list_unauthorized" time="0.001"><error message="failed on setup with &quot;ValueError: PROJECT_ID environment variable is required but not set. Add it to GitHub Secrets.&quot;">tests/conftest.py:43: in project_id
    raise ValueError("PROJECT_ID environment variable is required but not set. Add it to GitHub Secrets.")
E   ValueError: PROJECT_ID environment variable is required but not set. Add it to GitHub Secrets.</error></testcase><testcase classname="tests.endpoints.attachments.test_attachments_get_list" name="test_get_attachments_list_missing_required_param" time="1.115" /><testcase classname="tests.endpoints.colors.test_colors_get" name="test_get_colors_success" time="1.136" /><testcase classname="tests.endpoints.colors.test_colors_get" name="test_get_colors_unauthorized" time="1.111" /><testcase classname="tests.endpoints.comments.test_comments_add" name="test_add_comment_to_task_success" time="0.001"><error message="failed on setup with &quot;ValueError: PROJECT_ID environment variable is required but not set. Add it to GitHub Secrets.&quot;">tests/conftest.py:43: in project_id
    raise ValueError("PROJECT_ID environment variable is required but not set. Add it to GitHub Secrets.")
E   ValueError: PROJECT_ID environment variable is required but not set. Add it to GitHub Secrets.</error></testcase><testcase classname="tests.endpoints.comments.test_comments_add" name="test_add_comment_to_task_unauthorized" time="0.001"><error message="failed on setup with &quot;ValueError: PROJECT_ID environment variable is required but not set. Add it to GitHub Secrets.&quot;">tests/conftest.py:43: in project_id
    raise ValueError("PROJECT_ID environment variable is required but not set. Add it to GitHub Secrets.")
E   ValueError: PROJECT_ID environment variable is required but not set. Add it to GitHub Secrets.</error></testcase><testcase classname="tests.endpoints.comments.test_comments_add" name="test_add_comment_to_task_missing_required_fields" time="1.129" /><testcase classname="tests.endpoints.comments.test_comments_delete" name="test_delete_comment_unauthorized" time="0.001"><error message="failed on setup with &quot;ValueError: PROJECT_ID environment variable is required but not set. Add it to GitHub Secrets.&quot;">tests/conftest.py:43: in project_id
    raise ValueError("PROJECT_ID environment variable is required but not set. Add it to GitHub Secrets.")
E   ValueError: PROJECT_ID environment variable is required but not set. Add it to GitHub Secrets.</error></testcase><testcase classname="tests.endpoints.comments.test_comments_delete" name="test_delete_comment_not_found" time="1.131" /><testcase classname="tests.endpoints.comments.test_comments_get_by_project" name="test_get_comments_by_project_id_success" time="0.001"><error message="failed on setup with &quot;ValueError: PROJECT_ID environment variable is required but not set. Add it to GitHub Secrets.&quot;">tests/conftest.py:43: in project_id
    raise ValueError("PROJECT_ID environment variable is required but not set. Add it to GitHub Secrets.")
E   ValueError: PROJECT_ID environment variable is required but not set. Add it to GitHub Secrets.</error></testcase><testcase classname="tests.endpoints.comments.test_comments_get_by_project" name="test_get_comments_by_project_id_unauthorized" time="0.001"><error message="failed on setup with &quot;ValueError: PROJECT_ID environment variable is required but not set. Add it to GitHub Secrets.&quot;">tests/conftest.py:43: in project_id
    raise ValueError("PROJECT_ID environment variable is required but not set. Add it to GitHub Secrets.")
E   ValueError: PROJECT_ID environment variable is required but not set. Add it to GitHub Secrets.</error></testcase><testcase classname="tests.endpoints.comments.test_comments_get_by_project" name="test_get_comments_by_project_id_missing_required_param" time="1.111" /><testcase classname="tests.endpoints.comments.test_comments_get_list" name="test_get_comments_list_success" time="0.001"><error message="failed on setup with &quot;ValueError: PROJECT_ID environment variable is required but not set. Add it to GitHub Secrets.&quot;">tests/conftest.py:43: in project_id
    raise ValueError("PROJECT_ID environment variable is required but not set. Add it to GitHub Secrets.")
E   ValueError: PROJECT_ID environment variable is required but not set. Add it to GitHub Secrets.</error></testcase><testcase classname="tests.endpoints.comments.test_comments_get_list" name="test_get_comments_list_unauthorized" time="0.001"><error message="failed on setup with &quot;ValueError: PROJECT_ID environment variable is required but not set. Add it to GitHub Secrets.&quot;">tests/conftest.py:43: in project_id
    raise ValueError("PROJECT_ID environment variable is required but not set. Add it to GitHub Secrets.")
E   ValueError: PROJECT_ID environment variable is required but not set. Add it to GitHub Secrets.</error></testcase><testcase classname="tests.endpoints.comments.test_comments_get_list" name="test_get_comments_list_missing_required_param" time="1.112" /><testcase classname="tests.endpoints.comments.test_comments_update" name="test_update_comment_success" time="0.001"><error message="failed on setup with &quot;ValueError: PROJECT_ID environment variable is required but not set. Add it to GitHub Secrets.&quot;">tests/conftest.py:43: in project_id
    raise ValueError("PROJECT_ID environment variable is required but not set. Add it to GitHub Secrets.")
E   ValueError: PROJECT_ID environment variable is required but not set. Add it to GitHub Secrets.</error></testcase><testcase classname="tests.endpoints.comments.test_comments_update" name="test_update_comment_unauthorized" time="0.001"><error message="failed on setup with &quot;ValueError: PROJECT_ID environment variable is required but not set. Add it to GitHub Secrets.&quot;">tests/conftest.py:43: in project_id
    raise ValueError("PROJECT_ID environment variable is required but not set. Add it to GitHub Secrets.")
E   ValueError: PROJECT_ID environment variable is required but not set. Add it to GitHub Secrets.</error></testcase><testcase classname="tests.endpoints.comments.test_comments_update" name="test_update_comment_missing_required_field" time="0.001"><error message="failed on setup with &quot;ValueError: PROJECT_ID environment variable is required but not set. Add it to GitHub Secrets.&quot;">tests/conftest.py:43: in project_id
    raise ValueError("PROJECT_ID environment variable is required but not set. Add it to GitHub Secrets.")
E   ValueError: PROJECT_ID environment variable is required but not set. Add it to GitHub Secrets.</error></testcase><testcase classname="tests.endpoints.languages.test_languages_get" name="test_get_languages_success" time="1.129" /><testcase classname="tests.endpoints.languages.test_languages_get" name="test_get_languages_unauthorized" time="1.112" /><testcase classname="tests.endpoints.links.test_links_create" name="test_create_link_success" time="0.001"><error message="failed on setup with &quot;ValueError: PROJECT_ID environment variable is required but not set. Add it to GitHub Secrets.&quot;">tests/conftest.py:43: in project_id
    raise ValueError("PROJECT_ID environment variable is required but not set. Add it to GitHub Secrets.")
E   ValueError: PROJECT_ID environment variable is required but not set. Add it to GitHub Secrets.</error></testcase><testcase classname="tests.endpoints.links.test_links_create" name="test_create_link_unauthorized" time="1.112" /><testcase classname="tests.endpoints.links.test_links_create" name="test_create_link_missing_required_fields" time="1.125" /><testcase classname="tests.endpoints.links.test_links_delete" name="test_delete_link_unauthorized" time="0.001"><error message="failed on setup with &quot;ValueError: PROJECT_ID environment variable is required but not set. Add it to GitHub Secrets.&quot;">tests/conftest.py:43: in project_id
    raise ValueError("PROJECT_ID environment variable is required but not set. Add it to GitHub Secrets.")
E   ValueError: PROJECT_ID environment variable is required but not set. Add it to GitHub Secrets.</error></testcase><testcase classname="tests.endpoints.links.test_links_delete" name="test_delete_link_not_found" time="1.137" /><testcase classname="tests.endpoints.links.test_links_get" name="test_get_link_success" time="0.001"><error message="failed on setup with &quot;ValueError: PROJECT_ID environment variable is required but not set. Add it to GitHub Secrets.&quot;">tests/conftest.py:43: in project_id
    raise ValueError("PROJECT_ID environment variable is required but not set. Add it to GitHub Secrets.")
E   ValueError: PROJECT_ID environment variable is required but not set. Add it to GitHub Secrets.</error></testcase><testcase classname="tests.endpoints.links.test_links_get" name="test_get_link_unauthorized" time="0.001"><error message="failed on setup with &quot;ValueError: PROJECT_ID environment variable is required but not set. Add it to GitHub Secrets.&quot;">tests/conftest.py:43: in project_id
    raise ValueError("PROJECT_ID environment variable is required but not set. Add it to GitHub Secrets.")
E   ValueError: PROJECT_ID environment variable is required but not set. Add it to GitHub Secrets.</error></testcase><testcase classname="tests.endpoints.links.test_links_get" name="test_get_link_not_found" time="1.136" /><testcase classname="tests.endpoints.links.test_links_update" name="test_update_link_success" time="0.001"><error message="failed on setup with &quot;ValueError: PROJECT_ID environment variable is required but not set. Add it to GitHub Secrets.&quot;">tests/conftest.py:43: in project_id
    raise ValueError("PROJECT_ID environment variable is required but not set. Add it to GitHub Secrets.")
E   ValueError: PROJECT_ID environment variable is required but not set. Add it to GitHub Secrets.</error></testcase><testcase classname="tests.endpoints.links.test_links_update" name="test_update_link_unauthorized" time="0.001"><error message="failed on setup with &quot;ValueError: PROJECT_ID environment variable is required but not set. Add it to GitHub Secrets.&quot;">tests/conftest.py:43: in project_id
    raise ValueError("PROJECT_ID environment variable is required but not set. Add it to GitHub Secrets.")
E   ValueError: PROJECT_ID environment variable is required but not set. Add it to GitHub Secrets.</error></testcase><testcase classname="tests.endpoints.links.test_links_update" name="test_update_link_invalid_id" time="1.126" /><testcase classname="tests.endpoints.projects.test_projects_get_list" name="test_get_projects_list_success" time="1.136" /><testcase classname="tests.endpoints.projects.test_projects_get_list" name="test_get_projects_list_unauthorized" time="1.113" /><testcase classname="tests.endpoints.projects.test_projects_get_list" name="test_get_projects_list_invalid_key" time="1.113" /><testcase classname="tests.endpoints.resources.test_resources_get" name="test_get_resources_list_success" time="1.139" /><testcase classname="tests.endpoints.resources.test_resources_get" name="test_get_resources_list_unauthorized" time="1.111" /><testcase classname="tests.endpoints.resources.test_resources_get" name="test_get_resources_list_invalid_key" time="1.112" /><testcase classname="tests.endpoints.resources.test_resources_get_list" name="test_get_resources_list_success" time="1.141" /><testcase classname="tests.endpoints.resources.test_resources_get_list" name="test_get_resources_list_unauthorized" time="1.112" /><testcase classname="tests.endpoints.roles.test_roles_account_get" name="test_get_account_roles_success" time="1.557" /><testcase classname="tests.endpoints.roles.test_roles_account_get" name="test_get_account_roles_unauthorized" time="1.112" /><testcase classname="tests.endpoints.roles.test_roles_project_get" name="test_get_project_roles_success" time="1.145" /><testcase classname="tests.endpoints.roles.test_roles_project_get" name="test_get_project_roles_unauthorized" time="1.112" /><testcase classname="tests.endpoints.tasks.test_tasks_assign_resource" name="test_assign_resource_to_task_success" time="0.001"><error message="failed on setup with &quot;ValueError: PROJECT_ID environment variable is required but not set. Add it to GitHub Secrets.&quot;">tests/conftest.py:43: in project_id
    raise ValueError("PROJECT_ID environment variable is required but not set. Add it to GitHub Secrets.")
E   ValueError: PROJECT_ID environment variable is required but not set. Add it to GitHub Secrets.</error></testcase><testcase classname="tests.endpoints.tasks.test_tasks_assign_resource" name="test_assign_resource_unauthorized" time="0.001"><error message="failed on setup with &quot;ValueError: PROJECT_ID environment variable is required but not set. Add it to GitHub Secrets.&quot;">tests/conftest.py:43: in project_id
    raise ValueError("PROJECT_ID environment variable is required but not set. Add it to GitHub Secrets.")
E   ValueError: PROJECT_ID environment variable is required but not set. Add it to GitHub Secrets.</error></testcase><testcase classname="tests.endpoints.tasks.test_tasks_assign_resource" name="test_assign_resource_invalid_key" time="0.001"><error message="failed on setup with &quot;ValueError: PROJECT_ID environment variable is required but not set. Add it to GitHub Secrets.&quot;">tests/conftest.py:43: in project_id
    raise ValueError("PROJECT_ID environment variable is required but not set. Add it to GitHub Secrets.")
E   ValueError: PROJECT_ID environment variable is required but not set. Add it to GitHub Secrets.</error></testcase><testcase classname="tests.endpoints.tasks.test_tasks_assign_resource" name="test_assign_resource_missing_required_field" time="0.001"><error message="failed on setup with &quot;ValueError: PROJECT_ID environment variable is required but not set. Add it to GitHub Secrets.&quot;">tests/conftest.py:43: in project_id
    raise ValueError("PROJECT_ID environment variable is required but not set. Add it to GitHub Secrets.")
E   ValueError: PROJECT_ID environment variable is required but not set. Add it to GitHub Secrets.</error></testcase><testcase classname="tests.endpoints.tasks.test_tasks_assign_resource_delete" name="test_delete_assign_from_task_success" time="0.001"><error message="failed on setup with &quot;ValueError: PROJECT_ID environment variable is required but not set. Add it to GitHub Secrets.&quot;">tests/conftest.py:43: in project_id
    raise ValueError("PROJECT_ID environment variable is required but not set. Add it to GitHub Secrets.")
E   ValueError: PROJECT_ID environment variable is required but not set. Add it to GitHub Secrets.</error></testcase><testcase classname="tests.endpoints.tasks.test_tasks_assign_resource_delete" name="test_delete_assign_from_task_unauthorized" time="0.001"><error message="failed on setup with &quot;ValueError: PROJECT_ID environment variable is required but not set. Add it to GitHub Secrets.&quot;">tests/conftest.py:43: in project_id
    raise ValueError("PROJECT_ID environment variable is required but not set. Add it to GitHub Secrets.")
E   ValueError: PROJECT_ID environment variable is required but not set. Add it to GitHub Secrets.</error></testcase><testcase classname="tests.endpoints.tasks.test_tasks_assign_resource_delete" name="test_delete_assign_from_task_missing_required_param" time="0.001"><error message="failed on setup with &quot;ValueError: PROJECT_ID environment variable is required but not set. Add it to GitHub Secrets.&quot;">tests/conftest.py:43: in project_id
    raise ValueError("PROJECT_ID environment variable is required but not set. Add it to GitHub Secrets.")
E   ValueError: PROJECT_ID environment variable is required but not set. Add it to GitHub Secrets.</error></testcase><testcase classname="tests.endpoints.tasks.test_tasks_assign_resource_post" name="test_assign_resources_to_task_success" time="0.001"><error message="failed on setup with &quot;ValueError: PROJECT_ID environment variable is required but not set. Add it to GitHub Secrets.&quot;">tests/conftest.py:43: in project_id
    raise ValueError("PROJECT_ID environment variable is required but not set. Add it to GitHub Secrets.")
E   ValueError: PROJECT_ID environment variable is required but not set. Add it to GitHub Secrets.</error></testcase><testcase classname="tests.endpoints.tasks.test_tasks_assign_resource_post" name="test_assign_resources_to_task_unauthorized" time="0.001"><error message="failed on setup with &quot;ValueError: PROJECT_ID environment variable is required but not set. Add it to GitHub Secrets.&quot;">tests/conftest.py:43: in project_id
    raise ValueError("PROJECT_ID environment variable is required but not set. Add it to GitHub Secrets.")
E   ValueError: PROJECT_ID environment variable is required but not set. Add it to GitHub Secrets.</error></testcase><testcase classname="tests.endpoints.tasks.test_tasks_assign_resource_post" name="test_assign_resources_to_task_missing_required_field" time="0.001"><error message="failed on setup with &quot;ValueError: PROJECT_ID environment variable is required but not set. Add it to GitHub Secrets.&quot;">tests/conftest.py:43: in project_id
    raise ValueError("PROJECT_ID environment variable is required but not set. Add it to GitHub Secrets.")
E   ValueError: PROJECT_ID environment variable is required but not set. Add it to GitHub Secrets.</error></testcase><testcase classname="tests.endpoints.tasks.test_tasks_assign_resource_put" name="test_update_task_resource_success" time="0.001"><error message="failed on setup with &quot;ValueError: PROJECT_ID environment variable is required but not set. Add it to GitHub Secrets.&quot;">tests/conftest.py:43: in project_id
    raise ValueError("PROJECT_ID environment variable is required but not set. Add it to GitHub Secrets.")
E   ValueError: PROJECT_ID environment variable is required but not set. Add it to GitHub Secrets.</error></testcase><testcase classname="tests.endpoints.tasks.test_tasks_assign_resource_put" name="test_update_task_resource_unauthorized" time="0.001"><error message="failed on setup with &quot;ValueError: PROJECT_ID environment variable is required but not set. Add it to GitHub Secrets.&quot;">tests/conftest.py:43: in project_id
    raise ValueError("PROJECT_ID environment variable is required but not set. Add it to GitHub Secrets.")
E   ValueError: PROJECT_ID environment variable is required but not set. Add it to GitHub Secrets.</error></testcase><testcase classname="tests.endpoints.tasks.test_tasks_assign_resource_put" name="test_update_task_resource_missing_required_field" time="0.001"><error message="failed on setup with &quot;ValueError: PROJECT_ID environment variable is required but not set. Add it to GitHub Secrets.&quot;">tests/conftest.py:43: in project_id
    raise ValueError("PROJECT_ID environment variable is required but not set. Add it to GitHub Secrets.")
E   ValueError: PROJECT_ID environment variable is required but not set. Add it to GitHub Secrets.</error></testcase><testcase classname="tests.endpoints.tasks.test_tasks_create" name="test_create_success" time="0.001"><error message="failed on setup with &quot;ValueError: PROJECT_ID environment variable is required but not set. Add it to GitHub Secrets.&quot;">tests/conftest.py:43: in project_id
    raise ValueError("PROJECT_ID environment variable is required but not set. Add it to GitHub Secrets.")
E   ValueError: PROJECT_ID environment variable is required but not set. Add it to GitHub Secrets.</error></testcase><testcase classname="tests.endpoints.tasks.test_tasks_create" name="test_create_unauthorized" time="0.000"><error message="failed on setup with &quot;ValueError: PROJECT_ID environment variable is required but not set. Add it to GitHub Secrets.&quot;">tests/conftest.py:43: in project_id
    raise ValueError("PROJECT_ID environment variable is required but not set. Add it to GitHub Secrets.")
E   ValueError: PROJECT_ID environment variable is required but not set. Add it to GitHub Secrets.</error></testcase><testcase classname="tests.endpoints.tasks.test_tasks_create" name="test_create_invalid_key" time="0.000"><error message="failed on setup with &quot;ValueError: PROJECT_ID environment variable is required but not set. Add it to GitHub Secrets.&quot;">tests/conftest.py:43: in project_id
    raise ValueError("PROJECT_ID environment variable is required but not set. Add it to GitHub Secrets.")
E   ValueError: PROJECT_ID environment variable is required but not set. Add it to GitHub Secrets.</error></testcase><testcase classname="tests.endpoints.tasks.test_tasks_create" name="test_create_missing_name" time="0.001"><error message="failed on setup with &quot;ValueError: PROJECT_ID environment variable is required but not set. Add it to GitHub Secrets.&quot;">tests/conftest.py:43: in project_id
    raise ValueError("PROJECT_ID environment variable is required but not set. Add it to GitHub Secrets.")
E   ValueError: PROJECT_ID environment variable is required but not set. Add it to GitHub Secrets.</error></testcase><testcase classname="tests.endpoints.tasks.test_tasks_create" name="test_create_defaults" time="0.000"><error message="failed on setup with &quot;ValueError: PROJECT_ID environment variable is required but not set. Add it to GitHub Secrets.&quot;">tests/conftest.py:43: in project_id
    raise ValueError("PROJECT_ID environment variable is required but not set. Add it to GitHub Secrets.")
E   ValueError: PROJECT_ID environment variable is required but not set. Add it to GitHub Secrets.</error></testcase><testcase classname="tests.endpoints.tasks.test_tasks_create" name="test_create_start_duration_calculates_end" time="0.000"><error message="failed on setup with &quot;ValueError: PROJECT_ID environment variable is required but not set. Add it to GitHub Secrets.&quot;">tests/conftest.py:43: in project_id
    raise ValueError("PROJECT_ID environment variable is required but not set. Add it to GitHub Secrets.")
E   ValueError: PROJECT_ID environment variable is required but not set. Add it to GitHub Secrets.</error></testcase><testcase classname="tests.endpoints.tasks.test_tasks_create" name="test_create_end_duration_calculates_start" time="0.000"><error message="failed on setup with &quot;ValueError: PROJECT_ID environment variable is required but not set. Add it to GitHub Secrets.&quot;">tests/conftest.py:43: in project_id
    raise ValueError("PROJECT_ID environment variable is required but not set. Add it to GitHub Secrets.")
E   ValueError: PROJECT_ID environment variable is required but not set. Add it to GitHub Secrets.</error></testcase><testcase classname="tests.endpoints.tasks.test_tasks_create" name="test_create_invalid_progress" time="0.001"><error message="failed on setup with &quot;ValueError: PROJECT_ID environment variable is required but not set. Add it to GitHub Secrets.&quot;">tests/conftest.py:43: in project_id
    raise ValueError("PROJECT_ID environment variable is required but not set. Add it to GitHub Secrets.")
E   ValueError: PROJECT_ID environment variable is required but not set. Add it to GitHub Secrets.</error></testcase><testcase classname="tests.endpoints.tasks.test_tasks_create" name="test_create_invalid_color" time="0.001"><error message="failed on setup with &quot;ValueError: PROJECT_ID environment variable is required but not set. Add it to GitHub Secrets.&quot;">tests/conftest.py:43: in project_id
    raise ValueError("PROJECT_ID environment variable is required but not set. Add it to GitHub Secrets.")
E   ValueError: PROJECT_ID environment variable is required but not set. Add it to GitHub Secrets.</error></testcase><testcase classname="tests.endpoints.tasks.test_tasks_create" name="test_create_missing_project_id" time="1.125" /><testcase classname="tests.endpoints.tasks.test_tasks_create" name="test_create_start_only_uses_default_duration" time="0.001"><error message="failed on setup with &quot;ValueError: PROJECT_ID environment variable is required but not set. Add it to GitHub Secrets.&quot;">tests/conftest.py:43: in project_id
    raise ValueError("PROJECT_ID environment variable is required but not set. Add it to GitHub Secrets.")
E   ValueError: PROJECT_ID environment variable is required but not set. Add it to GitHub Secrets.</error></testcase><testcase classname="tests.endpoints.tasks.test_tasks_create" name="test_create_duration_only_sets_dates" time="0.001"><error message="failed on setup with &quot;ValueError: PROJECT_ID environment variable is required but not set. Add it to GitHub Secrets.&quot;">tests/conftest.py:43: in project_id
    raise ValueError("PROJECT_ID environment variable is required but not set. Add it to GitHub Secrets.")
E   ValueError: PROJECT_ID environment variable is required but not set. Add it to GitHub Secrets.</error></testcase><testcase classname="tests.endpoints.tasks.test_tasks_create" name="test_create_all_dates_recalculates_end" time="0.001"><error message="failed on setup with &quot;ValueError: PROJECT_ID environment variable is required but not set. Add it to GitHub Secrets.&quot;">tests/conftest.py:43: in project_id
    raise ValueError("PROJECT_ID environment variable is required but not set. Add it to GitHub Secrets.")
E   ValueError: PROJECT_ID environment variable is required but not set. Add it to GitHub Secrets.</error></testcase><testcase classname="tests.endpoints.tasks.test_tasks_create" name="test_create_progress_max_valid" time="0.001"><error message="failed on setup with &quot;ValueError: PROJECT_ID environment variable is required but not set. Add it to GitHub Secrets.&quot;">tests/conftest.py:43: in project_id
    raise ValueError("PROJECT_ID environment variable is required but not set. Add it to GitHub Secrets.")
E   ValueError: PROJECT_ID environment variable is required but not set. Add it to GitHub Secrets.</error></testcase><testcase classname="tests.endpoints.tasks.test_tasks_create" name="test_create_progress_negative" time="0.001"><error message="failed on setup with &quot;ValueError: PROJECT_ID environment variable is required but not set. Add it to GitHub Secrets.&quot;">tests/conftest.py:43: in project_id
    raise ValueError("PROJECT_ID environment variable is required but not set. Add it to GitHub Secrets.")
E   ValueError: PROJECT_ID environment variable is required but not set. Add it to GitHub Secrets.</error></testcase><testcase classname="tests.endpoints.tasks.test_tasks_create" name="test_create_color_min_max" time="0.001"><error message="failed on setup with &quot;ValueError: PROJECT_ID environment variable is required but not set. Add it to GitHub Secrets.&quot;">tests/conftest.py:43: in project_id
    raise ValueError("PROJECT_ID environment variable is required but not set. Add it to GitHub Secrets.")
E   ValueError: PROJECT_ID environment variable is required but not set. Add it to GitHub Secrets.</error></testcase><testcase classname="tests.endpoints.tasks.test_tasks_create" name="test_create_duration_zero" time="0.001"><error message="failed on setup with &quot;ValueError: PROJECT_ID environment variable is required but not set. Add it to GitHub Secrets.&quot;">tests/conftest.py:43: in project_id
    raise ValueError("PROJECT_ID environment variable is required but not set. Add it to GitHub Secrets.")
E   ValueError: PROJECT_ID environment variable is required but not set. Add it to GitHub Secrets.</error></testcase><testcase classname="tests.endpoints.tasks.test_tasks_create" name="test_create_duration_negative" time="0.001"><error message="failed on setup with &quot;ValueError: PROJECT_ID environment variable is required but not set. Add it to GitHub Secrets.&quot;">tests/conftest.py:43: in project_id
    raise ValueError("PROJECT_ID environment variable is required but not set. Add it to GitHub Secrets.")
E   ValueError: PROJECT_ID environment variable is required but not set. Add it to GitHub Secrets.</error></testcase><testcase classname="tests.endpoints.tasks.test_tasks_create" name="test_create_blank_name" time="0.001"><error message="failed on setup with &quot;ValueError: PROJECT_ID environment variable is required but not set. Add it to GitHub Secrets.&quot;">tests/conftest.py:43: in project_id
    raise ValueError("PROJECT_ID environment variable is required but not set. Add it to GitHub Secrets.")
E   ValueError: PROJECT_ID environment variable is required but not set. Add it to GitHub Secrets.</error></testcase><testcase classname="tests.endpoints.tasks.test_tasks_create" name="test_create_with_parent" time="0.001"><error message="failed on setup with &quot;ValueError: PROJECT_ID environment variable is required but not set. Add it to GitHub Secrets.&quot;">tests/conftest.py:43: in project_id
    raise ValueError("PROJECT_ID environment variable is required but not set. Add it to GitHub Secrets.")
E   ValueError: PROJECT_ID environment variable is required but not set. Add it to GitHub Secrets.</error></testcase><testcase classname="tests.endpoints.tasks.test_tasks_create" name="test_create_with_resources" time="0.001"><error message="failed on setup with &quot;ValueError: PROJECT_ID environment variable is required but not set. Add it to GitHub Secrets.&quot;">tests/conftest.py:43: in project_id
    raise ValueError("PROJECT_ID environment variable is required but not set. Add it to GitHub Secrets.")
E   ValueError: PROJECT_ID environment variable is required but not set. Add it to GitHub Secrets.</error></testcase><testcase classname="tests.endpoints.tasks.test_tasks_create" name="test_create_with_custom_field" time="0.001"><error message="failed on setup with &quot;ValueError: PROJECT_ID environment variable is required but not set. Add it to GitHub Secrets.&quot;">tests/conftest.py:43: in project_id
    raise ValueError("PROJECT_ID environment variable is required but not set. Add it to GitHub Secrets.")
E   ValueError: PROJECT_ID environment variable is required but not set. Add it to GitHub Secrets.</error></testcase><testcase classname="tests.endpoints.tasks.test_tasks_create" name="test_create_with_deadline" time="0.001"><error message="failed on setup with &quot;ValueError: PROJECT_ID environment variable is required but not set. Add it to GitHub Secrets.&quot;">tests/conftest.py:43: in project_id
    raise ValueError("PROJECT_ID environment variable is required but not set. Add it to GitHub Secrets.")
E   ValueError: PROJECT_ID environment variable is required but not set. Add it to GitHub Secrets.</error></testcase><testcase classname="tests.endpoints.tasks.test_tasks_create" name="test_create_no_dates_sets_defaults" time="0.001"><error message="failed on setup with &quot;ValueError: PROJECT_ID environment variable is required but not set. Add it to GitHub Secrets.&quot;">tests/conftest.py:43: in project_id
    raise ValueError("PROJECT_ID environment variable is required but not set. Add it to GitHub Secrets.")
E   ValueError: PROJECT_ID environment variable is required but not set. Add it to GitHub Secrets.</error></testcase><testcase classname="tests.endpoints.tasks.test_tasks_create" name="test_create_milestone_type" time="0.001"><error message="failed on setup with &quot;ValueError: PROJECT_ID environment variable is required but not set. Add it to GitHub Secrets.&quot;">tests/conftest.py:43: in project_id
    raise ValueError("PROJECT_ID environment variable is required but not set. Add it to GitHub Secrets.")
E   ValueError: PROJECT_ID environment variable is required but not set. Add it to GitHub Secrets.</error></testcase><testcase classname="tests.endpoints.tasks.test_tasks_delete" name="test_delete_success" time="0.001"><error message="failed on setup with &quot;ValueError: PROJECT_ID environment variable is required but not set. Add it to GitHub Secrets.&quot;">tests/conftest.py:43: in project_id
    raise ValueError("PROJECT_ID environment variable is required but not set. Add it to GitHub Secrets.")
E   ValueError: PROJECT_ID environment variable is required but not set. Add it to GitHub Secrets.</error></testcase><testcase classname="tests.endpoints.tasks.test_tasks_delete" name="test_delete_unauthorized" time="0.001"><error message="failed on setup with &quot;ValueError: PROJECT_ID environment variable is required but not set. Add it to GitHub Secrets.&quot;">tests/conftest.py:43: in project_id
    raise ValueError("PROJECT_ID environment variable is required but not set. Add it to GitHub Secrets.")
E   ValueError: PROJECT_ID environment variable is required but not set. Add it to GitHub Secrets.</error></testcase><testcase classname="tests.endpoints.tasks.test_tasks_delete" name="test_delete_invalid_key" time="0.001"><error message="failed on setup with &quot;ValueError: PROJECT_ID environment variable is required but not set. Add it to GitHub Secrets.&quot;">tests/conftest.py:43: in project_id
    raise ValueError("PROJECT_ID environment variable is required but not set. Add it to GitHub Secrets.")
E   ValueError: PROJECT_ID environment variable is required but not set. Add it to GitHub Secrets.</error></testcase><testcase classname="tests.endpoints.tasks.test_tasks_delete" name="test_delete_nonexistent" time="1.128" /><testcase classname="tests.endpoints.tasks.test_tasks_delete_task" name="test_delete_task_unauthorized" time="0.001"><error message="failed on setup with &quot;ValueError: PROJECT_ID environment variable is required but not set. Add it to GitHub Secrets.&quot;">tests/conftest.py:43: in project_id
    raise ValueError("PROJECT_ID environment variable is required but not set. Add it to GitHub Secrets.")
E   ValueError: PROJECT_ID environment variable is required but not set. Add it to GitHub Secrets.</error></testcase><testcase classname="tests.endpoints.tasks.test_tasks_delete_task" name="test_delete_task_not_found" time="1.129" /><testcase classname="tests.endpoints.tasks.test_tasks_get_list" name="test_get_list_success" time="0.001"><error message="failed on setup with &quot;ValueError: PROJECT_ID environment variable is required but not set. Add it to GitHub Secrets.&quot;">tests/conftest.py:43: in project_id
    raise ValueError("PROJECT_ID environment variable is required but not set. Add it to GitHub Secrets.")
E   ValueError: PROJECT_ID environment variable is required but not set. Add it to GitHub Secrets.</error></testcase><testcase classname="tests.endpoints.tasks.test_tasks_get_list" name="test_get_list_unauthorized" time="0.001"><error message="failed on setup with &quot;ValueError: PROJECT_ID environment variable is required but not set. Add it to GitHub Secrets.&quot;">tests/conftest.py:43: in project_id
    raise ValueError("PROJECT_ID environment variable is required but not set. Add it to GitHub Secrets.")
E   ValueError: PROJECT_ID environment variable is required but not set. Add it to GitHub Secrets.</error></testcase><testcase classname="tests.endpoints.tasks.test_tasks_get_list" name="test_get_list_invalid_key" time="0.001"><error message="failed on setup with &quot;ValueError: PROJECT_ID environment variable is required but not set. Add it to GitHub Secrets.&quot;">tests/conftest.py:43: in project_id
    raise ValueError("PROJECT_ID environment variable is required but not set. Add it to GitHub Secrets.")
E   ValueError: PROJECT_ID environment variable is required but not set. Add it to GitHub Secrets.</error></testcase><testcase classname="tests.endpoints.tasks.test_tasks_get_list" name="test_get_list_missing_project_id" time="1.113" /><testcase classname="tests.endpoints.tasks.test_tasks_update" name="test_update_success" time="0.001"><error message="failed on setup with &quot;ValueError: PROJECT_ID environment variable is required but not set. Add it to GitHub Secrets.&quot;">tests/conftest.py:43: in project_id
    raise ValueError("PROJECT_ID environment variable is required but not set. Add it to GitHub Secrets.")
E   ValueError: PROJECT_ID environment variable is required but not set. Add it to GitHub Secrets.</error></testcase><testcase classname="tests.endpoints.tasks.test_tasks_update" name="test_update_unauthorized" time="0.001"><error message="failed on setup with &quot;ValueError: PROJECT_ID environment variable is required but not set. Add it to GitHub Secrets.&quot;">tests/conftest.py:43: in project_id
    raise ValueError("PROJECT_ID environment variable is required but not set. Add it to GitHub Secrets.")
E   ValueError: PROJECT_ID environment variable is required but not set. Add it to GitHub Secrets.</error></testcase><testcase classname="tests.endpoints.tasks.test_tasks_update" name="test_update_invalid_key" time="0.001"><error message="failed on setup with &quot;ValueError: PROJECT_ID environment variable is required but not set. Add it to GitHub Secrets.&quot;">tests/conftest.py:43: in project_id
    raise ValueError("PROJECT_ID environment variable is required but not set. Add it to GitHub Secrets.")
E   ValueError: PROJECT_ID environment variable is required but not set. Add it to GitHub Secrets.</error></testcase><testcase classname="tests.endpoints.tasks.test_tasks_update" name="test_update_nonexistent" time="1.150" /><testcase classname="tests.endpoints.tasks.test_tasks_update_task" name="test_update_task_success" time="0.001"><error message="failed on setup with &quot;ValueError: PROJECT_ID environment variable is required but not set. Add it to GitHub Secrets.&quot;">tests/conftest.py:43: in project_id
    raise ValueError("PROJECT_ID environment variable is required but not set. Add it to GitHub Secrets.")
E   ValueError: PROJECT_ID environment variable is required but not set. Add it to GitHub Secrets.</error></testcase><testcase classname="tests.endpoints.tasks.test_tasks_update_task" name="test_update_task_unauthorized" time="0.001"><error message="failed on setup with &quot;ValueError: PROJECT_ID environment variable is required but not set. Add it to GitHub Secrets.&quot;">tests/conftest.py:43: in project_id
    raise ValueError("PROJECT_ID environment variable is required but not set. Add it to GitHub Secrets.")
E   ValueError: PROJECT_ID environment variable is required but not set. Add it to GitHub Secrets.</error></testcase><testcase classname="tests.endpoints.tasks.test_tasks_update_task" name="test_update_task_invalid_id" time="1.130" /><testcase classname="tests.endpoints.team.test_team_get" name="test_get_team_success" time="1.130" /><testcase classname="tests.endpoints.team.test_team_get" name="test_get_team_unauthorized" time="1.111" /><testcase classname="tests.endpoints.team.test_team_get" name="test_get_team_invalid_key" time="1.111" /><testcase classname="tests.endpoints.timelogs.test_timelogs_add" name="test_add_time_log_to_task_success" time="0.001"><error message="failed on setup with &quot;ValueError: PROJECT_ID environment variable is required but not set. Add it to GitHub Secrets.&quot;">tests/conftest.py:43: in project_id
    raise ValueError("PROJECT_ID environment variable is required but not set. Add it to GitHub Secrets.")
E   ValueError: PROJECT_ID environment variable is required but not set. Add it to GitHub Secrets.</error></testcase><testcase classname="tests.endpoints.timelogs.test_timelogs_add" name="test_add_time_log_to_task_unauthorized" time="0.001"><error message="failed on setup with &quot;ValueError: PROJECT_ID environment variable is required but not set. Add it to GitHub Secrets.&quot;">tests/conftest.py:43: in project_id
    raise ValueError("PROJECT_ID environment variable is required but not set. Add it to GitHub Secrets.")
E   ValueError: PROJECT_ID environment variable is required but not set. Add it to GitHub Secrets.</error></testcase><testcase classname="tests.endpoints.timelogs.test_timelogs_add" name="test_add_time_log_to_task_missing_required_fields" time="1.125" /><testcase classname="tests.endpoints.timelogs.test_timelogs_delete" name="test_delete_time_log_unauthorized" time="0.001"><error message="failed on setup with &quot;ValueError: PROJECT_ID environment variable is required but not set. Add it to GitHub Secrets.&quot;">tests/conftest.py:43: in project_id
    raise ValueError("PROJECT_ID environment variable is required but not set. Add it to GitHub Secrets.")
E   ValueError: PROJECT_ID environment variable is required but not set. Add it to GitHub Secrets.</error></testcase><testcase classname="tests.endpoints.timelogs.test_timelogs_delete" name="test_delete_time_log_not_found" time="1.133" /><testcase classname="tests.endpoints.timelogs.test_timelogs_get_by_project" name="test_get_time_log_by_project_id_success" time="0.001"><error message="failed on setup with &quot;ValueError: PROJECT_ID environment variable is required but not set. Add it to GitHub Secrets.&quot;">tests/conftest.py:43: in project_id
    raise ValueError("PROJECT_ID environment variable is required but not set. Add it to GitHub Secrets.")
E   ValueError: PROJECT_ID environment variable is required but not set. Add it to GitHub Secrets.</error></testcase><testcase classname="tests.endpoints.timelogs.test_timelogs_get_by_project" name="test_get_time_log_by_project_id_unauthorized" time="0.001"><error message="failed on setup with &quot;ValueError: PROJECT_ID environment variable is required but not set. Add it to GitHub Secrets.&quot;">tests/conftest.py:43: in project_id
    raise ValueError("PROJECT_ID environment variable is required but not set. Add it to GitHub Secrets.")
E   ValueError: PROJECT_ID environment variable is required but not set. Add it to GitHub Secrets.</error></testcase><testcase classname="tests.endpoints.timelogs.test_timelogs_get_by_project" name="test_get_time_log_by_project_id_missing_required_param" time="1.114" /><testcase classname="tests.endpoints.timelogs.test_timelogs_get_list" name="test_get_time_log_list_success" time="0.001"><error message="failed on setup with &quot;ValueError: PROJECT_ID environment variable is required but not set. Add it to GitHub Secrets.&quot;">tests/conftest.py:43: in project_id
    raise ValueError("PROJECT_ID environment variable is required but not set. Add it to GitHub Secrets.")
E   ValueError: PROJECT_ID environment variable is required but not set. Add it to GitHub Secrets.</error></testcase><testcase classname="tests.endpoints.timelogs.test_timelogs_get_list" name="test_get_time_log_list_unauthorized" time="0.001"><error message="failed on setup with &quot;ValueError: PROJECT_ID environment variable is required but not set. Add it to GitHub Secrets.&quot;">tests/conftest.py:43: in project_id
    raise ValueError("PROJECT_ID environment variable is required but not set. Add it to GitHub Secrets.")
E   ValueError: PROJECT_ID environment variable is required but not set. Add it to GitHub Secrets.</error></testcase><testcase classname="tests.endpoints.timelogs.test_timelogs_get_list" name="test_get_time_log_list_missing_required_param" time="1.110" /><testcase classname="tests.endpoints.timelogs.test_timelogs_get_one" name="test_get_time_log_success" time="0.001"><error message="failed on setup with &quot;ValueError: PROJECT_ID environment variable is required but not set. Add it to GitHub Secrets.&quot;">tests/conftest.py:43: in project_id
    raise ValueError("PROJECT_ID environment variable is required but not set. Add it to GitHub Secrets.")
E   ValueError: PROJECT_ID environment variable is required but not set. Add it to GitHub Secrets.</error></testcase><testcase classname="tests.endpoints.timelogs.test_timelogs_get_one" name="test_get_time_log_unauthorized" time="0.001"><error message="failed on setup with &quot;ValueError: PROJECT_ID environment variable is required but not set. Add it to GitHub Secrets.&quot;">tests/conftest.py:43: in project_id
    raise ValueError("PROJECT_ID environment variable is required but not set. Add it to GitHub Secrets.")
E   ValueError: PROJECT_ID environment variable is required but not set. Add it to GitHub Secrets.</error></testcase><testcase classname="tests.endpoints.timelogs.test_timelogs_get_one" name="test_get_time_log_not_found" time="1.133" /><testcase classname="tests.endpoints.timelogs.test_timelogs_update" name="test_update_time_log_success" time="0.001"><error message="failed on setup with &quot;ValueError: PROJECT_ID environment variable is required but not set. Add it to GitHub Secrets.&quot;">tests/conftest.py:43: in project_id
    raise ValueError("PROJECT_ID environment variable is required but not set. Add it to GitHub Secrets.")
E   ValueError: PROJECT_ID environment variable is required but not set. Add it to GitHub Secrets.</error></testcase><testcase classname="tests.endpoints.timelogs.test_timelogs_update" name="test_update_time_log_unauthorized" time="0.001"><error message="failed on setup with &quot;ValueError: PROJECT_ID environment variable is required but not set. Add it to GitHub Secrets.&quot;">tests/conftest.py:43: in project_id
    raise ValueError("PROJECT_ID environment variable is required but not set. Add it to GitHub Secrets.")
E   ValueError: PROJECT_ID environment variable is required but not set. Add it to GitHub Secrets.</error></testcase><testcase classname="tests.endpoints.timelogs.test_timelogs_update" name="test_update_time_log_invalid_id" time="1.132" /><testcase classname="tests.scenarios.test_scenario_example" name="test_scenario_example" time="0.001"><skipped type="pytest.skip" message="Scenario tests are placeholder for 2nd iteration">/home/runner/work/api-tests-ganttpro/api-tests-ganttpro/tests/scenarios/test_scenario_example.py:5: Scenario tests are placeholder for 2nd iteration</skipped></testcase><testcase classname="tests.smoke.test_smoke_public_gets" name="test_get_languages_success" time="1.137" /><testcase classname="tests.smoke.test_smoke_public_gets" name="test_get_colors_success" time="1.139" /><testcase classname="tests.smoke.test_smoke_public_gets" name="test_get_account_roles_success" time="1.135" /><testcase classname="tests.smoke.test_smoke_public_gets" name="test_get_project_roles_success" time="1.152" /><testcase classname="tests.smoke.test_smoke_public_gets" name="test_unauthorized_without_api_key" time="1.112" /><testcase classname="tests.smoke.test_smoke_public_gets" name="test_unauthorized_with_invalid_api_key" time="1.125" /></testsuite></testsuites>