<?xml version="1.0" encoding="utf-8"?><testsuites><testsuite name="pytest" errors="0" failures="6" skipped="9" tests="137" time="196.657" timestamp="2026-01-20T09:39:06.575839" hostname="runnervmmtnos"><testcase classname="tests.endpoints.attachments.test_attachments_add" name="test_add_success" time="2.525"><failure message="AssertionError: Expected status 200, got 400. URL: https://api.ganttpro.com/v1.0/attachments, Response: [{&quot;code&quot;:3005,&quot;msg&quot;:&quot;Code: 3005: body must have required property 'userId'&quot;}]">tests/endpoints/attachments/test_attachments_add.py:30: in test_add_success
    assert_status_code(response, 200)
src/assertions.py:28: in assert_status_code
    assert response.status_code == expected_status, message
E   AssertionError: Expected status 200, got 400. URL: https://api.ganttpro.com/v1.0/attachments, Response: [{"code":3005,"msg":"Code: 3005: body must have required property 'userId'"}]</failure></testcase><testcase classname="tests.endpoints.attachments.test_attachments_add" name="test_add_unauthorized" time="1.164" /><testcase classname="tests.endpoints.attachments.test_attachments_add" name="test_add_missing_fields" time="1.183" /><testcase classname="tests.endpoints.attachments.test_attachments_delete" name="test_delete_attachment_unauthorized" time="0.001"><skipped type="pytest.skip" message="Attachment tests require file upload which is not yet implemented">/home/runner/work/api-tests-ganttpro/api-tests-ganttpro/tests/endpoints/attachments/test_attachments_delete.py:7: Attachment tests require file upload which is not yet implemented</skipped></testcase><testcase classname="tests.endpoints.attachments.test_attachments_delete" name="test_delete_attachment_not_found" time="1.191" /><testcase classname="tests.endpoints.attachments.test_attachments_delete_by_ids" name="test_delete_attachments_by_ids_success" time="0.001"><skipped type="pytest.skip" message="Attachment tests require file upload which is not yet implemented">/home/runner/work/api-tests-ganttpro/api-tests-ganttpro/tests/endpoints/attachments/test_attachments_delete_by_ids.py:7: Attachment tests require file upload which is not yet implemented</skipped></testcase><testcase classname="tests.endpoints.attachments.test_attachments_delete_by_ids" name="test_delete_attachments_by_ids_unauthorized" time="1.164" /><testcase classname="tests.endpoints.attachments.test_attachments_delete_by_ids" name="test_delete_attachments_by_ids_missing_required_field" time="1.198" /><testcase classname="tests.endpoints.attachments.test_attachments_get_by_project" name="test_get_attachments_by_project_id_success" time="1.194" /><testcase classname="tests.endpoints.attachments.test_attachments_get_by_project" name="test_get_attachments_by_project_id_unauthorized" time="1.164" /><testcase classname="tests.endpoints.attachments.test_attachments_get_by_project" name="test_get_attachments_by_project_id_missing_required_param" time="1.163" /><testcase classname="tests.endpoints.attachments.test_attachments_get_list" name="test_get_attachments_list_success" time="1.199" /><testcase classname="tests.endpoints.attachments.test_attachments_get_list" name="test_get_attachments_list_unauthorized" time="1.164" /><testcase classname="tests.endpoints.attachments.test_attachments_get_list" name="test_get_attachments_list_missing_required_param" time="1.164" /><testcase classname="tests.endpoints.colors.test_colors_get" name="test_get_colors_success" time="1.189" /><testcase classname="tests.endpoints.colors.test_colors_get" name="test_get_colors_unauthorized" time="1.162" /><testcase classname="tests.endpoints.comments.test_comments_add" name="test_add_comment_to_task_success" time="1.004"><failure message="TypeError: int() argument must be a string, a bytes-like object or a number, not 'NoneType'">tests/endpoints/comments/test_comments_add.py:15: in test_add_comment_to_task_success
    "userId": int(user_id),
E   TypeError: int() argument must be a string, a bytes-like object or a number, not 'NoneType'</failure></testcase><testcase classname="tests.endpoints.comments.test_comments_add" name="test_add_comment_to_task_unauthorized" time="1.004"><failure message="TypeError: int() argument must be a string, a bytes-like object or a number, not 'NoneType'">tests/endpoints/comments/test_comments_add.py:31: in test_add_comment_to_task_unauthorized
    "userId": int(user_id),
E   TypeError: int() argument must be a string, a bytes-like object or a number, not 'NoneType'</failure></testcase><testcase classname="tests.endpoints.comments.test_comments_add" name="test_add_comment_to_task_missing_required_fields" time="1.182" /><testcase classname="tests.endpoints.comments.test_comments_delete" name="test_delete_comment_unauthorized" time="0.182"><skipped type="pytest.skip" message="Could not create test comment: 400">/home/runner/work/api-tests-ganttpro/api-tests-ganttpro/tests/endpoints/comments/test_comments_delete.py:7: Could not create test comment: 400</skipped></testcase><testcase classname="tests.endpoints.comments.test_comments_delete" name="test_delete_comment_not_found" time="1.187" /><testcase classname="tests.endpoints.comments.test_comments_get_by_project" name="test_get_comments_by_project_id_success" time="1.193" /><testcase classname="tests.endpoints.comments.test_comments_get_by_project" name="test_get_comments_by_project_id_unauthorized" time="1.163" /><testcase classname="tests.endpoints.comments.test_comments_get_by_project" name="test_get_comments_by_project_id_missing_required_param" time="1.166" /><testcase classname="tests.endpoints.comments.test_comments_get_list" name="test_get_comments_list_success" time="1.193" /><testcase classname="tests.endpoints.comments.test_comments_get_list" name="test_get_comments_list_unauthorized" time="1.163" /><testcase classname="tests.endpoints.comments.test_comments_get_list" name="test_get_comments_list_missing_required_param" time="1.163" /><testcase classname="tests.endpoints.comments.test_comments_update" name="test_update_comment_success" time="0.001"><skipped type="pytest.skip" message="Could not create test comment: 400">/home/runner/work/api-tests-ganttpro/api-tests-ganttpro/tests/endpoints/comments/test_comments_update.py:7: Could not create test comment: 400</skipped></testcase><testcase classname="tests.endpoints.comments.test_comments_update" name="test_update_comment_unauthorized" time="0.001"><skipped type="pytest.skip" message="Could not create test comment: 400">/home/runner/work/api-tests-ganttpro/api-tests-ganttpro/tests/endpoints/comments/test_comments_update.py:23: Could not create test comment: 400</skipped></testcase><testcase classname="tests.endpoints.comments.test_comments_update" name="test_update_comment_missing_required_field" time="0.001"><skipped type="pytest.skip" message="Could not create test comment: 400">/home/runner/work/api-tests-ganttpro/api-tests-ganttpro/tests/endpoints/comments/test_comments_update.py:38: Could not create test comment: 400</skipped></testcase><testcase classname="tests.endpoints.languages.test_languages_get" name="test_get_languages_success" time="1.192" /><testcase classname="tests.endpoints.languages.test_languages_get" name="test_get_languages_unauthorized" time="1.163" /><testcase classname="tests.endpoints.links.test_links_create" name="test_create_link_success" time="1.866" /><testcase classname="tests.endpoints.links.test_links_create" name="test_create_link_unauthorized" time="1.163" /><testcase classname="tests.endpoints.links.test_links_create" name="test_create_link_missing_required_fields" time="1.183" /><testcase classname="tests.endpoints.links.test_links_delete" name="test_delete_link_unauthorized" time="1.164" /><testcase classname="tests.endpoints.links.test_links_delete" name="test_delete_link_not_found" time="1.195" /><testcase classname="tests.endpoints.links.test_links_get" name="test_get_link_success" time="1.204" /><testcase classname="tests.endpoints.links.test_links_get" name="test_get_link_unauthorized" time="1.163" /><testcase classname="tests.endpoints.links.test_links_get" name="test_get_link_not_found" time="1.195" /><testcase classname="tests.endpoints.links.test_links_update" name="test_update_link_success" time="1.392" /><testcase classname="tests.endpoints.links.test_links_update" name="test_update_link_unauthorized" time="1.163" /><testcase classname="tests.endpoints.links.test_links_update" name="test_update_link_invalid_id" time="1.185" /><testcase classname="tests.endpoints.projects.test_projects_get_list" name="test_get_projects_list_success" time="1.313" /><testcase classname="tests.endpoints.projects.test_projects_get_list" name="test_get_projects_list_unauthorized" time="1.162" /><testcase classname="tests.endpoints.projects.test_projects_get_list" name="test_get_projects_list_invalid_key" time="1.163" /><testcase classname="tests.endpoints.resources.test_resources_get" name="test_get_resources_list_success" time="1.197" /><testcase classname="tests.endpoints.resources.test_resources_get" name="test_get_resources_list_unauthorized" time="1.163" /><testcase classname="tests.endpoints.resources.test_resources_get" name="test_get_resources_list_invalid_key" time="1.163" /><testcase classname="tests.endpoints.resources.test_resources_get_list" name="test_get_resources_list_success" time="1.212" /><testcase classname="tests.endpoints.resources.test_resources_get_list" name="test_get_resources_list_unauthorized" time="1.165" /><testcase classname="tests.endpoints.roles.test_roles_account_get" name="test_get_account_roles_success" time="1.207" /><testcase classname="tests.endpoints.roles.test_roles_account_get" name="test_get_account_roles_unauthorized" time="1.163" /><testcase classname="tests.endpoints.roles.test_roles_project_get" name="test_get_project_roles_success" time="1.289" /><testcase classname="tests.endpoints.roles.test_roles_project_get" name="test_get_project_roles_unauthorized" time="1.166" /><testcase classname="tests.endpoints.tasks.test_tasks_assign_resource" name="test_assign_resource_to_task_success" time="1.202"><skipped type="pytest.skip" message="API returned 500 on assignResource">/home/runner/work/api-tests-ganttpro/api-tests-ganttpro/tests/endpoints/tasks/test_tasks_assign_resource.py:19: API returned 500 on assignResource</skipped></testcase><testcase classname="tests.endpoints.tasks.test_tasks_assign_resource" name="test_assign_resource_unauthorized" time="1.163" /><testcase classname="tests.endpoints.tasks.test_tasks_assign_resource" name="test_assign_resource_invalid_key" time="1.175" /><testcase classname="tests.endpoints.tasks.test_tasks_assign_resource" name="test_assign_resource_missing_required_field" time="1.209" /><testcase classname="tests.endpoints.tasks.test_tasks_assign_resource_delete" name="test_delete_assign_from_task_success" time="1.762" /><testcase classname="tests.endpoints.tasks.test_tasks_assign_resource_delete" name="test_delete_assign_from_task_unauthorized" time="1.190" /><testcase classname="tests.endpoints.tasks.test_tasks_assign_resource_delete" name="test_delete_assign_from_task_missing_required_param" time="1.185" /><testcase classname="tests.endpoints.tasks.test_tasks_assign_resource_post" name="test_assign_resources_to_task_success" time="1.770" /><testcase classname="tests.endpoints.tasks.test_tasks_assign_resource_post" name="test_assign_resources_to_task_unauthorized" time="1.222" /><testcase classname="tests.endpoints.tasks.test_tasks_assign_resource_post" name="test_assign_resources_to_task_missing_required_field" time="1.229" /><testcase classname="tests.endpoints.tasks.test_tasks_assign_resource_put" name="test_update_task_resource_success" time="1.747" /><testcase classname="tests.endpoints.tasks.test_tasks_assign_resource_put" name="test_update_task_resource_unauthorized" time="1.167" /><testcase classname="tests.endpoints.tasks.test_tasks_assign_resource_put" name="test_update_task_resource_missing_required_field" time="1.243" /><testcase classname="tests.endpoints.tasks.test_tasks_create" name="test_create_success" time="1.691" /><testcase classname="tests.endpoints.tasks.test_tasks_create" name="test_create_unauthorized" time="1.177" /><testcase classname="tests.endpoints.tasks.test_tasks_create" name="test_create_invalid_key" time="1.190" /><testcase classname="tests.endpoints.tasks.test_tasks_create" name="test_create_missing_name" time="1.279" /><testcase classname="tests.endpoints.tasks.test_tasks_create" name="test_create_defaults" time="1.705"><failure message="AssertionError: assert 480 == 1440&#10; +  where 480 = &lt;built-in method get of dict object at 0x7fd2ac9c7f00&gt;('duration')&#10; +    where &lt;built-in method get of dict object at 0x7fd2ac9c7f00&gt; = {'attachments': [], 'color': 1, 'comments': [], 'createdAt': '2026-01-20T09:40:29.000Z', ...}.get">tests/endpoints/tasks/test_tasks_create.py:89: in test_create_defaults
    assert item.get("duration") == 1440  # API uses minutes (1 day = 1440 minutes)
E   AssertionError: assert 480 == 1440
E    +  where 480 = &lt;built-in method get of dict object at 0x7fd2ac9c7f00&gt;('duration')
E    +    where &lt;built-in method get of dict object at 0x7fd2ac9c7f00&gt; = {'attachments': [], 'color': 1, 'comments': [], 'createdAt': '2026-01-20T09:40:29.000Z', ...}.get</failure></testcase><testcase classname="tests.endpoints.tasks.test_tasks_create" name="test_create_start_duration_calculates_end" time="2.940" /><testcase classname="tests.endpoints.tasks.test_tasks_create" name="test_create_end_duration_calculates_start" time="2.971" /><testcase classname="tests.endpoints.tasks.test_tasks_create" name="test_create_invalid_progress" time="1.203" /><testcase classname="tests.endpoints.tasks.test_tasks_create" name="test_create_invalid_color" time="1.183" /><testcase classname="tests.endpoints.tasks.test_tasks_create" name="test_create_missing_project_id" time="1.190" /><testcase classname="tests.endpoints.tasks.test_tasks_create" name="test_create_start_only_uses_default_duration" time="1.755"><failure message="AssertionError: assert False&#10; +  where False = &lt;built-in method startswith of str object at 0x7fd2ac9ba800&gt;('2025-01-05')&#10; +    where &lt;built-in method startswith of str object at 0x7fd2ac9ba800&gt; = '2025-01-06 09:00:00'.startswith&#10; +      where '2025-01-06 09:00:00' = &lt;built-in method get of dict object at 0x7fd2ac944440&gt;('startDate')&#10; +        where &lt;built-in method get of dict object at 0x7fd2ac944440&gt; = {'attachments': [], 'color': 1, 'comments': [], 'createdAt': '2026-01-20T09:40:41.000Z', ...}.get">tests/endpoints/tasks/test_tasks_create.py:217: in test_create_start_only_uses_default_duration
    assert item.get("startDate").startswith("2025-01-05")  # API returns datetime format
E   AssertionError: assert False
E    +  where False = &lt;built-in method startswith of str object at 0x7fd2ac9ba800&gt;('2025-01-05')
E    +    where &lt;built-in method startswith of str object at 0x7fd2ac9ba800&gt; = '2025-01-06 09:00:00'.startswith
E    +      where '2025-01-06 09:00:00' = &lt;built-in method get of dict object at 0x7fd2ac944440&gt;('startDate')
E    +        where &lt;built-in method get of dict object at 0x7fd2ac944440&gt; = {'attachments': [], 'color': 1, 'comments': [], 'createdAt': '2026-01-20T09:40:41.000Z', ...}.get</failure></testcase><testcase classname="tests.endpoints.tasks.test_tasks_create" name="test_create_duration_only_sets_dates" time="3.553" /><testcase classname="tests.endpoints.tasks.test_tasks_create" name="test_create_all_dates_recalculates_end" time="2.963" /><testcase classname="tests.endpoints.tasks.test_tasks_create" name="test_create_progress_max_valid" time="2.976" /><testcase classname="tests.endpoints.tasks.test_tasks_create" name="test_create_progress_negative" time="1.192" /><testcase classname="tests.endpoints.tasks.test_tasks_create" name="test_create_color_min_max" time="5.326" /><testcase classname="tests.endpoints.tasks.test_tasks_create" name="test_create_duration_zero" time="1.341" /><testcase classname="tests.endpoints.tasks.test_tasks_create" name="test_create_duration_negative" time="1.650" /><testcase classname="tests.endpoints.tasks.test_tasks_create" name="test_create_blank_name" time="2.937" /><testcase classname="tests.endpoints.tasks.test_tasks_create" name="test_create_with_parent" time="2.036" /><testcase classname="tests.endpoints.tasks.test_tasks_create" name="test_create_with_resources" time="2.137" /><testcase classname="tests.endpoints.tasks.test_tasks_create" name="test_create_with_custom_field" time="1.004"><skipped type="pytest.skip" message="CUSTOM_FIELD_ID не задан">/home/runner/work/api-tests-ganttpro/api-tests-ganttpro/tests/endpoints/tasks/test_tasks_create.py:458: CUSTOM_FIELD_ID не задан</skipped></testcase><testcase classname="tests.endpoints.tasks.test_tasks_create" name="test_create_with_deadline" time="1.904" /><testcase classname="tests.endpoints.tasks.test_tasks_create" name="test_create_no_dates_sets_defaults" time="1.480"><failure message="AssertionError: assert 480 == 1440&#10; +  where 480 = &lt;built-in method get of dict object at 0x7fd2ac96c4c0&gt;('duration')&#10; +    where &lt;built-in method get of dict object at 0x7fd2ac96c4c0&gt; = {'attachments': [], 'color': 1, 'comments': [], 'createdAt': '2026-01-20T09:41:11.000Z', ...}.get">tests/endpoints/tasks/test_tasks_create.py:519: in test_create_no_dates_sets_defaults
    assert item.get("duration") == 1440  # Default duration in minutes
E   AssertionError: assert 480 == 1440
E    +  where 480 = &lt;built-in method get of dict object at 0x7fd2ac96c4c0&gt;('duration')
E    +    where &lt;built-in method get of dict object at 0x7fd2ac96c4c0&gt; = {'attachments': [], 'color': 1, 'comments': [], 'createdAt': '2026-01-20T09:41:11.000Z', ...}.get</failure></testcase><testcase classname="tests.endpoints.tasks.test_tasks_create" name="test_create_milestone_type" time="2.008" /><testcase classname="tests.endpoints.tasks.test_tasks_delete" name="test_delete_success" time="2.088" /><testcase classname="tests.endpoints.tasks.test_tasks_delete" name="test_delete_unauthorized" time="2.105" /><testcase classname="tests.endpoints.tasks.test_tasks_delete" name="test_delete_invalid_key" time="3.500" /><testcase classname="tests.endpoints.tasks.test_tasks_delete" name="test_delete_nonexistent" time="1.187" /><testcase classname="tests.endpoints.tasks.test_tasks_delete_task" name="test_delete_task_unauthorized" time="1.163" /><testcase classname="tests.endpoints.tasks.test_tasks_delete_task" name="test_delete_task_not_found" time="1.329" /><testcase classname="tests.endpoints.tasks.test_tasks_get_list" name="test_get_list_success" time="1.217" /><testcase classname="tests.endpoints.tasks.test_tasks_get_list" name="test_get_list_unauthorized" time="1.634" /><testcase classname="tests.endpoints.tasks.test_tasks_get_list" name="test_get_list_invalid_key" time="1.168" /><testcase classname="tests.endpoints.tasks.test_tasks_get_list" name="test_get_list_missing_project_id" time="1.167" /><testcase classname="tests.endpoints.tasks.test_tasks_update" name="test_update_success" time="2.210" /><testcase classname="tests.endpoints.tasks.test_tasks_update" name="test_update_unauthorized" time="2.183" /><testcase classname="tests.endpoints.tasks.test_tasks_update" name="test_update_invalid_key" time="2.232" /><testcase classname="tests.endpoints.tasks.test_tasks_update" name="test_update_nonexistent" time="3.252" /><testcase classname="tests.endpoints.tasks.test_tasks_update_task" name="test_update_task_success" time="1.268" /><testcase classname="tests.endpoints.tasks.test_tasks_update_task" name="test_update_task_unauthorized" time="1.171" /><testcase classname="tests.endpoints.tasks.test_tasks_update_task" name="test_update_task_invalid_id" time="1.199" /><testcase classname="tests.endpoints.team.test_team_get" name="test_get_team_success" time="1.199" /><testcase classname="tests.endpoints.team.test_team_get" name="test_get_team_unauthorized" time="1.170" /><testcase classname="tests.endpoints.team.test_team_get" name="test_get_team_invalid_key" time="1.170" /><testcase classname="tests.endpoints.timelogs.test_timelogs_add" name="test_add_time_log_to_task_success" time="2.427" /><testcase classname="tests.endpoints.timelogs.test_timelogs_add" name="test_add_time_log_to_task_unauthorized" time="2.204" /><testcase classname="tests.endpoints.timelogs.test_timelogs_add" name="test_add_time_log_to_task_missing_required_fields" time="1.191" /><testcase classname="tests.endpoints.timelogs.test_timelogs_delete" name="test_delete_time_log_unauthorized" time="1.378" /><testcase classname="tests.endpoints.timelogs.test_timelogs_delete" name="test_delete_time_log_not_found" time="1.197" /><testcase classname="tests.endpoints.timelogs.test_timelogs_get_by_project" name="test_get_time_log_by_project_id_success" time="1.203" /><testcase classname="tests.endpoints.timelogs.test_timelogs_get_by_project" name="test_get_time_log_by_project_id_unauthorized" time="1.171" /><testcase classname="tests.endpoints.timelogs.test_timelogs_get_by_project" name="test_get_time_log_by_project_id_missing_required_param" time="1.171" /><testcase classname="tests.endpoints.timelogs.test_timelogs_get_list" name="test_get_time_log_list_success" time="2.296" /><testcase classname="tests.endpoints.timelogs.test_timelogs_get_list" name="test_get_time_log_list_unauthorized" time="2.041" /><testcase classname="tests.endpoints.timelogs.test_timelogs_get_list" name="test_get_time_log_list_missing_required_param" time="1.171" /><testcase classname="tests.endpoints.timelogs.test_timelogs_get_one" name="test_get_time_log_success" time="1.195" /><testcase classname="tests.endpoints.timelogs.test_timelogs_get_one" name="test_get_time_log_unauthorized" time="1.170" /><testcase classname="tests.endpoints.timelogs.test_timelogs_get_one" name="test_get_time_log_not_found" time="1.208" /><testcase classname="tests.endpoints.timelogs.test_timelogs_update" name="test_update_time_log_success" time="1.210" /><testcase classname="tests.endpoints.timelogs.test_timelogs_update" name="test_update_time_log_unauthorized" time="1.171" /><testcase classname="tests.endpoints.timelogs.test_timelogs_update" name="test_update_time_log_invalid_id" time="1.189" /><testcase classname="tests.scenarios.test_scenario_example" name="test_scenario_example" time="0.001"><skipped type="pytest.skip" message="Scenario tests are placeholder for 2nd iteration">/home/runner/work/api-tests-ganttpro/api-tests-ganttpro/tests/scenarios/test_scenario_example.py:5: Scenario tests are placeholder for 2nd iteration</skipped></testcase><testcase classname="tests.smoke.test_smoke_public_gets" name="test_get_languages_success" time="1.197" /><testcase classname="tests.smoke.test_smoke_public_gets" name="test_get_colors_success" time="1.200" /><testcase classname="tests.smoke.test_smoke_public_gets" name="test_get_account_roles_success" time="1.201" /><testcase classname="tests.smoke.test_smoke_public_gets" name="test_get_project_roles_success" time="1.210" /><testcase classname="tests.smoke.test_smoke_public_gets" name="test_unauthorized_without_api_key" time="1.170" /><testcase classname="tests.smoke.test_smoke_public_gets" name="test_unauthorized_with_invalid_api_key" time="3.829" /></testsuite></testsuites>