<?xml version="1.0" encoding="utf-8"?><testsuites><testsuite name="pytest" errors="1" failures="38" skipped="7" tests="86" time="114.660" timestamp="2026-09-04T13:21:46.104278" hostname="runnervmgx7h7"><testcase classname="tests.endpoints.attachments.test_attachments_add" name="test_add_success" time="4.818"><failure message="AssertionError: Expected status 200, got 400. URL: https://api.ganttpro.com/v1.0/attachments, Response: [{&quot;code&quot;:3005,&quot;msg&quot;:&quot;Code: 3005: body must have required property 'userId'&quot;}]">tests/endpoints/attachments/test_attachments_add.py:30: in test_add_success
    assert_status_code(response, 200)
src/assertions.py:28: in assert_status_code
    assert response.status_code == expected_status, message
E   AssertionError: Expected status 200, got 400. URL: https://api.ganttpro.com/v1.0/attachments, Response: [{"code":3005,"msg":"Code: 3005: body must have required property 'userId'"}]</failure></testcase><testcase classname="tests.endpoints.attachments.test_attachments_add" name="test_add_unauthorized" time="1.133"><failure message="AssertionError: Expected status 401, got 400. URL: https://api.ganttpro.com/v1.0/attachments, Response: {&quot;code&quot;:1,&quot;text&quot;:&quot;Something went wrong. Please contact our support service to solve this issue&quot;}">tests/endpoints/attachments/test_attachments_add.py:55: in test_add_unauthorized
    assert_status_code(response, 401)
src/assertions.py:28: in assert_status_code
    assert response.status_code == expected_status, message
E   AssertionError: Expected status 401, got 400. URL: https://api.ganttpro.com/v1.0/attachments, Response: {"code":1,"text":"Something went wrong. Please contact our support service to solve this issue"}</failure></testcase><testcase classname="tests.endpoints.attachments.test_attachments_add" name="test_add_missing_fields" time="1.176" /><testcase classname="tests.endpoints.attachments.test_attachments_delete" name="test_delete_attachment_unauthorized" time="0.001"><skipped type="pytest.skip" message="Attachment tests require file upload which is not yet implemented">/home/runner/work/api-tests-ganttpro/api-tests-ganttpro/tests/endpoints/attachments/test_attachments_delete.py:7: Attachment tests require file upload which is not yet implemented</skipped></testcase><testcase classname="tests.endpoints.attachments.test_attachments_delete" name="test_delete_attachment_not_found" time="1.374" /><testcase classname="tests.endpoints.attachments.test_attachments_delete_by_ids" name="test_delete_attachments_by_ids_success" time="0.001"><skipped type="pytest.skip" message="Attachment tests require file upload which is not yet implemented">/home/runner/work/api-tests-ganttpro/api-tests-ganttpro/tests/endpoints/attachments/test_attachments_delete_by_ids.py:7: Attachment tests require file upload which is not yet implemented</skipped></testcase><testcase classname="tests.endpoints.attachments.test_attachments_delete_by_ids" name="test_delete_attachments_by_ids_unauthorized" time="1.125"><failure message="AssertionError: Expected status 401, got 400. URL: https://api.ganttpro.com/v1.0/attachments/delete/byIds, Response: {&quot;code&quot;:1,&quot;text&quot;:&quot;Something went wrong. Please contact our support service to solve this issue&quot;}">tests/endpoints/attachments/test_attachments_delete_by_ids.py:32: in test_delete_attachments_by_ids_unauthorized
    assert_status_code(response, 401)
src/assertions.py:28: in assert_status_code
    assert response.status_code == expected_status, message
E   AssertionError: Expected status 401, got 400. URL: https://api.ganttpro.com/v1.0/attachments/delete/byIds, Response: {"code":1,"text":"Something went wrong. Please contact our support service to solve this issue"}</failure></testcase><testcase classname="tests.endpoints.attachments.test_attachments_delete_by_ids" name="test_delete_attachments_by_ids_missing_required_field" time="1.157" /><testcase classname="tests.endpoints.attachments.test_attachments_get_by_project" name="test_get_attachments_by_project_id_success" time="1.166" /><testcase classname="tests.endpoints.attachments.test_attachments_get_by_project" name="test_get_attachments_by_project_id_unauthorized" time="1.131"><failure message="AssertionError: Expected status 401, got 400. URL: https://api.ganttpro.com/v1.0/attachments/getByProjectId?projectId=1518509415138, Response: {&quot;code&quot;:1,&quot;text&quot;:&quot;Something went wrong. Please contact our support service to solve this issue&quot;}">tests/endpoints/attachments/test_attachments_get_by_project.py:34: in test_get_attachments_by_project_id_unauthorized
    assert_status_code(response, 401)
src/assertions.py:28: in assert_status_code
    assert response.status_code == expected_status, message
E   AssertionError: Expected status 401, got 400. URL: https://api.ganttpro.com/v1.0/attachments/getByProjectId?projectId=1518509415138, Response: {"code":1,"text":"Something went wrong. Please contact our support service to solve this issue"}</failure></testcase><testcase classname="tests.endpoints.attachments.test_attachments_get_by_project" name="test_get_attachments_by_project_id_missing_required_param" time="1.160"><failure message="AssertionError: Expected status 404, got 400. URL: https://api.ganttpro.com/v1.0/attachments/getByProjectId, Response: [{&quot;code&quot;:3005,&quot;msg&quot;:&quot;Code: 3005: query must have required property 'projectId'&quot;}]">tests/endpoints/attachments/test_attachments_get_by_project.py:45: in test_get_attachments_by_project_id_missing_required_param
    assert_status_code(response, 404)
src/assertions.py:28: in assert_status_code
    assert response.status_code == expected_status, message
E   AssertionError: Expected status 404, got 400. URL: https://api.ganttpro.com/v1.0/attachments/getByProjectId, Response: [{"code":3005,"msg":"Code: 3005: query must have required property 'projectId'"}]</failure></testcase><testcase classname="tests.endpoints.attachments.test_attachments_get_list" name="test_get_attachments_list_success" time="1.172" /><testcase classname="tests.endpoints.attachments.test_attachments_get_list" name="test_get_attachments_list_unauthorized" time="1.126"><failure message="AssertionError: Expected status 401, got 400. URL: https://api.ganttpro.com/v1.0/attachments?taskId=283006211, Response: {&quot;code&quot;:1,&quot;text&quot;:&quot;Something went wrong. Please contact our support service to solve this issue&quot;}">tests/endpoints/attachments/test_attachments_get_list.py:28: in test_get_attachments_list_unauthorized
    assert_status_code(response, 401)
src/assertions.py:28: in assert_status_code
    assert response.status_code == expected_status, message
E   AssertionError: Expected status 401, got 400. URL: https://api.ganttpro.com/v1.0/attachments?taskId=283006211, Response: {"code":1,"text":"Something went wrong. Please contact our support service to solve this issue"}</failure></testcase><testcase classname="tests.endpoints.attachments.test_attachments_get_list" name="test_get_attachments_list_missing_required_param" time="1.159"><failure message="AssertionError: Expected status 404, got 400. URL: https://api.ganttpro.com/v1.0/attachments, Response: [{&quot;code&quot;:3005,&quot;msg&quot;:&quot;Code: 3005: query must have required property 'taskId'&quot;}]">tests/endpoints/attachments/test_attachments_get_list.py:39: in test_get_attachments_list_missing_required_param
    assert_status_code(response, 404)
src/assertions.py:28: in assert_status_code
    assert response.status_code == expected_status, message
E   AssertionError: Expected status 404, got 400. URL: https://api.ganttpro.com/v1.0/attachments, Response: [{"code":3005,"msg":"Code: 3005: query must have required property 'taskId'"}]</failure></testcase><testcase classname="tests.endpoints.colors.test_colors_get" name="test_get_colors_success" time="1.168" /><testcase classname="tests.endpoints.colors.test_colors_get" name="test_get_colors_unauthorized" time="1.126"><failure message="AssertionError: Expected status 401, got 400. URL: https://api.ganttpro.com/v1.0/colors, Response: {&quot;code&quot;:1,&quot;text&quot;:&quot;Something went wrong. Please contact our support service to solve this issue&quot;}">tests/endpoints/colors/test_colors_get.py:27: in test_get_colors_unauthorized
    assert_status_code(response, 401)
src/assertions.py:28: in assert_status_code
    assert response.status_code == expected_status, message
E   AssertionError: Expected status 401, got 400. URL: https://api.ganttpro.com/v1.0/colors, Response: {"code":1,"text":"Something went wrong. Please contact our support service to solve this issue"}</failure></testcase><testcase classname="tests.endpoints.comments.test_comments_add" name="test_add_comment_to_task_success" time="1.004"><failure message="TypeError: int() argument must be a string, a bytes-like object or a number, not 'NoneType'">tests/endpoints/comments/test_comments_add.py:15: in test_add_comment_to_task_success
    "userId": int(user_id),
E   TypeError: int() argument must be a string, a bytes-like object or a number, not 'NoneType'</failure></testcase><testcase classname="tests.endpoints.comments.test_comments_add" name="test_add_comment_to_task_unauthorized" time="1.003"><failure message="TypeError: int() argument must be a string, a bytes-like object or a number, not 'NoneType'">tests/endpoints/comments/test_comments_add.py:31: in test_add_comment_to_task_unauthorized
    "userId": int(user_id),
E   TypeError: int() argument must be a string, a bytes-like object or a number, not 'NoneType'</failure></testcase><testcase classname="tests.endpoints.comments.test_comments_add" name="test_add_comment_to_task_missing_required_fields" time="1.278" /><testcase classname="tests.endpoints.comments.test_comments_delete" name="test_delete_comment_unauthorized" time="0.261"><skipped type="pytest.skip" message="Could not create test comment: 400">/home/runner/work/api-tests-ganttpro/api-tests-ganttpro/tests/endpoints/comments/test_comments_delete.py:7: Could not create test comment: 400</skipped></testcase><testcase classname="tests.endpoints.comments.test_comments_delete" name="test_delete_comment_not_found" time="1.180" /><testcase classname="tests.endpoints.comments.test_comments_get_by_project" name="test_get_comments_by_project_id_success" time="1.199" /><testcase classname="tests.endpoints.comments.test_comments_get_by_project" name="test_get_comments_by_project_id_unauthorized" time="1.126"><failure message="AssertionError: Expected status 401, got 400. URL: https://api.ganttpro.com/v1.0/comments/getByProjectId?projectId=1518509415138, Response: {&quot;code&quot;:1,&quot;text&quot;:&quot;Something went wrong. Please contact our support service to solve this issue&quot;}">tests/endpoints/comments/test_comments_get_by_project.py:34: in test_get_comments_by_project_id_unauthorized
    assert_status_code(response, 401)
src/assertions.py:28: in assert_status_code
    assert response.status_code == expected_status, message
E   AssertionError: Expected status 401, got 400. URL: https://api.ganttpro.com/v1.0/comments/getByProjectId?projectId=1518509415138, Response: {"code":1,"text":"Something went wrong. Please contact our support service to solve this issue"}</failure></testcase><testcase classname="tests.endpoints.comments.test_comments_get_by_project" name="test_get_comments_by_project_id_missing_required_param" time="1.183"><failure message="AssertionError: Expected status 404, got 400. URL: https://api.ganttpro.com/v1.0/comments/getByProjectId, Response: [{&quot;code&quot;:3005,&quot;msg&quot;:&quot;Code: 3005: query must have required property 'projectId'&quot;}]">tests/endpoints/comments/test_comments_get_by_project.py:45: in test_get_comments_by_project_id_missing_required_param
    assert_status_code(response, 404)
src/assertions.py:28: in assert_status_code
    assert response.status_code == expected_status, message
E   AssertionError: Expected status 404, got 400. URL: https://api.ganttpro.com/v1.0/comments/getByProjectId, Response: [{"code":3005,"msg":"Code: 3005: query must have required property 'projectId'"}]</failure></testcase><testcase classname="tests.endpoints.comments.test_comments_get_list" name="test_get_comments_list_success" time="1.186" /><testcase classname="tests.endpoints.comments.test_comments_get_list" name="test_get_comments_list_unauthorized" time="1.128"><failure message="AssertionError: Expected status 401, got 400. URL: https://api.ganttpro.com/v1.0/comments?taskId=283006211, Response: {&quot;code&quot;:1,&quot;text&quot;:&quot;Something went wrong. Please contact our support service to solve this issue&quot;}">tests/endpoints/comments/test_comments_get_list.py:29: in test_get_comments_list_unauthorized
    assert_status_code(response, 401)
src/assertions.py:28: in assert_status_code
    assert response.status_code == expected_status, message
E   AssertionError: Expected status 401, got 400. URL: https://api.ganttpro.com/v1.0/comments?taskId=283006211, Response: {"code":1,"text":"Something went wrong. Please contact our support service to solve this issue"}</failure></testcase><testcase classname="tests.endpoints.comments.test_comments_get_list" name="test_get_comments_list_missing_required_param" time="1.179"><failure message="AssertionError: Expected status 404, got 400. URL: https://api.ganttpro.com/v1.0/comments, Response: [{&quot;code&quot;:3005,&quot;msg&quot;:&quot;Code: 3005: query must have required property 'taskId'&quot;}]">tests/endpoints/comments/test_comments_get_list.py:40: in test_get_comments_list_missing_required_param
    assert_status_code(response, 404)
src/assertions.py:28: in assert_status_code
    assert response.status_code == expected_status, message
E   AssertionError: Expected status 404, got 400. URL: https://api.ganttpro.com/v1.0/comments, Response: [{"code":3005,"msg":"Code: 3005: query must have required property 'taskId'"}]</failure></testcase><testcase classname="tests.endpoints.comments.test_comments_update" name="test_update_comment_success" time="0.001"><skipped type="pytest.skip" message="Could not create test comment: 400">/home/runner/work/api-tests-ganttpro/api-tests-ganttpro/tests/endpoints/comments/test_comments_update.py:7: Could not create test comment: 400</skipped></testcase><testcase classname="tests.endpoints.comments.test_comments_update" name="test_update_comment_unauthorized" time="0.001"><skipped type="pytest.skip" message="Could not create test comment: 400">/home/runner/work/api-tests-ganttpro/api-tests-ganttpro/tests/endpoints/comments/test_comments_update.py:23: Could not create test comment: 400</skipped></testcase><testcase classname="tests.endpoints.comments.test_comments_update" name="test_update_comment_missing_required_field" time="0.001"><skipped type="pytest.skip" message="Could not create test comment: 400">/home/runner/work/api-tests-ganttpro/api-tests-ganttpro/tests/endpoints/comments/test_comments_update.py:38: Could not create test comment: 400</skipped></testcase><testcase classname="tests.endpoints.languages.test_languages_get" name="test_get_languages_success" time="1.174" /><testcase classname="tests.endpoints.languages.test_languages_get" name="test_get_languages_unauthorized" time="1.126"><failure message="AssertionError: Expected status 401, got 400. URL: https://api.ganttpro.com/v1.0/languages, Response: {&quot;code&quot;:1,&quot;text&quot;:&quot;Something went wrong. Please contact our support service to solve this issue&quot;}">tests/endpoints/languages/test_languages_get.py:27: in test_get_languages_unauthorized
    assert_status_code(response, 401)
src/assertions.py:28: in assert_status_code
    assert response.status_code == expected_status, message
E   AssertionError: Expected status 401, got 400. URL: https://api.ganttpro.com/v1.0/languages, Response: {"code":1,"text":"Something went wrong. Please contact our support service to solve this issue"}</failure></testcase><testcase classname="tests.endpoints.links.test_links_create" name="test_create_link_success" time="2.712" /><testcase classname="tests.endpoints.links.test_links_create" name="test_create_link_unauthorized" time="1.130"><failure message="AssertionError: Expected status 401, got 400. URL: https://api.ganttpro.com/v1.0/links, Response: {&quot;code&quot;:1,&quot;text&quot;:&quot;Something went wrong. Please contact our support service to solve this issue&quot;}">tests/endpoints/links/test_links_create.py:31: in test_create_link_unauthorized
    assert_status_code(response, 401)
src/assertions.py:28: in assert_status_code
    assert response.status_code == expected_status, message
E   AssertionError: Expected status 401, got 400. URL: https://api.ganttpro.com/v1.0/links, Response: {"code":1,"text":"Something went wrong. Please contact our support service to solve this issue"}</failure></testcase><testcase classname="tests.endpoints.links.test_links_create" name="test_create_link_missing_required_fields" time="1.410" /><testcase classname="tests.endpoints.links.test_links_delete" name="test_delete_link_unauthorized" time="1.124"><failure message="AssertionError: Expected status 401, got 400. URL: https://api.ganttpro.com/v1.0/links/183447380, Response: {&quot;code&quot;:1,&quot;text&quot;:&quot;Something went wrong. Please contact our support service to solve this issue&quot;}">tests/endpoints/links/test_links_delete.py:18: in test_delete_link_unauthorized
    assert_status_code(response, 401)
src/assertions.py:28: in assert_status_code
    assert response.status_code == expected_status, message
E   AssertionError: Expected status 401, got 400. URL: https://api.ganttpro.com/v1.0/links/183447380, Response: {"code":1,"text":"Something went wrong. Please contact our support service to solve this issue"}</failure></testcase><testcase classname="tests.endpoints.links.test_links_delete" name="test_delete_link_not_found" time="1.185" /><testcase classname="tests.endpoints.links.test_links_get" name="test_get_link_success" time="1.164" /><testcase classname="tests.endpoints.links.test_links_get" name="test_get_link_unauthorized" time="1.125"><failure message="AssertionError: Expected status 401, got 400. URL: https://api.ganttpro.com/v1.0/links/183447380, Response: {&quot;code&quot;:1,&quot;text&quot;:&quot;Something went wrong. Please contact our support service to solve this issue&quot;}">tests/endpoints/links/test_links_get.py:32: in test_get_link_unauthorized
    assert_status_code(response, 401)
src/assertions.py:28: in assert_status_code
    assert response.status_code == expected_status, message
E   AssertionError: Expected status 401, got 400. URL: https://api.ganttpro.com/v1.0/links/183447380, Response: {"code":1,"text":"Something went wrong. Please contact our support service to solve this issue"}</failure></testcase><testcase classname="tests.endpoints.links.test_links_get" name="test_get_link_not_found" time="1.155" /><testcase classname="tests.endpoints.links.test_links_update" name="test_update_link_success" time="1.726" /><testcase classname="tests.endpoints.links.test_links_update" name="test_update_link_unauthorized" time="1.125"><failure message="AssertionError: Expected status 401, got 400. URL: https://api.ganttpro.com/v1.0/links/183447380, Response: {&quot;code&quot;:1,&quot;text&quot;:&quot;Something went wrong. Please contact our support service to solve this issue&quot;}">tests/endpoints/links/test_links_update.py:35: in test_update_link_unauthorized
    assert_status_code(response, 401)
src/assertions.py:28: in assert_status_code
    assert response.status_code == expected_status, message
E   AssertionError: Expected status 401, got 400. URL: https://api.ganttpro.com/v1.0/links/183447380, Response: {"code":1,"text":"Something went wrong. Please contact our support service to solve this issue"}</failure></testcase><testcase classname="tests.endpoints.links.test_links_update" name="test_update_link_invalid_id" time="1.164" /><testcase classname="tests.endpoints.projects.test_projects_get_list" name="test_get_projects_list_success" time="1.174" /><testcase classname="tests.endpoints.projects.test_projects_get_list" name="test_get_projects_list_unauthorized" time="1.125"><failure message="AssertionError: Expected status 401, got 400. URL: https://api.ganttpro.com/v1.0/projects, Response: {&quot;code&quot;:1,&quot;text&quot;:&quot;Something went wrong. Please contact our support service to solve this issue&quot;}">tests/endpoints/projects/test_projects_get_list.py:28: in test_get_projects_list_unauthorized
    assert_status_code(response, 401)
src/assertions.py:28: in assert_status_code
    assert response.status_code == expected_status, message
E   AssertionError: Expected status 401, got 400. URL: https://api.ganttpro.com/v1.0/projects, Response: {"code":1,"text":"Something went wrong. Please contact our support service to solve this issue"}</failure></testcase><testcase classname="tests.endpoints.projects.test_projects_get_list" name="test_get_projects_list_invalid_key" time="1.182"><failure message="AssertionError: Expected status 401, got 400. URL: https://api.ganttpro.com/v1.0/projects, Response: {&quot;code&quot;:1006,&quot;msg&quot;:&quot;Code 1006: Your api key is invalid or it's not exist&quot;}">tests/endpoints/projects/test_projects_get_list.py:39: in test_get_projects_list_invalid_key
    assert_status_code(response, 401)
src/assertions.py:28: in assert_status_code
    assert response.status_code == expected_status, message
E   AssertionError: Expected status 401, got 400. URL: https://api.ganttpro.com/v1.0/projects, Response: {"code":1006,"msg":"Code 1006: Your api key is invalid or it's not exist"}</failure></testcase><testcase classname="tests.endpoints.resources.test_resources_get" name="test_get_resources_list_success" time="1.175" /><testcase classname="tests.endpoints.resources.test_resources_get" name="test_get_resources_list_unauthorized" time="1.124"><failure message="AssertionError: Expected status 401, got 400. URL: https://api.ganttpro.com/v1.0/resources, Response: {&quot;code&quot;:1,&quot;text&quot;:&quot;Something went wrong. Please contact our support service to solve this issue&quot;}">tests/endpoints/resources/test_resources_get.py:29: in test_get_resources_list_unauthorized
    assert_status_code(response, 401)
src/assertions.py:28: in assert_status_code
    assert response.status_code == expected_status, message
E   AssertionError: Expected status 401, got 400. URL: https://api.ganttpro.com/v1.0/resources, Response: {"code":1,"text":"Something went wrong. Please contact our support service to solve this issue"}</failure></testcase><testcase classname="tests.endpoints.resources.test_resources_get" name="test_get_resources_list_invalid_key" time="1.152"><failure message="AssertionError: Expected status 401, got 400. URL: https://api.ganttpro.com/v1.0/resources, Response: {&quot;code&quot;:1006,&quot;msg&quot;:&quot;Code 1006: Your api key is invalid or it's not exist&quot;}">tests/endpoints/resources/test_resources_get.py:41: in test_get_resources_list_invalid_key
    assert_status_code(response, 401)
src/assertions.py:28: in assert_status_code
    assert response.status_code == expected_status, message
E   AssertionError: Expected status 401, got 400. URL: https://api.ganttpro.com/v1.0/resources, Response: {"code":1006,"msg":"Code 1006: Your api key is invalid or it's not exist"}</failure></testcase><testcase classname="tests.endpoints.resources.test_resources_get_list" name="test_get_resources_list_success" time="1.169" /><testcase classname="tests.endpoints.resources.test_resources_get_list" name="test_get_resources_list_unauthorized" time="1.127"><failure message="AssertionError: Expected status 401, got 400. URL: https://api.ganttpro.com/v1.0/resources, Response: {&quot;code&quot;:1,&quot;text&quot;:&quot;Something went wrong. Please contact our support service to solve this issue&quot;}">tests/endpoints/resources/test_resources_get_list.py:27: in test_get_resources_list_unauthorized
    assert_status_code(response, 401)
src/assertions.py:28: in assert_status_code
    assert response.status_code == expected_status, message
E   AssertionError: Expected status 401, got 400. URL: https://api.ganttpro.com/v1.0/resources, Response: {"code":1,"text":"Something went wrong. Please contact our support service to solve this issue"}</failure></testcase><testcase classname="tests.endpoints.roles.test_roles_account_get" name="test_get_account_roles_success" time="1.173" /><testcase classname="tests.endpoints.roles.test_roles_account_get" name="test_get_account_roles_unauthorized" time="1.126"><failure message="AssertionError: Expected status 401, got 400. URL: https://api.ganttpro.com/v1.0/roles/account, Response: {&quot;code&quot;:1,&quot;text&quot;:&quot;Something went wrong. Please contact our support service to solve this issue&quot;}">tests/endpoints/roles/test_roles_account_get.py:26: in test_get_account_roles_unauthorized
    assert_status_code(response, 401)
src/assertions.py:28: in assert_status_code
    assert response.status_code == expected_status, message
E   AssertionError: Expected status 401, got 400. URL: https://api.ganttpro.com/v1.0/roles/account, Response: {"code":1,"text":"Something went wrong. Please contact our support service to solve this issue"}</failure></testcase><testcase classname="tests.endpoints.roles.test_roles_project_get" name="test_get_project_roles_success" time="1.309" /><testcase classname="tests.endpoints.roles.test_roles_project_get" name="test_get_project_roles_unauthorized" time="1.125"><failure message="AssertionError: Expected status 401, got 400. URL: https://api.ganttpro.com/v1.0/roles/project, Response: {&quot;code&quot;:1,&quot;text&quot;:&quot;Something went wrong. Please contact our support service to solve this issue&quot;}">tests/endpoints/roles/test_roles_project_get.py:26: in test_get_project_roles_unauthorized
    assert_status_code(response, 401)
src/assertions.py:28: in assert_status_code
    assert response.status_code == expected_status, message
E   AssertionError: Expected status 401, got 400. URL: https://api.ganttpro.com/v1.0/roles/project, Response: {"code":1,"text":"Something went wrong. Please contact our support service to solve this issue"}</failure></testcase><testcase classname="tests.endpoints.tasks.test_tasks_assign_resource" name="test_assign_resource_to_task_success" time="1.157"><skipped type="pytest.skip" message="API returned 500 on assignResource">/home/runner/work/api-tests-ganttpro/api-tests-ganttpro/tests/endpoints/tasks/test_tasks_assign_resource.py:19: API returned 500 on assignResource</skipped></testcase><testcase classname="tests.endpoints.tasks.test_tasks_assign_resource" name="test_assign_resource_unauthorized" time="1.124"><failure message="AssertionError: Expected status 401, got 400. URL: https://api.ganttpro.com/v1.0/tasks/283006211/assignResource, Response: {&quot;code&quot;:1,&quot;text&quot;:&quot;Something went wrong. Please contact our support service to solve this issue&quot;}">tests/endpoints/tasks/test_tasks_assign_resource.py:35: in test_assign_resource_unauthorized
    assert_status_code(response, 401)
src/assertions.py:28: in assert_status_code
    assert response.status_code == expected_status, message
E   AssertionError: Expected status 401, got 400. URL: https://api.ganttpro.com/v1.0/tasks/283006211/assignResource, Response: {"code":1,"text":"Something went wrong. Please contact our support service to solve this issue"}</failure></testcase><testcase classname="tests.endpoints.tasks.test_tasks_assign_resource" name="test_assign_resource_invalid_key" time="1.153"><failure message="AssertionError: Expected status 401, got 400. URL: https://api.ganttpro.com/v1.0/tasks/283006211/assignResource, Response: {&quot;code&quot;:1006,&quot;msg&quot;:&quot;Code 1006: Your api key is invalid or it's not exist&quot;}">tests/endpoints/tasks/test_tasks_assign_resource.py:51: in test_assign_resource_invalid_key
    assert_status_code(response, 401)
src/assertions.py:28: in assert_status_code
    assert response.status_code == expected_status, message
E   AssertionError: Expected status 401, got 400. URL: https://api.ganttpro.com/v1.0/tasks/283006211/assignResource, Response: {"code":1006,"msg":"Code 1006: Your api key is invalid or it's not exist"}</failure></testcase><testcase classname="tests.endpoints.tasks.test_tasks_assign_resource" name="test_assign_resource_missing_required_field" time="1.169" /><testcase classname="tests.endpoints.tasks.test_tasks_assign_resource_delete" name="test_delete_assign_from_task_success" time="2.005" /><testcase classname="tests.endpoints.tasks.test_tasks_assign_resource_delete" name="test_delete_assign_from_task_unauthorized" time="1.132"><failure message="AssertionError: Expected status 401, got 400. URL: https://api.ganttpro.com/v1.0/tasks/283006211/assignResource?resourceId=1, Response: {&quot;code&quot;:1,&quot;text&quot;:&quot;Something went wrong. Please contact our support service to solve this issue&quot;}">tests/endpoints/tasks/test_tasks_assign_resource_delete.py:29: in test_delete_assign_from_task_unauthorized
    assert_status_code(response, 401)
src/assertions.py:28: in assert_status_code
    assert response.status_code == expected_status, message
E   AssertionError: Expected status 401, got 400. URL: https://api.ganttpro.com/v1.0/tasks/283006211/assignResource?resourceId=1, Response: {"code":1,"text":"Something went wrong. Please contact our support service to solve this issue"}</failure></testcase><testcase classname="tests.endpoints.tasks.test_tasks_assign_resource_delete" name="test_delete_assign_from_task_missing_required_param" time="1.162"><failure message="AssertionError: Expected status 404, got 400. URL: https://api.ganttpro.com/v1.0/tasks/283006211/assignResource, Response: [{&quot;code&quot;:3005,&quot;msg&quot;:&quot;Code: 3005: query must have required property 'resourceId'&quot;}]">tests/endpoints/tasks/test_tasks_assign_resource_delete.py:41: in test_delete_assign_from_task_missing_required_param
    assert_status_code(response, 404)
src/assertions.py:28: in assert_status_code
    assert response.status_code == expected_status, message
E   AssertionError: Expected status 404, got 400. URL: https://api.ganttpro.com/v1.0/tasks/283006211/assignResource, Response: [{"code":3005,"msg":"Code: 3005: query must have required property 'resourceId'"}]</failure></testcase><testcase classname="tests.endpoints.tasks.test_tasks_assign_resource_post" name="test_assign_resources_to_task_success" time="1.850" /><testcase classname="tests.endpoints.tasks.test_tasks_assign_resource_post" name="test_assign_resources_to_task_unauthorized" time="1.129"><failure message="AssertionError: Expected status 401, got 400. URL: https://api.ganttpro.com/v1.0/tasks/283006211/assignResource, Response: {&quot;code&quot;:1,&quot;text&quot;:&quot;Something went wrong. Please contact our support service to solve this issue&quot;}">tests/endpoints/tasks/test_tasks_assign_resource_post.py:33: in test_assign_resources_to_task_unauthorized
    assert_status_code(response, 401)
src/assertions.py:28: in assert_status_code
    assert response.status_code == expected_status, message
E   AssertionError: Expected status 401, got 400. URL: https://api.ganttpro.com/v1.0/tasks/283006211/assignResource, Response: {"code":1,"text":"Something went wrong. Please contact our support service to solve this issue"}</failure></testcase><testcase classname="tests.endpoints.tasks.test_tasks_assign_resource_post" name="test_assign_resources_to_task_missing_required_field" time="1.176" /><testcase classname="tests.endpoints.tasks.test_tasks_assign_resource_put" name="test_update_task_resource_success" time="1.652" /><testcase classname="tests.endpoints.tasks.test_tasks_assign_resource_put" name="test_update_task_resource_unauthorized" time="1.128"><failure message="AssertionError: Expected status 401, got 400. URL: https://api.ganttpro.com/v1.0/tasks/283006211/assignResource, Response: {&quot;code&quot;:1,&quot;text&quot;:&quot;Something went wrong. Please contact our support service to solve this issue&quot;}">tests/endpoints/tasks/test_tasks_assign_resource_put.py:33: in test_update_task_resource_unauthorized
    assert_status_code(response, 401)
src/assertions.py:28: in assert_status_code
    assert response.status_code == expected_status, message
E   AssertionError: Expected status 401, got 400. URL: https://api.ganttpro.com/v1.0/tasks/283006211/assignResource, Response: {"code":1,"text":"Something went wrong. Please contact our support service to solve this issue"}</failure></testcase><testcase classname="tests.endpoints.tasks.test_tasks_assign_resource_put" name="test_update_task_resource_missing_required_field" time="1.153" /><testcase classname="tests.endpoints.tasks.test_tasks_create" name="test_create_success" time="1.912" /><testcase classname="tests.endpoints.tasks.test_tasks_create" name="test_create_unauthorized" time="1.126"><failure message="AssertionError: Expected status 401, got 400. URL: https://api.ganttpro.com/v1.0/tasks, Response: {&quot;code&quot;:1,&quot;text&quot;:&quot;Something went wrong. Please contact our support service to solve this issue&quot;}">tests/endpoints/tasks/test_tasks_create.py:39: in test_create_unauthorized
    assert_status_code(response, 401)
src/assertions.py:28: in assert_status_code
    assert response.status_code == expected_status, message
E   AssertionError: Expected status 401, got 400. URL: https://api.ganttpro.com/v1.0/tasks, Response: {"code":1,"text":"Something went wrong. Please contact our support service to solve this issue"}</failure></testcase><testcase classname="tests.endpoints.tasks.test_tasks_create" name="test_create_invalid_key" time="1.226"><failure message="AssertionError: Expected status 401, got 400. URL: https://api.ganttpro.com/v1.0/tasks, Response: {&quot;code&quot;:1006,&quot;msg&quot;:&quot;Code 1006: Your api key is invalid or it's not exist&quot;}">tests/endpoints/tasks/test_tasks_create.py:55: in test_create_invalid_key
    assert_status_code(response, 401)
src/assertions.py:28: in assert_status_code
    assert response.status_code == expected_status, message
E   AssertionError: Expected status 401, got 400. URL: https://api.ganttpro.com/v1.0/tasks, Response: {"code":1006,"msg":"Code 1006: Your api key is invalid or it's not exist"}</failure></testcase><testcase classname="tests.endpoints.tasks.test_tasks_create" name="test_create_missing_name" time="1.195" /><testcase classname="tests.endpoints.tasks.test_tasks_create" name="test_create_defaults" time="1.797"><failure message="AssertionError: assert 480 == 1440&#10; +  where 480 = &lt;built-in method get of dict object at 0x7f541291b200&gt;('duration')&#10; +    where &lt;built-in method get of dict object at 0x7f541291b200&gt; = {'attachments': [], 'color': 1, 'comments': [], 'createdAt': '2026-09-04T13:23:12.000Z', ...}.get">tests/endpoints/tasks/test_tasks_create.py:89: in test_create_defaults
    assert item.get("duration") == 1440  # API uses minutes (1 day = 1440 minutes)
E   AssertionError: assert 480 == 1440
E    +  where 480 = &lt;built-in method get of dict object at 0x7f541291b200&gt;('duration')
E    +    where &lt;built-in method get of dict object at 0x7f541291b200&gt; = {'attachments': [], 'color': 1, 'comments': [], 'createdAt': '2026-09-04T13:23:12.000Z', ...}.get</failure></testcase><testcase classname="tests.endpoints.tasks.test_tasks_create" name="test_create_start_duration_calculates_end" time="2.613" /><testcase classname="tests.endpoints.tasks.test_tasks_create" name="test_create_end_duration_calculates_start" time="3.123" /><testcase classname="tests.endpoints.tasks.test_tasks_create" name="test_create_invalid_progress" time="1.184" /><testcase classname="tests.endpoints.tasks.test_tasks_create" name="test_create_invalid_color" time="2.115"><failure message="AssertionError: Expected status 400, got 200. URL: https://api.ganttpro.com/v1.0/tasks, Response: {&quot;item&quot;:{&quot;id&quot;:283006253,&quot;projectId&quot;:1518509415138,&quot;createdAt&quot;:&quot;2026-09-04T13:23:21.000Z&quot;,&quot;name&quot;:&quot;Bad color&quot;,&quot;description&quot;:&quot;&quot;,&quot;type&quot;:&quot;task&quot;,&quot;progress&quot;:0,&quot;duration&quot;:480,&quot;estimation&quot;:0,&quot;sortorder&quot;:1527,&quot;">tests/endpoints/tasks/test_tasks_create.py:185: in test_create_invalid_color
    assert_status_code(response, 400)
src/assertions.py:28: in assert_status_code
    assert response.status_code == expected_status, message
E   AssertionError: Expected status 400, got 200. URL: https://api.ganttpro.com/v1.0/tasks, Response: {"item":{"id":283006253,"projectId":1518509415138,"createdAt":"2026-09-04T13:23:21.000Z","name":"Bad color","description":"","type":"task","progress":0,"duration":480,"estimation":0,"sortorder":1527,"</failure></testcase><testcase classname="tests.endpoints.tasks.test_tasks_create" name="test_create_missing_project_id" time="1.173" /><testcase classname="tests.endpoints.tasks.test_tasks_create" name="test_create_start_only_uses_default_duration" time="1.775"><failure message="AssertionError: assert False&#10; +  where False = &lt;built-in method startswith of str object at 0x7f5412955f80&gt;('2025-01-05')&#10; +    where &lt;built-in method startswith of str object at 0x7f5412955f80&gt; = '2025-01-06 09:00:00'.startswith&#10; +      where '2025-01-06 09:00:00' = &lt;built-in method get of dict object at 0x7f54128786c0&gt;('startDate')&#10; +        where &lt;built-in method get of dict object at 0x7f54128786c0&gt; = {'attachments': [], 'color': 1, 'comments': [], 'createdAt': '2026-09-04T13:23:24.000Z', ...}.get">tests/endpoints/tasks/test_tasks_create.py:217: in test_create_start_only_uses_default_duration
    assert item.get("startDate").startswith("2025-01-05")  # API returns datetime format
E   AssertionError: assert False
E    +  where False = &lt;built-in method startswith of str object at 0x7f5412955f80&gt;('2025-01-05')
E    +    where &lt;built-in method startswith of str object at 0x7f5412955f80&gt; = '2025-01-06 09:00:00'.startswith
E    +      where '2025-01-06 09:00:00' = &lt;built-in method get of dict object at 0x7f54128786c0&gt;('startDate')
E    +        where &lt;built-in method get of dict object at 0x7f54128786c0&gt; = {'attachments': [], 'color': 1, 'comments': [], 'createdAt': '2026-09-04T13:23:24.000Z', ...}.get</failure></testcase><testcase classname="tests.endpoints.tasks.test_tasks_create" name="test_create_duration_only_sets_dates" time="2.736" /><testcase classname="tests.endpoints.tasks.test_tasks_create" name="test_create_all_dates_recalculates_end" time="2.686" /><testcase classname="tests.endpoints.tasks.test_tasks_create" name="test_create_progress_max_valid" time="2.812" /><testcase classname="tests.endpoints.tasks.test_tasks_create" name="test_create_progress_negative" time="1.188" /><testcase classname="tests.endpoints.tasks.test_tasks_create" name="test_create_color_min_max" time="4.202" /><testcase classname="tests.endpoints.tasks.test_tasks_create" name="test_create_duration_zero" time="1.089"><failure message="requests.exceptions.ConnectionError: ('Connection aborted.', RemoteDisconnected('Remote end closed connection without response'))">/opt/hostedtoolcache/Python/3.9.25/x64/lib/python3.9/site-packages/urllib3/connectionpool.py:787: in urlopen
    response = self._make_request(
/opt/hostedtoolcache/Python/3.9.25/x64/lib/python3.9/site-packages/urllib3/connectionpool.py:534: in _make_request
    response = conn.getresponse()
/opt/hostedtoolcache/Python/3.9.25/x64/lib/python3.9/site-packages/urllib3/connection.py:571: in getresponse
    httplib_response = super().getresponse()
/opt/hostedtoolcache/Python/3.9.25/x64/lib/python3.9/http/client.py:1377: in getresponse
    response.begin()
/opt/hostedtoolcache/Python/3.9.25/x64/lib/python3.9/http/client.py:320: in begin
    version, status, reason = self._read_status()
/opt/hostedtoolcache/Python/3.9.25/x64/lib/python3.9/http/client.py:289: in _read_status
    raise RemoteDisconnected("Remote end closed connection without"
E   http.client.RemoteDisconnected: Remote end closed connection without response

During handling of the above exception, another exception occurred:
/opt/hostedtoolcache/Python/3.9.25/x64/lib/python3.9/site-packages/requests/adapters.py:486: in send
    resp = conn.urlopen(
/opt/hostedtoolcache/Python/3.9.25/x64/lib/python3.9/site-packages/urllib3/connectionpool.py:841: in urlopen
    retries = retries.increment(
/opt/hostedtoolcache/Python/3.9.25/x64/lib/python3.9/site-packages/urllib3/util/retry.py:490: in increment
    raise reraise(type(error), error, _stacktrace)
/opt/hostedtoolcache/Python/3.9.25/x64/lib/python3.9/site-packages/urllib3/util/util.py:38: in reraise
    raise value.with_traceback(tb)
/opt/hostedtoolcache/Python/3.9.25/x64/lib/python3.9/site-packages/urllib3/connectionpool.py:787: in urlopen
    response = self._make_request(
/opt/hostedtoolcache/Python/3.9.25/x64/lib/python3.9/site-packages/urllib3/connectionpool.py:534: in _make_request
    response = conn.getresponse()
/opt/hostedtoolcache/Python/3.9.25/x64/lib/python3.9/site-packages/urllib3/connection.py:571: in getresponse
    httplib_response = super().getresponse()
/opt/hostedtoolcache/Python/3.9.25/x64/lib/python3.9/http/client.py:1377: in getresponse
    response.begin()
/opt/hostedtoolcache/Python/3.9.25/x64/lib/python3.9/http/client.py:320: in begin
    version, status, reason = self._read_status()
/opt/hostedtoolcache/Python/3.9.25/x64/lib/python3.9/http/client.py:289: in _read_status
    raise RemoteDisconnected("Remote end closed connection without"
E   urllib3.exceptions.ProtocolError: ('Connection aborted.', RemoteDisconnected('Remote end closed connection without response'))

During handling of the above exception, another exception occurred:
tests/endpoints/tasks/test_tasks_create.py:357: in test_create_duration_zero
    response = client.post("/tasks", json=payload, headers=auth_headers)
src/http_client.py:166: in post
    return self.request("POST", path, headers=headers, **kwargs)
src/http_client.py:119: in request
    response = self.session.request(
/opt/hostedtoolcache/Python/3.9.25/x64/lib/python3.9/site-packages/requests/sessions.py:589: in request
    resp = self.send(prep, **send_kwargs)
/opt/hostedtoolcache/Python/3.9.25/x64/lib/python3.9/site-packages/requests/sessions.py:703: in send
    r = adapter.send(request, **kwargs)
/opt/hostedtoolcache/Python/3.9.25/x64/lib/python3.9/site-packages/requests/adapters.py:501: in send
    raise ConnectionError(err, request=request)
E   requests.exceptions.ConnectionError: ('Connection aborted.', RemoteDisconnected('Remote end closed connection without response'))</failure></testcase><testcase classname="pytest" name="internal" time="0.000"><error message="internal error">Traceback (most recent call last):
  File "/opt/hostedtoolcache/Python/3.9.25/x64/lib/python3.9/site-packages/_pytest/main.py", line 271, in wrap_session
    session.exitstatus = doit(config, session) or 0
  File "/opt/hostedtoolcache/Python/3.9.25/x64/lib/python3.9/site-packages/_pytest/main.py", line 325, in _main
    config.hook.pytest_runtestloop(session=session)
  File "/opt/hostedtoolcache/Python/3.9.25/x64/lib/python3.9/site-packages/pluggy/_hooks.py", line 512, in __call__
    return self._hookexec(self.name, self._hookimpls.copy(), kwargs, firstresult)
  File "/opt/hostedtoolcache/Python/3.9.25/x64/lib/python3.9/site-packages/pluggy/_manager.py", line 120, in _hookexec
    return self._inner_hookexec(hook_name, methods, kwargs, firstresult)
  File "/opt/hostedtoolcache/Python/3.9.25/x64/lib/python3.9/site-packages/pluggy/_callers.py", line 167, in _multicall
    raise exception
  File "/opt/hostedtoolcache/Python/3.9.25/x64/lib/python3.9/site-packages/pluggy/_callers.py", line 139, in _multicall
    teardown.throw(exception)
  File "/opt/hostedtoolcache/Python/3.9.25/x64/lib/python3.9/site-packages/pluggy/_callers.py", line 53, in run_old_style_hookwrapper
    return result.get_result()
  File "/opt/hostedtoolcache/Python/3.9.25/x64/lib/python3.9/site-packages/pluggy/_result.py", line 103, in get_result
    raise exc.with_traceback(tb)
  File "/opt/hostedtoolcache/Python/3.9.25/x64/lib/python3.9/site-packages/pluggy/_callers.py", line 38, in run_old_style_hookwrapper
    res = yield
  File "/opt/hostedtoolcache/Python/3.9.25/x64/lib/python3.9/site-packages/pluggy/_callers.py", line 121, in _multicall
    res = hook_impl.function(*args)
  File "/opt/hostedtoolcache/Python/3.9.25/x64/lib/python3.9/site-packages/_pytest/main.py", line 350, in pytest_runtestloop
    item.config.hook.pytest_runtest_protocol(item=item, nextitem=nextitem)
  File "/opt/hostedtoolcache/Python/3.9.25/x64/lib/python3.9/site-packages/pluggy/_hooks.py", line 512, in __call__
    return self._hookexec(self.name, self._hookimpls.copy(), kwargs, firstresult)
  File "/opt/hostedtoolcache/Python/3.9.25/x64/lib/python3.9/site-packages/pluggy/_manager.py", line 120, in _hookexec
    return self._inner_hookexec(hook_name, methods, kwargs, firstresult)
  File "/opt/hostedtoolcache/Python/3.9.25/x64/lib/python3.9/site-packages/pluggy/_callers.py", line 167, in _multicall
    raise exception
  File "/opt/hostedtoolcache/Python/3.9.25/x64/lib/python3.9/site-packages/pluggy/_callers.py", line 139, in _multicall
    teardown.throw(exception)
  File "/opt/hostedtoolcache/Python/3.9.25/x64/lib/python3.9/site-packages/pluggy/_callers.py", line 53, in run_old_style_hookwrapper
    return result.get_result()
  File "/opt/hostedtoolcache/Python/3.9.25/x64/lib/python3.9/site-packages/pluggy/_result.py", line 103, in get_result
    raise exc.with_traceback(tb)
  File "/opt/hostedtoolcache/Python/3.9.25/x64/lib/python3.9/site-packages/pluggy/_callers.py", line 38, in run_old_style_hookwrapper
    res = yield
  File "/opt/hostedtoolcache/Python/3.9.25/x64/lib/python3.9/site-packages/pluggy/_callers.py", line 139, in _multicall
    teardown.throw(exception)
  File "/opt/hostedtoolcache/Python/3.9.25/x64/lib/python3.9/site-packages/pluggy/_callers.py", line 53, in run_old_style_hookwrapper
    return result.get_result()
  File "/opt/hostedtoolcache/Python/3.9.25/x64/lib/python3.9/site-packages/pluggy/_result.py", line 103, in get_result
    raise exc.with_traceback(tb)
  File "/opt/hostedtoolcache/Python/3.9.25/x64/lib/python3.9/site-packages/pluggy/_callers.py", line 38, in run_old_style_hookwrapper
    res = yield
  File "/opt/hostedtoolcache/Python/3.9.25/x64/lib/python3.9/site-packages/pluggy/_callers.py", line 139, in _multicall
    teardown.throw(exception)
  File "/opt/hostedtoolcache/Python/3.9.25/x64/lib/python3.9/site-packages/pluggy/_callers.py", line 53, in run_old_style_hookwrapper
    return result.get_result()
  File "/opt/hostedtoolcache/Python/3.9.25/x64/lib/python3.9/site-packages/pluggy/_result.py", line 103, in get_result
    raise exc.with_traceback(tb)
  File "/opt/hostedtoolcache/Python/3.9.25/x64/lib/python3.9/site-packages/pluggy/_callers.py", line 38, in run_old_style_hookwrapper
    res = yield
  File "/opt/hostedtoolcache/Python/3.9.25/x64/lib/python3.9/site-packages/pluggy/_callers.py", line 139, in _multicall
    teardown.throw(exception)
  File "/opt/hostedtoolcache/Python/3.9.25/x64/lib/python3.9/site-packages/pluggy/_callers.py", line 53, in run_old_style_hookwrapper
    return result.get_result()
  File "/opt/hostedtoolcache/Python/3.9.25/x64/lib/python3.9/site-packages/pluggy/_result.py", line 103, in get_result
    raise exc.with_traceback(tb)
  File "/opt/hostedtoolcache/Python/3.9.25/x64/lib/python3.9/site-packages/pluggy/_callers.py", line 38, in run_old_style_hookwrapper
    res = yield
  File "/opt/hostedtoolcache/Python/3.9.25/x64/lib/python3.9/site-packages/pluggy/_callers.py", line 139, in _multicall
    teardown.throw(exception)
  File "/opt/hostedtoolcache/Python/3.9.25/x64/lib/python3.9/site-packages/pluggy/_callers.py", line 53, in run_old_style_hookwrapper
    return result.get_result()
  File "/opt/hostedtoolcache/Python/3.9.25/x64/lib/python3.9/site-packages/pluggy/_result.py", line 103, in get_result
    raise exc.with_traceback(tb)
  File "/opt/hostedtoolcache/Python/3.9.25/x64/lib/python3.9/site-packages/pluggy/_callers.py", line 38, in run_old_style_hookwrapper
    res = yield
  File "/opt/hostedtoolcache/Python/3.9.25/x64/lib/python3.9/site-packages/pluggy/_callers.py", line 121, in _multicall
    res = hook_impl.function(*args)
  File "/opt/hostedtoolcache/Python/3.9.25/x64/lib/python3.9/site-packages/_pytest/runner.py", line 114, in pytest_runtest_protocol
    runtestprotocol(item, nextitem=nextitem)
  File "/opt/hostedtoolcache/Python/3.9.25/x64/lib/python3.9/site-packages/_pytest/runner.py", line 134, in runtestprotocol
    reports.append(call_and_report(item, "teardown", log, nextitem=nextitem))
  File "/opt/hostedtoolcache/Python/3.9.25/x64/lib/python3.9/site-packages/_pytest/runner.py", line 226, in call_and_report
    hook.pytest_runtest_logreport(report=report)
  File "/opt/hostedtoolcache/Python/3.9.25/x64/lib/python3.9/site-packages/pluggy/_hooks.py", line 512, in __call__
    return self._hookexec(self.name, self._hookimpls.copy(), kwargs, firstresult)
  File "/opt/hostedtoolcache/Python/3.9.25/x64/lib/python3.9/site-packages/pluggy/_manager.py", line 120, in _hookexec
    return self._inner_hookexec(hook_name, methods, kwargs, firstresult)
  File "/opt/hostedtoolcache/Python/3.9.25/x64/lib/python3.9/site-packages/pluggy/_callers.py", line 167, in _multicall
    raise exception
  File "/opt/hostedtoolcache/Python/3.9.25/x64/lib/python3.9/site-packages/pluggy/_callers.py", line 121, in _multicall
    res = hook_impl.function(*args)
  File "/opt/hostedtoolcache/Python/3.9.25/x64/lib/python3.9/site-packages/pytest_html/basereport.py", line 245, in pytest_runtest_logreport
    self._process_report(each, dur)
  File "/opt/hostedtoolcache/Python/3.9.25/x64/lib/python3.9/site-packages/pytest_html/basereport.py", line 278, in _process_report
    self._config.hook.pytest_html_results_table_row(report=report, cells=cells)
  File "/opt/hostedtoolcache/Python/3.9.25/x64/lib/python3.9/site-packages/pluggy/_hooks.py", line 512, in __call__
    return self._hookexec(self.name, self._hookimpls.copy(), kwargs, firstresult)
  File "/opt/hostedtoolcache/Python/3.9.25/x64/lib/python3.9/site-packages/pluggy/_manager.py", line 120, in _hookexec
    return self._inner_hookexec(hook_name, methods, kwargs, firstresult)
  File "/opt/hostedtoolcache/Python/3.9.25/x64/lib/python3.9/site-packages/pluggy/_callers.py", line 167, in _multicall
    raise exception
  File "/opt/hostedtoolcache/Python/3.9.25/x64/lib/python3.9/site-packages/pluggy/_callers.py", line 121, in _multicall
    res = hook_impl.function(*args)
  File "/home/runner/work/api-tests-ganttpro/api-tests-ganttpro/tests/conftest.py", line 335, in pytest_html_results_table_row
    status_code = response.get('status_code', 'N/A')
AttributeError: 'NoneType' object has no attribute 'get'</error></testcase></testsuite></testsuites>