<?xml version="1.0" encoding="utf-8"?><testsuites><testsuite name="pytest" errors="0" failures="54" skipped="54" tests="137" time="8411.956" timestamp="2026-02-17T09:57:12.754507" hostname="runnervmjduv7"><testcase classname="tests.endpoints.attachments.test_attachments_add" name="test_add_success" time="125.838"><skipped type="pytest.skip" message="Could not create test task: 524">/home/runner/work/api-tests-ganttpro/api-tests-ganttpro/tests/endpoints/attachments/test_attachments_add.py:9: Could not create test task: 524</skipped></testcase><testcase classname="tests.endpoints.attachments.test_attachments_add" name="test_add_unauthorized" time="0.001"><skipped type="pytest.skip" message="Could not create test task: 524">/home/runner/work/api-tests-ganttpro/api-tests-ganttpro/tests/endpoints/attachments/test_attachments_add.py:36: Could not create test task: 524</skipped></testcase><testcase classname="tests.endpoints.attachments.test_attachments_add" name="test_add_missing_fields" time="127.217"><failure message="AssertionError: Expected status 400, got 524. URL: https://api.ganttpro.com/v1.0/attachments, Response: &lt;!DOCTYPE html&gt;&#10;&lt;html lang=&quot;en&quot;&gt;&#10;  &lt;head&gt;&#10;    &lt;meta charset=&quot;UTF-8&quot; /&gt;&#10;    &lt;meta&#10;      name=&quot;viewport&quot;&#10;      content=&quot;width=device-width, user-scalable=no, initial-scale=1.0, maximum-scale=1.0, minimu">tests/endpoints/attachments/test_attachments_add.py:69: in test_add_missing_fields
    assert_status_code(response, 400)
src/assertions.py:28: in assert_status_code
    assert response.status_code == expected_status, message
E   AssertionError: Expected status 400, got 524. URL: https://api.ganttpro.com/v1.0/attachments, Response: &lt;!DOCTYPE html&gt;
E   &lt;html lang="en"&gt;
E     &lt;head&gt;
E       &lt;meta charset="UTF-8" /&gt;
E       &lt;meta
E         name="viewport"
E         content="width=device-width, user-scalable=no, initial-scale=1.0, maximum-scale=1.0, minimu</failure></testcase><testcase classname="tests.endpoints.attachments.test_attachments_delete" name="test_delete_attachment_unauthorized" time="0.001"><skipped type="pytest.skip" message="Attachment tests require file upload which is not yet implemented">/home/runner/work/api-tests-ganttpro/api-tests-ganttpro/tests/endpoints/attachments/test_attachments_delete.py:7: Attachment tests require file upload which is not yet implemented</skipped></testcase><testcase classname="tests.endpoints.attachments.test_attachments_delete" name="test_delete_attachment_not_found" time="126.485"><failure message="AssertionError: Expected 404 or 400, got 524&#10;assert 524 in [404, 400]&#10; +  where 524 = &lt;Response [524]&gt;.status_code">tests/endpoints/attachments/test_attachments_delete.py:29: in test_delete_attachment_not_found
    assert response.status_code in [404, 400], f"Expected 404 or 400, got {response.status_code}"
E   AssertionError: Expected 404 or 400, got 524
E   assert 524 in [404, 400]
E    +  where 524 = &lt;Response [524]&gt;.status_code</failure></testcase><testcase classname="tests.endpoints.attachments.test_attachments_delete_by_ids" name="test_delete_attachments_by_ids_success" time="0.001"><skipped type="pytest.skip" message="Attachment tests require file upload which is not yet implemented">/home/runner/work/api-tests-ganttpro/api-tests-ganttpro/tests/endpoints/attachments/test_attachments_delete_by_ids.py:7: Attachment tests require file upload which is not yet implemented</skipped></testcase><testcase classname="tests.endpoints.attachments.test_attachments_delete_by_ids" name="test_delete_attachments_by_ids_unauthorized" time="1.429" /><testcase classname="tests.endpoints.attachments.test_attachments_delete_by_ids" name="test_delete_attachments_by_ids_missing_required_field" time="126.156"><failure message="AssertionError: Expected status 400, got 524. URL: https://api.ganttpro.com/v1.0/attachments/delete/byIds, Response: &lt;!DOCTYPE html&gt;&#10;&lt;html lang=&quot;en&quot;&gt;&#10;  &lt;head&gt;&#10;    &lt;meta charset=&quot;UTF-8&quot; /&gt;&#10;    &lt;meta&#10;      name=&quot;viewport&quot;&#10;      content=&quot;width=device-width, user-scalable=no, initial-scale=1.0, maximum-scale=1.0, minimu">tests/endpoints/attachments/test_attachments_delete_by_ids.py:44: in test_delete_attachments_by_ids_missing_required_field
    assert_status_code(response, 400)
src/assertions.py:28: in assert_status_code
    assert response.status_code == expected_status, message
E   AssertionError: Expected status 400, got 524. URL: https://api.ganttpro.com/v1.0/attachments/delete/byIds, Response: &lt;!DOCTYPE html&gt;
E   &lt;html lang="en"&gt;
E     &lt;head&gt;
E       &lt;meta charset="UTF-8" /&gt;
E       &lt;meta
E         name="viewport"
E         content="width=device-width, user-scalable=no, initial-scale=1.0, maximum-scale=1.0, minimu</failure></testcase><testcase classname="tests.endpoints.attachments.test_attachments_get_by_project" name="test_get_attachments_by_project_id_success" time="127.026"><failure message="AssertionError: Expected status 200, got 524. URL: https://api.ganttpro.com/v1.0/attachments/getByProjectId?projectId=1518509415138, Response: &lt;!DOCTYPE html&gt;&#10;&lt;html lang=&quot;en&quot;&gt;&#10;  &lt;head&gt;&#10;    &lt;meta charset=&quot;UTF-8&quot; /&gt;&#10;    &lt;meta&#10;      name=&quot;viewport&quot;&#10;      content=&quot;width=device-width, user-scalable=no, initial-scale=1.0, maximum-scale=1.0, minimu">tests/endpoints/attachments/test_attachments_get_by_project.py:19: in test_get_attachments_by_project_id_success
    assert_status_code(response, 200)
src/assertions.py:28: in assert_status_code
    assert response.status_code == expected_status, message
E   AssertionError: Expected status 200, got 524. URL: https://api.ganttpro.com/v1.0/attachments/getByProjectId?projectId=1518509415138, Response: &lt;!DOCTYPE html&gt;
E   &lt;html lang="en"&gt;
E     &lt;head&gt;
E       &lt;meta charset="UTF-8" /&gt;
E       &lt;meta
E         name="viewport"
E         content="width=device-width, user-scalable=no, initial-scale=1.0, maximum-scale=1.0, minimu</failure></testcase><testcase classname="tests.endpoints.attachments.test_attachments_get_by_project" name="test_get_attachments_by_project_id_unauthorized" time="1.432" /><testcase classname="tests.endpoints.attachments.test_attachments_get_by_project" name="test_get_attachments_by_project_id_missing_required_param" time="1.114" /><testcase classname="tests.endpoints.attachments.test_attachments_get_list" name="test_get_attachments_list_success" time="0.002"><skipped type="pytest.skip" message="Could not create test task: 524">/home/runner/work/api-tests-ganttpro/api-tests-ganttpro/tests/endpoints/attachments/test_attachments_get_list.py:7: Could not create test task: 524</skipped></testcase><testcase classname="tests.endpoints.attachments.test_attachments_get_list" name="test_get_attachments_list_unauthorized" time="0.001"><skipped type="pytest.skip" message="Could not create test task: 524">/home/runner/work/api-tests-ganttpro/api-tests-ganttpro/tests/endpoints/attachments/test_attachments_get_list.py:19: Could not create test task: 524</skipped></testcase><testcase classname="tests.endpoints.attachments.test_attachments_get_list" name="test_get_attachments_list_missing_required_param" time="1.114" /><testcase classname="tests.endpoints.colors.test_colors_get" name="test_get_colors_success" time="126.196"><failure message="AssertionError: Expected status 200, got 524. URL: https://api.ganttpro.com/v1.0/colors, Response: &lt;!DOCTYPE html&gt;&#10;&lt;html lang=&quot;en&quot;&gt;&#10;  &lt;head&gt;&#10;    &lt;meta charset=&quot;UTF-8&quot; /&gt;&#10;    &lt;meta&#10;      name=&quot;viewport&quot;&#10;      content=&quot;width=device-width, user-scalable=no, initial-scale=1.0, maximum-scale=1.0, minimu">tests/endpoints/colors/test_colors_get.py:15: in test_get_colors_success
    assert_status_code(response, 200)
src/assertions.py:28: in assert_status_code
    assert response.status_code == expected_status, message
E   AssertionError: Expected status 200, got 524. URL: https://api.ganttpro.com/v1.0/colors, Response: &lt;!DOCTYPE html&gt;
E   &lt;html lang="en"&gt;
E     &lt;head&gt;
E       &lt;meta charset="UTF-8" /&gt;
E       &lt;meta
E         name="viewport"
E         content="width=device-width, user-scalable=no, initial-scale=1.0, maximum-scale=1.0, minimu</failure></testcase><testcase classname="tests.endpoints.colors.test_colors_get" name="test_get_colors_unauthorized" time="3.193" /><testcase classname="tests.endpoints.comments.test_comments_add" name="test_add_comment_to_task_success" time="0.001"><skipped type="pytest.skip" message="Could not create test task: 524">/home/runner/work/api-tests-ganttpro/api-tests-ganttpro/tests/endpoints/comments/test_comments_add.py:7: Could not create test task: 524</skipped></testcase><testcase classname="tests.endpoints.comments.test_comments_add" name="test_add_comment_to_task_unauthorized" time="0.001"><skipped type="pytest.skip" message="Could not create test task: 524">/home/runner/work/api-tests-ganttpro/api-tests-ganttpro/tests/endpoints/comments/test_comments_add.py:23: Could not create test task: 524</skipped></testcase><testcase classname="tests.endpoints.comments.test_comments_add" name="test_add_comment_to_task_missing_required_fields" time="127.865"><failure message="AssertionError: Expected status 400, got 524. URL: https://api.ganttpro.com/v1.0/comments, Response: &lt;!DOCTYPE html&gt;&#10;&lt;html lang=&quot;en&quot;&gt;&#10;  &lt;head&gt;&#10;    &lt;meta charset=&quot;UTF-8&quot; /&gt;&#10;    &lt;meta&#10;      name=&quot;viewport&quot;&#10;      content=&quot;width=device-width, user-scalable=no, initial-scale=1.0, maximum-scale=1.0, minimu">tests/endpoints/comments/test_comments_add.py:48: in test_add_comment_to_task_missing_required_fields
    assert_status_code(response, 400)
src/assertions.py:28: in assert_status_code
    assert response.status_code == expected_status, message
E   AssertionError: Expected status 400, got 524. URL: https://api.ganttpro.com/v1.0/comments, Response: &lt;!DOCTYPE html&gt;
E   &lt;html lang="en"&gt;
E     &lt;head&gt;
E       &lt;meta charset="UTF-8" /&gt;
E       &lt;meta
E         name="viewport"
E         content="width=device-width, user-scalable=no, initial-scale=1.0, maximum-scale=1.0, minimu</failure></testcase><testcase classname="tests.endpoints.comments.test_comments_delete" name="test_delete_comment_unauthorized" time="0.001"><skipped type="pytest.skip" message="Could not create test task: 524">/home/runner/work/api-tests-ganttpro/api-tests-ganttpro/tests/endpoints/comments/test_comments_delete.py:7: Could not create test task: 524</skipped></testcase><testcase classname="tests.endpoints.comments.test_comments_delete" name="test_delete_comment_not_found" time="126.483"><failure message="AssertionError: Expected 404 or 400, got 524&#10;assert 524 in [404, 400]&#10; +  where 524 = &lt;Response [524]&gt;.status_code">tests/endpoints/comments/test_comments_delete.py:29: in test_delete_comment_not_found
    assert response.status_code in [404, 400], f"Expected 404 or 400, got {response.status_code}"
E   AssertionError: Expected 404 or 400, got 524
E   assert 524 in [404, 400]
E    +  where 524 = &lt;Response [524]&gt;.status_code</failure></testcase><testcase classname="tests.endpoints.comments.test_comments_get_by_project" name="test_get_comments_by_project_id_success" time="126.467"><failure message="AssertionError: Expected status 200, got 524. URL: https://api.ganttpro.com/v1.0/comments/getByProjectId?projectId=1518509415138, Response: &lt;!DOCTYPE html&gt;&#10;&lt;html lang=&quot;en&quot;&gt;&#10;  &lt;head&gt;&#10;    &lt;meta charset=&quot;UTF-8&quot; /&gt;&#10;    &lt;meta&#10;      name=&quot;viewport&quot;&#10;      content=&quot;width=device-width, user-scalable=no, initial-scale=1.0, maximum-scale=1.0, minimu">tests/endpoints/comments/test_comments_get_by_project.py:19: in test_get_comments_by_project_id_success
    assert_status_code(response, 200)
src/assertions.py:28: in assert_status_code
    assert response.status_code == expected_status, message
E   AssertionError: Expected status 200, got 524. URL: https://api.ganttpro.com/v1.0/comments/getByProjectId?projectId=1518509415138, Response: &lt;!DOCTYPE html&gt;
E   &lt;html lang="en"&gt;
E     &lt;head&gt;
E       &lt;meta charset="UTF-8" /&gt;
E       &lt;meta
E         name="viewport"
E         content="width=device-width, user-scalable=no, initial-scale=1.0, maximum-scale=1.0, minimu</failure></testcase><testcase classname="tests.endpoints.comments.test_comments_get_by_project" name="test_get_comments_by_project_id_unauthorized" time="1.421" /><testcase classname="tests.endpoints.comments.test_comments_get_by_project" name="test_get_comments_by_project_id_missing_required_param" time="1.112" /><testcase classname="tests.endpoints.comments.test_comments_get_list" name="test_get_comments_list_success" time="0.001"><skipped type="pytest.skip" message="Could not create test task: 524">/home/runner/work/api-tests-ganttpro/api-tests-ganttpro/tests/endpoints/comments/test_comments_get_list.py:7: Could not create test task: 524</skipped></testcase><testcase classname="tests.endpoints.comments.test_comments_get_list" name="test_get_comments_list_unauthorized" time="0.001"><skipped type="pytest.skip" message="Could not create test task: 524">/home/runner/work/api-tests-ganttpro/api-tests-ganttpro/tests/endpoints/comments/test_comments_get_list.py:20: Could not create test task: 524</skipped></testcase><testcase classname="tests.endpoints.comments.test_comments_get_list" name="test_get_comments_list_missing_required_param" time="1.112" /><testcase classname="tests.endpoints.comments.test_comments_update" name="test_update_comment_success" time="0.001"><skipped type="pytest.skip" message="Could not create test task: 524">/home/runner/work/api-tests-ganttpro/api-tests-ganttpro/tests/endpoints/comments/test_comments_update.py:7: Could not create test task: 524</skipped></testcase><testcase classname="tests.endpoints.comments.test_comments_update" name="test_update_comment_unauthorized" time="0.001"><skipped type="pytest.skip" message="Could not create test task: 524">/home/runner/work/api-tests-ganttpro/api-tests-ganttpro/tests/endpoints/comments/test_comments_update.py:23: Could not create test task: 524</skipped></testcase><testcase classname="tests.endpoints.comments.test_comments_update" name="test_update_comment_missing_required_field" time="0.001"><skipped type="pytest.skip" message="Could not create test task: 524">/home/runner/work/api-tests-ganttpro/api-tests-ganttpro/tests/endpoints/comments/test_comments_update.py:38: Could not create test task: 524</skipped></testcase><testcase classname="tests.endpoints.languages.test_languages_get" name="test_get_languages_success" time="126.184"><failure message="AssertionError: Expected status 200, got 524. URL: https://api.ganttpro.com/v1.0/languages, Response: &lt;!DOCTYPE html&gt;&#10;&lt;html lang=&quot;en&quot;&gt;&#10;  &lt;head&gt;&#10;    &lt;meta charset=&quot;UTF-8&quot; /&gt;&#10;    &lt;meta&#10;      name=&quot;viewport&quot;&#10;      content=&quot;width=device-width, user-scalable=no, initial-scale=1.0, maximum-scale=1.0, minimu">tests/endpoints/languages/test_languages_get.py:15: in test_get_languages_success
    assert_status_code(response, 200)
src/assertions.py:28: in assert_status_code
    assert response.status_code == expected_status, message
E   AssertionError: Expected status 200, got 524. URL: https://api.ganttpro.com/v1.0/languages, Response: &lt;!DOCTYPE html&gt;
E   &lt;html lang="en"&gt;
E     &lt;head&gt;
E       &lt;meta charset="UTF-8" /&gt;
E       &lt;meta
E         name="viewport"
E         content="width=device-width, user-scalable=no, initial-scale=1.0, maximum-scale=1.0, minimu</failure></testcase><testcase classname="tests.endpoints.languages.test_languages_get" name="test_get_languages_unauthorized" time="2.255" /><testcase classname="tests.endpoints.links.test_links_create" name="test_create_link_success" time="0.001"><skipped type="pytest.skip" message="Could not create test task: 524">/home/runner/work/api-tests-ganttpro/api-tests-ganttpro/tests/endpoints/links/test_links_create.py:7: Could not create test task: 524</skipped></testcase><testcase classname="tests.endpoints.links.test_links_create" name="test_create_link_unauthorized" time="2.061" /><testcase classname="tests.endpoints.links.test_links_create" name="test_create_link_missing_required_fields" time="126.381"><failure message="AssertionError: Expected status 400, got 524. URL: https://api.ganttpro.com/v1.0/links, Response: &lt;!DOCTYPE html&gt;&#10;&lt;html lang=&quot;en&quot;&gt;&#10;  &lt;head&gt;&#10;    &lt;meta charset=&quot;UTF-8&quot; /&gt;&#10;    &lt;meta&#10;      name=&quot;viewport&quot;&#10;      content=&quot;width=device-width, user-scalable=no, initial-scale=1.0, maximum-scale=1.0, minimu">tests/endpoints/links/test_links_create.py:43: in test_create_link_missing_required_fields
    assert_status_code(response, 400)
src/assertions.py:28: in assert_status_code
    assert response.status_code == expected_status, message
E   AssertionError: Expected status 400, got 524. URL: https://api.ganttpro.com/v1.0/links, Response: &lt;!DOCTYPE html&gt;
E   &lt;html lang="en"&gt;
E     &lt;head&gt;
E       &lt;meta charset="UTF-8" /&gt;
E       &lt;meta
E         name="viewport"
E         content="width=device-width, user-scalable=no, initial-scale=1.0, maximum-scale=1.0, minimu</failure></testcase><testcase classname="tests.endpoints.links.test_links_delete" name="test_delete_link_unauthorized" time="0.001"><skipped type="pytest.skip" message="Could not create test task: 524">/home/runner/work/api-tests-ganttpro/api-tests-ganttpro/tests/endpoints/links/test_links_delete.py:7: Could not create test task: 524</skipped></testcase><testcase classname="tests.endpoints.links.test_links_delete" name="test_delete_link_not_found" time="126.447"><failure message="AssertionError: Expected 404 or 400, got 524&#10;assert 524 in [404, 400]&#10; +  where 524 = &lt;Response [524]&gt;.status_code">tests/endpoints/links/test_links_delete.py:29: in test_delete_link_not_found
    assert response.status_code in [404, 400], f"Expected 404 or 400, got {response.status_code}"
E   AssertionError: Expected 404 or 400, got 524
E   assert 524 in [404, 400]
E    +  where 524 = &lt;Response [524]&gt;.status_code</failure></testcase><testcase classname="tests.endpoints.links.test_links_get" name="test_get_link_success" time="0.001"><skipped type="pytest.skip" message="Could not create test task: 524">/home/runner/work/api-tests-ganttpro/api-tests-ganttpro/tests/endpoints/links/test_links_get.py:7: Could not create test task: 524</skipped></testcase><testcase classname="tests.endpoints.links.test_links_get" name="test_get_link_unauthorized" time="0.001"><skipped type="pytest.skip" message="Could not create test task: 524">/home/runner/work/api-tests-ganttpro/api-tests-ganttpro/tests/endpoints/links/test_links_get.py:21: Could not create test task: 524</skipped></testcase><testcase classname="tests.endpoints.links.test_links_get" name="test_get_link_not_found" time="126.982"><failure message="AssertionError: Expected 404 or 400, got 524&#10;assert 524 in [404, 400]&#10; +  where 524 = &lt;Response [524]&gt;.status_code">tests/endpoints/links/test_links_get.py:43: in test_get_link_not_found
    assert response.status_code in [404, 400], f"Expected 404 or 400, got {response.status_code}"
E   AssertionError: Expected 404 or 400, got 524
E   assert 524 in [404, 400]
E    +  where 524 = &lt;Response [524]&gt;.status_code</failure></testcase><testcase classname="tests.endpoints.links.test_links_update" name="test_update_link_success" time="0.001"><skipped type="pytest.skip" message="Could not create test task: 524">/home/runner/work/api-tests-ganttpro/api-tests-ganttpro/tests/endpoints/links/test_links_update.py:7: Could not create test task: 524</skipped></testcase><testcase classname="tests.endpoints.links.test_links_update" name="test_update_link_unauthorized" time="0.001"><skipped type="pytest.skip" message="Could not create test task: 524">/home/runner/work/api-tests-ganttpro/api-tests-ganttpro/tests/endpoints/links/test_links_update.py:23: Could not create test task: 524</skipped></testcase><testcase classname="tests.endpoints.links.test_links_update" name="test_update_link_invalid_id" time="127.152"><failure message="AssertionError: Expected 400 or 404, got 524&#10;assert 524 in [400, 404]&#10; +  where 524 = &lt;Response [524]&gt;.status_code">tests/endpoints/links/test_links_update.py:47: in test_update_link_invalid_id
    assert response.status_code in [400, 404], f"Expected 400 or 404, got {response.status_code}"
E   AssertionError: Expected 400 or 404, got 524
E   assert 524 in [400, 404]
E    +  where 524 = &lt;Response [524]&gt;.status_code</failure></testcase><testcase classname="tests.endpoints.projects.test_projects_get_list" name="test_get_projects_list_success" time="126.466"><failure message="AssertionError: Expected status 200, got 524. URL: https://api.ganttpro.com/v1.0/projects, Response: &lt;!DOCTYPE html&gt;&#10;&lt;html lang=&quot;en&quot;&gt;&#10;  &lt;head&gt;&#10;    &lt;meta charset=&quot;UTF-8&quot; /&gt;&#10;    &lt;meta&#10;      name=&quot;viewport&quot;&#10;      content=&quot;width=device-width, user-scalable=no, initial-scale=1.0, maximum-scale=1.0, minimu">tests/endpoints/projects/test_projects_get_list.py:15: in test_get_projects_list_success
    assert_status_code(response, 200)
src/assertions.py:28: in assert_status_code
    assert response.status_code == expected_status, message
E   AssertionError: Expected status 200, got 524. URL: https://api.ganttpro.com/v1.0/projects, Response: &lt;!DOCTYPE html&gt;
E   &lt;html lang="en"&gt;
E     &lt;head&gt;
E       &lt;meta charset="UTF-8" /&gt;
E       &lt;meta
E         name="viewport"
E         content="width=device-width, user-scalable=no, initial-scale=1.0, maximum-scale=1.0, minimu</failure></testcase><testcase classname="tests.endpoints.projects.test_projects_get_list" name="test_get_projects_list_unauthorized" time="2.052" /><testcase classname="tests.endpoints.projects.test_projects_get_list" name="test_get_projects_list_invalid_key" time="2.129" /><testcase classname="tests.endpoints.resources.test_resources_get" name="test_get_resources_list_success" time="127.028"><failure message="AssertionError: Expected status 200, got 524. URL: https://api.ganttpro.com/v1.0/resources, Response: &lt;!DOCTYPE html&gt;&#10;&lt;html lang=&quot;en&quot;&gt;&#10;  &lt;head&gt;&#10;    &lt;meta charset=&quot;UTF-8&quot; /&gt;&#10;    &lt;meta&#10;      name=&quot;viewport&quot;&#10;      content=&quot;width=device-width, user-scalable=no, initial-scale=1.0, maximum-scale=1.0, minimu">tests/endpoints/resources/test_resources_get.py:14: in test_get_resources_list_success
    assert_status_code(response, 200)
src/assertions.py:28: in assert_status_code
    assert response.status_code == expected_status, message
E   AssertionError: Expected status 200, got 524. URL: https://api.ganttpro.com/v1.0/resources, Response: &lt;!DOCTYPE html&gt;
E   &lt;html lang="en"&gt;
E     &lt;head&gt;
E       &lt;meta charset="UTF-8" /&gt;
E       &lt;meta
E         name="viewport"
E         content="width=device-width, user-scalable=no, initial-scale=1.0, maximum-scale=1.0, minimu</failure></testcase><testcase classname="tests.endpoints.resources.test_resources_get" name="test_get_resources_list_unauthorized" time="1.970" /><testcase classname="tests.endpoints.resources.test_resources_get" name="test_get_resources_list_invalid_key" time="1.112" /><testcase classname="tests.endpoints.resources.test_resources_get_list" name="test_get_resources_list_success" time="126.153"><failure message="AssertionError: Expected status 200, got 524. URL: https://api.ganttpro.com/v1.0/resources, Response: &lt;!DOCTYPE html&gt;&#10;&lt;html lang=&quot;en&quot;&gt;&#10;  &lt;head&gt;&#10;    &lt;meta charset=&quot;UTF-8&quot; /&gt;&#10;    &lt;meta&#10;      name=&quot;viewport&quot;&#10;      content=&quot;width=device-width, user-scalable=no, initial-scale=1.0, maximum-scale=1.0, minimu">tests/endpoints/resources/test_resources_get_list.py:15: in test_get_resources_list_success
    assert_status_code(response, 200)
src/assertions.py:28: in assert_status_code
    assert response.status_code == expected_status, message
E   AssertionError: Expected status 200, got 524. URL: https://api.ganttpro.com/v1.0/resources, Response: &lt;!DOCTYPE html&gt;
E   &lt;html lang="en"&gt;
E     &lt;head&gt;
E       &lt;meta charset="UTF-8" /&gt;
E       &lt;meta
E         name="viewport"
E         content="width=device-width, user-scalable=no, initial-scale=1.0, maximum-scale=1.0, minimu</failure></testcase><testcase classname="tests.endpoints.resources.test_resources_get_list" name="test_get_resources_list_unauthorized" time="2.055" /><testcase classname="tests.endpoints.roles.test_roles_account_get" name="test_get_account_roles_success" time="127.053"><failure message="AssertionError: Expected status 200, got 524. URL: https://api.ganttpro.com/v1.0/roles/account, Response: &lt;!DOCTYPE html&gt;&#10;&lt;html lang=&quot;en&quot;&gt;&#10;  &lt;head&gt;&#10;    &lt;meta charset=&quot;UTF-8&quot; /&gt;&#10;    &lt;meta&#10;      name=&quot;viewport&quot;&#10;      content=&quot;width=device-width, user-scalable=no, initial-scale=1.0, maximum-scale=1.0, minimu">tests/endpoints/roles/test_roles_account_get.py:15: in test_get_account_roles_success
    assert_status_code(response, 200)
src/assertions.py:28: in assert_status_code
    assert response.status_code == expected_status, message
E   AssertionError: Expected status 200, got 524. URL: https://api.ganttpro.com/v1.0/roles/account, Response: &lt;!DOCTYPE html&gt;
E   &lt;html lang="en"&gt;
E     &lt;head&gt;
E       &lt;meta charset="UTF-8" /&gt;
E       &lt;meta
E         name="viewport"
E         content="width=device-width, user-scalable=no, initial-scale=1.0, maximum-scale=1.0, minimu</failure></testcase><testcase classname="tests.endpoints.roles.test_roles_account_get" name="test_get_account_roles_unauthorized" time="1.415" /><testcase classname="tests.endpoints.roles.test_roles_project_get" name="test_get_project_roles_success" time="126.205"><failure message="AssertionError: Expected status 200, got 524. URL: https://api.ganttpro.com/v1.0/roles/project, Response: &lt;!DOCTYPE html&gt;&#10;&lt;html lang=&quot;en&quot;&gt;&#10;  &lt;head&gt;&#10;    &lt;meta charset=&quot;UTF-8&quot; /&gt;&#10;    &lt;meta&#10;      name=&quot;viewport&quot;&#10;      content=&quot;width=device-width, user-scalable=no, initial-scale=1.0, maximum-scale=1.0, minimu">tests/endpoints/roles/test_roles_project_get.py:15: in test_get_project_roles_success
    assert_status_code(response, 200)
src/assertions.py:28: in assert_status_code
    assert response.status_code == expected_status, message
E   AssertionError: Expected status 200, got 524. URL: https://api.ganttpro.com/v1.0/roles/project, Response: &lt;!DOCTYPE html&gt;
E   &lt;html lang="en"&gt;
E     &lt;head&gt;
E       &lt;meta charset="UTF-8" /&gt;
E       &lt;meta
E         name="viewport"
E         content="width=device-width, user-scalable=no, initial-scale=1.0, maximum-scale=1.0, minimu</failure></testcase><testcase classname="tests.endpoints.roles.test_roles_project_get" name="test_get_project_roles_unauthorized" time="2.244" /><testcase classname="tests.endpoints.tasks.test_tasks_assign_resource" name="test_assign_resource_to_task_success" time="0.001"><skipped type="pytest.skip" message="Could not create test task: 524">/home/runner/work/api-tests-ganttpro/api-tests-ganttpro/tests/endpoints/tasks/test_tasks_assign_resource.py:7: Could not create test task: 524</skipped></testcase><testcase classname="tests.endpoints.tasks.test_tasks_assign_resource" name="test_assign_resource_unauthorized" time="0.001"><skipped type="pytest.skip" message="Could not create test task: 524">/home/runner/work/api-tests-ganttpro/api-tests-ganttpro/tests/endpoints/tasks/test_tasks_assign_resource.py:23: Could not create test task: 524</skipped></testcase><testcase classname="tests.endpoints.tasks.test_tasks_assign_resource" name="test_assign_resource_invalid_key" time="0.001"><skipped type="pytest.skip" message="Could not create test task: 524">/home/runner/work/api-tests-ganttpro/api-tests-ganttpro/tests/endpoints/tasks/test_tasks_assign_resource.py:38: Could not create test task: 524</skipped></testcase><testcase classname="tests.endpoints.tasks.test_tasks_assign_resource" name="test_assign_resource_missing_required_field" time="0.001"><skipped type="pytest.skip" message="Could not create test task: 524">/home/runner/work/api-tests-ganttpro/api-tests-ganttpro/tests/endpoints/tasks/test_tasks_assign_resource.py:54: Could not create test task: 524</skipped></testcase><testcase classname="tests.endpoints.tasks.test_tasks_assign_resource_delete" name="test_delete_assign_from_task_success" time="0.001"><skipped type="pytest.skip" message="Could not create test task: 524">/home/runner/work/api-tests-ganttpro/api-tests-ganttpro/tests/endpoints/tasks/test_tasks_assign_resource_delete.py:7: Could not create test task: 524</skipped></testcase><testcase classname="tests.endpoints.tasks.test_tasks_assign_resource_delete" name="test_delete_assign_from_task_unauthorized" time="0.001"><skipped type="pytest.skip" message="Could not create test task: 524">/home/runner/work/api-tests-ganttpro/api-tests-ganttpro/tests/endpoints/tasks/test_tasks_assign_resource_delete.py:20: Could not create test task: 524</skipped></testcase><testcase classname="tests.endpoints.tasks.test_tasks_assign_resource_delete" name="test_delete_assign_from_task_missing_required_param" time="0.000"><skipped type="pytest.skip" message="Could not create test task: 524">/home/runner/work/api-tests-ganttpro/api-tests-ganttpro/tests/endpoints/tasks/test_tasks_assign_resource_delete.py:32: Could not create test task: 524</skipped></testcase><testcase classname="tests.endpoints.tasks.test_tasks_assign_resource_post" name="test_assign_resources_to_task_success" time="0.001"><skipped type="pytest.skip" message="Could not create test task: 524">/home/runner/work/api-tests-ganttpro/api-tests-ganttpro/tests/endpoints/tasks/test_tasks_assign_resource_post.py:7: Could not create test task: 524</skipped></testcase><testcase classname="tests.endpoints.tasks.test_tasks_assign_resource_post" name="test_assign_resources_to_task_unauthorized" time="0.001"><skipped type="pytest.skip" message="Could not create test task: 524">/home/runner/work/api-tests-ganttpro/api-tests-ganttpro/tests/endpoints/tasks/test_tasks_assign_resource_post.py:24: Could not create test task: 524</skipped></testcase><testcase classname="tests.endpoints.tasks.test_tasks_assign_resource_post" name="test_assign_resources_to_task_missing_required_field" time="0.001"><skipped type="pytest.skip" message="Could not create test task: 524">/home/runner/work/api-tests-ganttpro/api-tests-ganttpro/tests/endpoints/tasks/test_tasks_assign_resource_post.py:36: Could not create test task: 524</skipped></testcase><testcase classname="tests.endpoints.tasks.test_tasks_assign_resource_put" name="test_update_task_resource_success" time="0.001"><skipped type="pytest.skip" message="Could not create test task: 524">/home/runner/work/api-tests-ganttpro/api-tests-ganttpro/tests/endpoints/tasks/test_tasks_assign_resource_put.py:7: Could not create test task: 524</skipped></testcase><testcase classname="tests.endpoints.tasks.test_tasks_assign_resource_put" name="test_update_task_resource_unauthorized" time="0.001"><skipped type="pytest.skip" message="Could not create test task: 524">/home/runner/work/api-tests-ganttpro/api-tests-ganttpro/tests/endpoints/tasks/test_tasks_assign_resource_put.py:24: Could not create test task: 524</skipped></testcase><testcase classname="tests.endpoints.tasks.test_tasks_assign_resource_put" name="test_update_task_resource_missing_required_field" time="0.001"><skipped type="pytest.skip" message="Could not create test task: 524">/home/runner/work/api-tests-ganttpro/api-tests-ganttpro/tests/endpoints/tasks/test_tasks_assign_resource_put.py:36: Could not create test task: 524</skipped></testcase><testcase classname="tests.endpoints.tasks.test_tasks_create" name="test_create_success" time="127.138"><failure message="AssertionError: Expected status 200, got 524. URL: https://api.ganttpro.com/v1.0/tasks, Response: &lt;!DOCTYPE html&gt;&#10;&lt;html lang=&quot;en&quot;&gt;&#10;  &lt;head&gt;&#10;    &lt;meta charset=&quot;UTF-8&quot; /&gt;&#10;    &lt;meta&#10;      name=&quot;viewport&quot;&#10;      content=&quot;width=device-width, user-scalable=no, initial-scale=1.0, maximum-scale=1.0, minimu">tests/endpoints/tasks/test_tasks_create.py:20: in test_create_success
    assert_status_code(response, 200)
src/assertions.py:28: in assert_status_code
    assert response.status_code == expected_status, message
E   AssertionError: Expected status 200, got 524. URL: https://api.ganttpro.com/v1.0/tasks, Response: &lt;!DOCTYPE html&gt;
E   &lt;html lang="en"&gt;
E     &lt;head&gt;
E       &lt;meta charset="UTF-8" /&gt;
E       &lt;meta
E         name="viewport"
E         content="width=device-width, user-scalable=no, initial-scale=1.0, maximum-scale=1.0, minimu</failure></testcase><testcase classname="tests.endpoints.tasks.test_tasks_create" name="test_create_unauthorized" time="1.426" /><testcase classname="tests.endpoints.tasks.test_tasks_create" name="test_create_invalid_key" time="1.113" /><testcase classname="tests.endpoints.tasks.test_tasks_create" name="test_create_missing_name" time="126.184"><failure message="AssertionError: Expected status 400, got 524. URL: https://api.ganttpro.com/v1.0/tasks, Response: &lt;!DOCTYPE html&gt;&#10;&lt;html lang=&quot;en&quot;&gt;&#10;  &lt;head&gt;&#10;    &lt;meta charset=&quot;UTF-8&quot; /&gt;&#10;    &lt;meta&#10;      name=&quot;viewport&quot;&#10;      content=&quot;width=device-width, user-scalable=no, initial-scale=1.0, maximum-scale=1.0, minimu">tests/endpoints/tasks/test_tasks_create.py:70: in test_create_missing_name
    assert_status_code(response, 400)
src/assertions.py:28: in assert_status_code
    assert response.status_code == expected_status, message
E   AssertionError: Expected status 400, got 524. URL: https://api.ganttpro.com/v1.0/tasks, Response: &lt;!DOCTYPE html&gt;
E   &lt;html lang="en"&gt;
E     &lt;head&gt;
E       &lt;meta charset="UTF-8" /&gt;
E       &lt;meta
E         name="viewport"
E         content="width=device-width, user-scalable=no, initial-scale=1.0, maximum-scale=1.0, minimu</failure></testcase><testcase classname="tests.endpoints.tasks.test_tasks_create" name="test_create_defaults" time="127.187"><failure message="AssertionError: Expected status 200, got 524. URL: https://api.ganttpro.com/v1.0/tasks, Response: &lt;!DOCTYPE html&gt;&#10;&lt;html lang=&quot;en&quot;&gt;&#10;  &lt;head&gt;&#10;    &lt;meta charset=&quot;UTF-8&quot; /&gt;&#10;    &lt;meta&#10;      name=&quot;viewport&quot;&#10;      content=&quot;width=device-width, user-scalable=no, initial-scale=1.0, maximum-scale=1.0, minimu">tests/endpoints/tasks/test_tasks_create.py:85: in test_create_defaults
    assert_status_code(response, 200)
src/assertions.py:28: in assert_status_code
    assert response.status_code == expected_status, message
E   AssertionError: Expected status 200, got 524. URL: https://api.ganttpro.com/v1.0/tasks, Response: &lt;!DOCTYPE html&gt;
E   &lt;html lang="en"&gt;
E     &lt;head&gt;
E       &lt;meta charset="UTF-8" /&gt;
E       &lt;meta
E         name="viewport"
E         content="width=device-width, user-scalable=no, initial-scale=1.0, maximum-scale=1.0, minimu</failure></testcase><testcase classname="tests.endpoints.tasks.test_tasks_create" name="test_create_start_duration_calculates_end" time="126.452"><failure message="AssertionError: Expected status 200, got 524. URL: https://api.ganttpro.com/v1.0/tasks, Response: &lt;!DOCTYPE html&gt;&#10;&lt;html lang=&quot;en&quot;&gt;&#10;  &lt;head&gt;&#10;    &lt;meta charset=&quot;UTF-8&quot; /&gt;&#10;    &lt;meta&#10;      name=&quot;viewport&quot;&#10;      content=&quot;width=device-width, user-scalable=no, initial-scale=1.0, maximum-scale=1.0, minimu">tests/endpoints/tasks/test_tasks_create.py:116: in test_create_start_duration_calculates_end
    assert_status_code(response, 200)
src/assertions.py:28: in assert_status_code
    assert response.status_code == expected_status, message
E   AssertionError: Expected status 200, got 524. URL: https://api.ganttpro.com/v1.0/tasks, Response: &lt;!DOCTYPE html&gt;
E   &lt;html lang="en"&gt;
E     &lt;head&gt;
E       &lt;meta charset="UTF-8" /&gt;
E       &lt;meta
E         name="viewport"
E         content="width=device-width, user-scalable=no, initial-scale=1.0, maximum-scale=1.0, minimu</failure></testcase><testcase classname="tests.endpoints.tasks.test_tasks_create" name="test_create_end_duration_calculates_start" time="126.462"><failure message="AssertionError: Expected status 200, got 524. URL: https://api.ganttpro.com/v1.0/tasks, Response: &lt;!DOCTYPE html&gt;&#10;&lt;html lang=&quot;en&quot;&gt;&#10;  &lt;head&gt;&#10;    &lt;meta charset=&quot;UTF-8&quot; /&gt;&#10;    &lt;meta&#10;      name=&quot;viewport&quot;&#10;      content=&quot;width=device-width, user-scalable=no, initial-scale=1.0, maximum-scale=1.0, minimu">tests/endpoints/tasks/test_tasks_create.py:143: in test_create_end_duration_calculates_start
    assert_status_code(response, 200)
src/assertions.py:28: in assert_status_code
    assert response.status_code == expected_status, message
E   AssertionError: Expected status 200, got 524. URL: https://api.ganttpro.com/v1.0/tasks, Response: &lt;!DOCTYPE html&gt;
E   &lt;html lang="en"&gt;
E     &lt;head&gt;
E       &lt;meta charset="UTF-8" /&gt;
E       &lt;meta
E         name="viewport"
E         content="width=device-width, user-scalable=no, initial-scale=1.0, maximum-scale=1.0, minimu</failure></testcase><testcase classname="tests.endpoints.tasks.test_tasks_create" name="test_create_invalid_progress" time="126.814"><failure message="AssertionError: Expected status 400, got 524. URL: https://api.ganttpro.com/v1.0/tasks, Response: &lt;!DOCTYPE html&gt;&#10;&lt;html lang=&quot;en&quot;&gt;&#10;  &lt;head&gt;&#10;    &lt;meta charset=&quot;UTF-8&quot; /&gt;&#10;    &lt;meta&#10;      name=&quot;viewport&quot;&#10;      content=&quot;width=device-width, user-scalable=no, initial-scale=1.0, maximum-scale=1.0, minimu">tests/endpoints/tasks/test_tasks_create.py:169: in test_create_invalid_progress
    assert_status_code(response, 400)
src/assertions.py:28: in assert_status_code
    assert response.status_code == expected_status, message
E   AssertionError: Expected status 400, got 524. URL: https://api.ganttpro.com/v1.0/tasks, Response: &lt;!DOCTYPE html&gt;
E   &lt;html lang="en"&gt;
E     &lt;head&gt;
E       &lt;meta charset="UTF-8" /&gt;
E       &lt;meta
E         name="viewport"
E         content="width=device-width, user-scalable=no, initial-scale=1.0, maximum-scale=1.0, minimu</failure></testcase><testcase classname="tests.endpoints.tasks.test_tasks_create" name="test_create_invalid_color" time="127.019"><failure message="AssertionError: Expected status 400, got 524. URL: https://api.ganttpro.com/v1.0/tasks, Response: &lt;!DOCTYPE html&gt;&#10;&lt;html lang=&quot;en&quot;&gt;&#10;  &lt;head&gt;&#10;    &lt;meta charset=&quot;UTF-8&quot; /&gt;&#10;    &lt;meta&#10;      name=&quot;viewport&quot;&#10;      content=&quot;width=device-width, user-scalable=no, initial-scale=1.0, maximum-scale=1.0, minimu">tests/endpoints/tasks/test_tasks_create.py:185: in test_create_invalid_color
    assert_status_code(response, 400)
src/assertions.py:28: in assert_status_code
    assert response.status_code == expected_status, message
E   AssertionError: Expected status 400, got 524. URL: https://api.ganttpro.com/v1.0/tasks, Response: &lt;!DOCTYPE html&gt;
E   &lt;html lang="en"&gt;
E     &lt;head&gt;
E       &lt;meta charset="UTF-8" /&gt;
E       &lt;meta
E         name="viewport"
E         content="width=device-width, user-scalable=no, initial-scale=1.0, maximum-scale=1.0, minimu</failure></testcase><testcase classname="tests.endpoints.tasks.test_tasks_create" name="test_create_missing_project_id" time="126.462"><failure message="AssertionError: Expected status 400, got 524. URL: https://api.ganttpro.com/v1.0/tasks, Response: &lt;!DOCTYPE html&gt;&#10;&lt;html lang=&quot;en&quot;&gt;&#10;  &lt;head&gt;&#10;    &lt;meta charset=&quot;UTF-8&quot; /&gt;&#10;    &lt;meta&#10;      name=&quot;viewport&quot;&#10;      content=&quot;width=device-width, user-scalable=no, initial-scale=1.0, maximum-scale=1.0, minimu">tests/endpoints/tasks/test_tasks_create.py:199: in test_create_missing_project_id
    assert_status_code(response, 400)
src/assertions.py:28: in assert_status_code
    assert response.status_code == expected_status, message
E   AssertionError: Expected status 400, got 524. URL: https://api.ganttpro.com/v1.0/tasks, Response: &lt;!DOCTYPE html&gt;
E   &lt;html lang="en"&gt;
E     &lt;head&gt;
E       &lt;meta charset="UTF-8" /&gt;
E       &lt;meta
E         name="viewport"
E         content="width=device-width, user-scalable=no, initial-scale=1.0, maximum-scale=1.0, minimu</failure></testcase><testcase classname="tests.endpoints.tasks.test_tasks_create" name="test_create_start_only_uses_default_duration" time="126.504"><failure message="AssertionError: Expected status 200, got 524. URL: https://api.ganttpro.com/v1.0/tasks, Response: &lt;!DOCTYPE html&gt;&#10;&lt;html lang=&quot;en&quot;&gt;&#10;  &lt;head&gt;&#10;    &lt;meta charset=&quot;UTF-8&quot; /&gt;&#10;    &lt;meta&#10;      name=&quot;viewport&quot;&#10;      content=&quot;width=device-width, user-scalable=no, initial-scale=1.0, maximum-scale=1.0, minimu">tests/endpoints/tasks/test_tasks_create.py:215: in test_create_start_only_uses_default_duration
    assert_status_code(response, 200)
src/assertions.py:28: in assert_status_code
    assert response.status_code == expected_status, message
E   AssertionError: Expected status 200, got 524. URL: https://api.ganttpro.com/v1.0/tasks, Response: &lt;!DOCTYPE html&gt;
E   &lt;html lang="en"&gt;
E     &lt;head&gt;
E       &lt;meta charset="UTF-8" /&gt;
E       &lt;meta
E         name="viewport"
E         content="width=device-width, user-scalable=no, initial-scale=1.0, maximum-scale=1.0, minimu</failure></testcase><testcase classname="tests.endpoints.tasks.test_tasks_create" name="test_create_duration_only_sets_dates" time="126.482"><failure message="AssertionError: Expected status 200, got 524. URL: https://api.ganttpro.com/v1.0/tasks, Response: &lt;!DOCTYPE html&gt;&#10;&lt;html lang=&quot;en&quot;&gt;&#10;  &lt;head&gt;&#10;    &lt;meta charset=&quot;UTF-8&quot; /&gt;&#10;    &lt;meta&#10;      name=&quot;viewport&quot;&#10;      content=&quot;width=device-width, user-scalable=no, initial-scale=1.0, maximum-scale=1.0, minimu">tests/endpoints/tasks/test_tasks_create.py:241: in test_create_duration_only_sets_dates
    assert_status_code(response, 200)
src/assertions.py:28: in assert_status_code
    assert response.status_code == expected_status, message
E   AssertionError: Expected status 200, got 524. URL: https://api.ganttpro.com/v1.0/tasks, Response: &lt;!DOCTYPE html&gt;
E   &lt;html lang="en"&gt;
E     &lt;head&gt;
E       &lt;meta charset="UTF-8" /&gt;
E       &lt;meta
E         name="viewport"
E         content="width=device-width, user-scalable=no, initial-scale=1.0, maximum-scale=1.0, minimu</failure></testcase><testcase classname="tests.endpoints.tasks.test_tasks_create" name="test_create_all_dates_recalculates_end" time="126.481"><failure message="AssertionError: Expected status 200, got 524. URL: https://api.ganttpro.com/v1.0/tasks, Response: &lt;!DOCTYPE html&gt;&#10;&lt;html lang=&quot;en&quot;&gt;&#10;  &lt;head&gt;&#10;    &lt;meta charset=&quot;UTF-8&quot; /&gt;&#10;    &lt;meta&#10;      name=&quot;viewport&quot;&#10;      content=&quot;width=device-width, user-scalable=no, initial-scale=1.0, maximum-scale=1.0, minimu">tests/endpoints/tasks/test_tasks_create.py:269: in test_create_all_dates_recalculates_end
    assert_status_code(response, 200)
src/assertions.py:28: in assert_status_code
    assert response.status_code == expected_status, message
E   AssertionError: Expected status 200, got 524. URL: https://api.ganttpro.com/v1.0/tasks, Response: &lt;!DOCTYPE html&gt;
E   &lt;html lang="en"&gt;
E     &lt;head&gt;
E       &lt;meta charset="UTF-8" /&gt;
E       &lt;meta
E         name="viewport"
E         content="width=device-width, user-scalable=no, initial-scale=1.0, maximum-scale=1.0, minimu</failure></testcase><testcase classname="tests.endpoints.tasks.test_tasks_create" name="test_create_progress_max_valid" time="127.160"><failure message="AssertionError: Expected status 200, got 524. URL: https://api.ganttpro.com/v1.0/tasks, Response: &lt;!DOCTYPE html&gt;&#10;&lt;html lang=&quot;en&quot;&gt;&#10;  &lt;head&gt;&#10;    &lt;meta charset=&quot;UTF-8&quot; /&gt;&#10;    &lt;meta&#10;      name=&quot;viewport&quot;&#10;      content=&quot;width=device-width, user-scalable=no, initial-scale=1.0, maximum-scale=1.0, minimu">tests/endpoints/tasks/test_tasks_create.py:295: in test_create_progress_max_valid
    assert_status_code(response, 200)
src/assertions.py:28: in assert_status_code
    assert response.status_code == expected_status, message
E   AssertionError: Expected status 200, got 524. URL: https://api.ganttpro.com/v1.0/tasks, Response: &lt;!DOCTYPE html&gt;
E   &lt;html lang="en"&gt;
E     &lt;head&gt;
E       &lt;meta charset="UTF-8" /&gt;
E       &lt;meta
E         name="viewport"
E         content="width=device-width, user-scalable=no, initial-scale=1.0, maximum-scale=1.0, minimu</failure></testcase><testcase classname="tests.endpoints.tasks.test_tasks_create" name="test_create_progress_negative" time="126.463"><failure message="AssertionError: Expected status 400, got 524. URL: https://api.ganttpro.com/v1.0/tasks, Response: &lt;!DOCTYPE html&gt;&#10;&lt;html lang=&quot;en&quot;&gt;&#10;  &lt;head&gt;&#10;    &lt;meta charset=&quot;UTF-8&quot; /&gt;&#10;    &lt;meta&#10;      name=&quot;viewport&quot;&#10;      content=&quot;width=device-width, user-scalable=no, initial-scale=1.0, maximum-scale=1.0, minimu">tests/endpoints/tasks/test_tasks_create.py:319: in test_create_progress_negative
    assert_status_code(response, 400)
src/assertions.py:28: in assert_status_code
    assert response.status_code == expected_status, message
E   AssertionError: Expected status 400, got 524. URL: https://api.ganttpro.com/v1.0/tasks, Response: &lt;!DOCTYPE html&gt;
E   &lt;html lang="en"&gt;
E     &lt;head&gt;
E       &lt;meta charset="UTF-8" /&gt;
E       &lt;meta
E         name="viewport"
E         content="width=device-width, user-scalable=no, initial-scale=1.0, maximum-scale=1.0, minimu</failure></testcase><testcase classname="tests.endpoints.tasks.test_tasks_create" name="test_create_color_min_max" time="252.470"><failure message="AssertionError: Expected status 200, got 524. URL: https://api.ganttpro.com/v1.0/tasks, Response: &lt;!DOCTYPE html&gt;&#10;&lt;html lang=&quot;en&quot;&gt;&#10;  &lt;head&gt;&#10;    &lt;meta charset=&quot;UTF-8&quot; /&gt;&#10;    &lt;meta&#10;      name=&quot;viewport&quot;&#10;      content=&quot;width=device-width, user-scalable=no, initial-scale=1.0, maximum-scale=1.0, minimu">tests/endpoints/tasks/test_tasks_create.py:334: in test_create_color_min_max
    assert_status_code(resp1, 200)
src/assertions.py:28: in assert_status_code
    assert response.status_code == expected_status, message
E   AssertionError: Expected status 200, got 524. URL: https://api.ganttpro.com/v1.0/tasks, Response: &lt;!DOCTYPE html&gt;
E   &lt;html lang="en"&gt;
E     &lt;head&gt;
E       &lt;meta charset="UTF-8" /&gt;
E       &lt;meta
E         name="viewport"
E         content="width=device-width, user-scalable=no, initial-scale=1.0, maximum-scale=1.0, minimu</failure></testcase><testcase classname="tests.endpoints.tasks.test_tasks_create" name="test_create_duration_zero" time="126.492"><failure message="AssertionError: Expected status 400, got 524. URL: https://api.ganttpro.com/v1.0/tasks, Response: &lt;!DOCTYPE html&gt;&#10;&lt;html lang=&quot;en&quot;&gt;&#10;  &lt;head&gt;&#10;    &lt;meta charset=&quot;UTF-8&quot; /&gt;&#10;    &lt;meta&#10;      name=&quot;viewport&quot;&#10;      content=&quot;width=device-width, user-scalable=no, initial-scale=1.0, maximum-scale=1.0, minimu">tests/endpoints/tasks/test_tasks_create.py:359: in test_create_duration_zero
    assert_status_code(response, 400)
src/assertions.py:28: in assert_status_code
    assert response.status_code == expected_status, message
E   AssertionError: Expected status 400, got 524. URL: https://api.ganttpro.com/v1.0/tasks, Response: &lt;!DOCTYPE html&gt;
E   &lt;html lang="en"&gt;
E     &lt;head&gt;
E       &lt;meta charset="UTF-8" /&gt;
E       &lt;meta
E         name="viewport"
E         content="width=device-width, user-scalable=no, initial-scale=1.0, maximum-scale=1.0, minimu</failure></testcase><testcase classname="tests.endpoints.tasks.test_tasks_create" name="test_create_duration_negative" time="127.616"><failure message="AssertionError: Expected status 400, got 524. URL: https://api.ganttpro.com/v1.0/tasks, Response: &lt;!DOCTYPE html&gt;&#10;&lt;html lang=&quot;en&quot;&gt;&#10;  &lt;head&gt;&#10;    &lt;meta charset=&quot;UTF-8&quot; /&gt;&#10;    &lt;meta&#10;      name=&quot;viewport&quot;&#10;      content=&quot;width=device-width, user-scalable=no, initial-scale=1.0, maximum-scale=1.0, minimu">tests/endpoints/tasks/test_tasks_create.py:375: in test_create_duration_negative
    assert_status_code(response, 400)
src/assertions.py:28: in assert_status_code
    assert response.status_code == expected_status, message
E   AssertionError: Expected status 400, got 524. URL: https://api.ganttpro.com/v1.0/tasks, Response: &lt;!DOCTYPE html&gt;
E   &lt;html lang="en"&gt;
E     &lt;head&gt;
E       &lt;meta charset="UTF-8" /&gt;
E       &lt;meta
E         name="viewport"
E         content="width=device-width, user-scalable=no, initial-scale=1.0, maximum-scale=1.0, minimu</failure></testcase><testcase classname="tests.endpoints.tasks.test_tasks_create" name="test_create_blank_name" time="126.508"><failure message="AssertionError: Expected status 200, got 524. URL: https://api.ganttpro.com/v1.0/tasks, Response: &lt;!DOCTYPE html&gt;&#10;&lt;html lang=&quot;en&quot;&gt;&#10;  &lt;head&gt;&#10;    &lt;meta charset=&quot;UTF-8&quot; /&gt;&#10;    &lt;meta&#10;      name=&quot;viewport&quot;&#10;      content=&quot;width=device-width, user-scalable=no, initial-scale=1.0, maximum-scale=1.0, minimu">tests/endpoints/tasks/test_tasks_create.py:390: in test_create_blank_name
    assert_status_code(response, 200)
src/assertions.py:28: in assert_status_code
    assert response.status_code == expected_status, message
E   AssertionError: Expected status 200, got 524. URL: https://api.ganttpro.com/v1.0/tasks, Response: &lt;!DOCTYPE html&gt;
E   &lt;html lang="en"&gt;
E     &lt;head&gt;
E       &lt;meta charset="UTF-8" /&gt;
E       &lt;meta
E         name="viewport"
E         content="width=device-width, user-scalable=no, initial-scale=1.0, maximum-scale=1.0, minimu</failure></testcase><testcase classname="tests.endpoints.tasks.test_tasks_create" name="test_create_with_parent" time="0.001"><skipped type="pytest.skip" message="Could not create test task: 524">/home/runner/work/api-tests-ganttpro/api-tests-ganttpro/tests/endpoints/tasks/test_tasks_create.py:402: Could not create test task: 524</skipped></testcase><testcase classname="tests.endpoints.tasks.test_tasks_create" name="test_create_with_resources" time="126.447"><failure message="AssertionError: Expected status 200, got 524. URL: https://api.ganttpro.com/v1.0/tasks, Response: &lt;!DOCTYPE html&gt;&#10;&lt;html lang=&quot;en&quot;&gt;&#10;  &lt;head&gt;&#10;    &lt;meta charset=&quot;UTF-8&quot; /&gt;&#10;    &lt;meta&#10;      name=&quot;viewport&quot;&#10;      content=&quot;width=device-width, user-scalable=no, initial-scale=1.0, maximum-scale=1.0, minimu">tests/endpoints/tasks/test_tasks_create.py:439: in test_create_with_resources
    assert_status_code(response, 200)
src/assertions.py:28: in assert_status_code
    assert response.status_code == expected_status, message
E   AssertionError: Expected status 200, got 524. URL: https://api.ganttpro.com/v1.0/tasks, Response: &lt;!DOCTYPE html&gt;
E   &lt;html lang="en"&gt;
E     &lt;head&gt;
E       &lt;meta charset="UTF-8" /&gt;
E       &lt;meta
E         name="viewport"
E         content="width=device-width, user-scalable=no, initial-scale=1.0, maximum-scale=1.0, minimu</failure></testcase><testcase classname="tests.endpoints.tasks.test_tasks_create" name="test_create_with_custom_field" time="1.004"><skipped type="pytest.skip" message="CUSTOM_FIELD_ID не задан">/home/runner/work/api-tests-ganttpro/api-tests-ganttpro/tests/endpoints/tasks/test_tasks_create.py:458: CUSTOM_FIELD_ID не задан</skipped></testcase><testcase classname="tests.endpoints.tasks.test_tasks_create" name="test_create_with_deadline" time="126.491"><failure message="AssertionError: Expected status 200, got 524. URL: https://api.ganttpro.com/v1.0/tasks, Response: &lt;!DOCTYPE html&gt;&#10;&lt;html lang=&quot;en&quot;&gt;&#10;  &lt;head&gt;&#10;    &lt;meta charset=&quot;UTF-8&quot; /&gt;&#10;    &lt;meta&#10;      name=&quot;viewport&quot;&#10;      content=&quot;width=device-width, user-scalable=no, initial-scale=1.0, maximum-scale=1.0, minimu">tests/endpoints/tasks/test_tasks_create.py:491: in test_create_with_deadline
    assert_status_code(response, 200)
src/assertions.py:28: in assert_status_code
    assert response.status_code == expected_status, message
E   AssertionError: Expected status 200, got 524. URL: https://api.ganttpro.com/v1.0/tasks, Response: &lt;!DOCTYPE html&gt;
E   &lt;html lang="en"&gt;
E     &lt;head&gt;
E       &lt;meta charset="UTF-8" /&gt;
E       &lt;meta
E         name="viewport"
E         content="width=device-width, user-scalable=no, initial-scale=1.0, maximum-scale=1.0, minimu</failure></testcase><testcase classname="tests.endpoints.tasks.test_tasks_create" name="test_create_no_dates_sets_defaults" time="126.469"><failure message="AssertionError: Expected status 200, got 524. URL: https://api.ganttpro.com/v1.0/tasks, Response: &lt;!DOCTYPE html&gt;&#10;&lt;html lang=&quot;en&quot;&gt;&#10;  &lt;head&gt;&#10;    &lt;meta charset=&quot;UTF-8&quot; /&gt;&#10;    &lt;meta&#10;      name=&quot;viewport&quot;&#10;      content=&quot;width=device-width, user-scalable=no, initial-scale=1.0, maximum-scale=1.0, minimu">tests/endpoints/tasks/test_tasks_create.py:515: in test_create_no_dates_sets_defaults
    assert_status_code(response, 200)
src/assertions.py:28: in assert_status_code
    assert response.status_code == expected_status, message
E   AssertionError: Expected status 200, got 524. URL: https://api.ganttpro.com/v1.0/tasks, Response: &lt;!DOCTYPE html&gt;
E   &lt;html lang="en"&gt;
E     &lt;head&gt;
E       &lt;meta charset="UTF-8" /&gt;
E       &lt;meta
E         name="viewport"
E         content="width=device-width, user-scalable=no, initial-scale=1.0, maximum-scale=1.0, minimu</failure></testcase><testcase classname="tests.endpoints.tasks.test_tasks_create" name="test_create_milestone_type" time="127.042"><failure message="AssertionError: Expected status 200, got 524. URL: https://api.ganttpro.com/v1.0/tasks, Response: &lt;!DOCTYPE html&gt;&#10;&lt;html lang=&quot;en&quot;&gt;&#10;  &lt;head&gt;&#10;    &lt;meta charset=&quot;UTF-8&quot; /&gt;&#10;    &lt;meta&#10;      name=&quot;viewport&quot;&#10;      content=&quot;width=device-width, user-scalable=no, initial-scale=1.0, maximum-scale=1.0, minimu">tests/endpoints/tasks/test_tasks_create.py:542: in test_create_milestone_type
    assert_status_code(response, 200)
src/assertions.py:28: in assert_status_code
    assert response.status_code == expected_status, message
E   AssertionError: Expected status 200, got 524. URL: https://api.ganttpro.com/v1.0/tasks, Response: &lt;!DOCTYPE html&gt;
E   &lt;html lang="en"&gt;
E     &lt;head&gt;
E       &lt;meta charset="UTF-8" /&gt;
E       &lt;meta
E         name="viewport"
E         content="width=device-width, user-scalable=no, initial-scale=1.0, maximum-scale=1.0, minimu</failure></testcase><testcase classname="tests.endpoints.tasks.test_tasks_delete" name="test_delete_success" time="126.449"><skipped type="pytest.skip" message="Could not create per-test task: 524">/home/runner/work/api-tests-ganttpro/api-tests-ganttpro/tests/endpoints/tasks/test_tasks_delete.py:7: Could not create per-test task: 524</skipped></testcase><testcase classname="tests.endpoints.tasks.test_tasks_delete" name="test_delete_unauthorized" time="126.456"><skipped type="pytest.skip" message="Could not create per-test task: 524">/home/runner/work/api-tests-ganttpro/api-tests-ganttpro/tests/endpoints/tasks/test_tasks_delete.py:19: Could not create per-test task: 524</skipped></testcase><testcase classname="tests.endpoints.tasks.test_tasks_delete" name="test_delete_invalid_key" time="127.221"><skipped type="pytest.skip" message="Could not create per-test task: 524">/home/runner/work/api-tests-ganttpro/api-tests-ganttpro/tests/endpoints/tasks/test_tasks_delete.py:31: Could not create per-test task: 524</skipped></testcase><testcase classname="tests.endpoints.tasks.test_tasks_delete" name="test_delete_nonexistent" time="126.459"><failure message="assert 524 in [400, 404, 500]&#10; +  where 524 = &lt;Response [524]&gt;.status_code">tests/endpoints/tasks/test_tasks_delete.py:52: in test_delete_nonexistent
    assert response.status_code in [400, 404, 500]
E   assert 524 in [400, 404, 500]
E    +  where 524 = &lt;Response [524]&gt;.status_code</failure></testcase><testcase classname="tests.endpoints.tasks.test_tasks_delete_task" name="test_delete_task_unauthorized" time="0.001"><skipped type="pytest.skip" message="Could not create test task: 524">/home/runner/work/api-tests-ganttpro/api-tests-ganttpro/tests/endpoints/tasks/test_tasks_delete_task.py:7: Could not create test task: 524</skipped></testcase><testcase classname="tests.endpoints.tasks.test_tasks_delete_task" name="test_delete_task_not_found" time="126.507"><failure message="AssertionError: Expected 404 or 400, got 524&#10;assert 524 in [404, 400]&#10; +  where 524 = &lt;Response [524]&gt;.status_code">tests/endpoints/tasks/test_tasks_delete_task.py:29: in test_delete_task_not_found
    assert response.status_code in [404, 400], f"Expected 404 or 400, got {response.status_code}"
E   AssertionError: Expected 404 or 400, got 524
E   assert 524 in [404, 400]
E    +  where 524 = &lt;Response [524]&gt;.status_code</failure></testcase><testcase classname="tests.endpoints.tasks.test_tasks_get_list" name="test_get_list_success" time="127.377"><failure message="AssertionError: Expected status 200, got 524. URL: https://api.ganttpro.com/v1.0/tasks?projectId=1518509415138, Response: &lt;!DOCTYPE html&gt;&#10;&lt;html lang=&quot;en&quot;&gt;&#10;  &lt;head&gt;&#10;    &lt;meta charset=&quot;UTF-8&quot; /&gt;&#10;    &lt;meta&#10;      name=&quot;viewport&quot;&#10;      content=&quot;width=device-width, user-scalable=no, initial-scale=1.0, maximum-scale=1.0, minimu">tests/endpoints/tasks/test_tasks_get_list.py:15: in test_get_list_success
    assert_status_code(response, 200)
src/assertions.py:28: in assert_status_code
    assert response.status_code == expected_status, message
E   AssertionError: Expected status 200, got 524. URL: https://api.ganttpro.com/v1.0/tasks?projectId=1518509415138, Response: &lt;!DOCTYPE html&gt;
E   &lt;html lang="en"&gt;
E     &lt;head&gt;
E       &lt;meta charset="UTF-8" /&gt;
E       &lt;meta
E         name="viewport"
E         content="width=device-width, user-scalable=no, initial-scale=1.0, maximum-scale=1.0, minimu</failure></testcase><testcase classname="tests.endpoints.tasks.test_tasks_get_list" name="test_get_list_unauthorized" time="1.407" /><testcase classname="tests.endpoints.tasks.test_tasks_get_list" name="test_get_list_invalid_key" time="1.109" /><testcase classname="tests.endpoints.tasks.test_tasks_get_list" name="test_get_list_missing_project_id" time="1.112" /><testcase classname="tests.endpoints.tasks.test_tasks_update" name="test_update_success" time="126.154"><skipped type="pytest.skip" message="Could not create per-test task: 524">/home/runner/work/api-tests-ganttpro/api-tests-ganttpro/tests/endpoints/tasks/test_tasks_update.py:7: Could not create per-test task: 524</skipped></testcase><testcase classname="tests.endpoints.tasks.test_tasks_update" name="test_update_unauthorized" time="127.195"><skipped type="pytest.skip" message="Could not create per-test task: 524">/home/runner/work/api-tests-ganttpro/api-tests-ganttpro/tests/endpoints/tasks/test_tasks_update.py:23: Could not create per-test task: 524</skipped></testcase><testcase classname="tests.endpoints.tasks.test_tasks_update" name="test_update_invalid_key" time="126.483"><skipped type="pytest.skip" message="Could not create per-test task: 524">/home/runner/work/api-tests-ganttpro/api-tests-ganttpro/tests/endpoints/tasks/test_tasks_update.py:38: Could not create per-test task: 524</skipped></testcase><testcase classname="tests.endpoints.tasks.test_tasks_update" name="test_update_nonexistent" time="126.469"><failure message="assert 524 in [400, 404, 429, 500]&#10; +  where 524 = &lt;Response [524]&gt;.status_code">tests/endpoints/tasks/test_tasks_update.py:65: in test_update_nonexistent
    assert response.status_code in [400, 404, 429, 500]
E   assert 524 in [400, 404, 429, 500]
E    +  where 524 = &lt;Response [524]&gt;.status_code</failure></testcase><testcase classname="tests.endpoints.tasks.test_tasks_update_task" name="test_update_task_success" time="0.001"><skipped type="pytest.skip" message="Could not create test task: 524">/home/runner/work/api-tests-ganttpro/api-tests-ganttpro/tests/endpoints/tasks/test_tasks_update_task.py:7: Could not create test task: 524</skipped></testcase><testcase classname="tests.endpoints.tasks.test_tasks_update_task" name="test_update_task_unauthorized" time="0.001"><skipped type="pytest.skip" message="Could not create test task: 524">/home/runner/work/api-tests-ganttpro/api-tests-ganttpro/tests/endpoints/tasks/test_tasks_update_task.py:22: Could not create test task: 524</skipped></testcase><testcase classname="tests.endpoints.tasks.test_tasks_update_task" name="test_update_task_invalid_id" time="126.471"><failure message="AssertionError: Expected 400, 404, or 429, got 524&#10;assert 524 in [400, 404, 429]&#10; +  where 524 = &lt;Response [524]&gt;.status_code">tests/endpoints/tasks/test_tasks_update_task.py:44: in test_update_task_invalid_id
    assert response.status_code in [400, 404, 429], f"Expected 400, 404, or 429, got {response.status_code}"
E   AssertionError: Expected 400, 404, or 429, got 524
E   assert 524 in [400, 404, 429]
E    +  where 524 = &lt;Response [524]&gt;.status_code</failure></testcase><testcase classname="tests.endpoints.team.test_team_get" name="test_get_team_success" time="126.506"><failure message="AssertionError: Expected status 200, got 524. URL: https://api.ganttpro.com/v1.0/team, Response: &lt;!DOCTYPE html&gt;&#10;&lt;html lang=&quot;en&quot;&gt;&#10;  &lt;head&gt;&#10;    &lt;meta charset=&quot;UTF-8&quot; /&gt;&#10;    &lt;meta&#10;      name=&quot;viewport&quot;&#10;      content=&quot;width=device-width, user-scalable=no, initial-scale=1.0, maximum-scale=1.0, minimu">tests/endpoints/team/test_team_get.py:15: in test_get_team_success
    assert_status_code(response, 200)
src/assertions.py:28: in assert_status_code
    assert response.status_code == expected_status, message
E   AssertionError: Expected status 200, got 524. URL: https://api.ganttpro.com/v1.0/team, Response: &lt;!DOCTYPE html&gt;
E   &lt;html lang="en"&gt;
E     &lt;head&gt;
E       &lt;meta charset="UTF-8" /&gt;
E       &lt;meta
E         name="viewport"
E         content="width=device-width, user-scalable=no, initial-scale=1.0, maximum-scale=1.0, minimu</failure></testcase><testcase classname="tests.endpoints.team.test_team_get" name="test_get_team_unauthorized" time="2.033" /><testcase classname="tests.endpoints.team.test_team_get" name="test_get_team_invalid_key" time="3.039" /><testcase classname="tests.endpoints.timelogs.test_timelogs_add" name="test_add_time_log_to_task_success" time="128.514"><skipped type="pytest.skip" message="Could not create per-test task: 524">/home/runner/work/api-tests-ganttpro/api-tests-ganttpro/tests/endpoints/timelogs/test_timelogs_add.py:7: Could not create per-test task: 524</skipped></testcase><testcase classname="tests.endpoints.timelogs.test_timelogs_add" name="test_add_time_log_to_task_unauthorized" time="126.580"><skipped type="pytest.skip" message="Could not create per-test task: 524">/home/runner/work/api-tests-ganttpro/api-tests-ganttpro/tests/endpoints/timelogs/test_timelogs_add.py:24: Could not create per-test task: 524</skipped></testcase><testcase classname="tests.endpoints.timelogs.test_timelogs_add" name="test_add_time_log_to_task_missing_required_fields" time="126.462"><failure message="AssertionError: Expected status 400, got 524. URL: https://api.ganttpro.com/v1.0/timeLogs, Response: &lt;!DOCTYPE html&gt;&#10;&lt;html lang=&quot;en&quot;&gt;&#10;  &lt;head&gt;&#10;    &lt;meta charset=&quot;UTF-8&quot; /&gt;&#10;    &lt;meta&#10;      name=&quot;viewport&quot;&#10;      content=&quot;width=device-width, user-scalable=no, initial-scale=1.0, maximum-scale=1.0, minimu">tests/endpoints/timelogs/test_timelogs_add.py:49: in test_add_time_log_to_task_missing_required_fields
    assert_status_code(response, 400)
src/assertions.py:28: in assert_status_code
    assert response.status_code == expected_status, message
E   AssertionError: Expected status 400, got 524. URL: https://api.ganttpro.com/v1.0/timeLogs, Response: &lt;!DOCTYPE html&gt;
E   &lt;html lang="en"&gt;
E     &lt;head&gt;
E       &lt;meta charset="UTF-8" /&gt;
E       &lt;meta
E         name="viewport"
E         content="width=device-width, user-scalable=no, initial-scale=1.0, maximum-scale=1.0, minimu</failure></testcase><testcase classname="tests.endpoints.timelogs.test_timelogs_delete" name="test_delete_time_log_unauthorized" time="0.001"><skipped type="pytest.skip" message="Could not create test task: 524">/home/runner/work/api-tests-ganttpro/api-tests-ganttpro/tests/endpoints/timelogs/test_timelogs_delete.py:7: Could not create test task: 524</skipped></testcase><testcase classname="tests.endpoints.timelogs.test_timelogs_delete" name="test_delete_time_log_not_found" time="126.934"><failure message="AssertionError: Expected 404 or 400, got 524&#10;assert 524 in [404, 400]&#10; +  where 524 = &lt;Response [524]&gt;.status_code">tests/endpoints/timelogs/test_timelogs_delete.py:29: in test_delete_time_log_not_found
    assert response.status_code in [404, 400], f"Expected 404 or 400, got {response.status_code}"
E   AssertionError: Expected 404 or 400, got 524
E   assert 524 in [404, 400]
E    +  where 524 = &lt;Response [524]&gt;.status_code</failure></testcase><testcase classname="tests.endpoints.timelogs.test_timelogs_get_by_project" name="test_get_time_log_by_project_id_success" time="126.514"><failure message="AssertionError: Expected status 200, got 524. URL: https://api.ganttpro.com/v1.0/timeLogs/getByProjectId?projectId=1518509415138, Response: &lt;!DOCTYPE html&gt;&#10;&lt;html lang=&quot;en&quot;&gt;&#10;  &lt;head&gt;&#10;    &lt;meta charset=&quot;UTF-8&quot; /&gt;&#10;    &lt;meta&#10;      name=&quot;viewport&quot;&#10;      content=&quot;width=device-width, user-scalable=no, initial-scale=1.0, maximum-scale=1.0, minimu">tests/endpoints/timelogs/test_timelogs_get_by_project.py:19: in test_get_time_log_by_project_id_success
    assert_status_code(response, 200)
src/assertions.py:28: in assert_status_code
    assert response.status_code == expected_status, message
E   AssertionError: Expected status 200, got 524. URL: https://api.ganttpro.com/v1.0/timeLogs/getByProjectId?projectId=1518509415138, Response: &lt;!DOCTYPE html&gt;
E   &lt;html lang="en"&gt;
E     &lt;head&gt;
E       &lt;meta charset="UTF-8" /&gt;
E       &lt;meta
E         name="viewport"
E         content="width=device-width, user-scalable=no, initial-scale=1.0, maximum-scale=1.0, minimu</failure></testcase><testcase classname="tests.endpoints.timelogs.test_timelogs_get_by_project" name="test_get_time_log_by_project_id_unauthorized" time="2.468" /><testcase classname="tests.endpoints.timelogs.test_timelogs_get_by_project" name="test_get_time_log_by_project_id_missing_required_param" time="2.133" /><testcase classname="tests.endpoints.timelogs.test_timelogs_get_list" name="test_get_time_log_list_success" time="126.405"><skipped type="pytest.skip" message="Could not create per-test task: 524">/home/runner/work/api-tests-ganttpro/api-tests-ganttpro/tests/endpoints/timelogs/test_timelogs_get_list.py:7: Could not create per-test task: 524</skipped></testcase><testcase classname="tests.endpoints.timelogs.test_timelogs_get_list" name="test_get_time_log_list_unauthorized" time="126.447"><skipped type="pytest.skip" message="Could not create per-test task: 524">/home/runner/work/api-tests-ganttpro/api-tests-ganttpro/tests/endpoints/timelogs/test_timelogs_get_list.py:20: Could not create per-test task: 524</skipped></testcase><testcase classname="tests.endpoints.timelogs.test_timelogs_get_list" name="test_get_time_log_list_missing_required_param" time="1.428" /><testcase classname="tests.endpoints.timelogs.test_timelogs_get_one" name="test_get_time_log_success" time="0.001"><skipped type="pytest.skip" message="Could not create test task: 524">/home/runner/work/api-tests-ganttpro/api-tests-ganttpro/tests/endpoints/timelogs/test_timelogs_get_one.py:7: Could not create test task: 524</skipped></testcase><testcase classname="tests.endpoints.timelogs.test_timelogs_get_one" name="test_get_time_log_unauthorized" time="0.001"><skipped type="pytest.skip" message="Could not create test task: 524">/home/runner/work/api-tests-ganttpro/api-tests-ganttpro/tests/endpoints/timelogs/test_timelogs_get_one.py:21: Could not create test task: 524</skipped></testcase><testcase classname="tests.endpoints.timelogs.test_timelogs_get_one" name="test_get_time_log_not_found" time="126.162"><failure message="AssertionError: Expected 404 or 400, got 524&#10;assert 524 in [404, 400]&#10; +  where 524 = &lt;Response [524]&gt;.status_code">tests/endpoints/timelogs/test_timelogs_get_one.py:43: in test_get_time_log_not_found
    assert response.status_code in [404, 400], f"Expected 404 or 400, got {response.status_code}"
E   AssertionError: Expected 404 or 400, got 524
E   assert 524 in [404, 400]
E    +  where 524 = &lt;Response [524]&gt;.status_code</failure></testcase><testcase classname="tests.endpoints.timelogs.test_timelogs_update" name="test_update_time_log_success" time="0.001"><skipped type="pytest.skip" message="Could not create test task: 524">/home/runner/work/api-tests-ganttpro/api-tests-ganttpro/tests/endpoints/timelogs/test_timelogs_update.py:7: Could not create test task: 524</skipped></testcase><testcase classname="tests.endpoints.timelogs.test_timelogs_update" name="test_update_time_log_unauthorized" time="0.001"><skipped type="pytest.skip" message="Could not create test task: 524">/home/runner/work/api-tests-ganttpro/api-tests-ganttpro/tests/endpoints/timelogs/test_timelogs_update.py:23: Could not create test task: 524</skipped></testcase><testcase classname="tests.endpoints.timelogs.test_timelogs_update" name="test_update_time_log_invalid_id" time="127.183"><failure message="AssertionError: Expected 400 or 404, got 524&#10;assert 524 in [400, 404]&#10; +  where 524 = &lt;Response [524]&gt;.status_code">tests/endpoints/timelogs/test_timelogs_update.py:47: in test_update_time_log_invalid_id
    assert response.status_code in [400, 404], f"Expected 400 or 404, got {response.status_code}"
E   AssertionError: Expected 400 or 404, got 524
E   assert 524 in [400, 404]
E    +  where 524 = &lt;Response [524]&gt;.status_code</failure></testcase><testcase classname="tests.scenarios.test_scenario_example" name="test_scenario_example" time="0.001"><skipped type="pytest.skip" message="Scenario tests are placeholder for 2nd iteration">/home/runner/work/api-tests-ganttpro/api-tests-ganttpro/tests/scenarios/test_scenario_example.py:5: Scenario tests are placeholder for 2nd iteration</skipped></testcase><testcase classname="tests.smoke.test_smoke_public_gets" name="test_get_languages_success" time="126.466"><failure message="AssertionError: Expected status 200, got 524. URL: https://api.ganttpro.com/v1.0/languages, Response: &lt;!DOCTYPE html&gt;&#10;&lt;html lang=&quot;en&quot;&gt;&#10;  &lt;head&gt;&#10;    &lt;meta charset=&quot;UTF-8&quot; /&gt;&#10;    &lt;meta&#10;      name=&quot;viewport&quot;&#10;      content=&quot;width=device-width, user-scalable=no, initial-scale=1.0, maximum-scale=1.0, minimu">tests/smoke/test_smoke_public_gets.py:13: in test_get_languages_success
    assert_status_code(response, 200)
src/assertions.py:28: in assert_status_code
    assert response.status_code == expected_status, message
E   AssertionError: Expected status 200, got 524. URL: https://api.ganttpro.com/v1.0/languages, Response: &lt;!DOCTYPE html&gt;
E   &lt;html lang="en"&gt;
E     &lt;head&gt;
E       &lt;meta charset="UTF-8" /&gt;
E       &lt;meta
E         name="viewport"
E         content="width=device-width, user-scalable=no, initial-scale=1.0, maximum-scale=1.0, minimu</failure></testcase><testcase classname="tests.smoke.test_smoke_public_gets" name="test_get_colors_success" time="126.450"><failure message="AssertionError: Expected status 200, got 524. URL: https://api.ganttpro.com/v1.0/colors, Response: &lt;!DOCTYPE html&gt;&#10;&lt;html lang=&quot;en&quot;&gt;&#10;  &lt;head&gt;&#10;    &lt;meta charset=&quot;UTF-8&quot; /&gt;&#10;    &lt;meta&#10;      name=&quot;viewport&quot;&#10;      content=&quot;width=device-width, user-scalable=no, initial-scale=1.0, maximum-scale=1.0, minimu">tests/smoke/test_smoke_public_gets.py:21: in test_get_colors_success
    assert_status_code(response, 200)
src/assertions.py:28: in assert_status_code
    assert response.status_code == expected_status, message
E   AssertionError: Expected status 200, got 524. URL: https://api.ganttpro.com/v1.0/colors, Response: &lt;!DOCTYPE html&gt;
E   &lt;html lang="en"&gt;
E     &lt;head&gt;
E       &lt;meta charset="UTF-8" /&gt;
E       &lt;meta
E         name="viewport"
E         content="width=device-width, user-scalable=no, initial-scale=1.0, maximum-scale=1.0, minimu</failure></testcase><testcase classname="tests.smoke.test_smoke_public_gets" name="test_get_account_roles_success" time="126.462"><failure message="AssertionError: Expected status 200, got 524. URL: https://api.ganttpro.com/v1.0/roles/account, Response: &lt;!DOCTYPE html&gt;&#10;&lt;html lang=&quot;en&quot;&gt;&#10;  &lt;head&gt;&#10;    &lt;meta charset=&quot;UTF-8&quot; /&gt;&#10;    &lt;meta&#10;      name=&quot;viewport&quot;&#10;      content=&quot;width=device-width, user-scalable=no, initial-scale=1.0, maximum-scale=1.0, minimu">tests/smoke/test_smoke_public_gets.py:29: in test_get_account_roles_success
    assert_status_code(response, 200)
src/assertions.py:28: in assert_status_code
    assert response.status_code == expected_status, message
E   AssertionError: Expected status 200, got 524. URL: https://api.ganttpro.com/v1.0/roles/account, Response: &lt;!DOCTYPE html&gt;
E   &lt;html lang="en"&gt;
E     &lt;head&gt;
E       &lt;meta charset="UTF-8" /&gt;
E       &lt;meta
E         name="viewport"
E         content="width=device-width, user-scalable=no, initial-scale=1.0, maximum-scale=1.0, minimu</failure></testcase><testcase classname="tests.smoke.test_smoke_public_gets" name="test_get_project_roles_success" time="126.453"><failure message="AssertionError: Expected status 200, got 524. URL: https://api.ganttpro.com/v1.0/roles/project, Response: &lt;!DOCTYPE html&gt;&#10;&lt;html lang=&quot;en&quot;&gt;&#10;  &lt;head&gt;&#10;    &lt;meta charset=&quot;UTF-8&quot; /&gt;&#10;    &lt;meta&#10;      name=&quot;viewport&quot;&#10;      content=&quot;width=device-width, user-scalable=no, initial-scale=1.0, maximum-scale=1.0, minimu">tests/smoke/test_smoke_public_gets.py:36: in test_get_project_roles_success
    assert_status_code(response, 200)
src/assertions.py:28: in assert_status_code
    assert response.status_code == expected_status, message
E   AssertionError: Expected status 200, got 524. URL: https://api.ganttpro.com/v1.0/roles/project, Response: &lt;!DOCTYPE html&gt;
E   &lt;html lang="en"&gt;
E     &lt;head&gt;
E       &lt;meta charset="UTF-8" /&gt;
E       &lt;meta
E         name="viewport"
E         content="width=device-width, user-scalable=no, initial-scale=1.0, maximum-scale=1.0, minimu</failure></testcase><testcase classname="tests.smoke.test_smoke_public_gets" name="test_unauthorized_without_api_key" time="2.094" /><testcase classname="tests.smoke.test_smoke_public_gets" name="test_unauthorized_with_invalid_api_key" time="2.076" /></testsuite></testsuites>