<?xml version="1.0" encoding="utf-8"?><testsuites><testsuite name="pytest" errors="0" failures="25" skipped="60" tests="137" time="106.670" timestamp="2026-01-14T16:06:23.525159" hostname="runnervmi13qx"><testcase classname="tests.endpoints.attachments.test_attachments_add" name="test_add_success" time="0.004"><skipped type="pytest.skip" message="PROJECT_ID not available">/home/runner/work/api-tests-ganttpro/api-tests-ganttpro/tests/endpoints/attachments/test_attachments_add.py:9: PROJECT_ID not available</skipped></testcase><testcase classname="tests.endpoints.attachments.test_attachments_add" name="test_add_unauthorized" time="0.001"><skipped type="pytest.skip" message="PROJECT_ID not available">/home/runner/work/api-tests-ganttpro/api-tests-ganttpro/tests/endpoints/attachments/test_attachments_add.py:36: PROJECT_ID not available</skipped></testcase><testcase classname="tests.endpoints.attachments.test_attachments_add" name="test_add_missing_fields" time="1.890" /><testcase classname="tests.endpoints.attachments.test_attachments_delete" name="test_delete_attachment_unauthorized" time="0.001"><skipped type="pytest.skip" message="Attachment tests require file upload which is not yet implemented">/home/runner/work/api-tests-ganttpro/api-tests-ganttpro/tests/endpoints/attachments/test_attachments_delete.py:7: Attachment tests require file upload which is not yet implemented</skipped></testcase><testcase classname="tests.endpoints.attachments.test_attachments_delete" name="test_delete_attachment_not_found" time="1.194" /><testcase classname="tests.endpoints.attachments.test_attachments_delete_by_ids" name="test_delete_attachments_by_ids_success" time="0.001"><skipped type="pytest.skip" message="Attachment tests require file upload which is not yet implemented">/home/runner/work/api-tests-ganttpro/api-tests-ganttpro/tests/endpoints/attachments/test_attachments_delete_by_ids.py:7: Attachment tests require file upload which is not yet implemented</skipped></testcase><testcase classname="tests.endpoints.attachments.test_attachments_delete_by_ids" name="test_delete_attachments_by_ids_unauthorized" time="1.166" /><testcase classname="tests.endpoints.attachments.test_attachments_delete_by_ids" name="test_delete_attachments_by_ids_missing_required_field" time="1.191" /><testcase classname="tests.endpoints.attachments.test_attachments_get_by_project" name="test_get_attachments_by_project_id_success" time="1.004"><skipped type="pytest.skip" message="PROJECT_ID not configured in .env">/home/runner/work/api-tests-ganttpro/api-tests-ganttpro/tests/endpoints/attachments/test_attachments_get_by_project.py:14: PROJECT_ID not configured in .env</skipped></testcase><testcase classname="tests.endpoints.attachments.test_attachments_get_by_project" name="test_get_attachments_by_project_id_unauthorized" time="1.004"><skipped type="pytest.skip" message="PROJECT_ID not configured in .env">/home/runner/work/api-tests-ganttpro/api-tests-ganttpro/tests/endpoints/attachments/test_attachments_get_by_project.py:29: PROJECT_ID not configured in .env</skipped></testcase><testcase classname="tests.endpoints.attachments.test_attachments_get_by_project" name="test_get_attachments_by_project_id_missing_required_param" time="1.166" /><testcase classname="tests.endpoints.attachments.test_attachments_get_list" name="test_get_attachments_list_success" time="0.001"><skipped type="pytest.skip" message="PROJECT_ID not available">/home/runner/work/api-tests-ganttpro/api-tests-ganttpro/tests/endpoints/attachments/test_attachments_get_list.py:7: PROJECT_ID not available</skipped></testcase><testcase classname="tests.endpoints.attachments.test_attachments_get_list" name="test_get_attachments_list_unauthorized" time="0.001"><skipped type="pytest.skip" message="PROJECT_ID not available">/home/runner/work/api-tests-ganttpro/api-tests-ganttpro/tests/endpoints/attachments/test_attachments_get_list.py:19: PROJECT_ID not available</skipped></testcase><testcase classname="tests.endpoints.attachments.test_attachments_get_list" name="test_get_attachments_list_missing_required_param" time="1.165" /><testcase classname="tests.endpoints.colors.test_colors_get" name="test_get_colors_success" time="1.196" /><testcase classname="tests.endpoints.colors.test_colors_get" name="test_get_colors_unauthorized" time="1.165" /><testcase classname="tests.endpoints.comments.test_comments_add" name="test_add_comment_to_task_success" time="0.001"><skipped type="pytest.skip" message="PROJECT_ID not available">/home/runner/work/api-tests-ganttpro/api-tests-ganttpro/tests/endpoints/comments/test_comments_add.py:7: PROJECT_ID not available</skipped></testcase><testcase classname="tests.endpoints.comments.test_comments_add" name="test_add_comment_to_task_unauthorized" time="0.001"><skipped type="pytest.skip" message="PROJECT_ID not available">/home/runner/work/api-tests-ganttpro/api-tests-ganttpro/tests/endpoints/comments/test_comments_add.py:23: PROJECT_ID not available</skipped></testcase><testcase classname="tests.endpoints.comments.test_comments_add" name="test_add_comment_to_task_missing_required_fields" time="1.196" /><testcase classname="tests.endpoints.comments.test_comments_delete" name="test_delete_comment_unauthorized" time="0.001"><skipped type="pytest.skip" message="PROJECT_ID not available">/home/runner/work/api-tests-ganttpro/api-tests-ganttpro/tests/endpoints/comments/test_comments_delete.py:7: PROJECT_ID not available</skipped></testcase><testcase classname="tests.endpoints.comments.test_comments_delete" name="test_delete_comment_not_found" time="1.187" /><testcase classname="tests.endpoints.comments.test_comments_get_by_project" name="test_get_comments_by_project_id_success" time="1.003"><skipped type="pytest.skip" message="PROJECT_ID not configured in .env">/home/runner/work/api-tests-ganttpro/api-tests-ganttpro/tests/endpoints/comments/test_comments_get_by_project.py:14: PROJECT_ID not configured in .env</skipped></testcase><testcase classname="tests.endpoints.comments.test_comments_get_by_project" name="test_get_comments_by_project_id_unauthorized" time="1.003"><skipped type="pytest.skip" message="PROJECT_ID not configured in .env">/home/runner/work/api-tests-ganttpro/api-tests-ganttpro/tests/endpoints/comments/test_comments_get_by_project.py:29: PROJECT_ID not configured in .env</skipped></testcase><testcase classname="tests.endpoints.comments.test_comments_get_by_project" name="test_get_comments_by_project_id_missing_required_param" time="1.166" /><testcase classname="tests.endpoints.comments.test_comments_get_list" name="test_get_comments_list_success" time="0.001"><skipped type="pytest.skip" message="PROJECT_ID not available">/home/runner/work/api-tests-ganttpro/api-tests-ganttpro/tests/endpoints/comments/test_comments_get_list.py:7: PROJECT_ID not available</skipped></testcase><testcase classname="tests.endpoints.comments.test_comments_get_list" name="test_get_comments_list_unauthorized" time="0.001"><skipped type="pytest.skip" message="PROJECT_ID not available">/home/runner/work/api-tests-ganttpro/api-tests-ganttpro/tests/endpoints/comments/test_comments_get_list.py:20: PROJECT_ID not available</skipped></testcase><testcase classname="tests.endpoints.comments.test_comments_get_list" name="test_get_comments_list_missing_required_param" time="1.166" /><testcase classname="tests.endpoints.comments.test_comments_update" name="test_update_comment_success" time="0.001"><skipped type="pytest.skip" message="PROJECT_ID not available">/home/runner/work/api-tests-ganttpro/api-tests-ganttpro/tests/endpoints/comments/test_comments_update.py:7: PROJECT_ID not available</skipped></testcase><testcase classname="tests.endpoints.comments.test_comments_update" name="test_update_comment_unauthorized" time="0.002"><skipped type="pytest.skip" message="PROJECT_ID not available">/home/runner/work/api-tests-ganttpro/api-tests-ganttpro/tests/endpoints/comments/test_comments_update.py:23: PROJECT_ID not available</skipped></testcase><testcase classname="tests.endpoints.comments.test_comments_update" name="test_update_comment_missing_required_field" time="0.001"><skipped type="pytest.skip" message="PROJECT_ID not available">/home/runner/work/api-tests-ganttpro/api-tests-ganttpro/tests/endpoints/comments/test_comments_update.py:38: PROJECT_ID not available</skipped></testcase><testcase classname="tests.endpoints.languages.test_languages_get" name="test_get_languages_success" time="2.839" /><testcase classname="tests.endpoints.languages.test_languages_get" name="test_get_languages_unauthorized" time="1.166" /><testcase classname="tests.endpoints.links.test_links_create" name="test_create_link_success" time="0.001"><skipped type="pytest.skip" message="PROJECT_ID not available">/home/runner/work/api-tests-ganttpro/api-tests-ganttpro/tests/endpoints/links/test_links_create.py:7: PROJECT_ID not available</skipped></testcase><testcase classname="tests.endpoints.links.test_links_create" name="test_create_link_unauthorized" time="1.164" /><testcase classname="tests.endpoints.links.test_links_create" name="test_create_link_missing_required_fields" time="1.184" /><testcase classname="tests.endpoints.links.test_links_delete" name="test_delete_link_unauthorized" time="0.001"><skipped type="pytest.skip" message="PROJECT_ID not available">/home/runner/work/api-tests-ganttpro/api-tests-ganttpro/tests/endpoints/links/test_links_delete.py:7: PROJECT_ID not available</skipped></testcase><testcase classname="tests.endpoints.links.test_links_delete" name="test_delete_link_not_found" time="1.199" /><testcase classname="tests.endpoints.links.test_links_get" name="test_get_link_success" time="0.001"><skipped type="pytest.skip" message="PROJECT_ID not available">/home/runner/work/api-tests-ganttpro/api-tests-ganttpro/tests/endpoints/links/test_links_get.py:7: PROJECT_ID not available</skipped></testcase><testcase classname="tests.endpoints.links.test_links_get" name="test_get_link_unauthorized" time="0.001"><skipped type="pytest.skip" message="PROJECT_ID not available">/home/runner/work/api-tests-ganttpro/api-tests-ganttpro/tests/endpoints/links/test_links_get.py:21: PROJECT_ID not available</skipped></testcase><testcase classname="tests.endpoints.links.test_links_get" name="test_get_link_not_found" time="1.187" /><testcase classname="tests.endpoints.links.test_links_update" name="test_update_link_success" time="0.001"><skipped type="pytest.skip" message="PROJECT_ID not available">/home/runner/work/api-tests-ganttpro/api-tests-ganttpro/tests/endpoints/links/test_links_update.py:7: PROJECT_ID not available</skipped></testcase><testcase classname="tests.endpoints.links.test_links_update" name="test_update_link_unauthorized" time="0.001"><skipped type="pytest.skip" message="PROJECT_ID not available">/home/runner/work/api-tests-ganttpro/api-tests-ganttpro/tests/endpoints/links/test_links_update.py:23: PROJECT_ID not available</skipped></testcase><testcase classname="tests.endpoints.links.test_links_update" name="test_update_link_invalid_id" time="1.181" /><testcase classname="tests.endpoints.projects.test_projects_get_list" name="test_get_projects_list_success" time="1.190" /><testcase classname="tests.endpoints.projects.test_projects_get_list" name="test_get_projects_list_unauthorized" time="1.164" /><testcase classname="tests.endpoints.projects.test_projects_get_list" name="test_get_projects_list_invalid_key" time="1.166" /><testcase classname="tests.endpoints.resources.test_resources_get" name="test_get_resources_list_success" time="1.197" /><testcase classname="tests.endpoints.resources.test_resources_get" name="test_get_resources_list_unauthorized" time="1.163" /><testcase classname="tests.endpoints.resources.test_resources_get" name="test_get_resources_list_invalid_key" time="1.164" /><testcase classname="tests.endpoints.resources.test_resources_get_list" name="test_get_resources_list_success" time="1.195" /><testcase classname="tests.endpoints.resources.test_resources_get_list" name="test_get_resources_list_unauthorized" time="1.165" /><testcase classname="tests.endpoints.roles.test_roles_account_get" name="test_get_account_roles_success" time="1.208" /><testcase classname="tests.endpoints.roles.test_roles_account_get" name="test_get_account_roles_unauthorized" time="1.165" /><testcase classname="tests.endpoints.roles.test_roles_project_get" name="test_get_project_roles_success" time="1.208" /><testcase classname="tests.endpoints.roles.test_roles_project_get" name="test_get_project_roles_unauthorized" time="1.164" /><testcase classname="tests.endpoints.tasks.test_tasks_assign_resource" name="test_assign_resource_to_task_success" time="0.001"><skipped type="pytest.skip" message="PROJECT_ID not available">/home/runner/work/api-tests-ganttpro/api-tests-ganttpro/tests/endpoints/tasks/test_tasks_assign_resource.py:7: PROJECT_ID not available</skipped></testcase><testcase classname="tests.endpoints.tasks.test_tasks_assign_resource" name="test_assign_resource_unauthorized" time="0.001"><skipped type="pytest.skip" message="PROJECT_ID not available">/home/runner/work/api-tests-ganttpro/api-tests-ganttpro/tests/endpoints/tasks/test_tasks_assign_resource.py:23: PROJECT_ID not available</skipped></testcase><testcase classname="tests.endpoints.tasks.test_tasks_assign_resource" name="test_assign_resource_invalid_key" time="0.001"><skipped type="pytest.skip" message="PROJECT_ID not available">/home/runner/work/api-tests-ganttpro/api-tests-ganttpro/tests/endpoints/tasks/test_tasks_assign_resource.py:38: PROJECT_ID not available</skipped></testcase><testcase classname="tests.endpoints.tasks.test_tasks_assign_resource" name="test_assign_resource_missing_required_field" time="0.001"><skipped type="pytest.skip" message="PROJECT_ID not available">/home/runner/work/api-tests-ganttpro/api-tests-ganttpro/tests/endpoints/tasks/test_tasks_assign_resource.py:54: PROJECT_ID not available</skipped></testcase><testcase classname="tests.endpoints.tasks.test_tasks_assign_resource_delete" name="test_delete_assign_from_task_success" time="0.001"><skipped type="pytest.skip" message="PROJECT_ID not available">/home/runner/work/api-tests-ganttpro/api-tests-ganttpro/tests/endpoints/tasks/test_tasks_assign_resource_delete.py:7: PROJECT_ID not available</skipped></testcase><testcase classname="tests.endpoints.tasks.test_tasks_assign_resource_delete" name="test_delete_assign_from_task_unauthorized" time="0.001"><skipped type="pytest.skip" message="PROJECT_ID not available">/home/runner/work/api-tests-ganttpro/api-tests-ganttpro/tests/endpoints/tasks/test_tasks_assign_resource_delete.py:20: PROJECT_ID not available</skipped></testcase><testcase classname="tests.endpoints.tasks.test_tasks_assign_resource_delete" name="test_delete_assign_from_task_missing_required_param" time="0.001"><skipped type="pytest.skip" message="PROJECT_ID not available">/home/runner/work/api-tests-ganttpro/api-tests-ganttpro/tests/endpoints/tasks/test_tasks_assign_resource_delete.py:32: PROJECT_ID not available</skipped></testcase><testcase classname="tests.endpoints.tasks.test_tasks_assign_resource_post" name="test_assign_resources_to_task_success" time="0.001"><skipped type="pytest.skip" message="PROJECT_ID not available">/home/runner/work/api-tests-ganttpro/api-tests-ganttpro/tests/endpoints/tasks/test_tasks_assign_resource_post.py:7: PROJECT_ID not available</skipped></testcase><testcase classname="tests.endpoints.tasks.test_tasks_assign_resource_post" name="test_assign_resources_to_task_unauthorized" time="0.001"><skipped type="pytest.skip" message="PROJECT_ID not available">/home/runner/work/api-tests-ganttpro/api-tests-ganttpro/tests/endpoints/tasks/test_tasks_assign_resource_post.py:24: PROJECT_ID not available</skipped></testcase><testcase classname="tests.endpoints.tasks.test_tasks_assign_resource_post" name="test_assign_resources_to_task_missing_required_field" time="0.001"><skipped type="pytest.skip" message="PROJECT_ID not available">/home/runner/work/api-tests-ganttpro/api-tests-ganttpro/tests/endpoints/tasks/test_tasks_assign_resource_post.py:36: PROJECT_ID not available</skipped></testcase><testcase classname="tests.endpoints.tasks.test_tasks_assign_resource_put" name="test_update_task_resource_success" time="0.001"><skipped type="pytest.skip" message="PROJECT_ID not available">/home/runner/work/api-tests-ganttpro/api-tests-ganttpro/tests/endpoints/tasks/test_tasks_assign_resource_put.py:7: PROJECT_ID not available</skipped></testcase><testcase classname="tests.endpoints.tasks.test_tasks_assign_resource_put" name="test_update_task_resource_unauthorized" time="0.001"><skipped type="pytest.skip" message="PROJECT_ID not available">/home/runner/work/api-tests-ganttpro/api-tests-ganttpro/tests/endpoints/tasks/test_tasks_assign_resource_put.py:24: PROJECT_ID not available</skipped></testcase><testcase classname="tests.endpoints.tasks.test_tasks_assign_resource_put" name="test_update_task_resource_missing_required_field" time="0.001"><skipped type="pytest.skip" message="PROJECT_ID not available">/home/runner/work/api-tests-ganttpro/api-tests-ganttpro/tests/endpoints/tasks/test_tasks_assign_resource_put.py:36: PROJECT_ID not available</skipped></testcase><testcase classname="tests.endpoints.tasks.test_tasks_create" name="test_create_success" time="1.004"><failure message="TypeError: int() argument must be a string, a bytes-like object or a number, not 'NoneType'">tests/endpoints/tasks/test_tasks_create.py:15: in test_create_success
    "projectId": int(project_id),
E   TypeError: int() argument must be a string, a bytes-like object or a number, not 'NoneType'</failure></testcase><testcase classname="tests.endpoints.tasks.test_tasks_create" name="test_create_unauthorized" time="1.003"><failure message="TypeError: int() argument must be a string, a bytes-like object or a number, not 'NoneType'">tests/endpoints/tasks/test_tasks_create.py:34: in test_create_unauthorized
    "projectId": int(project_id),
E   TypeError: int() argument must be a string, a bytes-like object or a number, not 'NoneType'</failure></testcase><testcase classname="tests.endpoints.tasks.test_tasks_create" name="test_create_invalid_key" time="1.003"><failure message="TypeError: int() argument must be a string, a bytes-like object or a number, not 'NoneType'">tests/endpoints/tasks/test_tasks_create.py:49: in test_create_invalid_key
    "projectId": int(project_id),
E   TypeError: int() argument must be a string, a bytes-like object or a number, not 'NoneType'</failure></testcase><testcase classname="tests.endpoints.tasks.test_tasks_create" name="test_create_missing_name" time="1.003"><failure message="TypeError: int() argument must be a string, a bytes-like object or a number, not 'NoneType'">tests/endpoints/tasks/test_tasks_create.py:65: in test_create_missing_name
    "projectId": int(project_id)
E   TypeError: int() argument must be a string, a bytes-like object or a number, not 'NoneType'</failure></testcase><testcase classname="tests.endpoints.tasks.test_tasks_create" name="test_create_defaults" time="1.004"><failure message="TypeError: int() argument must be a string, a bytes-like object or a number, not 'NoneType'">tests/endpoints/tasks/test_tasks_create.py:80: in test_create_defaults
    "projectId": int(project_id),
E   TypeError: int() argument must be a string, a bytes-like object or a number, not 'NoneType'</failure></testcase><testcase classname="tests.endpoints.tasks.test_tasks_create" name="test_create_start_duration_calculates_end" time="1.004"><failure message="TypeError: int() argument must be a string, a bytes-like object or a number, not 'NoneType'">tests/endpoints/tasks/test_tasks_create.py:109: in test_create_start_duration_calculates_end
    "projectId": int(project_id),
E   TypeError: int() argument must be a string, a bytes-like object or a number, not 'NoneType'</failure></testcase><testcase classname="tests.endpoints.tasks.test_tasks_create" name="test_create_end_duration_calculates_start" time="1.004"><failure message="TypeError: int() argument must be a string, a bytes-like object or a number, not 'NoneType'">tests/endpoints/tasks/test_tasks_create.py:136: in test_create_end_duration_calculates_start
    "projectId": int(project_id),
E   TypeError: int() argument must be a string, a bytes-like object or a number, not 'NoneType'</failure></testcase><testcase classname="tests.endpoints.tasks.test_tasks_create" name="test_create_invalid_progress" time="1.004"><failure message="TypeError: int() argument must be a string, a bytes-like object or a number, not 'NoneType'">tests/endpoints/tasks/test_tasks_create.py:163: in test_create_invalid_progress
    "projectId": int(project_id),
E   TypeError: int() argument must be a string, a bytes-like object or a number, not 'NoneType'</failure></testcase><testcase classname="tests.endpoints.tasks.test_tasks_create" name="test_create_invalid_color" time="1.004"><failure message="TypeError: int() argument must be a string, a bytes-like object or a number, not 'NoneType'">tests/endpoints/tasks/test_tasks_create.py:179: in test_create_invalid_color
    "projectId": int(project_id),
E   TypeError: int() argument must be a string, a bytes-like object or a number, not 'NoneType'</failure></testcase><testcase classname="tests.endpoints.tasks.test_tasks_create" name="test_create_missing_project_id" time="1.181" /><testcase classname="tests.endpoints.tasks.test_tasks_create" name="test_create_start_only_uses_default_duration" time="1.021"><failure message="TypeError: int() argument must be a string, a bytes-like object or a number, not 'NoneType'">tests/endpoints/tasks/test_tasks_create.py:209: in test_create_start_only_uses_default_duration
    "projectId": int(project_id),
E   TypeError: int() argument must be a string, a bytes-like object or a number, not 'NoneType'</failure></testcase><testcase classname="tests.endpoints.tasks.test_tasks_create" name="test_create_duration_only_sets_dates" time="1.004"><failure message="TypeError: int() argument must be a string, a bytes-like object or a number, not 'NoneType'">tests/endpoints/tasks/test_tasks_create.py:235: in test_create_duration_only_sets_dates
    "projectId": int(project_id),
E   TypeError: int() argument must be a string, a bytes-like object or a number, not 'NoneType'</failure></testcase><testcase classname="tests.endpoints.tasks.test_tasks_create" name="test_create_all_dates_recalculates_end" time="1.004"><failure message="TypeError: int() argument must be a string, a bytes-like object or a number, not 'NoneType'">tests/endpoints/tasks/test_tasks_create.py:261: in test_create_all_dates_recalculates_end
    "projectId": int(project_id),
E   TypeError: int() argument must be a string, a bytes-like object or a number, not 'NoneType'</failure></testcase><testcase classname="tests.endpoints.tasks.test_tasks_create" name="test_create_progress_max_valid" time="1.004"><failure message="TypeError: int() argument must be a string, a bytes-like object or a number, not 'NoneType'">tests/endpoints/tasks/test_tasks_create.py:289: in test_create_progress_max_valid
    "projectId": int(project_id),
E   TypeError: int() argument must be a string, a bytes-like object or a number, not 'NoneType'</failure></testcase><testcase classname="tests.endpoints.tasks.test_tasks_create" name="test_create_progress_negative" time="1.003"><failure message="TypeError: int() argument must be a string, a bytes-like object or a number, not 'NoneType'">tests/endpoints/tasks/test_tasks_create.py:313: in test_create_progress_negative
    "projectId": int(project_id),
E   TypeError: int() argument must be a string, a bytes-like object or a number, not 'NoneType'</failure></testcase><testcase classname="tests.endpoints.tasks.test_tasks_create" name="test_create_color_min_max" time="1.004"><failure message="TypeError: int() argument must be a string, a bytes-like object or a number, not 'NoneType'">tests/endpoints/tasks/test_tasks_create.py:328: in test_create_color_min_max
    payload1 = {"projectId": int(project_id), "name": "Color 1", "color": 1}
E   TypeError: int() argument must be a string, a bytes-like object or a number, not 'NoneType'</failure></testcase><testcase classname="tests.endpoints.tasks.test_tasks_create" name="test_create_duration_zero" time="1.003"><failure message="TypeError: int() argument must be a string, a bytes-like object or a number, not 'NoneType'">tests/endpoints/tasks/test_tasks_create.py:353: in test_create_duration_zero
    "projectId": int(project_id),
E   TypeError: int() argument must be a string, a bytes-like object or a number, not 'NoneType'</failure></testcase><testcase classname="tests.endpoints.tasks.test_tasks_create" name="test_create_duration_negative" time="1.003"><failure message="TypeError: int() argument must be a string, a bytes-like object or a number, not 'NoneType'">tests/endpoints/tasks/test_tasks_create.py:369: in test_create_duration_negative
    "projectId": int(project_id),
E   TypeError: int() argument must be a string, a bytes-like object or a number, not 'NoneType'</failure></testcase><testcase classname="tests.endpoints.tasks.test_tasks_create" name="test_create_blank_name" time="1.004"><failure message="TypeError: int() argument must be a string, a bytes-like object or a number, not 'NoneType'">tests/endpoints/tasks/test_tasks_create.py:385: in test_create_blank_name
    "projectId": int(project_id),
E   TypeError: int() argument must be a string, a bytes-like object or a number, not 'NoneType'</failure></testcase><testcase classname="tests.endpoints.tasks.test_tasks_create" name="test_create_with_parent" time="0.001"><skipped type="pytest.skip" message="PROJECT_ID not available">/home/runner/work/api-tests-ganttpro/api-tests-ganttpro/tests/endpoints/tasks/test_tasks_create.py:402: PROJECT_ID not available</skipped></testcase><testcase classname="tests.endpoints.tasks.test_tasks_create" name="test_create_with_resources" time="1.004"><failure message="TypeError: int() argument must be a string, a bytes-like object or a number, not 'NoneType'">tests/endpoints/tasks/test_tasks_create.py:433: in test_create_with_resources
    "projectId": int(project_id),
E   TypeError: int() argument must be a string, a bytes-like object or a number, not 'NoneType'</failure></testcase><testcase classname="tests.endpoints.tasks.test_tasks_create" name="test_create_with_custom_field" time="1.004"><skipped type="pytest.skip" message="CUSTOM_FIELD_ID не задан">/home/runner/work/api-tests-ganttpro/api-tests-ganttpro/tests/endpoints/tasks/test_tasks_create.py:458: CUSTOM_FIELD_ID не задан</skipped></testcase><testcase classname="tests.endpoints.tasks.test_tasks_create" name="test_create_with_deadline" time="1.004"><failure message="TypeError: int() argument must be a string, a bytes-like object or a number, not 'NoneType'">tests/endpoints/tasks/test_tasks_create.py:485: in test_create_with_deadline
    "projectId": int(project_id),
E   TypeError: int() argument must be a string, a bytes-like object or a number, not 'NoneType'</failure></testcase><testcase classname="tests.endpoints.tasks.test_tasks_create" name="test_create_no_dates_sets_defaults" time="1.004"><failure message="TypeError: int() argument must be a string, a bytes-like object or a number, not 'NoneType'">tests/endpoints/tasks/test_tasks_create.py:510: in test_create_no_dates_sets_defaults
    "projectId": int(project_id),
E   TypeError: int() argument must be a string, a bytes-like object or a number, not 'NoneType'</failure></testcase><testcase classname="tests.endpoints.tasks.test_tasks_create" name="test_create_milestone_type" time="1.003"><failure message="TypeError: int() argument must be a string, a bytes-like object or a number, not 'NoneType'">tests/endpoints/tasks/test_tasks_create.py:535: in test_create_milestone_type
    "projectId": int(project_id),
E   TypeError: int() argument must be a string, a bytes-like object or a number, not 'NoneType'</failure></testcase><testcase classname="tests.endpoints.tasks.test_tasks_delete" name="test_delete_success" time="1.003"><skipped type="pytest.skip" message="PROJECT_ID not available">/home/runner/work/api-tests-ganttpro/api-tests-ganttpro/tests/endpoints/tasks/test_tasks_delete.py:7: PROJECT_ID not available</skipped></testcase><testcase classname="tests.endpoints.tasks.test_tasks_delete" name="test_delete_unauthorized" time="1.003"><skipped type="pytest.skip" message="PROJECT_ID not available">/home/runner/work/api-tests-ganttpro/api-tests-ganttpro/tests/endpoints/tasks/test_tasks_delete.py:19: PROJECT_ID not available</skipped></testcase><testcase classname="tests.endpoints.tasks.test_tasks_delete" name="test_delete_invalid_key" time="1.003"><skipped type="pytest.skip" message="PROJECT_ID not available">/home/runner/work/api-tests-ganttpro/api-tests-ganttpro/tests/endpoints/tasks/test_tasks_delete.py:31: PROJECT_ID not available</skipped></testcase><testcase classname="tests.endpoints.tasks.test_tasks_delete" name="test_delete_nonexistent" time="1.200" /><testcase classname="tests.endpoints.tasks.test_tasks_delete_task" name="test_delete_task_unauthorized" time="0.001"><skipped type="pytest.skip" message="PROJECT_ID not available">/home/runner/work/api-tests-ganttpro/api-tests-ganttpro/tests/endpoints/tasks/test_tasks_delete_task.py:7: PROJECT_ID not available</skipped></testcase><testcase classname="tests.endpoints.tasks.test_tasks_delete_task" name="test_delete_task_not_found" time="1.185" /><testcase classname="tests.endpoints.tasks.test_tasks_get_list" name="test_get_list_success" time="1.004"><failure message="TypeError: int() argument must be a string, a bytes-like object or a number, not 'NoneType'">tests/endpoints/tasks/test_tasks_get_list.py:13: in test_get_list_success
    response = client.get("/tasks", params={"projectId": int(project_id)}, headers=auth_headers)
E   TypeError: int() argument must be a string, a bytes-like object or a number, not 'NoneType'</failure></testcase><testcase classname="tests.endpoints.tasks.test_tasks_get_list" name="test_get_list_unauthorized" time="1.003"><failure message="TypeError: int() argument must be a string, a bytes-like object or a number, not 'NoneType'">tests/endpoints/tasks/test_tasks_get_list.py:26: in test_get_list_unauthorized
    response = client.get("/tasks", params={"projectId": int(project_id)}, headers={"Accept": "application/json"})
E   TypeError: int() argument must be a string, a bytes-like object or a number, not 'NoneType'</failure></testcase><testcase classname="tests.endpoints.tasks.test_tasks_get_list" name="test_get_list_invalid_key" time="1.003"><failure message="TypeError: int() argument must be a string, a bytes-like object or a number, not 'NoneType'">tests/endpoints/tasks/test_tasks_get_list.py:37: in test_get_list_invalid_key
    response = client.get("/tasks", params={"projectId": int(project_id)},
E   TypeError: int() argument must be a string, a bytes-like object or a number, not 'NoneType'</failure></testcase><testcase classname="tests.endpoints.tasks.test_tasks_get_list" name="test_get_list_missing_project_id" time="1.165" /><testcase classname="tests.endpoints.tasks.test_tasks_update" name="test_update_success" time="1.003"><skipped type="pytest.skip" message="PROJECT_ID not available">/home/runner/work/api-tests-ganttpro/api-tests-ganttpro/tests/endpoints/tasks/test_tasks_update.py:7: PROJECT_ID not available</skipped></testcase><testcase classname="tests.endpoints.tasks.test_tasks_update" name="test_update_unauthorized" time="1.003"><skipped type="pytest.skip" message="PROJECT_ID not available">/home/runner/work/api-tests-ganttpro/api-tests-ganttpro/tests/endpoints/tasks/test_tasks_update.py:23: PROJECT_ID not available</skipped></testcase><testcase classname="tests.endpoints.tasks.test_tasks_update" name="test_update_invalid_key" time="1.003"><skipped type="pytest.skip" message="PROJECT_ID not available">/home/runner/work/api-tests-ganttpro/api-tests-ganttpro/tests/endpoints/tasks/test_tasks_update.py:38: PROJECT_ID not available</skipped></testcase><testcase classname="tests.endpoints.tasks.test_tasks_update" name="test_update_nonexistent" time="1.190" /><testcase classname="tests.endpoints.tasks.test_tasks_update_task" name="test_update_task_success" time="0.001"><skipped type="pytest.skip" message="PROJECT_ID not available">/home/runner/work/api-tests-ganttpro/api-tests-ganttpro/tests/endpoints/tasks/test_tasks_update_task.py:7: PROJECT_ID not available</skipped></testcase><testcase classname="tests.endpoints.tasks.test_tasks_update_task" name="test_update_task_unauthorized" time="0.001"><skipped type="pytest.skip" message="PROJECT_ID not available">/home/runner/work/api-tests-ganttpro/api-tests-ganttpro/tests/endpoints/tasks/test_tasks_update_task.py:22: PROJECT_ID not available</skipped></testcase><testcase classname="tests.endpoints.tasks.test_tasks_update_task" name="test_update_task_invalid_id" time="1.196" /><testcase classname="tests.endpoints.team.test_team_get" name="test_get_team_success" time="1.183" /><testcase classname="tests.endpoints.team.test_team_get" name="test_get_team_unauthorized" time="1.164" /><testcase classname="tests.endpoints.team.test_team_get" name="test_get_team_invalid_key" time="1.165" /><testcase classname="tests.endpoints.timelogs.test_timelogs_add" name="test_add_time_log_to_task_success" time="1.004"><skipped type="pytest.skip" message="PROJECT_ID not available">/home/runner/work/api-tests-ganttpro/api-tests-ganttpro/tests/endpoints/timelogs/test_timelogs_add.py:7: PROJECT_ID not available</skipped></testcase><testcase classname="tests.endpoints.timelogs.test_timelogs_add" name="test_add_time_log_to_task_unauthorized" time="1.003"><skipped type="pytest.skip" message="PROJECT_ID not available">/home/runner/work/api-tests-ganttpro/api-tests-ganttpro/tests/endpoints/timelogs/test_timelogs_add.py:24: PROJECT_ID not available</skipped></testcase><testcase classname="tests.endpoints.timelogs.test_timelogs_add" name="test_add_time_log_to_task_missing_required_fields" time="1.183" /><testcase classname="tests.endpoints.timelogs.test_timelogs_delete" name="test_delete_time_log_unauthorized" time="0.001"><skipped type="pytest.skip" message="PROJECT_ID not available">/home/runner/work/api-tests-ganttpro/api-tests-ganttpro/tests/endpoints/timelogs/test_timelogs_delete.py:7: PROJECT_ID not available</skipped></testcase><testcase classname="tests.endpoints.timelogs.test_timelogs_delete" name="test_delete_time_log_not_found" time="1.185" /><testcase classname="tests.endpoints.timelogs.test_timelogs_get_by_project" name="test_get_time_log_by_project_id_success" time="1.004"><skipped type="pytest.skip" message="PROJECT_ID not configured in .env">/home/runner/work/api-tests-ganttpro/api-tests-ganttpro/tests/endpoints/timelogs/test_timelogs_get_by_project.py:14: PROJECT_ID not configured in .env</skipped></testcase><testcase classname="tests.endpoints.timelogs.test_timelogs_get_by_project" name="test_get_time_log_by_project_id_unauthorized" time="1.003"><skipped type="pytest.skip" message="PROJECT_ID not configured in .env">/home/runner/work/api-tests-ganttpro/api-tests-ganttpro/tests/endpoints/timelogs/test_timelogs_get_by_project.py:29: PROJECT_ID not configured in .env</skipped></testcase><testcase classname="tests.endpoints.timelogs.test_timelogs_get_by_project" name="test_get_time_log_by_project_id_missing_required_param" time="1.164" /><testcase classname="tests.endpoints.timelogs.test_timelogs_get_list" name="test_get_time_log_list_success" time="1.004"><skipped type="pytest.skip" message="PROJECT_ID not available">/home/runner/work/api-tests-ganttpro/api-tests-ganttpro/tests/endpoints/timelogs/test_timelogs_get_list.py:7: PROJECT_ID not available</skipped></testcase><testcase classname="tests.endpoints.timelogs.test_timelogs_get_list" name="test_get_time_log_list_unauthorized" time="1.003"><skipped type="pytest.skip" message="PROJECT_ID not available">/home/runner/work/api-tests-ganttpro/api-tests-ganttpro/tests/endpoints/timelogs/test_timelogs_get_list.py:20: PROJECT_ID not available</skipped></testcase><testcase classname="tests.endpoints.timelogs.test_timelogs_get_list" name="test_get_time_log_list_missing_required_param" time="1.193" /><testcase classname="tests.endpoints.timelogs.test_timelogs_get_one" name="test_get_time_log_success" time="0.001"><skipped type="pytest.skip" message="PROJECT_ID not available">/home/runner/work/api-tests-ganttpro/api-tests-ganttpro/tests/endpoints/timelogs/test_timelogs_get_one.py:7: PROJECT_ID not available</skipped></testcase><testcase classname="tests.endpoints.timelogs.test_timelogs_get_one" name="test_get_time_log_unauthorized" time="0.001"><skipped type="pytest.skip" message="PROJECT_ID not available">/home/runner/work/api-tests-ganttpro/api-tests-ganttpro/tests/endpoints/timelogs/test_timelogs_get_one.py:21: PROJECT_ID not available</skipped></testcase><testcase classname="tests.endpoints.timelogs.test_timelogs_get_one" name="test_get_time_log_not_found" time="1.194" /><testcase classname="tests.endpoints.timelogs.test_timelogs_update" name="test_update_time_log_success" time="0.001"><skipped type="pytest.skip" message="PROJECT_ID not available">/home/runner/work/api-tests-ganttpro/api-tests-ganttpro/tests/endpoints/timelogs/test_timelogs_update.py:7: PROJECT_ID not available</skipped></testcase><testcase classname="tests.endpoints.timelogs.test_timelogs_update" name="test_update_time_log_unauthorized" time="0.001"><skipped type="pytest.skip" message="PROJECT_ID not available">/home/runner/work/api-tests-ganttpro/api-tests-ganttpro/tests/endpoints/timelogs/test_timelogs_update.py:23: PROJECT_ID not available</skipped></testcase><testcase classname="tests.endpoints.timelogs.test_timelogs_update" name="test_update_time_log_invalid_id" time="1.180" /><testcase classname="tests.scenarios.test_scenario_example" name="test_scenario_example" time="0.001"><skipped type="pytest.skip" message="Scenario tests are placeholder for 2nd iteration">/home/runner/work/api-tests-ganttpro/api-tests-ganttpro/tests/scenarios/test_scenario_example.py:5: Scenario tests are placeholder for 2nd iteration</skipped></testcase><testcase classname="tests.smoke.test_smoke_public_gets" name="test_get_languages_success" time="1.188" /><testcase classname="tests.smoke.test_smoke_public_gets" name="test_get_colors_success" time="1.186" /><testcase classname="tests.smoke.test_smoke_public_gets" name="test_get_account_roles_success" time="1.204" /><testcase classname="tests.smoke.test_smoke_public_gets" name="test_get_project_roles_success" time="1.200" /><testcase classname="tests.smoke.test_smoke_public_gets" name="test_unauthorized_without_api_key" time="1.165" /><testcase classname="tests.smoke.test_smoke_public_gets" name="test_unauthorized_with_invalid_api_key" time="1.182" /></testsuite></testsuites>