<?xml version="1.0" encoding="utf-8"?><testsuites><testsuite name="pytest" errors="82" failures="30" skipped="3" tests="137" time="60.970" timestamp="2026-01-21T08:37:26.170316" hostname="runnervmmtnos"><testcase classname="tests.endpoints.attachments.test_attachments_add" name="test_add_success" time="0.002"><error message="failed on setup with &quot;ValueError: PROJECT_ID environment variable is required but not set. Add it to GitHub Secrets.&quot;">tests/conftest.py:43: in project_id
    raise ValueError("PROJECT_ID environment variable is required but not set. Add it to GitHub Secrets.")
E   ValueError: PROJECT_ID environment variable is required but not set. Add it to GitHub Secrets.</error></testcase><testcase classname="tests.endpoints.attachments.test_attachments_add" name="test_add_unauthorized" time="0.001"><error message="failed on setup with &quot;ValueError: PROJECT_ID environment variable is required but not set. Add it to GitHub Secrets.&quot;">tests/conftest.py:43: in project_id
    raise ValueError("PROJECT_ID environment variable is required but not set. Add it to GitHub Secrets.")
E   ValueError: PROJECT_ID environment variable is required but not set. Add it to GitHub Secrets.</error></testcase><testcase classname="tests.endpoints.attachments.test_attachments_add" name="test_add_missing_fields" time="1.695"><failure message="AssertionError: Expected status 400, got 401. URL: https://api.ganttpro.com/v1.0/attachments, Response: { &quot;statusCode&quot;: 401, &quot;message&quot;: &quot;Access denied due to invalid subscription key. Make sure to provide a valid key for an active subscription.&quot; }">tests/endpoints/attachments/test_attachments_add.py:69: in test_add_missing_fields
    assert_status_code(response, 400)
src/assertions.py:28: in assert_status_code
    assert response.status_code == expected_status, message
E   AssertionError: Expected status 400, got 401. URL: https://api.ganttpro.com/v1.0/attachments, Response: { "statusCode": 401, "message": "Access denied due to invalid subscription key. Make sure to provide a valid key for an active subscription." }</failure></testcase><testcase classname="tests.endpoints.attachments.test_attachments_delete" name="test_delete_attachment_unauthorized" time="0.001"><skipped type="pytest.skip" message="Attachment tests require file upload which is not yet implemented">/home/runner/work/api-tests-ganttpro/api-tests-ganttpro/tests/endpoints/attachments/test_attachments_delete.py:7: Attachment tests require file upload which is not yet implemented</skipped></testcase><testcase classname="tests.endpoints.attachments.test_attachments_delete" name="test_delete_attachment_not_found" time="1.140"><failure message="AssertionError: Expected 404 or 400, got 401&#10;assert 401 in [404, 400]&#10; +  where 401 = &lt;Response [401]&gt;.status_code">tests/endpoints/attachments/test_attachments_delete.py:29: in test_delete_attachment_not_found
    assert response.status_code in [404, 400], f"Expected 404 or 400, got {response.status_code}"
E   AssertionError: Expected 404 or 400, got 401
E   assert 401 in [404, 400]
E    +  where 401 = &lt;Response [401]&gt;.status_code</failure></testcase><testcase classname="tests.endpoints.attachments.test_attachments_delete_by_ids" name="test_delete_attachments_by_ids_success" time="0.001"><skipped type="pytest.skip" message="Attachment tests require file upload which is not yet implemented">/home/runner/work/api-tests-ganttpro/api-tests-ganttpro/tests/endpoints/attachments/test_attachments_delete_by_ids.py:7: Attachment tests require file upload which is not yet implemented</skipped></testcase><testcase classname="tests.endpoints.attachments.test_attachments_delete_by_ids" name="test_delete_attachments_by_ids_unauthorized" time="1.140" /><testcase classname="tests.endpoints.attachments.test_attachments_delete_by_ids" name="test_delete_attachments_by_ids_missing_required_field" time="1.141"><failure message="AssertionError: Expected status 400, got 401. URL: https://api.ganttpro.com/v1.0/attachments/delete/byIds, Response: { &quot;statusCode&quot;: 401, &quot;message&quot;: &quot;Access denied due to invalid subscription key. Make sure to provide a valid key for an active subscription.&quot; }">tests/endpoints/attachments/test_attachments_delete_by_ids.py:44: in test_delete_attachments_by_ids_missing_required_field
    assert_status_code(response, 400)
src/assertions.py:28: in assert_status_code
    assert response.status_code == expected_status, message
E   AssertionError: Expected status 400, got 401. URL: https://api.ganttpro.com/v1.0/attachments/delete/byIds, Response: { "statusCode": 401, "message": "Access denied due to invalid subscription key. Make sure to provide a valid key for an active subscription." }</failure></testcase><testcase classname="tests.endpoints.attachments.test_attachments_get_by_project" name="test_get_attachments_by_project_id_success" time="0.001"><error message="failed on setup with &quot;ValueError: PROJECT_ID environment variable is required but not set. Add it to GitHub Secrets.&quot;">tests/conftest.py:43: in project_id
    raise ValueError("PROJECT_ID environment variable is required but not set. Add it to GitHub Secrets.")
E   ValueError: PROJECT_ID environment variable is required but not set. Add it to GitHub Secrets.</error></testcase><testcase classname="tests.endpoints.attachments.test_attachments_get_by_project" name="test_get_attachments_by_project_id_unauthorized" time="0.000"><error message="failed on setup with &quot;ValueError: PROJECT_ID environment variable is required but not set. Add it to GitHub Secrets.&quot;">tests/conftest.py:43: in project_id
    raise ValueError("PROJECT_ID environment variable is required but not set. Add it to GitHub Secrets.")
E   ValueError: PROJECT_ID environment variable is required but not set. Add it to GitHub Secrets.</error></testcase><testcase classname="tests.endpoints.attachments.test_attachments_get_by_project" name="test_get_attachments_by_project_id_missing_required_param" time="1.141" /><testcase classname="tests.endpoints.attachments.test_attachments_get_list" name="test_get_attachments_list_success" time="0.001"><error message="failed on setup with &quot;ValueError: PROJECT_ID environment variable is required but not set. Add it to GitHub Secrets.&quot;">tests/conftest.py:43: in project_id
    raise ValueError("PROJECT_ID environment variable is required but not set. Add it to GitHub Secrets.")
E   ValueError: PROJECT_ID environment variable is required but not set. Add it to GitHub Secrets.</error></testcase><testcase classname="tests.endpoints.attachments.test_attachments_get_list" name="test_get_attachments_list_unauthorized" time="0.000"><error message="failed on setup with &quot;ValueError: PROJECT_ID environment variable is required but not set. Add it to GitHub Secrets.&quot;">tests/conftest.py:43: in project_id
    raise ValueError("PROJECT_ID environment variable is required but not set. Add it to GitHub Secrets.")
E   ValueError: PROJECT_ID environment variable is required but not set. Add it to GitHub Secrets.</error></testcase><testcase classname="tests.endpoints.attachments.test_attachments_get_list" name="test_get_attachments_list_missing_required_param" time="1.140" /><testcase classname="tests.endpoints.colors.test_colors_get" name="test_get_colors_success" time="1.141"><failure message="AssertionError: Expected status 200, got 401. URL: https://api.ganttpro.com/v1.0/colors, Response: { &quot;statusCode&quot;: 401, &quot;message&quot;: &quot;Access denied due to invalid subscription key. Make sure to provide a valid key for an active subscription.&quot; }">tests/endpoints/colors/test_colors_get.py:15: in test_get_colors_success
    assert_status_code(response, 200)
src/assertions.py:28: in assert_status_code
    assert response.status_code == expected_status, message
E   AssertionError: Expected status 200, got 401. URL: https://api.ganttpro.com/v1.0/colors, Response: { "statusCode": 401, "message": "Access denied due to invalid subscription key. Make sure to provide a valid key for an active subscription." }</failure></testcase><testcase classname="tests.endpoints.colors.test_colors_get" name="test_get_colors_unauthorized" time="1.140" /><testcase classname="tests.endpoints.comments.test_comments_add" name="test_add_comment_to_task_success" time="0.001"><error message="failed on setup with &quot;ValueError: PROJECT_ID environment variable is required but not set. Add it to GitHub Secrets.&quot;">tests/conftest.py:43: in project_id
    raise ValueError("PROJECT_ID environment variable is required but not set. Add it to GitHub Secrets.")
E   ValueError: PROJECT_ID environment variable is required but not set. Add it to GitHub Secrets.</error></testcase><testcase classname="tests.endpoints.comments.test_comments_add" name="test_add_comment_to_task_unauthorized" time="0.001"><error message="failed on setup with &quot;ValueError: PROJECT_ID environment variable is required but not set. Add it to GitHub Secrets.&quot;">tests/conftest.py:43: in project_id
    raise ValueError("PROJECT_ID environment variable is required but not set. Add it to GitHub Secrets.")
E   ValueError: PROJECT_ID environment variable is required but not set. Add it to GitHub Secrets.</error></testcase><testcase classname="tests.endpoints.comments.test_comments_add" name="test_add_comment_to_task_missing_required_fields" time="1.140"><failure message="AssertionError: Expected status 400, got 401. URL: https://api.ganttpro.com/v1.0/comments, Response: { &quot;statusCode&quot;: 401, &quot;message&quot;: &quot;Access denied due to invalid subscription key. Make sure to provide a valid key for an active subscription.&quot; }">tests/endpoints/comments/test_comments_add.py:48: in test_add_comment_to_task_missing_required_fields
    assert_status_code(response, 400)
src/assertions.py:28: in assert_status_code
    assert response.status_code == expected_status, message
E   AssertionError: Expected status 400, got 401. URL: https://api.ganttpro.com/v1.0/comments, Response: { "statusCode": 401, "message": "Access denied due to invalid subscription key. Make sure to provide a valid key for an active subscription." }</failure></testcase><testcase classname="tests.endpoints.comments.test_comments_delete" name="test_delete_comment_unauthorized" time="0.001"><error message="failed on setup with &quot;ValueError: PROJECT_ID environment variable is required but not set. Add it to GitHub Secrets.&quot;">tests/conftest.py:43: in project_id
    raise ValueError("PROJECT_ID environment variable is required but not set. Add it to GitHub Secrets.")
E   ValueError: PROJECT_ID environment variable is required but not set. Add it to GitHub Secrets.</error></testcase><testcase classname="tests.endpoints.comments.test_comments_delete" name="test_delete_comment_not_found" time="1.141"><failure message="AssertionError: Expected 404 or 400, got 401&#10;assert 401 in [404, 400]&#10; +  where 401 = &lt;Response [401]&gt;.status_code">tests/endpoints/comments/test_comments_delete.py:29: in test_delete_comment_not_found
    assert response.status_code in [404, 400], f"Expected 404 or 400, got {response.status_code}"
E   AssertionError: Expected 404 or 400, got 401
E   assert 401 in [404, 400]
E    +  where 401 = &lt;Response [401]&gt;.status_code</failure></testcase><testcase classname="tests.endpoints.comments.test_comments_get_by_project" name="test_get_comments_by_project_id_success" time="0.001"><error message="failed on setup with &quot;ValueError: PROJECT_ID environment variable is required but not set. Add it to GitHub Secrets.&quot;">tests/conftest.py:43: in project_id
    raise ValueError("PROJECT_ID environment variable is required but not set. Add it to GitHub Secrets.")
E   ValueError: PROJECT_ID environment variable is required but not set. Add it to GitHub Secrets.</error></testcase><testcase classname="tests.endpoints.comments.test_comments_get_by_project" name="test_get_comments_by_project_id_unauthorized" time="0.000"><error message="failed on setup with &quot;ValueError: PROJECT_ID environment variable is required but not set. Add it to GitHub Secrets.&quot;">tests/conftest.py:43: in project_id
    raise ValueError("PROJECT_ID environment variable is required but not set. Add it to GitHub Secrets.")
E   ValueError: PROJECT_ID environment variable is required but not set. Add it to GitHub Secrets.</error></testcase><testcase classname="tests.endpoints.comments.test_comments_get_by_project" name="test_get_comments_by_project_id_missing_required_param" time="1.141" /><testcase classname="tests.endpoints.comments.test_comments_get_list" name="test_get_comments_list_success" time="0.001"><error message="failed on setup with &quot;ValueError: PROJECT_ID environment variable is required but not set. Add it to GitHub Secrets.&quot;">tests/conftest.py:43: in project_id
    raise ValueError("PROJECT_ID environment variable is required but not set. Add it to GitHub Secrets.")
E   ValueError: PROJECT_ID environment variable is required but not set. Add it to GitHub Secrets.</error></testcase><testcase classname="tests.endpoints.comments.test_comments_get_list" name="test_get_comments_list_unauthorized" time="0.001"><error message="failed on setup with &quot;ValueError: PROJECT_ID environment variable is required but not set. Add it to GitHub Secrets.&quot;">tests/conftest.py:43: in project_id
    raise ValueError("PROJECT_ID environment variable is required but not set. Add it to GitHub Secrets.")
E   ValueError: PROJECT_ID environment variable is required but not set. Add it to GitHub Secrets.</error></testcase><testcase classname="tests.endpoints.comments.test_comments_get_list" name="test_get_comments_list_missing_required_param" time="1.141" /><testcase classname="tests.endpoints.comments.test_comments_update" name="test_update_comment_success" time="0.001"><error message="failed on setup with &quot;ValueError: PROJECT_ID environment variable is required but not set. Add it to GitHub Secrets.&quot;">tests/conftest.py:43: in project_id
    raise ValueError("PROJECT_ID environment variable is required but not set. Add it to GitHub Secrets.")
E   ValueError: PROJECT_ID environment variable is required but not set. Add it to GitHub Secrets.</error></testcase><testcase classname="tests.endpoints.comments.test_comments_update" name="test_update_comment_unauthorized" time="0.000"><error message="failed on setup with &quot;ValueError: PROJECT_ID environment variable is required but not set. Add it to GitHub Secrets.&quot;">tests/conftest.py:43: in project_id
    raise ValueError("PROJECT_ID environment variable is required but not set. Add it to GitHub Secrets.")
E   ValueError: PROJECT_ID environment variable is required but not set. Add it to GitHub Secrets.</error></testcase><testcase classname="tests.endpoints.comments.test_comments_update" name="test_update_comment_missing_required_field" time="0.000"><error message="failed on setup with &quot;ValueError: PROJECT_ID environment variable is required but not set. Add it to GitHub Secrets.&quot;">tests/conftest.py:43: in project_id
    raise ValueError("PROJECT_ID environment variable is required but not set. Add it to GitHub Secrets.")
E   ValueError: PROJECT_ID environment variable is required but not set. Add it to GitHub Secrets.</error></testcase><testcase classname="tests.endpoints.languages.test_languages_get" name="test_get_languages_success" time="1.141"><failure message="AssertionError: Expected status 200, got 401. URL: https://api.ganttpro.com/v1.0/languages, Response: { &quot;statusCode&quot;: 401, &quot;message&quot;: &quot;Access denied due to invalid subscription key. Make sure to provide a valid key for an active subscription.&quot; }">tests/endpoints/languages/test_languages_get.py:15: in test_get_languages_success
    assert_status_code(response, 200)
src/assertions.py:28: in assert_status_code
    assert response.status_code == expected_status, message
E   AssertionError: Expected status 200, got 401. URL: https://api.ganttpro.com/v1.0/languages, Response: { "statusCode": 401, "message": "Access denied due to invalid subscription key. Make sure to provide a valid key for an active subscription." }</failure></testcase><testcase classname="tests.endpoints.languages.test_languages_get" name="test_get_languages_unauthorized" time="1.141" /><testcase classname="tests.endpoints.links.test_links_create" name="test_create_link_success" time="0.001"><error message="failed on setup with &quot;ValueError: PROJECT_ID environment variable is required but not set. Add it to GitHub Secrets.&quot;">tests/conftest.py:43: in project_id
    raise ValueError("PROJECT_ID environment variable is required but not set. Add it to GitHub Secrets.")
E   ValueError: PROJECT_ID environment variable is required but not set. Add it to GitHub Secrets.</error></testcase><testcase classname="tests.endpoints.links.test_links_create" name="test_create_link_unauthorized" time="1.141" /><testcase classname="tests.endpoints.links.test_links_create" name="test_create_link_missing_required_fields" time="1.141"><failure message="AssertionError: Expected status 400, got 401. URL: https://api.ganttpro.com/v1.0/links, Response: { &quot;statusCode&quot;: 401, &quot;message&quot;: &quot;Access denied due to invalid subscription key. Make sure to provide a valid key for an active subscription.&quot; }">tests/endpoints/links/test_links_create.py:43: in test_create_link_missing_required_fields
    assert_status_code(response, 400)
src/assertions.py:28: in assert_status_code
    assert response.status_code == expected_status, message
E   AssertionError: Expected status 400, got 401. URL: https://api.ganttpro.com/v1.0/links, Response: { "statusCode": 401, "message": "Access denied due to invalid subscription key. Make sure to provide a valid key for an active subscription." }</failure></testcase><testcase classname="tests.endpoints.links.test_links_delete" name="test_delete_link_unauthorized" time="0.001"><error message="failed on setup with &quot;ValueError: PROJECT_ID environment variable is required but not set. Add it to GitHub Secrets.&quot;">tests/conftest.py:43: in project_id
    raise ValueError("PROJECT_ID environment variable is required but not set. Add it to GitHub Secrets.")
E   ValueError: PROJECT_ID environment variable is required but not set. Add it to GitHub Secrets.</error></testcase><testcase classname="tests.endpoints.links.test_links_delete" name="test_delete_link_not_found" time="1.140"><failure message="AssertionError: Expected 404 or 400, got 401&#10;assert 401 in [404, 400]&#10; +  where 401 = &lt;Response [401]&gt;.status_code">tests/endpoints/links/test_links_delete.py:29: in test_delete_link_not_found
    assert response.status_code in [404, 400], f"Expected 404 or 400, got {response.status_code}"
E   AssertionError: Expected 404 or 400, got 401
E   assert 401 in [404, 400]
E    +  where 401 = &lt;Response [401]&gt;.status_code</failure></testcase><testcase classname="tests.endpoints.links.test_links_get" name="test_get_link_success" time="0.001"><error message="failed on setup with &quot;ValueError: PROJECT_ID environment variable is required but not set. Add it to GitHub Secrets.&quot;">tests/conftest.py:43: in project_id
    raise ValueError("PROJECT_ID environment variable is required but not set. Add it to GitHub Secrets.")
E   ValueError: PROJECT_ID environment variable is required but not set. Add it to GitHub Secrets.</error></testcase><testcase classname="tests.endpoints.links.test_links_get" name="test_get_link_unauthorized" time="0.000"><error message="failed on setup with &quot;ValueError: PROJECT_ID environment variable is required but not set. Add it to GitHub Secrets.&quot;">tests/conftest.py:43: in project_id
    raise ValueError("PROJECT_ID environment variable is required but not set. Add it to GitHub Secrets.")
E   ValueError: PROJECT_ID environment variable is required but not set. Add it to GitHub Secrets.</error></testcase><testcase classname="tests.endpoints.links.test_links_get" name="test_get_link_not_found" time="1.142"><failure message="AssertionError: Expected 404 or 400, got 401&#10;assert 401 in [404, 400]&#10; +  where 401 = &lt;Response [401]&gt;.status_code">tests/endpoints/links/test_links_get.py:43: in test_get_link_not_found
    assert response.status_code in [404, 400], f"Expected 404 or 400, got {response.status_code}"
E   AssertionError: Expected 404 or 400, got 401
E   assert 401 in [404, 400]
E    +  where 401 = &lt;Response [401]&gt;.status_code</failure></testcase><testcase classname="tests.endpoints.links.test_links_update" name="test_update_link_success" time="0.001"><error message="failed on setup with &quot;ValueError: PROJECT_ID environment variable is required but not set. Add it to GitHub Secrets.&quot;">tests/conftest.py:43: in project_id
    raise ValueError("PROJECT_ID environment variable is required but not set. Add it to GitHub Secrets.")
E   ValueError: PROJECT_ID environment variable is required but not set. Add it to GitHub Secrets.</error></testcase><testcase classname="tests.endpoints.links.test_links_update" name="test_update_link_unauthorized" time="0.000"><error message="failed on setup with &quot;ValueError: PROJECT_ID environment variable is required but not set. Add it to GitHub Secrets.&quot;">tests/conftest.py:43: in project_id
    raise ValueError("PROJECT_ID environment variable is required but not set. Add it to GitHub Secrets.")
E   ValueError: PROJECT_ID environment variable is required but not set. Add it to GitHub Secrets.</error></testcase><testcase classname="tests.endpoints.links.test_links_update" name="test_update_link_invalid_id" time="1.140"><failure message="AssertionError: Expected 400 or 404, got 401&#10;assert 401 in [400, 404]&#10; +  where 401 = &lt;Response [401]&gt;.status_code">tests/endpoints/links/test_links_update.py:47: in test_update_link_invalid_id
    assert response.status_code in [400, 404], f"Expected 400 or 404, got {response.status_code}"
E   AssertionError: Expected 400 or 404, got 401
E   assert 401 in [400, 404]
E    +  where 401 = &lt;Response [401]&gt;.status_code</failure></testcase><testcase classname="tests.endpoints.projects.test_projects_get_list" name="test_get_projects_list_success" time="1.140"><failure message="AssertionError: Expected status 200, got 401. URL: https://api.ganttpro.com/v1.0/projects, Response: { &quot;statusCode&quot;: 401, &quot;message&quot;: &quot;Access denied due to invalid subscription key. Make sure to provide a valid key for an active subscription.&quot; }">tests/endpoints/projects/test_projects_get_list.py:15: in test_get_projects_list_success
    assert_status_code(response, 200)
src/assertions.py:28: in assert_status_code
    assert response.status_code == expected_status, message
E   AssertionError: Expected status 200, got 401. URL: https://api.ganttpro.com/v1.0/projects, Response: { "statusCode": 401, "message": "Access denied due to invalid subscription key. Make sure to provide a valid key for an active subscription." }</failure></testcase><testcase classname="tests.endpoints.projects.test_projects_get_list" name="test_get_projects_list_unauthorized" time="1.141" /><testcase classname="tests.endpoints.projects.test_projects_get_list" name="test_get_projects_list_invalid_key" time="1.141" /><testcase classname="tests.endpoints.resources.test_resources_get" name="test_get_resources_list_success" time="1.141"><failure message="AssertionError: Expected status 200, got 401. URL: https://api.ganttpro.com/v1.0/resources, Response: { &quot;statusCode&quot;: 401, &quot;message&quot;: &quot;Access denied due to invalid subscription key. Make sure to provide a valid key for an active subscription.&quot; }">tests/endpoints/resources/test_resources_get.py:14: in test_get_resources_list_success
    assert_status_code(response, 200)
src/assertions.py:28: in assert_status_code
    assert response.status_code == expected_status, message
E   AssertionError: Expected status 200, got 401. URL: https://api.ganttpro.com/v1.0/resources, Response: { "statusCode": 401, "message": "Access denied due to invalid subscription key. Make sure to provide a valid key for an active subscription." }</failure></testcase><testcase classname="tests.endpoints.resources.test_resources_get" name="test_get_resources_list_unauthorized" time="1.141" /><testcase classname="tests.endpoints.resources.test_resources_get" name="test_get_resources_list_invalid_key" time="1.140" /><testcase classname="tests.endpoints.resources.test_resources_get_list" name="test_get_resources_list_success" time="1.142"><failure message="AssertionError: Expected status 200, got 401. URL: https://api.ganttpro.com/v1.0/resources, Response: { &quot;statusCode&quot;: 401, &quot;message&quot;: &quot;Access denied due to invalid subscription key. Make sure to provide a valid key for an active subscription.&quot; }">tests/endpoints/resources/test_resources_get_list.py:15: in test_get_resources_list_success
    assert_status_code(response, 200)
src/assertions.py:28: in assert_status_code
    assert response.status_code == expected_status, message
E   AssertionError: Expected status 200, got 401. URL: https://api.ganttpro.com/v1.0/resources, Response: { "statusCode": 401, "message": "Access denied due to invalid subscription key. Make sure to provide a valid key for an active subscription." }</failure></testcase><testcase classname="tests.endpoints.resources.test_resources_get_list" name="test_get_resources_list_unauthorized" time="1.142" /><testcase classname="tests.endpoints.roles.test_roles_account_get" name="test_get_account_roles_success" time="1.141"><failure message="AssertionError: Expected status 200, got 401. URL: https://api.ganttpro.com/v1.0/roles/account, Response: { &quot;statusCode&quot;: 401, &quot;message&quot;: &quot;Access denied due to invalid subscription key. Make sure to provide a valid key for an active subscription.&quot; }">tests/endpoints/roles/test_roles_account_get.py:15: in test_get_account_roles_success
    assert_status_code(response, 200)
src/assertions.py:28: in assert_status_code
    assert response.status_code == expected_status, message
E   AssertionError: Expected status 200, got 401. URL: https://api.ganttpro.com/v1.0/roles/account, Response: { "statusCode": 401, "message": "Access denied due to invalid subscription key. Make sure to provide a valid key for an active subscription." }</failure></testcase><testcase classname="tests.endpoints.roles.test_roles_account_get" name="test_get_account_roles_unauthorized" time="1.141" /><testcase classname="tests.endpoints.roles.test_roles_project_get" name="test_get_project_roles_success" time="1.142"><failure message="AssertionError: Expected status 200, got 401. URL: https://api.ganttpro.com/v1.0/roles/project, Response: { &quot;statusCode&quot;: 401, &quot;message&quot;: &quot;Access denied due to invalid subscription key. Make sure to provide a valid key for an active subscription.&quot; }">tests/endpoints/roles/test_roles_project_get.py:15: in test_get_project_roles_success
    assert_status_code(response, 200)
src/assertions.py:28: in assert_status_code
    assert response.status_code == expected_status, message
E   AssertionError: Expected status 200, got 401. URL: https://api.ganttpro.com/v1.0/roles/project, Response: { "statusCode": 401, "message": "Access denied due to invalid subscription key. Make sure to provide a valid key for an active subscription." }</failure></testcase><testcase classname="tests.endpoints.roles.test_roles_project_get" name="test_get_project_roles_unauthorized" time="1.141" /><testcase classname="tests.endpoints.tasks.test_tasks_assign_resource" name="test_assign_resource_to_task_success" time="0.001"><error message="failed on setup with &quot;ValueError: PROJECT_ID environment variable is required but not set. Add it to GitHub Secrets.&quot;">tests/conftest.py:43: in project_id
    raise ValueError("PROJECT_ID environment variable is required but not set. Add it to GitHub Secrets.")
E   ValueError: PROJECT_ID environment variable is required but not set. Add it to GitHub Secrets.</error></testcase><testcase classname="tests.endpoints.tasks.test_tasks_assign_resource" name="test_assign_resource_unauthorized" time="0.001"><error message="failed on setup with &quot;ValueError: PROJECT_ID environment variable is required but not set. Add it to GitHub Secrets.&quot;">tests/conftest.py:43: in project_id
    raise ValueError("PROJECT_ID environment variable is required but not set. Add it to GitHub Secrets.")
E   ValueError: PROJECT_ID environment variable is required but not set. Add it to GitHub Secrets.</error></testcase><testcase classname="tests.endpoints.tasks.test_tasks_assign_resource" name="test_assign_resource_invalid_key" time="0.000"><error message="failed on setup with &quot;ValueError: PROJECT_ID environment variable is required but not set. Add it to GitHub Secrets.&quot;">tests/conftest.py:43: in project_id
    raise ValueError("PROJECT_ID environment variable is required but not set. Add it to GitHub Secrets.")
E   ValueError: PROJECT_ID environment variable is required but not set. Add it to GitHub Secrets.</error></testcase><testcase classname="tests.endpoints.tasks.test_tasks_assign_resource" name="test_assign_resource_missing_required_field" time="0.001"><error message="failed on setup with &quot;ValueError: PROJECT_ID environment variable is required but not set. Add it to GitHub Secrets.&quot;">tests/conftest.py:43: in project_id
    raise ValueError("PROJECT_ID environment variable is required but not set. Add it to GitHub Secrets.")
E   ValueError: PROJECT_ID environment variable is required but not set. Add it to GitHub Secrets.</error></testcase><testcase classname="tests.endpoints.tasks.test_tasks_assign_resource_delete" name="test_delete_assign_from_task_success" time="0.001"><error message="failed on setup with &quot;ValueError: PROJECT_ID environment variable is required but not set. Add it to GitHub Secrets.&quot;">tests/conftest.py:43: in project_id
    raise ValueError("PROJECT_ID environment variable is required but not set. Add it to GitHub Secrets.")
E   ValueError: PROJECT_ID environment variable is required but not set. Add it to GitHub Secrets.</error></testcase><testcase classname="tests.endpoints.tasks.test_tasks_assign_resource_delete" name="test_delete_assign_from_task_unauthorized" time="0.000"><error message="failed on setup with &quot;ValueError: PROJECT_ID environment variable is required but not set. Add it to GitHub Secrets.&quot;">tests/conftest.py:43: in project_id
    raise ValueError("PROJECT_ID environment variable is required but not set. Add it to GitHub Secrets.")
E   ValueError: PROJECT_ID environment variable is required but not set. Add it to GitHub Secrets.</error></testcase><testcase classname="tests.endpoints.tasks.test_tasks_assign_resource_delete" name="test_delete_assign_from_task_missing_required_param" time="0.000"><error message="failed on setup with &quot;ValueError: PROJECT_ID environment variable is required but not set. Add it to GitHub Secrets.&quot;">tests/conftest.py:43: in project_id
    raise ValueError("PROJECT_ID environment variable is required but not set. Add it to GitHub Secrets.")
E   ValueError: PROJECT_ID environment variable is required but not set. Add it to GitHub Secrets.</error></testcase><testcase classname="tests.endpoints.tasks.test_tasks_assign_resource_post" name="test_assign_resources_to_task_success" time="0.001"><error message="failed on setup with &quot;ValueError: PROJECT_ID environment variable is required but not set. Add it to GitHub Secrets.&quot;">tests/conftest.py:43: in project_id
    raise ValueError("PROJECT_ID environment variable is required but not set. Add it to GitHub Secrets.")
E   ValueError: PROJECT_ID environment variable is required but not set. Add it to GitHub Secrets.</error></testcase><testcase classname="tests.endpoints.tasks.test_tasks_assign_resource_post" name="test_assign_resources_to_task_unauthorized" time="0.001"><error message="failed on setup with &quot;ValueError: PROJECT_ID environment variable is required but not set. Add it to GitHub Secrets.&quot;">tests/conftest.py:43: in project_id
    raise ValueError("PROJECT_ID environment variable is required but not set. Add it to GitHub Secrets.")
E   ValueError: PROJECT_ID environment variable is required but not set. Add it to GitHub Secrets.</error></testcase><testcase classname="tests.endpoints.tasks.test_tasks_assign_resource_post" name="test_assign_resources_to_task_missing_required_field" time="0.001"><error message="failed on setup with &quot;ValueError: PROJECT_ID environment variable is required but not set. Add it to GitHub Secrets.&quot;">tests/conftest.py:43: in project_id
    raise ValueError("PROJECT_ID environment variable is required but not set. Add it to GitHub Secrets.")
E   ValueError: PROJECT_ID environment variable is required but not set. Add it to GitHub Secrets.</error></testcase><testcase classname="tests.endpoints.tasks.test_tasks_assign_resource_put" name="test_update_task_resource_success" time="0.001"><error message="failed on setup with &quot;ValueError: PROJECT_ID environment variable is required but not set. Add it to GitHub Secrets.&quot;">tests/conftest.py:43: in project_id
    raise ValueError("PROJECT_ID environment variable is required but not set. Add it to GitHub Secrets.")
E   ValueError: PROJECT_ID environment variable is required but not set. Add it to GitHub Secrets.</error></testcase><testcase classname="tests.endpoints.tasks.test_tasks_assign_resource_put" name="test_update_task_resource_unauthorized" time="0.000"><error message="failed on setup with &quot;ValueError: PROJECT_ID environment variable is required but not set. Add it to GitHub Secrets.&quot;">tests/conftest.py:43: in project_id
    raise ValueError("PROJECT_ID environment variable is required but not set. Add it to GitHub Secrets.")
E   ValueError: PROJECT_ID environment variable is required but not set. Add it to GitHub Secrets.</error></testcase><testcase classname="tests.endpoints.tasks.test_tasks_assign_resource_put" name="test_update_task_resource_missing_required_field" time="0.000"><error message="failed on setup with &quot;ValueError: PROJECT_ID environment variable is required but not set. Add it to GitHub Secrets.&quot;">tests/conftest.py:43: in project_id
    raise ValueError("PROJECT_ID environment variable is required but not set. Add it to GitHub Secrets.")
E   ValueError: PROJECT_ID environment variable is required but not set. Add it to GitHub Secrets.</error></testcase><testcase classname="tests.endpoints.tasks.test_tasks_create" name="test_create_success" time="0.000"><error message="failed on setup with &quot;ValueError: PROJECT_ID environment variable is required but not set. Add it to GitHub Secrets.&quot;">tests/conftest.py:43: in project_id
    raise ValueError("PROJECT_ID environment variable is required but not set. Add it to GitHub Secrets.")
E   ValueError: PROJECT_ID environment variable is required but not set. Add it to GitHub Secrets.</error></testcase><testcase classname="tests.endpoints.tasks.test_tasks_create" name="test_create_unauthorized" time="0.000"><error message="failed on setup with &quot;ValueError: PROJECT_ID environment variable is required but not set. Add it to GitHub Secrets.&quot;">tests/conftest.py:43: in project_id
    raise ValueError("PROJECT_ID environment variable is required but not set. Add it to GitHub Secrets.")
E   ValueError: PROJECT_ID environment variable is required but not set. Add it to GitHub Secrets.</error></testcase><testcase classname="tests.endpoints.tasks.test_tasks_create" name="test_create_invalid_key" time="0.000"><error message="failed on setup with &quot;ValueError: PROJECT_ID environment variable is required but not set. Add it to GitHub Secrets.&quot;">tests/conftest.py:43: in project_id
    raise ValueError("PROJECT_ID environment variable is required but not set. Add it to GitHub Secrets.")
E   ValueError: PROJECT_ID environment variable is required but not set. Add it to GitHub Secrets.</error></testcase><testcase classname="tests.endpoints.tasks.test_tasks_create" name="test_create_missing_name" time="0.000"><error message="failed on setup with &quot;ValueError: PROJECT_ID environment variable is required but not set. Add it to GitHub Secrets.&quot;">tests/conftest.py:43: in project_id
    raise ValueError("PROJECT_ID environment variable is required but not set. Add it to GitHub Secrets.")
E   ValueError: PROJECT_ID environment variable is required but not set. Add it to GitHub Secrets.</error></testcase><testcase classname="tests.endpoints.tasks.test_tasks_create" name="test_create_defaults" time="0.000"><error message="failed on setup with &quot;ValueError: PROJECT_ID environment variable is required but not set. Add it to GitHub Secrets.&quot;">tests/conftest.py:43: in project_id
    raise ValueError("PROJECT_ID environment variable is required but not set. Add it to GitHub Secrets.")
E   ValueError: PROJECT_ID environment variable is required but not set. Add it to GitHub Secrets.</error></testcase><testcase classname="tests.endpoints.tasks.test_tasks_create" name="test_create_start_duration_calculates_end" time="0.000"><error message="failed on setup with &quot;ValueError: PROJECT_ID environment variable is required but not set. Add it to GitHub Secrets.&quot;">tests/conftest.py:43: in project_id
    raise ValueError("PROJECT_ID environment variable is required but not set. Add it to GitHub Secrets.")
E   ValueError: PROJECT_ID environment variable is required but not set. Add it to GitHub Secrets.</error></testcase><testcase classname="tests.endpoints.tasks.test_tasks_create" name="test_create_end_duration_calculates_start" time="0.000"><error message="failed on setup with &quot;ValueError: PROJECT_ID environment variable is required but not set. Add it to GitHub Secrets.&quot;">tests/conftest.py:43: in project_id
    raise ValueError("PROJECT_ID environment variable is required but not set. Add it to GitHub Secrets.")
E   ValueError: PROJECT_ID environment variable is required but not set. Add it to GitHub Secrets.</error></testcase><testcase classname="tests.endpoints.tasks.test_tasks_create" name="test_create_invalid_progress" time="0.000"><error message="failed on setup with &quot;ValueError: PROJECT_ID environment variable is required but not set. Add it to GitHub Secrets.&quot;">tests/conftest.py:43: in project_id
    raise ValueError("PROJECT_ID environment variable is required but not set. Add it to GitHub Secrets.")
E   ValueError: PROJECT_ID environment variable is required but not set. Add it to GitHub Secrets.</error></testcase><testcase classname="tests.endpoints.tasks.test_tasks_create" name="test_create_invalid_color" time="0.000"><error message="failed on setup with &quot;ValueError: PROJECT_ID environment variable is required but not set. Add it to GitHub Secrets.&quot;">tests/conftest.py:43: in project_id
    raise ValueError("PROJECT_ID environment variable is required but not set. Add it to GitHub Secrets.")
E   ValueError: PROJECT_ID environment variable is required but not set. Add it to GitHub Secrets.</error></testcase><testcase classname="tests.endpoints.tasks.test_tasks_create" name="test_create_missing_project_id" time="1.140"><failure message="AssertionError: Expected status 400, got 401. URL: https://api.ganttpro.com/v1.0/tasks, Response: { &quot;statusCode&quot;: 401, &quot;message&quot;: &quot;Access denied due to invalid subscription key. Make sure to provide a valid key for an active subscription.&quot; }">tests/endpoints/tasks/test_tasks_create.py:199: in test_create_missing_project_id
    assert_status_code(response, 400)
src/assertions.py:28: in assert_status_code
    assert response.status_code == expected_status, message
E   AssertionError: Expected status 400, got 401. URL: https://api.ganttpro.com/v1.0/tasks, Response: { "statusCode": 401, "message": "Access denied due to invalid subscription key. Make sure to provide a valid key for an active subscription." }</failure></testcase><testcase classname="tests.endpoints.tasks.test_tasks_create" name="test_create_start_only_uses_default_duration" time="0.001"><error message="failed on setup with &quot;ValueError: PROJECT_ID environment variable is required but not set. Add it to GitHub Secrets.&quot;">tests/conftest.py:43: in project_id
    raise ValueError("PROJECT_ID environment variable is required but not set. Add it to GitHub Secrets.")
E   ValueError: PROJECT_ID environment variable is required but not set. Add it to GitHub Secrets.</error></testcase><testcase classname="tests.endpoints.tasks.test_tasks_create" name="test_create_duration_only_sets_dates" time="0.000"><error message="failed on setup with &quot;ValueError: PROJECT_ID environment variable is required but not set. Add it to GitHub Secrets.&quot;">tests/conftest.py:43: in project_id
    raise ValueError("PROJECT_ID environment variable is required but not set. Add it to GitHub Secrets.")
E   ValueError: PROJECT_ID environment variable is required but not set. Add it to GitHub Secrets.</error></testcase><testcase classname="tests.endpoints.tasks.test_tasks_create" name="test_create_all_dates_recalculates_end" time="0.000"><error message="failed on setup with &quot;ValueError: PROJECT_ID environment variable is required but not set. Add it to GitHub Secrets.&quot;">tests/conftest.py:43: in project_id
    raise ValueError("PROJECT_ID environment variable is required but not set. Add it to GitHub Secrets.")
E   ValueError: PROJECT_ID environment variable is required but not set. Add it to GitHub Secrets.</error></testcase><testcase classname="tests.endpoints.tasks.test_tasks_create" name="test_create_progress_max_valid" time="0.000"><error message="failed on setup with &quot;ValueError: PROJECT_ID environment variable is required but not set. Add it to GitHub Secrets.&quot;">tests/conftest.py:43: in project_id
    raise ValueError("PROJECT_ID environment variable is required but not set. Add it to GitHub Secrets.")
E   ValueError: PROJECT_ID environment variable is required but not set. Add it to GitHub Secrets.</error></testcase><testcase classname="tests.endpoints.tasks.test_tasks_create" name="test_create_progress_negative" time="0.000"><error message="failed on setup with &quot;ValueError: PROJECT_ID environment variable is required but not set. Add it to GitHub Secrets.&quot;">tests/conftest.py:43: in project_id
    raise ValueError("PROJECT_ID environment variable is required but not set. Add it to GitHub Secrets.")
E   ValueError: PROJECT_ID environment variable is required but not set. Add it to GitHub Secrets.</error></testcase><testcase classname="tests.endpoints.tasks.test_tasks_create" name="test_create_color_min_max" time="0.000"><error message="failed on setup with &quot;ValueError: PROJECT_ID environment variable is required but not set. Add it to GitHub Secrets.&quot;">tests/conftest.py:43: in project_id
    raise ValueError("PROJECT_ID environment variable is required but not set. Add it to GitHub Secrets.")
E   ValueError: PROJECT_ID environment variable is required but not set. Add it to GitHub Secrets.</error></testcase><testcase classname="tests.endpoints.tasks.test_tasks_create" name="test_create_duration_zero" time="0.000"><error message="failed on setup with &quot;ValueError: PROJECT_ID environment variable is required but not set. Add it to GitHub Secrets.&quot;">tests/conftest.py:43: in project_id
    raise ValueError("PROJECT_ID environment variable is required but not set. Add it to GitHub Secrets.")
E   ValueError: PROJECT_ID environment variable is required but not set. Add it to GitHub Secrets.</error></testcase><testcase classname="tests.endpoints.tasks.test_tasks_create" name="test_create_duration_negative" time="0.000"><error message="failed on setup with &quot;ValueError: PROJECT_ID environment variable is required but not set. Add it to GitHub Secrets.&quot;">tests/conftest.py:43: in project_id
    raise ValueError("PROJECT_ID environment variable is required but not set. Add it to GitHub Secrets.")
E   ValueError: PROJECT_ID environment variable is required but not set. Add it to GitHub Secrets.</error></testcase><testcase classname="tests.endpoints.tasks.test_tasks_create" name="test_create_blank_name" time="0.000"><error message="failed on setup with &quot;ValueError: PROJECT_ID environment variable is required but not set. Add it to GitHub Secrets.&quot;">tests/conftest.py:43: in project_id
    raise ValueError("PROJECT_ID environment variable is required but not set. Add it to GitHub Secrets.")
E   ValueError: PROJECT_ID environment variable is required but not set. Add it to GitHub Secrets.</error></testcase><testcase classname="tests.endpoints.tasks.test_tasks_create" name="test_create_with_parent" time="0.000"><error message="failed on setup with &quot;ValueError: PROJECT_ID environment variable is required but not set. Add it to GitHub Secrets.&quot;">tests/conftest.py:43: in project_id
    raise ValueError("PROJECT_ID environment variable is required but not set. Add it to GitHub Secrets.")
E   ValueError: PROJECT_ID environment variable is required but not set. Add it to GitHub Secrets.</error></testcase><testcase classname="tests.endpoints.tasks.test_tasks_create" name="test_create_with_resources" time="0.000"><error message="failed on setup with &quot;ValueError: PROJECT_ID environment variable is required but not set. Add it to GitHub Secrets.&quot;">tests/conftest.py:43: in project_id
    raise ValueError("PROJECT_ID environment variable is required but not set. Add it to GitHub Secrets.")
E   ValueError: PROJECT_ID environment variable is required but not set. Add it to GitHub Secrets.</error></testcase><testcase classname="tests.endpoints.tasks.test_tasks_create" name="test_create_with_custom_field" time="0.000"><error message="failed on setup with &quot;ValueError: PROJECT_ID environment variable is required but not set. Add it to GitHub Secrets.&quot;">tests/conftest.py:43: in project_id
    raise ValueError("PROJECT_ID environment variable is required but not set. Add it to GitHub Secrets.")
E   ValueError: PROJECT_ID environment variable is required but not set. Add it to GitHub Secrets.</error></testcase><testcase classname="tests.endpoints.tasks.test_tasks_create" name="test_create_with_deadline" time="0.000"><error message="failed on setup with &quot;ValueError: PROJECT_ID environment variable is required but not set. Add it to GitHub Secrets.&quot;">tests/conftest.py:43: in project_id
    raise ValueError("PROJECT_ID environment variable is required but not set. Add it to GitHub Secrets.")
E   ValueError: PROJECT_ID environment variable is required but not set. Add it to GitHub Secrets.</error></testcase><testcase classname="tests.endpoints.tasks.test_tasks_create" name="test_create_no_dates_sets_defaults" time="0.000"><error message="failed on setup with &quot;ValueError: PROJECT_ID environment variable is required but not set. Add it to GitHub Secrets.&quot;">tests/conftest.py:43: in project_id
    raise ValueError("PROJECT_ID environment variable is required but not set. Add it to GitHub Secrets.")
E   ValueError: PROJECT_ID environment variable is required but not set. Add it to GitHub Secrets.</error></testcase><testcase classname="tests.endpoints.tasks.test_tasks_create" name="test_create_milestone_type" time="0.000"><error message="failed on setup with &quot;ValueError: PROJECT_ID environment variable is required but not set. Add it to GitHub Secrets.&quot;">tests/conftest.py:43: in project_id
    raise ValueError("PROJECT_ID environment variable is required but not set. Add it to GitHub Secrets.")
E   ValueError: PROJECT_ID environment variable is required but not set. Add it to GitHub Secrets.</error></testcase><testcase classname="tests.endpoints.tasks.test_tasks_delete" name="test_delete_success" time="0.001"><error message="failed on setup with &quot;ValueError: PROJECT_ID environment variable is required but not set. Add it to GitHub Secrets.&quot;">tests/conftest.py:43: in project_id
    raise ValueError("PROJECT_ID environment variable is required but not set. Add it to GitHub Secrets.")
E   ValueError: PROJECT_ID environment variable is required but not set. Add it to GitHub Secrets.</error></testcase><testcase classname="tests.endpoints.tasks.test_tasks_delete" name="test_delete_unauthorized" time="0.000"><error message="failed on setup with &quot;ValueError: PROJECT_ID environment variable is required but not set. Add it to GitHub Secrets.&quot;">tests/conftest.py:43: in project_id
    raise ValueError("PROJECT_ID environment variable is required but not set. Add it to GitHub Secrets.")
E   ValueError: PROJECT_ID environment variable is required but not set. Add it to GitHub Secrets.</error></testcase><testcase classname="tests.endpoints.tasks.test_tasks_delete" name="test_delete_invalid_key" time="0.000"><error message="failed on setup with &quot;ValueError: PROJECT_ID environment variable is required but not set. Add it to GitHub Secrets.&quot;">tests/conftest.py:43: in project_id
    raise ValueError("PROJECT_ID environment variable is required but not set. Add it to GitHub Secrets.")
E   ValueError: PROJECT_ID environment variable is required but not set. Add it to GitHub Secrets.</error></testcase><testcase classname="tests.endpoints.tasks.test_tasks_delete" name="test_delete_nonexistent" time="1.140"><failure message="assert 401 in [400, 404, 500]&#10; +  where 401 = &lt;Response [401]&gt;.status_code">tests/endpoints/tasks/test_tasks_delete.py:52: in test_delete_nonexistent
    assert response.status_code in [400, 404, 500]
E   assert 401 in [400, 404, 500]
E    +  where 401 = &lt;Response [401]&gt;.status_code</failure></testcase><testcase classname="tests.endpoints.tasks.test_tasks_delete_task" name="test_delete_task_unauthorized" time="0.001"><error message="failed on setup with &quot;ValueError: PROJECT_ID environment variable is required but not set. Add it to GitHub Secrets.&quot;">tests/conftest.py:43: in project_id
    raise ValueError("PROJECT_ID environment variable is required but not set. Add it to GitHub Secrets.")
E   ValueError: PROJECT_ID environment variable is required but not set. Add it to GitHub Secrets.</error></testcase><testcase classname="tests.endpoints.tasks.test_tasks_delete_task" name="test_delete_task_not_found" time="1.141"><failure message="AssertionError: Expected 404 or 400, got 401&#10;assert 401 in [404, 400]&#10; +  where 401 = &lt;Response [401]&gt;.status_code">tests/endpoints/tasks/test_tasks_delete_task.py:29: in test_delete_task_not_found
    assert response.status_code in [404, 400], f"Expected 404 or 400, got {response.status_code}"
E   AssertionError: Expected 404 or 400, got 401
E   assert 401 in [404, 400]
E    +  where 401 = &lt;Response [401]&gt;.status_code</failure></testcase><testcase classname="tests.endpoints.tasks.test_tasks_get_list" name="test_get_list_success" time="0.001"><error message="failed on setup with &quot;ValueError: PROJECT_ID environment variable is required but not set. Add it to GitHub Secrets.&quot;">tests/conftest.py:43: in project_id
    raise ValueError("PROJECT_ID environment variable is required but not set. Add it to GitHub Secrets.")
E   ValueError: PROJECT_ID environment variable is required but not set. Add it to GitHub Secrets.</error></testcase><testcase classname="tests.endpoints.tasks.test_tasks_get_list" name="test_get_list_unauthorized" time="0.000"><error message="failed on setup with &quot;ValueError: PROJECT_ID environment variable is required but not set. Add it to GitHub Secrets.&quot;">tests/conftest.py:43: in project_id
    raise ValueError("PROJECT_ID environment variable is required but not set. Add it to GitHub Secrets.")
E   ValueError: PROJECT_ID environment variable is required but not set. Add it to GitHub Secrets.</error></testcase><testcase classname="tests.endpoints.tasks.test_tasks_get_list" name="test_get_list_invalid_key" time="0.000"><error message="failed on setup with &quot;ValueError: PROJECT_ID environment variable is required but not set. Add it to GitHub Secrets.&quot;">tests/conftest.py:43: in project_id
    raise ValueError("PROJECT_ID environment variable is required but not set. Add it to GitHub Secrets.")
E   ValueError: PROJECT_ID environment variable is required but not set. Add it to GitHub Secrets.</error></testcase><testcase classname="tests.endpoints.tasks.test_tasks_get_list" name="test_get_list_missing_project_id" time="1.141" /><testcase classname="tests.endpoints.tasks.test_tasks_update" name="test_update_success" time="0.001"><error message="failed on setup with &quot;ValueError: PROJECT_ID environment variable is required but not set. Add it to GitHub Secrets.&quot;">tests/conftest.py:43: in project_id
    raise ValueError("PROJECT_ID environment variable is required but not set. Add it to GitHub Secrets.")
E   ValueError: PROJECT_ID environment variable is required but not set. Add it to GitHub Secrets.</error></testcase><testcase classname="tests.endpoints.tasks.test_tasks_update" name="test_update_unauthorized" time="0.000"><error message="failed on setup with &quot;ValueError: PROJECT_ID environment variable is required but not set. Add it to GitHub Secrets.&quot;">tests/conftest.py:43: in project_id
    raise ValueError("PROJECT_ID environment variable is required but not set. Add it to GitHub Secrets.")
E   ValueError: PROJECT_ID environment variable is required but not set. Add it to GitHub Secrets.</error></testcase><testcase classname="tests.endpoints.tasks.test_tasks_update" name="test_update_invalid_key" time="0.000"><error message="failed on setup with &quot;ValueError: PROJECT_ID environment variable is required but not set. Add it to GitHub Secrets.&quot;">tests/conftest.py:43: in project_id
    raise ValueError("PROJECT_ID environment variable is required but not set. Add it to GitHub Secrets.")
E   ValueError: PROJECT_ID environment variable is required but not set. Add it to GitHub Secrets.</error></testcase><testcase classname="tests.endpoints.tasks.test_tasks_update" name="test_update_nonexistent" time="1.141"><failure message="assert 401 in [400, 404, 429, 500]&#10; +  where 401 = &lt;Response [401]&gt;.status_code">tests/endpoints/tasks/test_tasks_update.py:65: in test_update_nonexistent
    assert response.status_code in [400, 404, 429, 500]
E   assert 401 in [400, 404, 429, 500]
E    +  where 401 = &lt;Response [401]&gt;.status_code</failure></testcase><testcase classname="tests.endpoints.tasks.test_tasks_update_task" name="test_update_task_success" time="0.001"><error message="failed on setup with &quot;ValueError: PROJECT_ID environment variable is required but not set. Add it to GitHub Secrets.&quot;">tests/conftest.py:43: in project_id
    raise ValueError("PROJECT_ID environment variable is required but not set. Add it to GitHub Secrets.")
E   ValueError: PROJECT_ID environment variable is required but not set. Add it to GitHub Secrets.</error></testcase><testcase classname="tests.endpoints.tasks.test_tasks_update_task" name="test_update_task_unauthorized" time="0.001"><error message="failed on setup with &quot;ValueError: PROJECT_ID environment variable is required but not set. Add it to GitHub Secrets.&quot;">tests/conftest.py:43: in project_id
    raise ValueError("PROJECT_ID environment variable is required but not set. Add it to GitHub Secrets.")
E   ValueError: PROJECT_ID environment variable is required but not set. Add it to GitHub Secrets.</error></testcase><testcase classname="tests.endpoints.tasks.test_tasks_update_task" name="test_update_task_invalid_id" time="1.142"><failure message="AssertionError: Expected 400, 404, or 429, got 401&#10;assert 401 in [400, 404, 429]&#10; +  where 401 = &lt;Response [401]&gt;.status_code">tests/endpoints/tasks/test_tasks_update_task.py:44: in test_update_task_invalid_id
    assert response.status_code in [400, 404, 429], f"Expected 400, 404, or 429, got {response.status_code}"
E   AssertionError: Expected 400, 404, or 429, got 401
E   assert 401 in [400, 404, 429]
E    +  where 401 = &lt;Response [401]&gt;.status_code</failure></testcase><testcase classname="tests.endpoints.team.test_team_get" name="test_get_team_success" time="1.141"><failure message="AssertionError: Expected status 200, got 401. URL: https://api.ganttpro.com/v1.0/team, Response: { &quot;statusCode&quot;: 401, &quot;message&quot;: &quot;Access denied due to invalid subscription key. Make sure to provide a valid key for an active subscription.&quot; }">tests/endpoints/team/test_team_get.py:15: in test_get_team_success
    assert_status_code(response, 200)
src/assertions.py:28: in assert_status_code
    assert response.status_code == expected_status, message
E   AssertionError: Expected status 200, got 401. URL: https://api.ganttpro.com/v1.0/team, Response: { "statusCode": 401, "message": "Access denied due to invalid subscription key. Make sure to provide a valid key for an active subscription." }</failure></testcase><testcase classname="tests.endpoints.team.test_team_get" name="test_get_team_unauthorized" time="1.141" /><testcase classname="tests.endpoints.team.test_team_get" name="test_get_team_invalid_key" time="1.140" /><testcase classname="tests.endpoints.timelogs.test_timelogs_add" name="test_add_time_log_to_task_success" time="0.001"><error message="failed on setup with &quot;ValueError: PROJECT_ID environment variable is required but not set. Add it to GitHub Secrets.&quot;">tests/conftest.py:43: in project_id
    raise ValueError("PROJECT_ID environment variable is required but not set. Add it to GitHub Secrets.")
E   ValueError: PROJECT_ID environment variable is required but not set. Add it to GitHub Secrets.</error></testcase><testcase classname="tests.endpoints.timelogs.test_timelogs_add" name="test_add_time_log_to_task_unauthorized" time="0.000"><error message="failed on setup with &quot;ValueError: PROJECT_ID environment variable is required but not set. Add it to GitHub Secrets.&quot;">tests/conftest.py:43: in project_id
    raise ValueError("PROJECT_ID environment variable is required but not set. Add it to GitHub Secrets.")
E   ValueError: PROJECT_ID environment variable is required but not set. Add it to GitHub Secrets.</error></testcase><testcase classname="tests.endpoints.timelogs.test_timelogs_add" name="test_add_time_log_to_task_missing_required_fields" time="1.140"><failure message="AssertionError: Expected status 400, got 401. URL: https://api.ganttpro.com/v1.0/timeLogs, Response: { &quot;statusCode&quot;: 401, &quot;message&quot;: &quot;Access denied due to invalid subscription key. Make sure to provide a valid key for an active subscription.&quot; }">tests/endpoints/timelogs/test_timelogs_add.py:49: in test_add_time_log_to_task_missing_required_fields
    assert_status_code(response, 400)
src/assertions.py:28: in assert_status_code
    assert response.status_code == expected_status, message
E   AssertionError: Expected status 400, got 401. URL: https://api.ganttpro.com/v1.0/timeLogs, Response: { "statusCode": 401, "message": "Access denied due to invalid subscription key. Make sure to provide a valid key for an active subscription." }</failure></testcase><testcase classname="tests.endpoints.timelogs.test_timelogs_delete" name="test_delete_time_log_unauthorized" time="0.001"><error message="failed on setup with &quot;ValueError: PROJECT_ID environment variable is required but not set. Add it to GitHub Secrets.&quot;">tests/conftest.py:43: in project_id
    raise ValueError("PROJECT_ID environment variable is required but not set. Add it to GitHub Secrets.")
E   ValueError: PROJECT_ID environment variable is required but not set. Add it to GitHub Secrets.</error></testcase><testcase classname="tests.endpoints.timelogs.test_timelogs_delete" name="test_delete_time_log_not_found" time="1.141"><failure message="AssertionError: Expected 404 or 400, got 401&#10;assert 401 in [404, 400]&#10; +  where 401 = &lt;Response [401]&gt;.status_code">tests/endpoints/timelogs/test_timelogs_delete.py:29: in test_delete_time_log_not_found
    assert response.status_code in [404, 400], f"Expected 404 or 400, got {response.status_code}"
E   AssertionError: Expected 404 or 400, got 401
E   assert 401 in [404, 400]
E    +  where 401 = &lt;Response [401]&gt;.status_code</failure></testcase><testcase classname="tests.endpoints.timelogs.test_timelogs_get_by_project" name="test_get_time_log_by_project_id_success" time="0.001"><error message="failed on setup with &quot;ValueError: PROJECT_ID environment variable is required but not set. Add it to GitHub Secrets.&quot;">tests/conftest.py:43: in project_id
    raise ValueError("PROJECT_ID environment variable is required but not set. Add it to GitHub Secrets.")
E   ValueError: PROJECT_ID environment variable is required but not set. Add it to GitHub Secrets.</error></testcase><testcase classname="tests.endpoints.timelogs.test_timelogs_get_by_project" name="test_get_time_log_by_project_id_unauthorized" time="0.000"><error message="failed on setup with &quot;ValueError: PROJECT_ID environment variable is required but not set. Add it to GitHub Secrets.&quot;">tests/conftest.py:43: in project_id
    raise ValueError("PROJECT_ID environment variable is required but not set. Add it to GitHub Secrets.")
E   ValueError: PROJECT_ID environment variable is required but not set. Add it to GitHub Secrets.</error></testcase><testcase classname="tests.endpoints.timelogs.test_timelogs_get_by_project" name="test_get_time_log_by_project_id_missing_required_param" time="1.143" /><testcase classname="tests.endpoints.timelogs.test_timelogs_get_list" name="test_get_time_log_list_success" time="0.001"><error message="failed on setup with &quot;ValueError: PROJECT_ID environment variable is required but not set. Add it to GitHub Secrets.&quot;">tests/conftest.py:43: in project_id
    raise ValueError("PROJECT_ID environment variable is required but not set. Add it to GitHub Secrets.")
E   ValueError: PROJECT_ID environment variable is required but not set. Add it to GitHub Secrets.</error></testcase><testcase classname="tests.endpoints.timelogs.test_timelogs_get_list" name="test_get_time_log_list_unauthorized" time="0.000"><error message="failed on setup with &quot;ValueError: PROJECT_ID environment variable is required but not set. Add it to GitHub Secrets.&quot;">tests/conftest.py:43: in project_id
    raise ValueError("PROJECT_ID environment variable is required but not set. Add it to GitHub Secrets.")
E   ValueError: PROJECT_ID environment variable is required but not set. Add it to GitHub Secrets.</error></testcase><testcase classname="tests.endpoints.timelogs.test_timelogs_get_list" name="test_get_time_log_list_missing_required_param" time="1.144" /><testcase classname="tests.endpoints.timelogs.test_timelogs_get_one" name="test_get_time_log_success" time="0.001"><error message="failed on setup with &quot;ValueError: PROJECT_ID environment variable is required but not set. Add it to GitHub Secrets.&quot;">tests/conftest.py:43: in project_id
    raise ValueError("PROJECT_ID environment variable is required but not set. Add it to GitHub Secrets.")
E   ValueError: PROJECT_ID environment variable is required but not set. Add it to GitHub Secrets.</error></testcase><testcase classname="tests.endpoints.timelogs.test_timelogs_get_one" name="test_get_time_log_unauthorized" time="0.001"><error message="failed on setup with &quot;ValueError: PROJECT_ID environment variable is required but not set. Add it to GitHub Secrets.&quot;">tests/conftest.py:43: in project_id
    raise ValueError("PROJECT_ID environment variable is required but not set. Add it to GitHub Secrets.")
E   ValueError: PROJECT_ID environment variable is required but not set. Add it to GitHub Secrets.</error></testcase><testcase classname="tests.endpoints.timelogs.test_timelogs_get_one" name="test_get_time_log_not_found" time="1.140"><failure message="AssertionError: Expected 404 or 400, got 401&#10;assert 401 in [404, 400]&#10; +  where 401 = &lt;Response [401]&gt;.status_code">tests/endpoints/timelogs/test_timelogs_get_one.py:43: in test_get_time_log_not_found
    assert response.status_code in [404, 400], f"Expected 404 or 400, got {response.status_code}"
E   AssertionError: Expected 404 or 400, got 401
E   assert 401 in [404, 400]
E    +  where 401 = &lt;Response [401]&gt;.status_code</failure></testcase><testcase classname="tests.endpoints.timelogs.test_timelogs_update" name="test_update_time_log_success" time="0.001"><error message="failed on setup with &quot;ValueError: PROJECT_ID environment variable is required but not set. Add it to GitHub Secrets.&quot;">tests/conftest.py:43: in project_id
    raise ValueError("PROJECT_ID environment variable is required but not set. Add it to GitHub Secrets.")
E   ValueError: PROJECT_ID environment variable is required but not set. Add it to GitHub Secrets.</error></testcase><testcase classname="tests.endpoints.timelogs.test_timelogs_update" name="test_update_time_log_unauthorized" time="0.001"><error message="failed on setup with &quot;ValueError: PROJECT_ID environment variable is required but not set. Add it to GitHub Secrets.&quot;">tests/conftest.py:43: in project_id
    raise ValueError("PROJECT_ID environment variable is required but not set. Add it to GitHub Secrets.")
E   ValueError: PROJECT_ID environment variable is required but not set. Add it to GitHub Secrets.</error></testcase><testcase classname="tests.endpoints.timelogs.test_timelogs_update" name="test_update_time_log_invalid_id" time="1.141"><failure message="AssertionError: Expected 400 or 404, got 401&#10;assert 401 in [400, 404]&#10; +  where 401 = &lt;Response [401]&gt;.status_code">tests/endpoints/timelogs/test_timelogs_update.py:47: in test_update_time_log_invalid_id
    assert response.status_code in [400, 404], f"Expected 400 or 404, got {response.status_code}"
E   AssertionError: Expected 400 or 404, got 401
E   assert 401 in [400, 404]
E    +  where 401 = &lt;Response [401]&gt;.status_code</failure></testcase><testcase classname="tests.scenarios.test_scenario_example" name="test_scenario_example" time="0.000"><skipped type="pytest.skip" message="Scenario tests are placeholder for 2nd iteration">/home/runner/work/api-tests-ganttpro/api-tests-ganttpro/tests/scenarios/test_scenario_example.py:5: Scenario tests are placeholder for 2nd iteration</skipped></testcase><testcase classname="tests.smoke.test_smoke_public_gets" name="test_get_languages_success" time="1.141"><failure message="AssertionError: Expected status 200, got 401. URL: https://api.ganttpro.com/v1.0/languages, Response: { &quot;statusCode&quot;: 401, &quot;message&quot;: &quot;Access denied due to invalid subscription key. Make sure to provide a valid key for an active subscription.&quot; }">tests/smoke/test_smoke_public_gets.py:13: in test_get_languages_success
    assert_status_code(response, 200)
src/assertions.py:28: in assert_status_code
    assert response.status_code == expected_status, message
E   AssertionError: Expected status 200, got 401. URL: https://api.ganttpro.com/v1.0/languages, Response: { "statusCode": 401, "message": "Access denied due to invalid subscription key. Make sure to provide a valid key for an active subscription." }</failure></testcase><testcase classname="tests.smoke.test_smoke_public_gets" name="test_get_colors_success" time="1.140"><failure message="AssertionError: Expected status 200, got 401. URL: https://api.ganttpro.com/v1.0/colors, Response: { &quot;statusCode&quot;: 401, &quot;message&quot;: &quot;Access denied due to invalid subscription key. Make sure to provide a valid key for an active subscription.&quot; }">tests/smoke/test_smoke_public_gets.py:21: in test_get_colors_success
    assert_status_code(response, 200)
src/assertions.py:28: in assert_status_code
    assert response.status_code == expected_status, message
E   AssertionError: Expected status 200, got 401. URL: https://api.ganttpro.com/v1.0/colors, Response: { "statusCode": 401, "message": "Access denied due to invalid subscription key. Make sure to provide a valid key for an active subscription." }</failure></testcase><testcase classname="tests.smoke.test_smoke_public_gets" name="test_get_account_roles_success" time="1.140"><failure message="AssertionError: Expected status 200, got 401. URL: https://api.ganttpro.com/v1.0/roles/account, Response: { &quot;statusCode&quot;: 401, &quot;message&quot;: &quot;Access denied due to invalid subscription key. Make sure to provide a valid key for an active subscription.&quot; }">tests/smoke/test_smoke_public_gets.py:29: in test_get_account_roles_success
    assert_status_code(response, 200)
src/assertions.py:28: in assert_status_code
    assert response.status_code == expected_status, message
E   AssertionError: Expected status 200, got 401. URL: https://api.ganttpro.com/v1.0/roles/account, Response: { "statusCode": 401, "message": "Access denied due to invalid subscription key. Make sure to provide a valid key for an active subscription." }</failure></testcase><testcase classname="tests.smoke.test_smoke_public_gets" name="test_get_project_roles_success" time="1.142"><failure message="AssertionError: Expected status 200, got 401. URL: https://api.ganttpro.com/v1.0/roles/project, Response: { &quot;statusCode&quot;: 401, &quot;message&quot;: &quot;Access denied due to invalid subscription key. Make sure to provide a valid key for an active subscription.&quot; }">tests/smoke/test_smoke_public_gets.py:36: in test_get_project_roles_success
    assert_status_code(response, 200)
src/assertions.py:28: in assert_status_code
    assert response.status_code == expected_status, message
E   AssertionError: Expected status 200, got 401. URL: https://api.ganttpro.com/v1.0/roles/project, Response: { "statusCode": 401, "message": "Access denied due to invalid subscription key. Make sure to provide a valid key for an active subscription." }</failure></testcase><testcase classname="tests.smoke.test_smoke_public_gets" name="test_unauthorized_without_api_key" time="1.140" /><testcase classname="tests.smoke.test_smoke_public_gets" name="test_unauthorized_with_invalid_api_key" time="1.151" /></testsuite></testsuites>