{"name": "test_add_unauthorized", "status": "failed", "statusDetails": {"message": "AssertionError: Expected status 401, got 400. URL: https://api.ganttpro.com/v1.0/attachments, Response: {\"code\":1,\"text\":\"Something went wrong. Please contact our support service to solve this issue\"}", "trace": "tests/endpoints/attachments/test_attachments_add.py:55: in test_add_unauthorized\n    assert_status_code(response, 401)\nsrc/assertions.py:28: in assert_status_code\n    assert response.status_code == expected_status, message\nE   AssertionError: Expected status 401, got 400. URL: https://api.ganttpro.com/v1.0/attachments, Response: {\"code\":1,\"text\":\"Something went wrong. Please contact our support service to solve this issue\"}"}, "description": "Test attachment upload without API key returns 401", "attachments": [{"name": "log", "source": "ea7bb246-9bde-4f60-b218-036a52c4f2b4-attachment.txt", "type": "text/plain"}, {"name": "stderr", "source": "6833f23b-a596-432d-8fe9-8ccb3531a9e3-attachment.txt", "type": "text/plain"}], "start": 1771494994926, "stop": 1771494995040, "uuid": "26c15ee7-7db9-4b2c-aaf4-e7709985c4cb", "historyId": "8a4e0f019aee922d846bca7188aa1ce3", "testCaseId": "8a4e0f019aee922d846bca7188aa1ce3", "fullName": "tests.endpoints.attachments.test_attachments_add#test_add_unauthorized", "labels": [{"name": "tag", "value": "auth"}, {"name": "tag", "value": "POST"}, {"name": "feature", "value": "Attachments"}, {"name": "story", "value": "Add Attachment"}, {"name": "parentSuite", "value": "tests.endpoints.attachments"}, {"name": "suite", "value": "test_attachments_add"}, {"name": "host", "value": "runnervmjduv7"}, {"name": "thread", "value": "2417-MainThread"}, {"name": "framework", "value": "pytest"}, {"name": "language", "value": "cpython3"}, {"name": "package", "value": "tests.endpoints.attachments.test_attachments_add"}], "titlePath": ["tests", "endpoints", "attachments", "test_attachments_add.py"]}