{"name": "test_get_account_roles_unauthorized", "status": "failed", "statusDetails": {"message": "AssertionError: Expected status 401, got 400. URL: https://api.ganttpro.com/v1.0/roles/account, Response: {\"code\":1,\"text\":\"Something went wrong. Please contact our support service to solve this issue\"}", "trace": "tests/endpoints/roles/test_roles_account_get.py:26: in test_get_account_roles_unauthorized\n    assert_status_code(response, 401)\nsrc/assertions.py:28: in assert_status_code\n    assert response.status_code == expected_status, message\nE   AssertionError: Expected status 401, got 400. URL: https://api.ganttpro.com/v1.0/roles/account, Response: {\"code\":1,\"text\":\"Something went wrong. Please contact our support service to solve this issue\"}"}, "description": "Test account roles retrieval without API key returns 401", "attachments": [{"name": "log", "source": "6b6e2274-3d0b-4317-9bbf-66c5e4dea7bc-attachment.txt", "type": "text/plain"}, {"name": "stderr", "source": "85570802-bfb7-404e-8490-bbd02e3b4d30-attachment.txt", "type": "text/plain"}], "start": 1772271231147, "stop": 1772271231245, "uuid": "0de71cc3-440d-445a-b41b-209cdbcb8467", "historyId": "65e753adba1c06b0c7a15a978538595c", "testCaseId": "65e753adba1c06b0c7a15a978538595c", "fullName": "tests.endpoints.roles.test_roles_account_get#test_get_account_roles_unauthorized", "labels": [{"name": "feature", "value": "Roles"}, {"name": "story", "value": "Get Account Roles"}, {"name": "tag", "value": "auth"}, {"name": "tag", "value": "GET"}, {"name": "parentSuite", "value": "tests.endpoints.roles"}, {"name": "suite", "value": "test_roles_account_get"}, {"name": "host", "value": "runnervmnay03"}, {"name": "thread", "value": "2501-MainThread"}, {"name": "framework", "value": "pytest"}, {"name": "language", "value": "cpython3"}, {"name": "package", "value": "tests.endpoints.roles.test_roles_account_get"}], "titlePath": ["tests", "endpoints", "roles", "test_roles_account_get.py"]}