{"name": "test_create_link_unauthorized", "status": "failed", "statusDetails": {"message": "AssertionError: Expected status 401, got 400. URL: https://api.ganttpro.com/v1.0/links, Response: {\"code\":1,\"text\":\"Something went wrong. Please contact our support service to solve this issue\"}", "trace": "tests/endpoints/links/test_links_create.py:31: in test_create_link_unauthorized\n    assert_status_code(response, 401)\nsrc/assertions.py:28: in assert_status_code\n    assert response.status_code == expected_status, message\nE   AssertionError: Expected status 401, got 400. URL: https://api.ganttpro.com/v1.0/links, Response: {\"code\":1,\"text\":\"Something went wrong. Please contact our support service to solve this issue\"}"}, "description": "Test link creation without API key returns 401", "attachments": [{"name": "log", "source": "739e800f-932c-4804-9ed8-6a6234bac3da-attachment.txt", "type": "text/plain"}, {"name": "stderr", "source": "dec3519f-2b50-4c75-9ecd-1c3756bdf80e-attachment.txt", "type": "text/plain"}], "start": 1771581045641, "stop": 1771581045749, "uuid": "4ca43f95-8aac-4982-829f-91c41df33b13", "historyId": "8160052767cd2798ff63b30ff132bd08", "testCaseId": "8160052767cd2798ff63b30ff132bd08", "fullName": "tests.endpoints.links.test_links_create#test_create_link_unauthorized", "labels": [{"name": "feature", "value": "Links"}, {"name": "story", "value": "Create Link"}, {"name": "tag", "value": "auth"}, {"name": "tag", "value": "POST"}, {"name": "parentSuite", "value": "tests.endpoints.links"}, {"name": "suite", "value": "test_links_create"}, {"name": "host", "value": "runnervmwffz4"}, {"name": "thread", "value": "2420-MainThread"}, {"name": "framework", "value": "pytest"}, {"name": "language", "value": "cpython3"}, {"name": "package", "value": "tests.endpoints.links.test_links_create"}], "titlePath": ["tests", "endpoints", "links", "test_links_create.py"]}