{"name": "test_create_missing_name", "status": "failed", "statusDetails": {"message": "AssertionError: Expected status 400, got 524. URL: https://api.ganttpro.com/v1.0/tasks, Response: <!DOCTYPE html>\n<html lang=\"en\">\n  <head>\n    <meta charset=\"UTF-8\" />\n    <meta\n      name=\"viewport\"\n      content=\"width=device-width, user-scalable=no, initial-scale=1.0, maximum-scale=1.0, minimu", "trace": "tests/endpoints/tasks/test_tasks_create.py:70: in test_create_missing_name\n    assert_status_code(response, 400)\nsrc/assertions.py:28: in assert_status_code\n    assert response.status_code == expected_status, message\nE   AssertionError: Expected status 400, got 524. URL: https://api.ganttpro.com/v1.0/tasks, Response: <!DOCTYPE html>\nE   <html lang=\"en\">\nE     <head>\nE       <meta charset=\"UTF-8\" />\nE       <meta\nE         name=\"viewport\"\nE         content=\"width=device-width, user-scalable=no, initial-scale=1.0, maximum-scale=1.0, minimu"}, "description": "Test task creation without required name field returns 400", "attachments": [{"name": "log", "source": "c772bb73-508d-422d-ba89-0c69ce996824-attachment.txt", "type": "text/plain"}, {"name": "stderr", "source": "cb70a9ec-610e-484f-879d-f336c7f79f34-attachment.txt", "type": "text/plain"}], "start": 1771324798030, "stop": 1771324923211, "uuid": "cdee8579-38a1-43e7-81c8-439b8c833316", "historyId": "26044031fe3f44243ca76f3368c2ba97", "testCaseId": "26044031fe3f44243ca76f3368c2ba97", "fullName": "tests.endpoints.tasks.test_tasks_create#test_create_missing_name", "labels": [{"name": "story", "value": "Create Task"}, {"name": "feature", "value": "Tasks"}, {"name": "tag", "value": "POST"}, {"name": "tag", "value": "validation"}, {"name": "parentSuite", "value": "tests.endpoints.tasks"}, {"name": "suite", "value": "test_tasks_create"}, {"name": "host", "value": "runnervmjduv7"}, {"name": "thread", "value": "2432-MainThread"}, {"name": "framework", "value": "pytest"}, {"name": "language", "value": "cpython3"}, {"name": "package", "value": "tests.endpoints.tasks.test_tasks_create"}], "titlePath": ["tests", "endpoints", "tasks", "test_tasks_create.py"]}