{"name": "test_create_unauthorized", "status": "failed", "statusDetails": {"message": "AssertionError: Expected status 401, got 400. URL: https://api.ganttpro.com/v1.0/tasks, Response: {\"code\":1,\"text\":\"Something went wrong. Please contact our support service to solve this issue\"}", "trace": "tests/endpoints/tasks/test_tasks_create.py:39: in test_create_unauthorized\n    assert_status_code(response, 401)\nsrc/assertions.py:28: in assert_status_code\n    assert response.status_code == expected_status, message\nE   AssertionError: Expected status 401, got 400. URL: https://api.ganttpro.com/v1.0/tasks, Response: {\"code\":1,\"text\":\"Something went wrong. Please contact our support service to solve this issue\"}"}, "description": "Test task creation without API key returns 401", "attachments": [{"name": "log", "source": "fe1e73e3-08c0-4b13-bd27-38b2dda1f785-attachment.txt", "type": "text/plain"}, {"name": "stderr", "source": "305f0b04-4ef5-47e4-94a5-9c3d2bd60d45-attachment.txt", "type": "text/plain"}], "start": 1771927184313, "stop": 1771927184421, "uuid": "6467e832-e1ad-496c-8a07-5bb3c3b6bbec", "historyId": "eb4b2927cfb84ee75f847f2f5278138a", "testCaseId": "eb4b2927cfb84ee75f847f2f5278138a", "fullName": "tests.endpoints.tasks.test_tasks_create#test_create_unauthorized", "labels": [{"name": "tag", "value": "auth"}, {"name": "feature", "value": "Tasks"}, {"name": "tag", "value": "POST"}, {"name": "story", "value": "Create Task"}, {"name": "parentSuite", "value": "tests.endpoints.tasks"}, {"name": "suite", "value": "test_tasks_create"}, {"name": "host", "value": "runnervmwffz4"}, {"name": "thread", "value": "2441-MainThread"}, {"name": "framework", "value": "pytest"}, {"name": "language", "value": "cpython3"}, {"name": "package", "value": "tests.endpoints.tasks.test_tasks_create"}], "titlePath": ["tests", "endpoints", "tasks", "test_tasks_create.py"]}