{"name": "test_add_time_log_to_task_unauthorized", "status": "failed", "statusDetails": {"message": "AssertionError: Expected status 401, got 400. URL: https://api.ganttpro.com/v1.0/timeLogs, Response: {\"code\":1,\"text\":\"Something went wrong. Please contact our support service to solve this issue\"}", "trace": "tests/endpoints/timelogs/test_timelogs_add.py:37: in test_add_time_log_to_task_unauthorized\n    assert_status_code(response, 401)\nsrc/assertions.py:28: in assert_status_code\n    assert response.status_code == expected_status, message\nE   AssertionError: Expected status 401, got 400. URL: https://api.ganttpro.com/v1.0/timeLogs, Response: {\"code\":1,\"text\":\"Something went wrong. Please contact our support service to solve this issue\"}"}, "description": "Test time log creation without API key returns 401", "attachments": [{"name": "log", "source": "31e2d5ff-e2bd-449e-a166-0d633200baeb-attachment.txt", "type": "text/plain"}, {"name": "stderr", "source": "548dbe52-d042-4a7e-97be-93e55a2292c5-attachment.txt", "type": "text/plain"}], "start": 1772271319038, "stop": 1772271319136, "uuid": "0991c10c-ed23-4fe1-bbbf-011493250bec", "historyId": "52a551f6c2a5419233f470b25e101c32", "testCaseId": "52a551f6c2a5419233f470b25e101c32", "fullName": "tests.endpoints.timelogs.test_timelogs_add#test_add_time_log_to_task_unauthorized", "labels": [{"name": "story", "value": "Add Timelog"}, {"name": "feature", "value": "Timelogs"}, {"name": "tag", "value": "POST"}, {"name": "tag", "value": "auth"}, {"name": "parentSuite", "value": "tests.endpoints.timelogs"}, {"name": "suite", "value": "test_timelogs_add"}, {"name": "host", "value": "runnervmnay03"}, {"name": "thread", "value": "2501-MainThread"}, {"name": "framework", "value": "pytest"}, {"name": "language", "value": "cpython3"}, {"name": "package", "value": "tests.endpoints.timelogs.test_timelogs_add"}], "titlePath": ["tests", "endpoints", "timelogs", "test_timelogs_add.py"]}