{"name": "test_update_task_unauthorized", "status": "failed", "statusDetails": {"message": "AssertionError: Expected status 401, got 400. URL: https://api.ganttpro.com/v1.0/tasks/196536950, Response: {\"code\":1,\"text\":\"Something went wrong. Please contact our support service to solve this issue\"}", "trace": "tests/endpoints/tasks/test_tasks_update_task.py:31: in test_update_task_unauthorized\n    assert_status_code(response, 401)\nsrc/assertions.py:28: in assert_status_code\n    assert response.status_code == expected_status, message\nE   AssertionError: Expected status 401, got 400. URL: https://api.ganttpro.com/v1.0/tasks/196536950, Response: {\"code\":1,\"text\":\"Something went wrong. Please contact our support service to solve this issue\"}"}, "description": "Test task update without API key returns 401", "attachments": [{"name": "log", "source": "acd00e51-f1b9-4f15-b87a-11fb64030cdd-attachment.txt", "type": "text/plain"}, {"name": "stderr", "source": "162bfe0e-1f68-44b6-9faa-4051a4f1a604-attachment.txt", "type": "text/plain"}], "start": 1771841052252, "stop": 1771841052353, "uuid": "fe16ab46-0814-4eaf-a0f4-54b1b5562422", "historyId": "d41a876209d41ffc7f0dd0399ee01b0f", "testCaseId": "d41a876209d41ffc7f0dd0399ee01b0f", "fullName": "tests.endpoints.tasks.test_tasks_update_task#test_update_task_unauthorized", "labels": [{"name": "story", "value": "Update Task"}, {"name": "tag", "value": "auth"}, {"name": "tag", "value": "PUT"}, {"name": "feature", "value": "Tasks"}, {"name": "parentSuite", "value": "tests.endpoints.tasks"}, {"name": "suite", "value": "test_tasks_update_task"}, {"name": "host", "value": "runnervmwffz4"}, {"name": "thread", "value": "2443-MainThread"}, {"name": "framework", "value": "pytest"}, {"name": "language", "value": "cpython3"}, {"name": "package", "value": "tests.endpoints.tasks.test_tasks_update_task"}], "titlePath": ["tests", "endpoints", "tasks", "test_tasks_update_task.py"]}