{"name": "test_delete_task_not_found", "status": "failed", "statusDetails": {"message": "AssertionError: Expected 404 or 400, got 401\nassert 401 in [404, 400]\n +  where 401 = <Response [401]>.status_code", "trace": "tests/endpoints/tasks/test_tasks_delete_task.py:29: in test_delete_task_not_found\n    assert response.status_code in [404, 400], f\"Expected 404 or 400, got {response.status_code}\"\nE   AssertionError: Expected 404 or 400, got 401\nE   assert 401 in [404, 400]\nE    +  where 401 = <Response [401]>.status_code"}, "description": "Test deleting non-existent task returns 404", "attachments": [{"name": "log", "source": "c0c5a601-c779-469b-b61c-13d8f77836a5-attachment.txt", "type": "text/plain"}, {"name": "stderr", "source": "1a2dabdc-c932-4640-b545-ecd964a128a8-attachment.txt", "type": "text/plain"}], "start": 1768984683948, "stop": 1768984684141, "uuid": "1599269e-f938-43e6-89c5-60e1dc5baf43", "historyId": "b56c900b8800cbd0e0b481c889390412", "testCaseId": "b56c900b8800cbd0e0b481c889390412", "fullName": "tests.endpoints.tasks.test_tasks_delete_task#test_delete_task_not_found", "labels": [{"name": "story", "value": "Delete Task"}, {"name": "feature", "value": "Tasks"}, {"name": "tag", "value": "negative"}, {"name": "tag", "value": "DELETE"}, {"name": "parentSuite", "value": "tests.endpoints.tasks"}, {"name": "suite", "value": "test_tasks_delete_task"}, {"name": "host", "value": "runnervmmtnos"}, {"name": "thread", "value": "2352-MainThread"}, {"name": "framework", "value": "pytest"}, {"name": "language", "value": "cpython3"}, {"name": "package", "value": "tests.endpoints.tasks.test_tasks_delete_task"}], "titlePath": ["tests", "endpoints", "tasks", "test_tasks_delete_task.py"]}