{"name": "test_create_start_only_uses_default_duration", "status": "failed", "statusDetails": {"message": "AssertionError: assert False\n +  where False = <built-in method startswith of str object at 0x7faba994e990>('2025-01-05')\n +    where <built-in method startswith of str object at 0x7faba994e990> = '2025-01-06 09:00:00'.startswith\n +      where '2025-01-06 09:00:00' = <built-in method get of dict object at 0x7faba98d5c80>('startDate')\n +        where <built-in method get of dict object at 0x7faba98d5c80> = {'attachments': [], 'color': 1, 'comments': [], 'createdAt': '2026-02-01T09:39:09.000Z', ...}.get", "trace": "tests/endpoints/tasks/test_tasks_create.py:217: in test_create_start_only_uses_default_duration\n    assert item.get(\"startDate\").startswith(\"2025-01-05\")  # API returns datetime format\nE   AssertionError: assert False\nE    +  where False = <built-in method startswith of str object at 0x7faba994e990>('2025-01-05')\nE    +    where <built-in method startswith of str object at 0x7faba994e990> = '2025-01-06 09:00:00'.startswith\nE    +      where '2025-01-06 09:00:00' = <built-in method get of dict object at 0x7faba98d5c80>('startDate')\nE    +        where <built-in method get of dict object at 0x7faba98d5c80> = {'attachments': [], 'color': 1, 'comments': [], 'createdAt': '2026-02-01T09:39:09.000Z', ...}.get"}, "description": "Только startDate -> duration по умолчанию 1, endDate рассчитан", "attachments": [{"name": "HTTP Request", "source": "79888c9c-1e12-4151-83ff-dc85d7b84250-attachment.txt", "type": "text/plain"}, {"name": "HTTP Response", "source": "d9d74d76-bd22-4733-89bd-f64d9bce03c7-attachment.txt", "type": "text/plain"}, {"name": "log", "source": "b4627672-0ab7-4420-b59e-43c87c7a1512-attachment.txt", "type": "text/plain"}, {"name": "stderr", "source": "51a655c9-556d-4dc0-a597-689763313e92-attachment.txt", "type": "text/plain"}], "start": 1769938749632, "stop": 1769938750097, "uuid": "d317cc25-9eb7-490a-8344-f4ea294c303f", "historyId": "459818c0890ac16be0f4787c8dc242f9", "testCaseId": "459818c0890ac16be0f4787c8dc242f9", "fullName": "tests.endpoints.tasks.test_tasks_create#test_create_start_only_uses_default_duration", "labels": [{"name": "story", "value": "Create Task"}, {"name": "feature", "value": "Tasks"}, {"name": "tag", "value": "logic"}, {"name": "tag", "value": "POST"}, {"name": "parentSuite", "value": "tests.endpoints.tasks"}, {"name": "suite", "value": "test_tasks_create"}, {"name": "host", "value": "runnervmkj6or"}, {"name": "thread", "value": "2365-MainThread"}, {"name": "framework", "value": "pytest"}, {"name": "language", "value": "cpython3"}, {"name": "package", "value": "tests.endpoints.tasks.test_tasks_create"}], "titlePath": ["tests", "endpoints", "tasks", "test_tasks_create.py"]}