{"name": "test_create_unauthorized", "status": "failed", "statusDetails": {"message": "AssertionError: Expected status 401, got 400. URL: https://api.ganttpro.com/v1.0/tasks, Response: {\"code\":1,\"text\":\"Something went wrong. Please contact our support service to solve this issue\"}", "trace": "tests/endpoints/tasks/test_tasks_create.py:39: in test_create_unauthorized\n    assert_status_code(response, 401)\nsrc/assertions.py:28: in assert_status_code\n    assert response.status_code == expected_status, message\nE   AssertionError: Expected status 401, got 400. URL: https://api.ganttpro.com/v1.0/tasks, Response: {\"code\":1,\"text\":\"Something went wrong. Please contact our support service to solve this issue\"}"}, "description": "Test task creation without API key returns 401", "attachments": [{"name": "log", "source": "0e1f28ac-224c-46a3-977d-d2d7b8c7c291-attachment.txt", "type": "text/plain"}, {"name": "stderr", "source": "11fd4bc6-2388-41a8-96ee-7257428d5305-attachment.txt", "type": "text/plain"}], "start": 1771666658571, "stop": 1771666658717, "uuid": "810b220c-e3dd-4f43-9bc1-bcacbf84e02b", "historyId": "eb4b2927cfb84ee75f847f2f5278138a", "testCaseId": "eb4b2927cfb84ee75f847f2f5278138a", "fullName": "tests.endpoints.tasks.test_tasks_create#test_create_unauthorized", "labels": [{"name": "story", "value": "Create Task"}, {"name": "tag", "value": "POST"}, {"name": "tag", "value": "auth"}, {"name": "feature", "value": "Tasks"}, {"name": "parentSuite", "value": "tests.endpoints.tasks"}, {"name": "suite", "value": "test_tasks_create"}, {"name": "host", "value": "runnervmwffz4"}, {"name": "thread", "value": "2444-MainThread"}, {"name": "framework", "value": "pytest"}, {"name": "language", "value": "cpython3"}, {"name": "package", "value": "tests.endpoints.tasks.test_tasks_create"}], "titlePath": ["tests", "endpoints", "tasks", "test_tasks_create.py"]}