{"name": "test_update_time_log_unauthorized", "status": "failed", "statusDetails": {"message": "AssertionError: Expected status 401, got 400. URL: https://api.ganttpro.com/v1.0/timeLogs/1196171, Response: {\"code\":1,\"text\":\"Something went wrong. Please contact our support service to solve this issue\"}", "trace": "tests/endpoints/timelogs/test_timelogs_update.py:35: in test_update_time_log_unauthorized\n    assert_status_code(response, 401)\nsrc/assertions.py:28: in assert_status_code\n    assert response.status_code == expected_status, message\nE   AssertionError: Expected status 401, got 400. URL: https://api.ganttpro.com/v1.0/timeLogs/1196171, Response: {\"code\":1,\"text\":\"Something went wrong. Please contact our support service to solve this issue\"}"}, "description": "Test time log update without API key returns 401", "attachments": [{"name": "log", "source": "c3161c5c-eb50-4728-b697-4720799c08d8-attachment.txt", "type": "text/plain"}, {"name": "stderr", "source": "5cdd0451-8f2b-4e6a-a691-6124c15cc553-attachment.txt", "type": "text/plain"}], "start": 1771753228635, "stop": 1771753228751, "uuid": "42cc5438-ea8d-49aa-8132-4352bf139144", "historyId": "fdf591cf282edfdcf4c8b814c414d539", "testCaseId": "fdf591cf282edfdcf4c8b814c414d539", "fullName": "tests.endpoints.timelogs.test_timelogs_update#test_update_time_log_unauthorized", "labels": [{"name": "tag", "value": "PUT"}, {"name": "feature", "value": "Timelogs"}, {"name": "story", "value": "Update Timelog"}, {"name": "tag", "value": "auth"}, {"name": "parentSuite", "value": "tests.endpoints.timelogs"}, {"name": "suite", "value": "test_timelogs_update"}, {"name": "host", "value": "runnervmwffz4"}, {"name": "thread", "value": "2424-MainThread"}, {"name": "framework", "value": "pytest"}, {"name": "language", "value": "cpython3"}, {"name": "package", "value": "tests.endpoints.timelogs.test_timelogs_update"}], "titlePath": ["tests", "endpoints", "timelogs", "test_timelogs_update.py"]}