{"name": "test_get_link_unauthorized", "status": "failed", "statusDetails": {"message": "AssertionError: Expected status 401, got 400. URL: https://api.ganttpro.com/v1.0/links/116605196, Response: {\"code\":1,\"text\":\"Something went wrong. Please contact our support service to solve this issue\"}", "trace": "tests/endpoints/links/test_links_get.py:32: in test_get_link_unauthorized\n    assert_status_code(response, 401)\nsrc/assertions.py:28: in assert_status_code\n    assert response.status_code == expected_status, message\nE   AssertionError: Expected status 401, got 400. URL: https://api.ganttpro.com/v1.0/links/116605196, Response: {\"code\":1,\"text\":\"Something went wrong. Please contact our support service to solve this issue\"}"}, "description": "Test link retrieval without API key returns 401", "attachments": [{"name": "log", "source": "f91eea13-af10-418a-afcd-800cdb0b63ec-attachment.txt", "type": "text/plain"}, {"name": "stderr", "source": "91411f33-3ff8-4f0b-893c-00ace3c3212d-attachment.txt", "type": "text/plain"}], "start": 1771927144728, "stop": 1771927144841, "uuid": "52b7cf46-b68e-4272-9ffb-9ec3ebc8ea6b", "historyId": "967432eb3e60d2f3741327e68e760c2b", "testCaseId": "967432eb3e60d2f3741327e68e760c2b", "fullName": "tests.endpoints.links.test_links_get#test_get_link_unauthorized", "labels": [{"name": "tag", "value": "auth"}, {"name": "story", "value": "Get Link"}, {"name": "feature", "value": "Links"}, {"name": "tag", "value": "GET"}, {"name": "parentSuite", "value": "tests.endpoints.links"}, {"name": "suite", "value": "test_links_get"}, {"name": "host", "value": "runnervmwffz4"}, {"name": "thread", "value": "2441-MainThread"}, {"name": "framework", "value": "pytest"}, {"name": "language", "value": "cpython3"}, {"name": "package", "value": "tests.endpoints.links.test_links_get"}], "titlePath": ["tests", "endpoints", "links", "test_links_get.py"]}