{"name": "test_update_link_unauthorized", "status": "failed", "statusDetails": {"message": "AssertionError: Expected status 401, got 400. URL: https://api.ganttpro.com/v1.0/links/115666931, Response: {\"code\":1,\"text\":\"Something went wrong. Please contact our support service to solve this issue\"}", "trace": "tests/endpoints/links/test_links_update.py:35: in test_update_link_unauthorized\n    assert_status_code(response, 401)\nsrc/assertions.py:28: in assert_status_code\n    assert response.status_code == expected_status, message\nE   AssertionError: Expected status 401, got 400. URL: https://api.ganttpro.com/v1.0/links/115666931, Response: {\"code\":1,\"text\":\"Something went wrong. Please contact our support service to solve this issue\"}"}, "description": "Test link update without API key returns 401", "attachments": [{"name": "log", "source": "005f6726-86d0-45f5-805e-237143e27c06-attachment.txt", "type": "text/plain"}, {"name": "stderr", "source": "6044f710-c567-48ce-b737-4d3075a9993d-attachment.txt", "type": "text/plain"}], "start": 1771581055004, "stop": 1771581055114, "uuid": "b4e6ee9e-aaf7-4e82-96dd-9cc930218f53", "historyId": "f544d7a4ed14ca29a6a49060d95c25c7", "testCaseId": "f544d7a4ed14ca29a6a49060d95c25c7", "fullName": "tests.endpoints.links.test_links_update#test_update_link_unauthorized", "labels": [{"name": "feature", "value": "Links"}, {"name": "tag", "value": "PUT"}, {"name": "tag", "value": "auth"}, {"name": "story", "value": "Update Link"}, {"name": "parentSuite", "value": "tests.endpoints.links"}, {"name": "suite", "value": "test_links_update"}, {"name": "host", "value": "runnervmwffz4"}, {"name": "thread", "value": "2420-MainThread"}, {"name": "framework", "value": "pytest"}, {"name": "language", "value": "cpython3"}, {"name": "package", "value": "tests.endpoints.links.test_links_update"}], "titlePath": ["tests", "endpoints", "links", "test_links_update.py"]}