{"name": "test_add_success", "status": "failed", "statusDetails": {"message": "AssertionError: Expected status 200, got 400. URL: https://api.ganttpro.com/v1.0/attachments, Response: [{\"code\":3005,\"msg\":\"Code: 3005: body must have required property 'userId'\"}]", "trace": "tests/endpoints/attachments/test_attachments_add.py:30: in test_add_success\n    assert_status_code(response, 200)\nsrc/assertions.py:28: in assert_status_code\n    assert response.status_code == expected_status, message\nE   AssertionError: Expected status 200, got 400. URL: https://api.ganttpro.com/v1.0/attachments, Response: [{\"code\":3005,\"msg\":\"Code: 3005: body must have required property 'userId'\"}]"}, "description": "Test successful attachment upload returns 200", "attachments": [{"name": "log", "source": "7c24efbb-1875-46ac-9ae9-48e73cc39c22-attachment.txt", "type": "text/plain"}, {"name": "stderr", "source": "d6de49af-7962-4100-b097-abf9981e0389-attachment.txt", "type": "text/plain"}], "start": 1771408618013, "stop": 1771408618163, "uuid": "09c49508-ba47-4c58-9ea7-025b6e7321c2", "historyId": "c2a38b0e98cb7c38dca27274703d3617", "testCaseId": "c2a38b0e98cb7c38dca27274703d3617", "fullName": "tests.endpoints.attachments.test_attachments_add#test_add_success", "labels": [{"name": "tag", "value": "POST"}, {"name": "story", "value": "Add Attachment"}, {"name": "tag", "value": "positive"}, {"name": "feature", "value": "Attachments"}, {"name": "parentSuite", "value": "tests.endpoints.attachments"}, {"name": "suite", "value": "test_attachments_add"}, {"name": "host", "value": "runnervmjduv7"}, {"name": "thread", "value": "2420-MainThread"}, {"name": "framework", "value": "pytest"}, {"name": "language", "value": "cpython3"}, {"name": "package", "value": "tests.endpoints.attachments.test_attachments_add"}], "titlePath": ["tests", "endpoints", "attachments", "test_attachments_add.py"]}