{"name": "test_get_colors_unauthorized", "status": "failed", "statusDetails": {"message": "AssertionError: Expected status 401, got 400. URL: https://api.ganttpro.com/v1.0/colors, Response: {\"code\":1,\"text\":\"Something went wrong. Please contact our support service to solve this issue\"}", "trace": "tests/endpoints/colors/test_colors_get.py:27: in test_get_colors_unauthorized\n    assert_status_code(response, 401)\nsrc/assertions.py:28: in assert_status_code\n    assert response.status_code == expected_status, message\nE   AssertionError: Expected status 401, got 400. URL: https://api.ganttpro.com/v1.0/colors, Response: {\"code\":1,\"text\":\"Something went wrong. Please contact our support service to solve this issue\"}"}, "description": "Test colors retrieval without API key returns 401", "attachments": [{"name": "log", "source": "58a7489f-56fe-4eee-94bf-6f1f712ea1e7-attachment.txt", "type": "text/plain"}, {"name": "stderr", "source": "af1cad6a-aeba-42e5-b2ee-455bcf3f9aff-attachment.txt", "type": "text/plain"}], "start": 1771495008491, "stop": 1771495008599, "uuid": "0f8ebb27-e968-440d-8606-8cffb89f361f", "historyId": "db6be23e32e05acc85be33d88d90398f", "testCaseId": "db6be23e32e05acc85be33d88d90398f", "fullName": "tests.endpoints.colors.test_colors_get#test_get_colors_unauthorized", "labels": [{"name": "tag", "value": "auth"}, {"name": "feature", "value": "Colors"}, {"name": "tag", "value": "GET"}, {"name": "story", "value": "Get Colors"}, {"name": "parentSuite", "value": "tests.endpoints.colors"}, {"name": "suite", "value": "test_colors_get"}, {"name": "host", "value": "runnervmjduv7"}, {"name": "thread", "value": "2417-MainThread"}, {"name": "framework", "value": "pytest"}, {"name": "language", "value": "cpython3"}, {"name": "package", "value": "tests.endpoints.colors.test_colors_get"}], "titlePath": ["tests", "endpoints", "colors", "test_colors_get.py"]}