{"name": "test_create_start_only_uses_default_duration", "status": "failed", "statusDetails": {"message": "AssertionError: assert False\n +  where False = <built-in method startswith of str object at 0x7ff2a0435170>('2025-01-05')\n +    where <built-in method startswith of str object at 0x7ff2a0435170> = '2025-01-06 09:00:00'.startswith\n +      where '2025-01-06 09:00:00' = <built-in method get of dict object at 0x7ff2a03da9c0>('startDate')\n +        where <built-in method get of dict object at 0x7ff2a03da9c0> = {'attachments': [], 'color': 1, 'comments': [], 'createdAt': '2026-02-19T09:58:00.000Z', ...}.get", "trace": "tests/endpoints/tasks/test_tasks_create.py:217: in test_create_start_only_uses_default_duration\n    assert item.get(\"startDate\").startswith(\"2025-01-05\")  # API returns datetime format\nE   AssertionError: assert False\nE    +  where False = <built-in method startswith of str object at 0x7ff2a0435170>('2025-01-05')\nE    +    where <built-in method startswith of str object at 0x7ff2a0435170> = '2025-01-06 09:00:00'.startswith\nE    +      where '2025-01-06 09:00:00' = <built-in method get of dict object at 0x7ff2a03da9c0>('startDate')\nE    +        where <built-in method get of dict object at 0x7ff2a03da9c0> = {'attachments': [], 'color': 1, 'comments': [], 'createdAt': '2026-02-19T09:58:00.000Z', ...}.get"}, "description": "Только startDate -> duration по умолчанию 1, endDate рассчитан", "attachments": [{"name": "HTTP Request", "source": "d1625b13-4f79-4490-b3d7-32ebe814e606-attachment.txt", "type": "text/plain"}, {"name": "HTTP Response", "source": "093dda4f-93f0-4e0c-8658-5ef04e553358-attachment.txt", "type": "text/plain"}, {"name": "log", "source": "d3d12ee9-17b9-46c8-a97a-ebc63a74b080-attachment.txt", "type": "text/plain"}, {"name": "stderr", "source": "e0177481-207b-4792-be8f-3b9eab0db2b1-attachment.txt", "type": "text/plain"}], "start": 1771495080389, "stop": 1771495080933, "uuid": "58b97842-3007-4407-89db-c4f251205f8b", "historyId": "459818c0890ac16be0f4787c8dc242f9", "testCaseId": "459818c0890ac16be0f4787c8dc242f9", "fullName": "tests.endpoints.tasks.test_tasks_create#test_create_start_only_uses_default_duration", "labels": [{"name": "story", "value": "Create Task"}, {"name": "tag", "value": "POST"}, {"name": "tag", "value": "logic"}, {"name": "feature", "value": "Tasks"}, {"name": "parentSuite", "value": "tests.endpoints.tasks"}, {"name": "suite", "value": "test_tasks_create"}, {"name": "host", "value": "runnervmjduv7"}, {"name": "thread", "value": "2417-MainThread"}, {"name": "framework", "value": "pytest"}, {"name": "language", "value": "cpython3"}, {"name": "package", "value": "tests.endpoints.tasks.test_tasks_create"}], "titlePath": ["tests", "endpoints", "tasks", "test_tasks_create.py"]}