{"name": "test_create_no_dates_sets_defaults", "status": "failed", "statusDetails": {"message": "AssertionError: assert 480 == 1440\n +  where 480 = <built-in method get of dict object at 0x7fcd703d6900>('duration')\n +    where <built-in method get of dict object at 0x7fcd703d6900> = {'attachments': [], 'color': 1, 'comments': [], 'createdAt': '2026-01-16T09:35:29.000Z', ...}.get", "trace": "tests/endpoints/tasks/test_tasks_create.py:519: in test_create_no_dates_sets_defaults\n    assert item.get(\"duration\") == 1440  # Default duration in minutes\nE   AssertionError: assert 480 == 1440\nE    +  where 480 = <built-in method get of dict object at 0x7fcd703d6900>('duration')\nE    +    where <built-in method get of dict object at 0x7fcd703d6900> = {'attachments': [], 'color': 1, 'comments': [], 'createdAt': '2026-01-16T09:35:29.000Z', ...}.get"}, "description": "Без startDate/endDate/duration должны выставиться дефолтные даты", "attachments": [{"name": "HTTP Request", "source": "1035152b-9aa1-487a-874a-348681f6d381-attachment.txt", "type": "text/plain"}, {"name": "HTTP Response", "source": "39ac0900-fad5-48cf-94bf-f232baa064af-attachment.txt", "type": "text/plain"}, {"name": "log", "source": "2df5d97f-8d8f-49a7-a25f-8e45813b14cc-attachment.txt", "type": "text/plain"}, {"name": "stderr", "source": "2eecb237-4196-4537-b296-042bb000bfca-attachment.txt", "type": "text/plain"}], "start": 1768556129484, "stop": 1768556129849, "uuid": "a27de5db-44a1-490a-9070-2b4901f98d90", "historyId": "263b47fc7ce42764df3d75634c029a89", "testCaseId": "263b47fc7ce42764df3d75634c029a89", "fullName": "tests.endpoints.tasks.test_tasks_create#test_create_no_dates_sets_defaults", "labels": [{"name": "tag", "value": "defaults"}, {"name": "story", "value": "Create Task"}, {"name": "feature", "value": "Tasks"}, {"name": "tag", "value": "POST"}, {"name": "parentSuite", "value": "tests.endpoints.tasks"}, {"name": "suite", "value": "test_tasks_create"}, {"name": "host", "value": "runnervmmtnos"}, {"name": "thread", "value": "2315-MainThread"}, {"name": "framework", "value": "pytest"}, {"name": "language", "value": "cpython3"}, {"name": "package", "value": "tests.endpoints.tasks.test_tasks_create"}], "titlePath": ["tests", "endpoints", "tasks", "test_tasks_create.py"]}