{"name": "test_add_unauthorized", "status": "failed", "statusDetails": {"message": "AssertionError: Expected status 401, got 400. URL: https://api.ganttpro.com/v1.0/attachments, Response: {\"code\":1,\"text\":\"Something went wrong. Please contact our support service to solve this issue\"}", "trace": "tests/endpoints/attachments/test_attachments_add.py:55: in test_add_unauthorized\n    assert_status_code(response, 401)\nsrc/assertions.py:28: in assert_status_code\n    assert response.status_code == expected_status, message\nE   AssertionError: Expected status 401, got 400. URL: https://api.ganttpro.com/v1.0/attachments, Response: {\"code\":1,\"text\":\"Something went wrong. Please contact our support service to solve this issue\"}"}, "description": "Test attachment upload without API key returns 401", "attachments": [{"name": "log", "source": "d216c58d-cb5a-457e-b54f-499e7c592bde-attachment.txt", "type": "text/plain"}, {"name": "stderr", "source": "7f53b22f-2d9a-4447-91e8-f91c38ab155a-attachment.txt", "type": "text/plain"}], "start": 1772099843246, "stop": 1772099843409, "uuid": "a600b4b6-5a78-4f82-a8ec-05f7b7a802f4", "historyId": "8a4e0f019aee922d846bca7188aa1ce3", "testCaseId": "8a4e0f019aee922d846bca7188aa1ce3", "fullName": "tests.endpoints.attachments.test_attachments_add#test_add_unauthorized", "labels": [{"name": "feature", "value": "Attachments"}, {"name": "tag", "value": "auth"}, {"name": "tag", "value": "POST"}, {"name": "story", "value": "Add Attachment"}, {"name": "parentSuite", "value": "tests.endpoints.attachments"}, {"name": "suite", "value": "test_attachments_add"}, {"name": "host", "value": "runnervmnay03"}, {"name": "thread", "value": "2424-MainThread"}, {"name": "framework", "value": "pytest"}, {"name": "language", "value": "cpython3"}, {"name": "package", "value": "tests.endpoints.attachments.test_attachments_add"}], "titlePath": ["tests", "endpoints", "attachments", "test_attachments_add.py"]}