{"name": "test_get_link_unauthorized", "status": "failed", "statusDetails": {"message": "AssertionError: Expected status 401, got 400. URL: https://api.ganttpro.com/v1.0/links/115236305, Response: {\"code\":1,\"text\":\"Something went wrong. Please contact our support service to solve this issue\"}", "trace": "tests/endpoints/links/test_links_get.py:32: in test_get_link_unauthorized\n    assert_status_code(response, 401)\nsrc/assertions.py:28: in assert_status_code\n    assert response.status_code == expected_status, message\nE   AssertionError: Expected status 401, got 400. URL: https://api.ganttpro.com/v1.0/links/115236305, Response: {\"code\":1,\"text\":\"Something went wrong. Please contact our support service to solve this issue\"}"}, "description": "Test link retrieval without API key returns 401", "attachments": [{"name": "log", "source": "740038a2-2543-40d0-935c-92f30c600035-attachment.txt", "type": "text/plain"}, {"name": "stderr", "source": "be4e14cd-2ea1-44ac-af28-ef76cd9397aa-attachment.txt", "type": "text/plain"}], "start": 1771495030654, "stop": 1771495030762, "uuid": "612c5848-2db7-42f9-9dc6-85e5789e1129", "historyId": "967432eb3e60d2f3741327e68e760c2b", "testCaseId": "967432eb3e60d2f3741327e68e760c2b", "fullName": "tests.endpoints.links.test_links_get#test_get_link_unauthorized", "labels": [{"name": "tag", "value": "auth"}, {"name": "tag", "value": "GET"}, {"name": "story", "value": "Get Link"}, {"name": "feature", "value": "Links"}, {"name": "parentSuite", "value": "tests.endpoints.links"}, {"name": "suite", "value": "test_links_get"}, {"name": "host", "value": "runnervmjduv7"}, {"name": "thread", "value": "2417-MainThread"}, {"name": "framework", "value": "pytest"}, {"name": "language", "value": "cpython3"}, {"name": "package", "value": "tests.endpoints.links.test_links_get"}], "titlePath": ["tests", "endpoints", "links", "test_links_get.py"]}