{"name": "test_create_no_dates_sets_defaults", "status": "failed", "statusDetails": {"message": "AssertionError: assert 480 == 1440\n +  where 480 = <built-in method get of dict object at 0x7f56bd8dd400>('duration')\n +    where <built-in method get of dict object at 0x7f56bd8dd400> = {'attachments': [], 'color': 1, 'comments': [], 'createdAt': '2026-02-03T09:54:23.000Z', ...}.get", "trace": "tests/endpoints/tasks/test_tasks_create.py:519: in test_create_no_dates_sets_defaults\n    assert item.get(\"duration\") == 1440  # Default duration in minutes\nE   AssertionError: assert 480 == 1440\nE    +  where 480 = <built-in method get of dict object at 0x7f56bd8dd400>('duration')\nE    +    where <built-in method get of dict object at 0x7f56bd8dd400> = {'attachments': [], 'color': 1, 'comments': [], 'createdAt': '2026-02-03T09:54:23.000Z', ...}.get"}, "description": "Без startDate/endDate/duration должны выставиться дефолтные даты", "attachments": [{"name": "HTTP Request", "source": "123a7841-ea6e-4a40-85de-466eebf34576-attachment.txt", "type": "text/plain"}, {"name": "HTTP Response", "source": "68d363f3-8bcd-4157-a04e-0028e9ccf552-attachment.txt", "type": "text/plain"}, {"name": "log", "source": "e977a5df-0b0c-4886-8741-a54696d3f3e0-attachment.txt", "type": "text/plain"}, {"name": "stderr", "source": "4411909d-1671-442d-88bf-9faa3ce0cb4f-attachment.txt", "type": "text/plain"}], "start": 1770112463373, "stop": 1770112463815, "uuid": "6f4a6337-b4e3-4806-910c-517dbb82923e", "historyId": "263b47fc7ce42764df3d75634c029a89", "testCaseId": "263b47fc7ce42764df3d75634c029a89", "fullName": "tests.endpoints.tasks.test_tasks_create#test_create_no_dates_sets_defaults", "labels": [{"name": "story", "value": "Create Task"}, {"name": "tag", "value": "POST"}, {"name": "tag", "value": "defaults"}, {"name": "feature", "value": "Tasks"}, {"name": "parentSuite", "value": "tests.endpoints.tasks"}, {"name": "suite", "value": "test_tasks_create"}, {"name": "host", "value": "runnervmkj6or"}, {"name": "thread", "value": "2493-MainThread"}, {"name": "framework", "value": "pytest"}, {"name": "language", "value": "cpython3"}, {"name": "package", "value": "tests.endpoints.tasks.test_tasks_create"}], "titlePath": ["tests", "endpoints", "tasks", "test_tasks_create.py"]}