{"name": "test_create_start_only_uses_default_duration", "status": "failed", "statusDetails": {"message": "AssertionError: assert False\n +  where False = <built-in method startswith of str object at 0x7f393ef4e940>('2025-01-05')\n +    where <built-in method startswith of str object at 0x7f393ef4e940> = '2025-01-06 09:00:00'.startswith\n +      where '2025-01-06 09:00:00' = <built-in method get of dict object at 0x7f393eed4bc0>('startDate')\n +        where <built-in method get of dict object at 0x7f393eed4bc0> = {'attachments': [], 'color': 1, 'comments': [], 'createdAt': '2026-02-04T09:55:02.000Z', ...}.get", "trace": "tests/endpoints/tasks/test_tasks_create.py:217: in test_create_start_only_uses_default_duration\n    assert item.get(\"startDate\").startswith(\"2025-01-05\")  # API returns datetime format\nE   AssertionError: assert False\nE    +  where False = <built-in method startswith of str object at 0x7f393ef4e940>('2025-01-05')\nE    +    where <built-in method startswith of str object at 0x7f393ef4e940> = '2025-01-06 09:00:00'.startswith\nE    +      where '2025-01-06 09:00:00' = <built-in method get of dict object at 0x7f393eed4bc0>('startDate')\nE    +        where <built-in method get of dict object at 0x7f393eed4bc0> = {'attachments': [], 'color': 1, 'comments': [], 'createdAt': '2026-02-04T09:55:02.000Z', ...}.get"}, "description": "Только startDate -> duration по умолчанию 1, endDate рассчитан", "attachments": [{"name": "HTTP Request", "source": "97ed6984-5074-4da5-a892-23da0d6e7d9e-attachment.txt", "type": "text/plain"}, {"name": "HTTP Response", "source": "2a552dea-56d1-447b-92e9-ab143c040e02-attachment.txt", "type": "text/plain"}, {"name": "log", "source": "32cf7220-3b60-4bfc-b31e-392c96502da9-attachment.txt", "type": "text/plain"}, {"name": "stderr", "source": "6e04945a-5326-4229-8bc3-0d7154756e84-attachment.txt", "type": "text/plain"}], "start": 1770198901876, "stop": 1770198902341, "uuid": "309c1e3f-b79e-4aba-a2c7-df19eafdd2fe", "historyId": "459818c0890ac16be0f4787c8dc242f9", "testCaseId": "459818c0890ac16be0f4787c8dc242f9", "fullName": "tests.endpoints.tasks.test_tasks_create#test_create_start_only_uses_default_duration", "labels": [{"name": "feature", "value": "Tasks"}, {"name": "tag", "value": "POST"}, {"name": "tag", "value": "logic"}, {"name": "story", "value": "Create Task"}, {"name": "parentSuite", "value": "tests.endpoints.tasks"}, {"name": "suite", "value": "test_tasks_create"}, {"name": "host", "value": "runnervmkj6or"}, {"name": "thread", "value": "2380-MainThread"}, {"name": "framework", "value": "pytest"}, {"name": "language", "value": "cpython3"}, {"name": "package", "value": "tests.endpoints.tasks.test_tasks_create"}], "titlePath": ["tests", "endpoints", "tasks", "test_tasks_create.py"]}