{"name": "test_update_unauthorized", "status": "failed", "statusDetails": {"message": "AssertionError: Expected status 401, got 400. URL: https://api.ganttpro.com/v1.0/tasks/194872592, Response: {\"code\":1,\"text\":\"Something went wrong. Please contact our support service to solve this issue\"}", "trace": "tests/endpoints/tasks/test_tasks_update.py:35: in test_update_unauthorized\n    assert_status_code(response, 401)\nsrc/assertions.py:28: in assert_status_code\n    assert response.status_code == expected_status, message\nE   AssertionError: Expected status 401, got 400. URL: https://api.ganttpro.com/v1.0/tasks/194872592, Response: {\"code\":1,\"text\":\"Something went wrong. Please contact our support service to solve this issue\"}"}, "description": "Test task update without API key returns 401", "attachments": [{"name": "log", "source": "cecdd064-46c1-483e-95b4-e43d39dd0a79-attachment.txt", "type": "text/plain"}, {"name": "stderr", "source": "7055986c-b4a0-47a9-9a86-bfbd0f080cbd-attachment.txt", "type": "text/plain"}], "start": 1771408749254, "stop": 1771408749367, "uuid": "2a2bf7c5-dd7d-409b-9235-ad2ae6dc7283", "historyId": "10ffd0d5f8cf4df70d05e11edbb60cbd", "testCaseId": "10ffd0d5f8cf4df70d05e11edbb60cbd", "fullName": "tests.endpoints.tasks.test_tasks_update#test_update_unauthorized", "labels": [{"name": "feature", "value": "Tasks"}, {"name": "tag", "value": "auth"}, {"name": "tag", "value": "PUT"}, {"name": "story", "value": "Update Task"}, {"name": "parentSuite", "value": "tests.endpoints.tasks"}, {"name": "suite", "value": "test_tasks_update"}, {"name": "host", "value": "runnervmjduv7"}, {"name": "thread", "value": "2420-MainThread"}, {"name": "framework", "value": "pytest"}, {"name": "language", "value": "cpython3"}, {"name": "package", "value": "tests.endpoints.tasks.test_tasks_update"}], "titlePath": ["tests", "endpoints", "tasks", "test_tasks_update.py"]}