{"name": "test_create_no_dates_sets_defaults", "status": "failed", "statusDetails": {"message": "AssertionError: assert 480 == 1440\n +  where 480 = <built-in method get of dict object at 0x7fc7e5cfbc40>('duration')\n +    where <built-in method get of dict object at 0x7fc7e5cfbc40> = {'attachments': [], 'color': 1, 'comments': [], 'createdAt': '2026-02-06T09:54:39.000Z', ...}.get", "trace": "tests/endpoints/tasks/test_tasks_create.py:519: in test_create_no_dates_sets_defaults\n    assert item.get(\"duration\") == 1440  # Default duration in minutes\nE   AssertionError: assert 480 == 1440\nE    +  where 480 = <built-in method get of dict object at 0x7fc7e5cfbc40>('duration')\nE    +    where <built-in method get of dict object at 0x7fc7e5cfbc40> = {'attachments': [], 'color': 1, 'comments': [], 'createdAt': '2026-02-06T09:54:39.000Z', ...}.get"}, "description": "Без startDate/endDate/duration должны выставиться дефолтные даты", "attachments": [{"name": "HTTP Request", "source": "b887133d-a3e7-4b62-807d-122edd8f79ba-attachment.txt", "type": "text/plain"}, {"name": "HTTP Response", "source": "fd7cc3f6-a637-46a5-b201-11ebfd0bd9b0-attachment.txt", "type": "text/plain"}, {"name": "log", "source": "615f4394-a7f5-4fbe-bb2c-ec4fec8a6f88-attachment.txt", "type": "text/plain"}, {"name": "stderr", "source": "afc7cfd2-cd5c-4398-988c-2b6f6e1f8b82-attachment.txt", "type": "text/plain"}], "start": 1770371679362, "stop": 1770371679794, "uuid": "66752210-0fb1-44df-89fc-feb3cb7ee7b1", "historyId": "263b47fc7ce42764df3d75634c029a89", "testCaseId": "263b47fc7ce42764df3d75634c029a89", "fullName": "tests.endpoints.tasks.test_tasks_create#test_create_no_dates_sets_defaults", "labels": [{"name": "tag", "value": "POST"}, {"name": "tag", "value": "defaults"}, {"name": "feature", "value": "Tasks"}, {"name": "story", "value": "Create Task"}, {"name": "parentSuite", "value": "tests.endpoints.tasks"}, {"name": "suite", "value": "test_tasks_create"}, {"name": "host", "value": "runnervmkj6or"}, {"name": "thread", "value": "2353-MainThread"}, {"name": "framework", "value": "pytest"}, {"name": "language", "value": "cpython3"}, {"name": "package", "value": "tests.endpoints.tasks.test_tasks_create"}], "titlePath": ["tests", "endpoints", "tasks", "test_tasks_create.py"]}