{"name": "test_create_no_dates_sets_defaults", "status": "failed", "statusDetails": {"message": "AssertionError: assert 480 == 1440\n +  where 480 = <built-in method get of dict object at 0x7fa3b8900e80>('duration')\n +    where <built-in method get of dict object at 0x7fa3b8900e80> = {'attachments': [], 'color': 1, 'comments': [], 'createdAt': '2026-02-08T09:38:59.000Z', ...}.get", "trace": "tests/endpoints/tasks/test_tasks_create.py:519: in test_create_no_dates_sets_defaults\n    assert item.get(\"duration\") == 1440  # Default duration in minutes\nE   AssertionError: assert 480 == 1440\nE    +  where 480 = <built-in method get of dict object at 0x7fa3b8900e80>('duration')\nE    +    where <built-in method get of dict object at 0x7fa3b8900e80> = {'attachments': [], 'color': 1, 'comments': [], 'createdAt': '2026-02-08T09:38:59.000Z', ...}.get"}, "description": "Без startDate/endDate/duration должны выставиться дефолтные даты", "attachments": [{"name": "HTTP Request", "source": "f795d014-6eca-47a4-afee-8525f6ff9292-attachment.txt", "type": "text/plain"}, {"name": "HTTP Response", "source": "f2f6498e-138d-4d7e-b0c9-3999b76cdd9e-attachment.txt", "type": "text/plain"}, {"name": "log", "source": "ffd96272-4a08-4639-ab79-31528c0583a1-attachment.txt", "type": "text/plain"}, {"name": "stderr", "source": "8871f427-8647-43be-9bbc-97ab1f57940b-attachment.txt", "type": "text/plain"}], "start": 1770543539360, "stop": 1770543539754, "uuid": "f9cbe2ed-6820-4c71-831a-bc76dccbd2ee", "historyId": "263b47fc7ce42764df3d75634c029a89", "testCaseId": "263b47fc7ce42764df3d75634c029a89", "fullName": "tests.endpoints.tasks.test_tasks_create#test_create_no_dates_sets_defaults", "labels": [{"name": "tag", "value": "defaults"}, {"name": "feature", "value": "Tasks"}, {"name": "tag", "value": "POST"}, {"name": "story", "value": "Create Task"}, {"name": "parentSuite", "value": "tests.endpoints.tasks"}, {"name": "suite", "value": "test_tasks_create"}, {"name": "host", "value": "runnervmwffz4"}, {"name": "thread", "value": "2379-MainThread"}, {"name": "framework", "value": "pytest"}, {"name": "language", "value": "cpython3"}, {"name": "package", "value": "tests.endpoints.tasks.test_tasks_create"}], "titlePath": ["tests", "endpoints", "tasks", "test_tasks_create.py"]}