{"name": "test_create_start_only_uses_default_duration", "status": "failed", "statusDetails": {"message": "AssertionError: Expected status 200, got 524. URL: https://api.ganttpro.com/v1.0/tasks, Response: <!DOCTYPE html>\n<html lang=\"en\">\n  <head>\n    <meta charset=\"UTF-8\" />\n    <meta\n      name=\"viewport\"\n      content=\"width=device-width, user-scalable=no, initial-scale=1.0, maximum-scale=1.0, minimu", "trace": "tests/endpoints/tasks/test_tasks_create.py:215: in test_create_start_only_uses_default_duration\n    assert_status_code(response, 200)\nsrc/assertions.py:28: in assert_status_code\n    assert response.status_code == expected_status, message\nE   AssertionError: Expected status 200, got 524. URL: https://api.ganttpro.com/v1.0/tasks, Response: <!DOCTYPE html>\nE   <html lang=\"en\">\nE     <head>\nE       <meta charset=\"UTF-8\" />\nE       <meta\nE         name=\"viewport\"\nE         content=\"width=device-width, user-scalable=no, initial-scale=1.0, maximum-scale=1.0, minimu"}, "description": "Только startDate -> duration по умолчанию 1, endDate рассчитан", "attachments": [{"name": "log", "source": "d12cc669-0270-4c8c-af06-0f2e59f20bf6-attachment.txt", "type": "text/plain"}, {"name": "stderr", "source": "f0b843e9-0ae4-4b73-84ca-c6678dea8a05-attachment.txt", "type": "text/plain"}], "start": 1770893666990, "stop": 1770893792686, "uuid": "af1c56c2-89ae-4303-94a2-25196e94929d", "historyId": "459818c0890ac16be0f4787c8dc242f9", "testCaseId": "459818c0890ac16be0f4787c8dc242f9", "fullName": "tests.endpoints.tasks.test_tasks_create#test_create_start_only_uses_default_duration", "labels": [{"name": "tag", "value": "logic"}, {"name": "tag", "value": "POST"}, {"name": "feature", "value": "Tasks"}, {"name": "story", "value": "Create Task"}, {"name": "parentSuite", "value": "tests.endpoints.tasks"}, {"name": "suite", "value": "test_tasks_create"}, {"name": "host", "value": "runnervmwffz4"}, {"name": "thread", "value": "2382-MainThread"}, {"name": "framework", "value": "pytest"}, {"name": "language", "value": "cpython3"}, {"name": "package", "value": "tests.endpoints.tasks.test_tasks_create"}], "titlePath": ["tests", "endpoints", "tasks", "test_tasks_create.py"]}