{"name": "test_get_team_unauthorized", "status": "failed", "statusDetails": {"message": "AssertionError: Expected status 401, got 400. URL: https://api.ganttpro.com/v1.0/team, Response: {\"code\":1,\"text\":\"Something went wrong. Please contact our support service to solve this issue\"}", "trace": "tests/endpoints/team/test_team_get.py:27: in test_get_team_unauthorized\n    assert_status_code(response, 401)\nsrc/assertions.py:28: in assert_status_code\n    assert response.status_code == expected_status, message\nE   AssertionError: Expected status 401, got 400. URL: https://api.ganttpro.com/v1.0/team, Response: {\"code\":1,\"text\":\"Something went wrong. Please contact our support service to solve this issue\"}"}, "description": "Test team info retrieval without API key returns 401", "attachments": [{"name": "log", "source": "4670e454-f874-43ad-b0fe-cef61fea0e5e-attachment.txt", "type": "text/plain"}, {"name": "stderr", "source": "95b76360-428a-47f3-894e-afa9e3ca021f-attachment.txt", "type": "text/plain"}], "start": 1772357924153, "stop": 1772357924252, "uuid": "373d1cba-15f0-4821-a2fc-3d9819c3c5d9", "historyId": "7f511bee41d99c12d392b136815e397c", "testCaseId": "7f511bee41d99c12d392b136815e397c", "fullName": "tests.endpoints.team.test_team_get#test_get_team_unauthorized", "labels": [{"name": "tag", "value": "GET"}, {"name": "story", "value": "Get Team"}, {"name": "tag", "value": "auth"}, {"name": "feature", "value": "Team"}, {"name": "parentSuite", "value": "tests.endpoints.team"}, {"name": "suite", "value": "test_team_get"}, {"name": "host", "value": "runnervmnay03"}, {"name": "thread", "value": "2523-MainThread"}, {"name": "framework", "value": "pytest"}, {"name": "language", "value": "cpython3"}, {"name": "package", "value": "tests.endpoints.team.test_team_get"}], "titlePath": ["tests", "endpoints", "team", "test_team_get.py"]}