{"name": "test_get_projects_list_unauthorized", "status": "failed", "statusDetails": {"message": "AssertionError: Expected status 401, got 400. URL: https://api.ganttpro.com/v1.0/projects, Response: {\"code\":1,\"text\":\"Something went wrong. Please contact our support service to solve this issue\"}", "trace": "tests/endpoints/projects/test_projects_get_list.py:28: in test_get_projects_list_unauthorized\n    assert_status_code(response, 401)\nsrc/assertions.py:28: in assert_status_code\n    assert response.status_code == expected_status, message\nE   AssertionError: Expected status 401, got 400. URL: https://api.ganttpro.com/v1.0/projects, Response: {\"code\":1,\"text\":\"Something went wrong. Please contact our support service to solve this issue\"}"}, "description": "Test projects list retrieval without API key returns 401", "attachments": [{"name": "log", "source": "e40af42a-be1a-40a2-8d3c-24ad60417c65-attachment.txt", "type": "text/plain"}, {"name": "stderr", "source": "df199967-622f-4557-9feb-30d8d8a2101f-attachment.txt", "type": "text/plain"}], "start": 1772357831349, "stop": 1772357831447, "uuid": "3e5a5327-179e-466a-945a-76f923b46fd7", "historyId": "819ae53b0c089cd4debf0c04393ca98f", "testCaseId": "819ae53b0c089cd4debf0c04393ca98f", "fullName": "tests.endpoints.projects.test_projects_get_list#test_get_projects_list_unauthorized", "labels": [{"name": "tag", "value": "GET"}, {"name": "story", "value": "Get Projects List"}, {"name": "tag", "value": "auth"}, {"name": "feature", "value": "Projects"}, {"name": "parentSuite", "value": "tests.endpoints.projects"}, {"name": "suite", "value": "test_projects_get_list"}, {"name": "host", "value": "runnervmnay03"}, {"name": "thread", "value": "2523-MainThread"}, {"name": "framework", "value": "pytest"}, {"name": "language", "value": "cpython3"}, {"name": "package", "value": "tests.endpoints.projects.test_projects_get_list"}], "titlePath": ["tests", "endpoints", "projects", "test_projects_get_list.py"]}