{"name": "test_update_link_unauthorized", "status": "failed", "statusDetails": {"message": "AssertionError: Expected status 401, got 400. URL: https://api.ganttpro.com/v1.0/links/116101757, Response: {\"code\":1,\"text\":\"Something went wrong. Please contact our support service to solve this issue\"}", "trace": "tests/endpoints/links/test_links_update.py:35: in test_update_link_unauthorized\n    assert_status_code(response, 401)\nsrc/assertions.py:28: in assert_status_code\n    assert response.status_code == expected_status, message\nE   AssertionError: Expected status 401, got 400. URL: https://api.ganttpro.com/v1.0/links/116101757, Response: {\"code\":1,\"text\":\"Something went wrong. Please contact our support service to solve this issue\"}"}, "description": "Test link update without API key returns 401", "attachments": [{"name": "log", "source": "f171c587-4db8-4b62-9125-418517681c85-attachment.txt", "type": "text/plain"}, {"name": "stderr", "source": "c117b8eb-cbac-4dbd-aa2a-1a955c7914df-attachment.txt", "type": "text/plain"}], "start": 1771840958818, "stop": 1771840958914, "uuid": "b06c9214-21c8-475f-b842-238617684df8", "historyId": "f544d7a4ed14ca29a6a49060d95c25c7", "testCaseId": "f544d7a4ed14ca29a6a49060d95c25c7", "fullName": "tests.endpoints.links.test_links_update#test_update_link_unauthorized", "labels": [{"name": "tag", "value": "auth"}, {"name": "feature", "value": "Links"}, {"name": "tag", "value": "PUT"}, {"name": "story", "value": "Update Link"}, {"name": "parentSuite", "value": "tests.endpoints.links"}, {"name": "suite", "value": "test_links_update"}, {"name": "host", "value": "runnervmwffz4"}, {"name": "thread", "value": "2443-MainThread"}, {"name": "framework", "value": "pytest"}, {"name": "language", "value": "cpython3"}, {"name": "package", "value": "tests.endpoints.links.test_links_update"}], "titlePath": ["tests", "endpoints", "links", "test_links_update.py"]}