{"name": "test_create_link_missing_required_fields", "status": "failed", "statusDetails": {"message": "AssertionError: Expected status 400, got 401. URL: https://api.ganttpro.com/v1.0/links, Response: { \"statusCode\": 401, \"message\": \"Access denied due to invalid subscription key. Make sure to provide a valid key for an active subscription.\" }", "trace": "tests/endpoints/links/test_links_create.py:43: in test_create_link_missing_required_fields\n    assert_status_code(response, 400)\nsrc/assertions.py:28: in assert_status_code\n    assert response.status_code == expected_status, message\nE   AssertionError: Expected status 400, got 401. URL: https://api.ganttpro.com/v1.0/links, Response: { \"statusCode\": 401, \"message\": \"Access denied due to invalid subscription key. Make sure to provide a valid key for an active subscription.\" }"}, "description": "Test link creation without required fields returns 400", "attachments": [{"name": "log", "source": "5b12750f-9c23-4d71-a7ed-e381b67ba23f-attachment.txt", "type": "text/plain"}, {"name": "stderr", "source": "1f9586ea-a992-439f-9264-e3b6074eadd6-attachment.txt", "type": "text/plain"}], "start": 1768984664235, "stop": 1768984664373, "uuid": "37fcaafd-cb1b-443d-b098-a3b6050f4f72", "historyId": "ec74313040204915457d751044ada124", "testCaseId": "ec74313040204915457d751044ada124", "fullName": "tests.endpoints.links.test_links_create#test_create_link_missing_required_fields", "labels": [{"name": "feature", "value": "Links"}, {"name": "tag", "value": "validation"}, {"name": "tag", "value": "POST"}, {"name": "story", "value": "Create Link"}, {"name": "parentSuite", "value": "tests.endpoints.links"}, {"name": "suite", "value": "test_links_create"}, {"name": "host", "value": "runnervmmtnos"}, {"name": "thread", "value": "2361-MainThread"}, {"name": "framework", "value": "pytest"}, {"name": "language", "value": "cpython3"}, {"name": "package", "value": "tests.endpoints.links.test_links_create"}], "titlePath": ["tests", "endpoints", "links", "test_links_create.py"]}