{"name": "test_add_time_log_to_task_missing_required_fields", "status": "failed", "statusDetails": {"message": "AssertionError: Expected status 400, got 524. URL: https://api.ganttpro.com/v1.0/timeLogs, Response: <!DOCTYPE html>\n<html lang=\"en\">\n  <head>\n    <meta charset=\"UTF-8\" />\n    <meta\n      name=\"viewport\"\n      content=\"width=device-width, user-scalable=no, initial-scale=1.0, maximum-scale=1.0, minimu", "trace": "tests/endpoints/timelogs/test_timelogs_add.py:49: in test_add_time_log_to_task_missing_required_fields\n    assert_status_code(response, 400)\nsrc/assertions.py:28: in assert_status_code\n    assert response.status_code == expected_status, message\nE   AssertionError: Expected status 400, got 524. URL: https://api.ganttpro.com/v1.0/timeLogs, Response: <!DOCTYPE html>\nE   <html lang=\"en\">\nE     <head>\nE       <meta charset=\"UTF-8\" />\nE       <meta\nE         name=\"viewport\"\nE         content=\"width=device-width, user-scalable=no, initial-scale=1.0, maximum-scale=1.0, minimu"}, "description": "Test time log creation without required fields returns 400", "attachments": [{"name": "log", "source": "61588929-11df-4b5f-bbfc-c40687662aca-attachment.txt", "type": "text/plain"}, {"name": "stderr", "source": "523b4bc4-91bc-4d48-8e8c-b47714fc8d54-attachment.txt", "type": "text/plain"}], "start": 1771243088159, "stop": 1771243213612, "uuid": "c6125c59-8a1d-4274-a102-dd06f2f07fff", "historyId": "b0040c4e60b14bd111e46ccdfb34a133", "testCaseId": "b0040c4e60b14bd111e46ccdfb34a133", "fullName": "tests.endpoints.timelogs.test_timelogs_add#test_add_time_log_to_task_missing_required_fields", "labels": [{"name": "tag", "value": "validation"}, {"name": "feature", "value": "Timelogs"}, {"name": "story", "value": "Add Timelog"}, {"name": "tag", "value": "POST"}, {"name": "parentSuite", "value": "tests.endpoints.timelogs"}, {"name": "suite", "value": "test_timelogs_add"}, {"name": "host", "value": "runnervmjduv7"}, {"name": "thread", "value": "2421-MainThread"}, {"name": "framework", "value": "pytest"}, {"name": "language", "value": "cpython3"}, {"name": "package", "value": "tests.endpoints.timelogs.test_timelogs_add"}], "titlePath": ["tests", "endpoints", "timelogs", "test_timelogs_add.py"]}