{"name": "test_create_no_dates_sets_defaults", "status": "failed", "statusDetails": {"message": "AssertionError: assert 480 == 1440\n +  where 480 = <built-in method get of dict object at 0x7f4bfe619240>('duration')\n +    where <built-in method get of dict object at 0x7f4bfe619240> = {'attachments': [], 'color': 1, 'comments': [], 'createdAt': '2026-02-27T09:53:10.000Z', ...}.get", "trace": "tests/endpoints/tasks/test_tasks_create.py:519: in test_create_no_dates_sets_defaults\n    assert item.get(\"duration\") == 1440  # Default duration in minutes\nE   AssertionError: assert 480 == 1440\nE    +  where 480 = <built-in method get of dict object at 0x7f4bfe619240>('duration')\nE    +    where <built-in method get of dict object at 0x7f4bfe619240> = {'attachments': [], 'color': 1, 'comments': [], 'createdAt': '2026-02-27T09:53:10.000Z', ...}.get"}, "description": "Без startDate/endDate/duration должны выставиться дефолтные даты", "attachments": [{"name": "HTTP Request", "source": "23f79a74-ec89-4167-950d-e5398d2ab928-attachment.txt", "type": "text/plain"}, {"name": "HTTP Response", "source": "2fe96291-dc2e-427c-971b-9c4d611aee8a-attachment.txt", "type": "text/plain"}, {"name": "log", "source": "42281753-50d5-405d-91c3-bd67d13f6e4d-attachment.txt", "type": "text/plain"}, {"name": "stderr", "source": "d5cf7079-0eaa-4f48-87a5-397b1dc428c5-attachment.txt", "type": "text/plain"}], "start": 1772185989859, "stop": 1772185990323, "uuid": "eba06850-ff7d-44fc-8444-3cba6c29dd10", "historyId": "263b47fc7ce42764df3d75634c029a89", "testCaseId": "263b47fc7ce42764df3d75634c029a89", "fullName": "tests.endpoints.tasks.test_tasks_create#test_create_no_dates_sets_defaults", "labels": [{"name": "story", "value": "Create Task"}, {"name": "tag", "value": "defaults"}, {"name": "feature", "value": "Tasks"}, {"name": "tag", "value": "POST"}, {"name": "parentSuite", "value": "tests.endpoints.tasks"}, {"name": "suite", "value": "test_tasks_create"}, {"name": "host", "value": "runnervmnay03"}, {"name": "thread", "value": "2500-MainThread"}, {"name": "framework", "value": "pytest"}, {"name": "language", "value": "cpython3"}, {"name": "package", "value": "tests.endpoints.tasks.test_tasks_create"}], "titlePath": ["tests", "endpoints", "tasks", "test_tasks_create.py"]}