{"name": "test_get_attachments_by_project_id_success", "status": "failed", "statusDetails": {"message": "AssertionError: Expected status 200, got 524. URL: https://api.ganttpro.com/v1.0/attachments/getByProjectId?projectId=1518509415138, Response: <!DOCTYPE html>\n<html lang=\"en\">\n  <head>\n    <meta charset=\"UTF-8\" />\n    <meta\n      name=\"viewport\"\n      content=\"width=device-width, user-scalable=no, initial-scale=1.0, maximum-scale=1.0, minimu", "trace": "tests/endpoints/attachments/test_attachments_get_by_project.py:19: in test_get_attachments_by_project_id_success\n    assert_status_code(response, 200)\nsrc/assertions.py:28: in assert_status_code\n    assert response.status_code == expected_status, message\nE   AssertionError: Expected status 200, got 524. URL: https://api.ganttpro.com/v1.0/attachments/getByProjectId?projectId=1518509415138, Response: <!DOCTYPE html>\nE   <html lang=\"en\">\nE     <head>\nE       <meta charset=\"UTF-8\" />\nE       <meta\nE         name=\"viewport\"\nE         content=\"width=device-width, user-scalable=no, initial-scale=1.0, maximum-scale=1.0, minimu"}, "description": "Test successful attachments retrieval by project ID returns 200", "attachments": [{"name": "log", "source": "3bcc05ab-6104-45f4-aa98-58d5f6ae3674-attachment.txt", "type": "text/plain"}, {"name": "stderr", "source": "7b3679dd-d409-49a3-9656-c62a969185a6-attachment.txt", "type": "text/plain"}], "start": 1771062383401, "stop": 1771062509453, "uuid": "f65350a0-1a44-4624-9373-ad184b958b43", "historyId": "aa2a5cf8b46b35397424c98d6e045e46", "testCaseId": "aa2a5cf8b46b35397424c98d6e045e46", "fullName": "tests.endpoints.attachments.test_attachments_get_by_project#test_get_attachments_by_project_id_success", "labels": [{"name": "tag", "value": "positive"}, {"name": "story", "value": "Get Attachments by Project"}, {"name": "tag", "value": "GET"}, {"name": "feature", "value": "Attachments"}, {"name": "parentSuite", "value": "tests.endpoints.attachments"}, {"name": "suite", "value": "test_attachments_get_by_project"}, {"name": "host", "value": "runnervmjduv7"}, {"name": "thread", "value": "2423-MainThread"}, {"name": "framework", "value": "pytest"}, {"name": "language", "value": "cpython3"}, {"name": "package", "value": "tests.endpoints.attachments.test_attachments_get_by_project"}], "titlePath": ["tests", "endpoints", "attachments", "test_attachments_get_by_project.py"]}