{"name": "test_create_start_only_uses_default_duration", "status": "failed", "statusDetails": {"message": "AssertionError: assert False\n +  where False = <built-in method startswith of str object at 0x7f44476eda30>('2025-01-05')\n +    where <built-in method startswith of str object at 0x7f44476eda30> = '2025-01-06 09:00:00'.startswith\n +      where '2025-01-06 09:00:00' = <built-in method get of dict object at 0x7f44476a3c80>('startDate')\n +        where <built-in method get of dict object at 0x7f44476a3c80> = {'attachments': [], 'color': 1, 'comments': [], 'createdAt': '2026-02-02T10:00:23.000Z', ...}.get", "trace": "tests/endpoints/tasks/test_tasks_create.py:217: in test_create_start_only_uses_default_duration\n    assert item.get(\"startDate\").startswith(\"2025-01-05\")  # API returns datetime format\nE   AssertionError: assert False\nE    +  where False = <built-in method startswith of str object at 0x7f44476eda30>('2025-01-05')\nE    +    where <built-in method startswith of str object at 0x7f44476eda30> = '2025-01-06 09:00:00'.startswith\nE    +      where '2025-01-06 09:00:00' = <built-in method get of dict object at 0x7f44476a3c80>('startDate')\nE    +        where <built-in method get of dict object at 0x7f44476a3c80> = {'attachments': [], 'color': 1, 'comments': [], 'createdAt': '2026-02-02T10:00:23.000Z', ...}.get"}, "description": "Только startDate -> duration по умолчанию 1, endDate рассчитан", "attachments": [{"name": "HTTP Request", "source": "1ccedacf-76c1-408b-8d0b-ef5f3f7c53f1-attachment.txt", "type": "text/plain"}, {"name": "HTTP Response", "source": "3f16d7af-a767-4976-a6b0-a526d328ae85-attachment.txt", "type": "text/plain"}, {"name": "log", "source": "137718cd-2531-4d8c-bbe6-c7cfa1725b65-attachment.txt", "type": "text/plain"}, {"name": "stderr", "source": "52892c52-8d39-4f69-ad34-254b3e0b8f60-attachment.txt", "type": "text/plain"}], "start": 1770026423072, "stop": 1770026423496, "uuid": "72c44f63-9c6b-466d-bf99-760b55312a82", "historyId": "459818c0890ac16be0f4787c8dc242f9", "testCaseId": "459818c0890ac16be0f4787c8dc242f9", "fullName": "tests.endpoints.tasks.test_tasks_create#test_create_start_only_uses_default_duration", "labels": [{"name": "feature", "value": "Tasks"}, {"name": "story", "value": "Create Task"}, {"name": "tag", "value": "POST"}, {"name": "tag", "value": "logic"}, {"name": "parentSuite", "value": "tests.endpoints.tasks"}, {"name": "suite", "value": "test_tasks_create"}, {"name": "host", "value": "runnervmkj6or"}, {"name": "thread", "value": "2418-MainThread"}, {"name": "framework", "value": "pytest"}, {"name": "language", "value": "cpython3"}, {"name": "package", "value": "tests.endpoints.tasks.test_tasks_create"}], "titlePath": ["tests", "endpoints", "tasks", "test_tasks_create.py"]}