{"name": "test_update_time_log_unauthorized", "status": "failed", "statusDetails": {"message": "AssertionError: Expected status 401, got 400. URL: https://api.ganttpro.com/v1.0/timeLogs/1195988, Response: {\"code\":1,\"text\":\"Something went wrong. Please contact our support service to solve this issue\"}", "trace": "tests/endpoints/timelogs/test_timelogs_update.py:35: in test_update_time_log_unauthorized\n    assert_status_code(response, 401)\nsrc/assertions.py:28: in assert_status_code\n    assert response.status_code == expected_status, message\nE   AssertionError: Expected status 401, got 400. URL: https://api.ganttpro.com/v1.0/timeLogs/1195988, Response: {\"code\":1,\"text\":\"Something went wrong. Please contact our support service to solve this issue\"}"}, "description": "Test time log update without API key returns 401", "attachments": [{"name": "log", "source": "fdde696c-318b-4969-82af-e16d42ccf54c-attachment.txt", "type": "text/plain"}, {"name": "stderr", "source": "50f761a1-eb93-4d79-8feb-e92797d27b46-attachment.txt", "type": "text/plain"}], "start": 1771666747804, "stop": 1771666747950, "uuid": "50847dd7-7e4a-46f7-9301-3ad5ae031e9f", "historyId": "fdf591cf282edfdcf4c8b814c414d539", "testCaseId": "fdf591cf282edfdcf4c8b814c414d539", "fullName": "tests.endpoints.timelogs.test_timelogs_update#test_update_time_log_unauthorized", "labels": [{"name": "story", "value": "Update Timelog"}, {"name": "feature", "value": "Timelogs"}, {"name": "tag", "value": "auth"}, {"name": "tag", "value": "PUT"}, {"name": "parentSuite", "value": "tests.endpoints.timelogs"}, {"name": "suite", "value": "test_timelogs_update"}, {"name": "host", "value": "runnervmwffz4"}, {"name": "thread", "value": "2444-MainThread"}, {"name": "framework", "value": "pytest"}, {"name": "language", "value": "cpython3"}, {"name": "package", "value": "tests.endpoints.timelogs.test_timelogs_update"}], "titlePath": ["tests", "endpoints", "timelogs", "test_timelogs_update.py"]}