{"name": "test_add_time_log_to_task_unauthorized", "status": "failed", "statusDetails": {"message": "AssertionError: Expected status 401, got 400. URL: https://api.ganttpro.com/v1.0/timeLogs, Response: {\"code\":1,\"text\":\"Something went wrong. Please contact our support service to solve this issue\"}", "trace": "tests/endpoints/timelogs/test_timelogs_add.py:37: in test_add_time_log_to_task_unauthorized\n    assert_status_code(response, 401)\nsrc/assertions.py:28: in assert_status_code\n    assert response.status_code == expected_status, message\nE   AssertionError: Expected status 401, got 400. URL: https://api.ganttpro.com/v1.0/timeLogs, Response: {\"code\":1,\"text\":\"Something went wrong. Please contact our support service to solve this issue\"}"}, "description": "Test time log creation without API key returns 401", "attachments": [{"name": "log", "source": "0907755a-de9c-48c4-aac7-dac992b9161c-attachment.txt", "type": "text/plain"}, {"name": "stderr", "source": "55605ce7-2add-4452-a4cf-a3f99af1ca3f-attachment.txt", "type": "text/plain"}], "start": 1771495141348, "stop": 1771495141459, "uuid": "668df634-39f5-4dd5-bc8e-650d10dce004", "historyId": "52a551f6c2a5419233f470b25e101c32", "testCaseId": "52a551f6c2a5419233f470b25e101c32", "fullName": "tests.endpoints.timelogs.test_timelogs_add#test_add_time_log_to_task_unauthorized", "labels": [{"name": "tag", "value": "auth"}, {"name": "tag", "value": "POST"}, {"name": "story", "value": "Add Timelog"}, {"name": "feature", "value": "Timelogs"}, {"name": "parentSuite", "value": "tests.endpoints.timelogs"}, {"name": "suite", "value": "test_timelogs_add"}, {"name": "host", "value": "runnervmjduv7"}, {"name": "thread", "value": "2417-MainThread"}, {"name": "framework", "value": "pytest"}, {"name": "language", "value": "cpython3"}, {"name": "package", "value": "tests.endpoints.timelogs.test_timelogs_add"}], "titlePath": ["tests", "endpoints", "timelogs", "test_timelogs_add.py"]}