{"name": "test_delete_unauthorized", "status": "failed", "statusDetails": {"message": "AssertionError: Expected status 401, got 400. URL: https://api.ganttpro.com/v1.0/tasks/198364952, Response: {\"code\":1,\"text\":\"Something went wrong. Please contact our support service to solve this issue\"}", "trace": "tests/endpoints/tasks/test_tasks_delete.py:28: in test_delete_unauthorized\n    assert_status_code(response, 401)\nsrc/assertions.py:28: in assert_status_code\n    assert response.status_code == expected_status, message\nE   AssertionError: Expected status 401, got 400. URL: https://api.ganttpro.com/v1.0/tasks/198364952, Response: {\"code\":1,\"text\":\"Something went wrong. Please contact our support service to solve this issue\"}"}, "description": "Test task deletion without API key returns 401", "attachments": [{"name": "log", "source": "5ba83aae-5ee8-4b56-ace8-5c24380b7e7e-attachment.txt", "type": "text/plain"}, {"name": "stderr", "source": "260aaf86-3d42-44e9-bd3c-33219ceeb636-attachment.txt", "type": "text/plain"}], "start": 1772099967984, "stop": 1772099968146, "uuid": "708584a3-7f38-47c3-8c4d-4d0d818e2b93", "historyId": "5c59374c160c5d772e76d370697653f8", "testCaseId": "5c59374c160c5d772e76d370697653f8", "fullName": "tests.endpoints.tasks.test_tasks_delete#test_delete_unauthorized", "labels": [{"name": "tag", "value": "auth"}, {"name": "story", "value": "Delete Task"}, {"name": "tag", "value": "DELETE"}, {"name": "feature", "value": "Tasks"}, {"name": "parentSuite", "value": "tests.endpoints.tasks"}, {"name": "suite", "value": "test_tasks_delete"}, {"name": "host", "value": "runnervmnay03"}, {"name": "thread", "value": "2424-MainThread"}, {"name": "framework", "value": "pytest"}, {"name": "language", "value": "cpython3"}, {"name": "package", "value": "tests.endpoints.tasks.test_tasks_delete"}], "titlePath": ["tests", "endpoints", "tasks", "test_tasks_delete.py"]}