{"name": "test_create_link_unauthorized", "status": "failed", "statusDetails": {"message": "AssertionError: Expected status 401, got 400. URL: https://api.ganttpro.com/v1.0/links, Response: {\"code\":1,\"text\":\"Something went wrong. Please contact our support service to solve this issue\"}", "trace": "tests/endpoints/links/test_links_create.py:31: in test_create_link_unauthorized\n    assert_status_code(response, 401)\nsrc/assertions.py:28: in assert_status_code\n    assert response.status_code == expected_status, message\nE   AssertionError: Expected status 401, got 400. URL: https://api.ganttpro.com/v1.0/links, Response: {\"code\":1,\"text\":\"Something went wrong. Please contact our support service to solve this issue\"}"}, "description": "Test link creation without API key returns 401", "attachments": [{"name": "log", "source": "80a5d82d-b7e0-4a12-8242-88dccbf6cce9-attachment.txt", "type": "text/plain"}, {"name": "stderr", "source": "61fcfb4f-fc77-4eeb-957f-3fb022190f99-attachment.txt", "type": "text/plain"}], "start": 1771753098909, "stop": 1771753099026, "uuid": "106f4fde-9d31-42c2-bdf4-95685a6f0567", "historyId": "8160052767cd2798ff63b30ff132bd08", "testCaseId": "8160052767cd2798ff63b30ff132bd08", "fullName": "tests.endpoints.links.test_links_create#test_create_link_unauthorized", "labels": [{"name": "tag", "value": "POST"}, {"name": "feature", "value": "Links"}, {"name": "tag", "value": "auth"}, {"name": "story", "value": "Create Link"}, {"name": "parentSuite", "value": "tests.endpoints.links"}, {"name": "suite", "value": "test_links_create"}, {"name": "host", "value": "runnervmwffz4"}, {"name": "thread", "value": "2424-MainThread"}, {"name": "framework", "value": "pytest"}, {"name": "language", "value": "cpython3"}, {"name": "package", "value": "tests.endpoints.links.test_links_create"}], "titlePath": ["tests", "endpoints", "links", "test_links_create.py"]}