{"name": "test_create_start_only_uses_default_duration", "status": "failed", "statusDetails": {"message": "AssertionError: assert False\n +  where False = <built-in method startswith of str object at 0x7fd2ac9ba800>('2025-01-05')\n +    where <built-in method startswith of str object at 0x7fd2ac9ba800> = '2025-01-06 09:00:00'.startswith\n +      where '2025-01-06 09:00:00' = <built-in method get of dict object at 0x7fd2ac944440>('startDate')\n +        where <built-in method get of dict object at 0x7fd2ac944440> = {'attachments': [], 'color': 1, 'comments': [], 'createdAt': '2026-01-20T09:40:41.000Z', ...}.get", "trace": "tests/endpoints/tasks/test_tasks_create.py:217: in test_create_start_only_uses_default_duration\n    assert item.get(\"startDate\").startswith(\"2025-01-05\")  # API returns datetime format\nE   AssertionError: assert False\nE    +  where False = <built-in method startswith of str object at 0x7fd2ac9ba800>('2025-01-05')\nE    +    where <built-in method startswith of str object at 0x7fd2ac9ba800> = '2025-01-06 09:00:00'.startswith\nE    +      where '2025-01-06 09:00:00' = <built-in method get of dict object at 0x7fd2ac944440>('startDate')\nE    +        where <built-in method get of dict object at 0x7fd2ac944440> = {'attachments': [], 'color': 1, 'comments': [], 'createdAt': '2026-01-20T09:40:41.000Z', ...}.get"}, "description": "Только startDate -> duration по умолчанию 1, endDate рассчитан", "attachments": [{"name": "HTTP Request", "source": "6f73ac2b-3df5-486b-82e9-44e4ba28741c-attachment.txt", "type": "text/plain"}, {"name": "HTTP Response", "source": "f4393cc7-1532-4327-8975-923f5afbc118-attachment.txt", "type": "text/plain"}, {"name": "log", "source": "8695cd7b-f1d3-4ed3-9eb8-29a95ebfe437-attachment.txt", "type": "text/plain"}, {"name": "stderr", "source": "5b12111b-3285-4631-b688-d8cbb389d5a8-attachment.txt", "type": "text/plain"}], "start": 1768902040802, "stop": 1768902041554, "uuid": "3e30f756-1667-45cb-a20c-3bf99e5399fd", "historyId": "459818c0890ac16be0f4787c8dc242f9", "testCaseId": "459818c0890ac16be0f4787c8dc242f9", "fullName": "tests.endpoints.tasks.test_tasks_create#test_create_start_only_uses_default_duration", "labels": [{"name": "story", "value": "Create Task"}, {"name": "tag", "value": "POST"}, {"name": "feature", "value": "Tasks"}, {"name": "tag", "value": "logic"}, {"name": "parentSuite", "value": "tests.endpoints.tasks"}, {"name": "suite", "value": "test_tasks_create"}, {"name": "host", "value": "runnervmmtnos"}, {"name": "thread", "value": "2368-MainThread"}, {"name": "framework", "value": "pytest"}, {"name": "language", "value": "cpython3"}, {"name": "package", "value": "tests.endpoints.tasks.test_tasks_create"}], "titlePath": ["tests", "endpoints", "tasks", "test_tasks_create.py"]}