{"name": "test_delete_attachments_by_ids_missing_required_field", "status": "failed", "statusDetails": {"message": "AssertionError: Expected status 400, got 524. URL: https://api.ganttpro.com/v1.0/attachments/delete/byIds, Response: <!DOCTYPE html>\n<html lang=\"en\">\n  <head>\n    <meta charset=\"UTF-8\" />\n    <meta\n      name=\"viewport\"\n      content=\"width=device-width, user-scalable=no, initial-scale=1.0, maximum-scale=1.0, minimu", "trace": "tests/endpoints/attachments/test_attachments_delete_by_ids.py:44: in test_delete_attachments_by_ids_missing_required_field\n    assert_status_code(response, 400)\nsrc/assertions.py:28: in assert_status_code\n    assert response.status_code == expected_status, message\nE   AssertionError: Expected status 400, got 524. URL: https://api.ganttpro.com/v1.0/attachments/delete/byIds, Response: <!DOCTYPE html>\nE   <html lang=\"en\">\nE     <head>\nE       <meta charset=\"UTF-8\" />\nE       <meta\nE         name=\"viewport\"\nE         content=\"width=device-width, user-scalable=no, initial-scale=1.0, maximum-scale=1.0, minimu"}, "description": "Test attachments deletion without required attachmentIds field returns 400", "attachments": [{"name": "log", "source": "ab9931e1-975a-4b86-ac7e-2c3c9fcb37cf-attachment.txt", "type": "text/plain"}, {"name": "stderr", "source": "ba3035b0-2284-4692-9400-6693a5ff953e-attachment.txt", "type": "text/plain"}], "start": 1771236480720, "stop": 1771236605885, "uuid": "793d7b6c-7d6a-4dbf-b832-a07c648a625c", "historyId": "e4a20e9288e54a3fa034ca70f7a8a5d7", "testCaseId": "e4a20e9288e54a3fa034ca70f7a8a5d7", "fullName": "tests.endpoints.attachments.test_attachments_delete_by_ids#test_delete_attachments_by_ids_missing_required_field", "labels": [{"name": "tag", "value": "validation"}, {"name": "feature", "value": "Attachments"}, {"name": "story", "value": "Delete Attachments"}, {"name": "tag", "value": "DELETE"}, {"name": "parentSuite", "value": "tests.endpoints.attachments"}, {"name": "suite", "value": "test_attachments_delete_by_ids"}, {"name": "host", "value": "runnervmjduv7"}, {"name": "thread", "value": "2421-MainThread"}, {"name": "framework", "value": "pytest"}, {"name": "language", "value": "cpython3"}, {"name": "package", "value": "tests.endpoints.attachments.test_attachments_delete_by_ids"}], "titlePath": ["tests", "endpoints", "attachments", "test_attachments_delete_by_ids.py"]}