{"name": "test_create_no_dates_sets_defaults", "status": "failed", "statusDetails": {"message": "AssertionError: assert 480 == 1440\n +  where 480 = <built-in method get of dict object at 0x7f30b77698c0>('duration')\n +    where <built-in method get of dict object at 0x7f30b77698c0> = {'attachments': [], 'color': 1, 'comments': [], 'createdAt': '2026-01-24T09:29:16.000Z', ...}.get", "trace": "tests/endpoints/tasks/test_tasks_create.py:519: in test_create_no_dates_sets_defaults\n    assert item.get(\"duration\") == 1440  # Default duration in minutes\nE   AssertionError: assert 480 == 1440\nE    +  where 480 = <built-in method get of dict object at 0x7f30b77698c0>('duration')\nE    +    where <built-in method get of dict object at 0x7f30b77698c0> = {'attachments': [], 'color': 1, 'comments': [], 'createdAt': '2026-01-24T09:29:16.000Z', ...}.get"}, "description": "Без startDate/endDate/duration должны выставиться дефолтные даты", "attachments": [{"name": "HTTP Request", "source": "e3a1d4a6-e144-477a-99fd-9e1394af142c-attachment.txt", "type": "text/plain"}, {"name": "HTTP Response", "source": "291c82dc-fac3-4284-a18c-e280bcc552d6-attachment.txt", "type": "text/plain"}, {"name": "log", "source": "d35c5d81-57b8-4ed1-a131-6c0b7f38066c-attachment.txt", "type": "text/plain"}, {"name": "stderr", "source": "affd02fd-9eb1-404a-97a3-8ed4a2e97003-attachment.txt", "type": "text/plain"}], "start": 1769246955859, "stop": 1769246956269, "uuid": "46f9ce47-e118-4dc0-905c-5bbf4096fdf6", "historyId": "263b47fc7ce42764df3d75634c029a89", "testCaseId": "263b47fc7ce42764df3d75634c029a89", "fullName": "tests.endpoints.tasks.test_tasks_create#test_create_no_dates_sets_defaults", "labels": [{"name": "feature", "value": "Tasks"}, {"name": "tag", "value": "POST"}, {"name": "story", "value": "Create Task"}, {"name": "tag", "value": "defaults"}, {"name": "parentSuite", "value": "tests.endpoints.tasks"}, {"name": "suite", "value": "test_tasks_create"}, {"name": "host", "value": "runnervmymu0l"}, {"name": "thread", "value": "2370-MainThread"}, {"name": "framework", "value": "pytest"}, {"name": "language", "value": "cpython3"}, {"name": "package", "value": "tests.endpoints.tasks.test_tasks_create"}], "titlePath": ["tests", "endpoints", "tasks", "test_tasks_create.py"]}