{"name": "test_add_unauthorized", "status": "failed", "statusDetails": {"message": "AssertionError: Expected status 401, got 400. URL: https://api.ganttpro.com/v1.0/attachments, Response: {\"code\":1,\"text\":\"Something went wrong. Please contact our support service to solve this issue\"}", "trace": "tests/endpoints/attachments/test_attachments_add.py:55: in test_add_unauthorized\n    assert_status_code(response, 401)\nsrc/assertions.py:28: in assert_status_code\n    assert response.status_code == expected_status, message\nE   AssertionError: Expected status 401, got 400. URL: https://api.ganttpro.com/v1.0/attachments, Response: {\"code\":1,\"text\":\"Something went wrong. Please contact our support service to solve this issue\"}"}, "description": "Test attachment upload without API key returns 401", "attachments": [{"name": "log", "source": "0b614dd9-797e-4242-8de4-73bad6b764a9-attachment.txt", "type": "text/plain"}, {"name": "stderr", "source": "c563976e-66b3-4cf6-b723-4d43b19335f3-attachment.txt", "type": "text/plain"}], "start": 1771840919912, "stop": 1771840920011, "uuid": "04f7c55f-2fa2-435b-b6cb-1940fa9d2354", "historyId": "8a4e0f019aee922d846bca7188aa1ce3", "testCaseId": "8a4e0f019aee922d846bca7188aa1ce3", "fullName": "tests.endpoints.attachments.test_attachments_add#test_add_unauthorized", "labels": [{"name": "tag", "value": "auth"}, {"name": "tag", "value": "POST"}, {"name": "feature", "value": "Attachments"}, {"name": "story", "value": "Add Attachment"}, {"name": "parentSuite", "value": "tests.endpoints.attachments"}, {"name": "suite", "value": "test_attachments_add"}, {"name": "host", "value": "runnervmwffz4"}, {"name": "thread", "value": "2443-MainThread"}, {"name": "framework", "value": "pytest"}, {"name": "language", "value": "cpython3"}, {"name": "package", "value": "tests.endpoints.attachments.test_attachments_add"}], "titlePath": ["tests", "endpoints", "attachments", "test_attachments_add.py"]}