{"name": "test_get_time_log_unauthorized", "status": "failed", "statusDetails": {"message": "AssertionError: Expected status 401, got 400. URL: https://api.ganttpro.com/v1.0/timeLogs/1197260, Response: {\"code\":1,\"text\":\"Something went wrong. Please contact our support service to solve this issue\"}", "trace": "tests/endpoints/timelogs/test_timelogs_get_one.py:32: in test_get_time_log_unauthorized\n    assert_status_code(response, 401)\nsrc/assertions.py:28: in assert_status_code\n    assert response.status_code == expected_status, message\nE   AssertionError: Expected status 401, got 400. URL: https://api.ganttpro.com/v1.0/timeLogs/1197260, Response: {\"code\":1,\"text\":\"Something went wrong. Please contact our support service to solve this issue\"}"}, "description": "Test time log retrieval without API key returns 401", "attachments": [{"name": "log", "source": "01c18f70-fee9-431b-8344-a9f1b4901c62-attachment.txt", "type": "text/plain"}, {"name": "stderr", "source": "a329b6fa-7120-4f61-8b25-faf76f3e334a-attachment.txt", "type": "text/plain"}], "start": 1771841075305, "stop": 1771841075408, "uuid": "2a923608-db5a-47df-8541-496a251b0191", "historyId": "e4a8bfa6c0e632f8810cb4fd9a70e3f4", "testCaseId": "e4a8bfa6c0e632f8810cb4fd9a70e3f4", "fullName": "tests.endpoints.timelogs.test_timelogs_get_one#test_get_time_log_unauthorized", "labels": [{"name": "tag", "value": "auth"}, {"name": "feature", "value": "Timelogs"}, {"name": "tag", "value": "GET"}, {"name": "story", "value": "Get Timelog"}, {"name": "parentSuite", "value": "tests.endpoints.timelogs"}, {"name": "suite", "value": "test_timelogs_get_one"}, {"name": "host", "value": "runnervmwffz4"}, {"name": "thread", "value": "2443-MainThread"}, {"name": "framework", "value": "pytest"}, {"name": "language", "value": "cpython3"}, {"name": "package", "value": "tests.endpoints.timelogs.test_timelogs_get_one"}], "titlePath": ["tests", "endpoints", "timelogs", "test_timelogs_get_one.py"]}