{"name": "test_create_start_only_uses_default_duration", "status": "failed", "statusDetails": {"message": "AssertionError: assert False\n +  where False = <built-in method startswith of str object at 0x7fe0e4c3e300>('2025-01-05')\n +    where <built-in method startswith of str object at 0x7fe0e4c3e300> = '2025-01-06 09:00:00'.startswith\n +      where '2025-01-06 09:00:00' = <built-in method get of dict object at 0x7fe0e4bdc800>('startDate')\n +        where <built-in method get of dict object at 0x7fe0e4bdc800> = {'attachments': [], 'color': 1, 'comments': [], 'createdAt': '2026-02-22T09:39:13.000Z', ...}.get", "trace": "tests/endpoints/tasks/test_tasks_create.py:217: in test_create_start_only_uses_default_duration\n    assert item.get(\"startDate\").startswith(\"2025-01-05\")  # API returns datetime format\nE   AssertionError: assert False\nE    +  where False = <built-in method startswith of str object at 0x7fe0e4c3e300>('2025-01-05')\nE    +    where <built-in method startswith of str object at 0x7fe0e4c3e300> = '2025-01-06 09:00:00'.startswith\nE    +      where '2025-01-06 09:00:00' = <built-in method get of dict object at 0x7fe0e4bdc800>('startDate')\nE    +        where <built-in method get of dict object at 0x7fe0e4bdc800> = {'attachments': [], 'color': 1, 'comments': [], 'createdAt': '2026-02-22T09:39:13.000Z', ...}.get"}, "description": "Только startDate -> duration по умолчанию 1, endDate рассчитан", "attachments": [{"name": "HTTP Request", "source": "177a542e-810a-4eb1-b3e4-a79ee5c50337-attachment.txt", "type": "text/plain"}, {"name": "HTTP Response", "source": "a52f87f8-0f98-41c2-928d-67d040686122-attachment.txt", "type": "text/plain"}, {"name": "log", "source": "e43d9910-ed5e-481c-acc7-bc9441a27ac1-attachment.txt", "type": "text/plain"}, {"name": "stderr", "source": "56b9fad2-a503-4b5e-b9ff-acfecfebd575-attachment.txt", "type": "text/plain"}], "start": 1771753153567, "stop": 1771753154014, "uuid": "c96969bb-88ce-4141-b83d-d3ac5b5d6094", "historyId": "459818c0890ac16be0f4787c8dc242f9", "testCaseId": "459818c0890ac16be0f4787c8dc242f9", "fullName": "tests.endpoints.tasks.test_tasks_create#test_create_start_only_uses_default_duration", "labels": [{"name": "tag", "value": "POST"}, {"name": "feature", "value": "Tasks"}, {"name": "tag", "value": "logic"}, {"name": "story", "value": "Create Task"}, {"name": "parentSuite", "value": "tests.endpoints.tasks"}, {"name": "suite", "value": "test_tasks_create"}, {"name": "host", "value": "runnervmwffz4"}, {"name": "thread", "value": "2424-MainThread"}, {"name": "framework", "value": "pytest"}, {"name": "language", "value": "cpython3"}, {"name": "package", "value": "tests.endpoints.tasks.test_tasks_create"}], "titlePath": ["tests", "endpoints", "tasks", "test_tasks_create.py"]}