{"name": "test_get_attachments_list_missing_required_param", "status": "failed", "statusDetails": {"message": "AssertionError: Expected status 404, got 400. URL: https://api.ganttpro.com/v1.0/attachments, Response: [{\"code\":3005,\"msg\":\"Code: 3005: query must have required property 'taskId'\"}]", "trace": "tests/endpoints/attachments/test_attachments_get_list.py:39: in test_get_attachments_list_missing_required_param\n    assert_status_code(response, 404)\nsrc/assertions.py:28: in assert_status_code\n    assert response.status_code == expected_status, message\nE   AssertionError: Expected status 404, got 400. URL: https://api.ganttpro.com/v1.0/attachments, Response: [{\"code\":3005,\"msg\":\"Code: 3005: query must have required property 'taskId'\"}]"}, "description": "Test attachments retrieval without required taskId param returns 404", "attachments": [{"name": "log", "source": "d7b10709-5f38-4326-a865-fee85d992630-attachment.txt", "type": "text/plain"}, {"name": "stderr", "source": "d9a33dd3-32dd-4f08-b3a1-e357cc926bd0-attachment.txt", "type": "text/plain"}], "start": 1771495006224, "stop": 1771495006350, "uuid": "3c73c2c0-6a9e-40d4-8f68-091112817b76", "historyId": "613ebc03f4ea5f4a77b6e67d7a0913a0", "testCaseId": "613ebc03f4ea5f4a77b6e67d7a0913a0", "fullName": "tests.endpoints.attachments.test_attachments_get_list#test_get_attachments_list_missing_required_param", "labels": [{"name": "tag", "value": "validation"}, {"name": "tag", "value": "GET"}, {"name": "feature", "value": "Attachments"}, {"name": "story", "value": "Get Attachments List"}, {"name": "parentSuite", "value": "tests.endpoints.attachments"}, {"name": "suite", "value": "test_attachments_get_list"}, {"name": "host", "value": "runnervmjduv7"}, {"name": "thread", "value": "2417-MainThread"}, {"name": "framework", "value": "pytest"}, {"name": "language", "value": "cpython3"}, {"name": "package", "value": "tests.endpoints.attachments.test_attachments_get_list"}], "titlePath": ["tests", "endpoints", "attachments", "test_attachments_get_list.py"]}