{"name": "test_update_task_invalid_id", "status": "failed", "statusDetails": {"message": "AssertionError: Expected 400, 404, or 429, got 524\nassert 524 in [400, 404, 429]\n +  where 524 = <Response [524]>.status_code", "trace": "tests/endpoints/tasks/test_tasks_update_task.py:44: in test_update_task_invalid_id\n    assert response.status_code in [400, 404, 429], f\"Expected 400, 404, or 429, got {response.status_code}\"\nE   AssertionError: Expected 400, 404, or 429, got 524\nE   assert 524 in [400, 404, 429]\nE    +  where 524 = <Response [524]>.status_code"}, "description": "Test task update with invalid ID returns 400 or 404 or 429", "attachments": [{"name": "log", "source": "2269d966-8c61-4896-b02b-4b6dd6cc0bd9-attachment.txt", "type": "text/plain"}, {"name": "stderr", "source": "df1a597d-6aa3-4954-b710-86fe5d1b7815-attachment.txt", "type": "text/plain"}], "start": 1771242579957, "stop": 1771242705438, "uuid": "9846103a-bdd2-46b5-b6cf-3597a857f44d", "historyId": "fbc54eff546d5cba2dd8dc5bb6c3603d", "testCaseId": "fbc54eff546d5cba2dd8dc5bb6c3603d", "fullName": "tests.endpoints.tasks.test_tasks_update_task#test_update_task_invalid_id", "labels": [{"name": "tag", "value": "validation"}, {"name": "tag", "value": "PUT"}, {"name": "story", "value": "Update Task"}, {"name": "feature", "value": "Tasks"}, {"name": "parentSuite", "value": "tests.endpoints.tasks"}, {"name": "suite", "value": "test_tasks_update_task"}, {"name": "host", "value": "runnervmjduv7"}, {"name": "thread", "value": "2421-MainThread"}, {"name": "framework", "value": "pytest"}, {"name": "language", "value": "cpython3"}, {"name": "package", "value": "tests.endpoints.tasks.test_tasks_update_task"}], "titlePath": ["tests", "endpoints", "tasks", "test_tasks_update_task.py"]}