{"name": "test_add_unauthorized", "status": "failed", "statusDetails": {"message": "AssertionError: Expected status 401, got 400. URL: https://api.ganttpro.com/v1.0/attachments, Response: {\"code\":1,\"text\":\"Something went wrong. Please contact our support service to solve this issue\"}", "trace": "tests/endpoints/attachments/test_attachments_add.py:55: in test_add_unauthorized\n    assert_status_code(response, 401)\nsrc/assertions.py:28: in assert_status_code\n    assert response.status_code == expected_status, message\nE   AssertionError: Expected status 401, got 400. URL: https://api.ganttpro.com/v1.0/attachments, Response: {\"code\":1,\"text\":\"Something went wrong. Please contact our support service to solve this issue\"}"}, "description": "Test attachment upload without API key returns 401", "attachments": [{"name": "log", "source": "919ee6be-29e6-4718-9c8d-f3ae050d9ef2-attachment.txt", "type": "text/plain"}, {"name": "stderr", "source": "77f0e1a3-6060-4036-be9e-43179aa13bde-attachment.txt", "type": "text/plain"}], "start": 1771581014832, "stop": 1771581014945, "uuid": "5a0faf0a-d5aa-406b-aa40-ab3478cc33cb", "historyId": "8a4e0f019aee922d846bca7188aa1ce3", "testCaseId": "8a4e0f019aee922d846bca7188aa1ce3", "fullName": "tests.endpoints.attachments.test_attachments_add#test_add_unauthorized", "labels": [{"name": "feature", "value": "Attachments"}, {"name": "tag", "value": "auth"}, {"name": "story", "value": "Add Attachment"}, {"name": "tag", "value": "POST"}, {"name": "parentSuite", "value": "tests.endpoints.attachments"}, {"name": "suite", "value": "test_attachments_add"}, {"name": "host", "value": "runnervmwffz4"}, {"name": "thread", "value": "2420-MainThread"}, {"name": "framework", "value": "pytest"}, {"name": "language", "value": "cpython3"}, {"name": "package", "value": "tests.endpoints.attachments.test_attachments_add"}], "titlePath": ["tests", "endpoints", "attachments", "test_attachments_add.py"]}