{"name": "test_update_time_log_unauthorized", "status": "failed", "statusDetails": {"message": "AssertionError: Expected status 401, got 400. URL: https://api.ganttpro.com/v1.0/timeLogs/1199522, Response: {\"code\":1,\"text\":\"Something went wrong. Please contact our support service to solve this issue\"}", "trace": "tests/endpoints/timelogs/test_timelogs_update.py:35: in test_update_time_log_unauthorized\n    assert_status_code(response, 401)\nsrc/assertions.py:28: in assert_status_code\n    assert response.status_code == expected_status, message\nE   AssertionError: Expected status 401, got 400. URL: https://api.ganttpro.com/v1.0/timeLogs/1199522, Response: {\"code\":1,\"text\":\"Something went wrong. Please contact our support service to solve this issue\"}"}, "description": "Test time log update without API key returns 401", "attachments": [{"name": "log", "source": "e0873759-17f2-4fc5-a82f-f0c9f05ad7db-attachment.txt", "type": "text/plain"}, {"name": "stderr", "source": "74a32497-1c2c-471d-9874-51e93040a910-attachment.txt", "type": "text/plain"}], "start": 1771927280796, "stop": 1771927280915, "uuid": "3a8b10b8-2733-4f59-a65b-cb301bf00c93", "historyId": "fdf591cf282edfdcf4c8b814c414d539", "testCaseId": "fdf591cf282edfdcf4c8b814c414d539", "fullName": "tests.endpoints.timelogs.test_timelogs_update#test_update_time_log_unauthorized", "labels": [{"name": "tag", "value": "auth"}, {"name": "story", "value": "Update Timelog"}, {"name": "feature", "value": "Timelogs"}, {"name": "tag", "value": "PUT"}, {"name": "parentSuite", "value": "tests.endpoints.timelogs"}, {"name": "suite", "value": "test_timelogs_update"}, {"name": "host", "value": "runnervmwffz4"}, {"name": "thread", "value": "2441-MainThread"}, {"name": "framework", "value": "pytest"}, {"name": "language", "value": "cpython3"}, {"name": "package", "value": "tests.endpoints.timelogs.test_timelogs_update"}], "titlePath": ["tests", "endpoints", "timelogs", "test_timelogs_update.py"]}