{"name": "test_get_projects_list_unauthorized", "status": "failed", "statusDetails": {"message": "AssertionError: Expected status 401, got 400. URL: https://api.ganttpro.com/v1.0/projects, Response: {\"code\":1,\"text\":\"Something went wrong. Please contact our support service to solve this issue\"}", "trace": "tests/endpoints/projects/test_projects_get_list.py:28: in test_get_projects_list_unauthorized\n    assert_status_code(response, 401)\nsrc/assertions.py:28: in assert_status_code\n    assert response.status_code == expected_status, message\nE   AssertionError: Expected status 401, got 400. URL: https://api.ganttpro.com/v1.0/projects, Response: {\"code\":1,\"text\":\"Something went wrong. Please contact our support service to solve this issue\"}"}, "description": "Test projects list retrieval without API key returns 401", "attachments": [{"name": "log", "source": "59eefc6b-3b0a-4865-b597-14f428bce427-attachment.txt", "type": "text/plain"}, {"name": "stderr", "source": "b09e633e-451f-44f4-b34d-343ff3e9d685-attachment.txt", "type": "text/plain"}], "start": 1772099890342, "stop": 1772099890504, "uuid": "0aeb4770-0dcf-45ac-b754-fe7906c2767c", "historyId": "819ae53b0c089cd4debf0c04393ca98f", "testCaseId": "819ae53b0c089cd4debf0c04393ca98f", "fullName": "tests.endpoints.projects.test_projects_get_list#test_get_projects_list_unauthorized", "labels": [{"name": "feature", "value": "Projects"}, {"name": "tag", "value": "auth"}, {"name": "tag", "value": "GET"}, {"name": "story", "value": "Get Projects List"}, {"name": "parentSuite", "value": "tests.endpoints.projects"}, {"name": "suite", "value": "test_projects_get_list"}, {"name": "host", "value": "runnervmnay03"}, {"name": "thread", "value": "2424-MainThread"}, {"name": "framework", "value": "pytest"}, {"name": "language", "value": "cpython3"}, {"name": "package", "value": "tests.endpoints.projects.test_projects_get_list"}], "titlePath": ["tests", "endpoints", "projects", "test_projects_get_list.py"]}