{"name": "test_delete_time_log_unauthorized", "status": "failed", "statusDetails": {"message": "AssertionError: Expected status 401, got 400. URL: https://api.ganttpro.com/v1.0/timeLogs/1201625, Response: {\"code\":1,\"text\":\"Something went wrong. Please contact our support service to solve this issue\"}", "trace": "tests/endpoints/timelogs/test_timelogs_delete.py:18: in test_delete_time_log_unauthorized\n    assert_status_code(response, 401)\nsrc/assertions.py:28: in assert_status_code\n    assert response.status_code == expected_status, message\nE   AssertionError: Expected status 401, got 400. URL: https://api.ganttpro.com/v1.0/timeLogs/1201625, Response: {\"code\":1,\"text\":\"Something went wrong. Please contact our support service to solve this issue\"}"}, "description": "Test time log delete without API key returns 401", "attachments": [{"name": "log", "source": "f1586d4d-106a-48af-93e5-70d6e3260148-attachment.txt", "type": "text/plain"}, {"name": "stderr", "source": "646ca2cb-9ef3-49fd-9bd1-545aceac0977-attachment.txt", "type": "text/plain"}], "start": 1772013803108, "stop": 1772013803213, "uuid": "a84f88f6-428f-437e-a490-aa5ec532532a", "historyId": "dd23eae02d994ef2ec3f8884206f82fa", "testCaseId": "dd23eae02d994ef2ec3f8884206f82fa", "fullName": "tests.endpoints.timelogs.test_timelogs_delete#test_delete_time_log_unauthorized", "labels": [{"name": "feature", "value": "Timelogs"}, {"name": "tag", "value": "auth"}, {"name": "tag", "value": "DELETE"}, {"name": "story", "value": "Delete Timelog"}, {"name": "parentSuite", "value": "tests.endpoints.timelogs"}, {"name": "suite", "value": "test_timelogs_delete"}, {"name": "host", "value": "runnervmwffz4"}, {"name": "thread", "value": "2436-MainThread"}, {"name": "framework", "value": "pytest"}, {"name": "language", "value": "cpython3"}, {"name": "package", "value": "tests.endpoints.timelogs.test_timelogs_delete"}], "titlePath": ["tests", "endpoints", "timelogs", "test_timelogs_delete.py"]}