{"name": "test_delete_time_log_not_found", "status": "failed", "statusDetails": {"message": "AssertionError: Expected 404 or 400, got 401\nassert 401 in [404, 400]\n +  where 401 = <Response [401]>.status_code", "trace": "tests/endpoints/timelogs/test_timelogs_delete.py:29: in test_delete_time_log_not_found\n    assert response.status_code in [404, 400], f\"Expected 404 or 400, got {response.status_code}\"\nE   AssertionError: Expected 404 or 400, got 401\nE   assert 401 in [404, 400]\nE    +  where 401 = <Response [401]>.status_code"}, "description": "Test deleting non-existent time log returns 404 or 400", "attachments": [{"name": "log", "source": "e51bd2d0-2b7b-4c93-9871-ea47b395170e-attachment.txt", "type": "text/plain"}, {"name": "stderr", "source": "7d4f5597-b7e7-46c8-9672-a0119e3b3b09-attachment.txt", "type": "text/plain"}], "start": 1768984693415, "stop": 1768984693575, "uuid": "9daf7d5f-e6ed-4dc6-9bdf-e7a916ea9528", "historyId": "e4d57118c36a9a42f19a449405ef6d32", "testCaseId": "e4d57118c36a9a42f19a449405ef6d32", "fullName": "tests.endpoints.timelogs.test_timelogs_delete#test_delete_time_log_not_found", "labels": [{"name": "story", "value": "Delete Timelog"}, {"name": "feature", "value": "Timelogs"}, {"name": "tag", "value": "negative"}, {"name": "tag", "value": "DELETE"}, {"name": "parentSuite", "value": "tests.endpoints.timelogs"}, {"name": "suite", "value": "test_timelogs_delete"}, {"name": "host", "value": "runnervmmtnos"}, {"name": "thread", "value": "2352-MainThread"}, {"name": "framework", "value": "pytest"}, {"name": "language", "value": "cpython3"}, {"name": "package", "value": "tests.endpoints.timelogs.test_timelogs_delete"}], "titlePath": ["tests", "endpoints", "timelogs", "test_timelogs_delete.py"]}