{"name": "test_get_project_roles_unauthorized", "status": "failed", "statusDetails": {"message": "AssertionError: Expected status 401, got 400. URL: https://api.ganttpro.com/v1.0/roles/project, Response: {\"code\":1,\"text\":\"Something went wrong. Please contact our support service to solve this issue\"}", "trace": "tests/endpoints/roles/test_roles_project_get.py:26: in test_get_project_roles_unauthorized\n    assert_status_code(response, 401)\nsrc/assertions.py:28: in assert_status_code\n    assert response.status_code == expected_status, message\nE   AssertionError: Expected status 401, got 400. URL: https://api.ganttpro.com/v1.0/roles/project, Response: {\"code\":1,\"text\":\"Something went wrong. Please contact our support service to solve this issue\"}"}, "description": "Test project roles retrieval without API key returns 401", "attachments": [{"name": "log", "source": "1a187aae-1105-4723-839a-96209d569f3d-attachment.txt", "type": "text/plain"}, {"name": "stderr", "source": "b6ee6b6d-6526-4dbe-9bc5-5c3bfa65014b-attachment.txt", "type": "text/plain"}], "start": 1772271233504, "stop": 1772271233601, "uuid": "a117ffa2-bb47-4445-b0eb-fa671b1b935d", "historyId": "acb4972990f11ff5bf4461ef65c53357", "testCaseId": "acb4972990f11ff5bf4461ef65c53357", "fullName": "tests.endpoints.roles.test_roles_project_get#test_get_project_roles_unauthorized", "labels": [{"name": "feature", "value": "Roles"}, {"name": "story", "value": "Get Project Roles"}, {"name": "tag", "value": "auth"}, {"name": "tag", "value": "GET"}, {"name": "parentSuite", "value": "tests.endpoints.roles"}, {"name": "suite", "value": "test_roles_project_get"}, {"name": "host", "value": "runnervmnay03"}, {"name": "thread", "value": "2501-MainThread"}, {"name": "framework", "value": "pytest"}, {"name": "language", "value": "cpython3"}, {"name": "package", "value": "tests.endpoints.roles.test_roles_project_get"}], "titlePath": ["tests", "endpoints", "roles", "test_roles_project_get.py"]}