{"name": "test_update_link_invalid_id", "status": "failed", "statusDetails": {"message": "AssertionError: Expected 400 or 404, got 524\nassert 524 in [400, 404]\n +  where 524 = <Response [524]>.status_code", "trace": "tests/endpoints/links/test_links_update.py:47: in test_update_link_invalid_id\n    assert response.status_code in [400, 404], f\"Expected 400 or 404, got {response.status_code}\"\nE   AssertionError: Expected 400 or 404, got 524\nE   assert 524 in [400, 404]\nE    +  where 524 = <Response [524]>.status_code"}, "description": "Test link update with invalid ID returns 400 or 404", "attachments": [{"name": "log", "source": "48fa01a7-71a5-41b0-993b-815c7a68c964-attachment.txt", "type": "text/plain"}, {"name": "stderr", "source": "ff3cb570-8b13-426b-9c8e-8144e16096d4-attachment.txt", "type": "text/plain"}], "start": 1771237756829, "stop": 1771237882379, "uuid": "fda9a0e3-4e96-4c99-a06d-081f60c25ae7", "historyId": "302823f3218d389518c52b72df0a81a3", "testCaseId": "302823f3218d389518c52b72df0a81a3", "fullName": "tests.endpoints.links.test_links_update#test_update_link_invalid_id", "labels": [{"name": "tag", "value": "validation"}, {"name": "tag", "value": "PUT"}, {"name": "feature", "value": "Links"}, {"name": "story", "value": "Update Link"}, {"name": "parentSuite", "value": "tests.endpoints.links"}, {"name": "suite", "value": "test_links_update"}, {"name": "host", "value": "runnervmjduv7"}, {"name": "thread", "value": "2421-MainThread"}, {"name": "framework", "value": "pytest"}, {"name": "language", "value": "cpython3"}, {"name": "package", "value": "tests.endpoints.links.test_links_update"}], "titlePath": ["tests", "endpoints", "links", "test_links_update.py"]}