{"name": "test_update_unauthorized", "status": "failed", "statusDetails": {"message": "AssertionError: Expected status 401, got 400. URL: https://api.ganttpro.com/v1.0/tasks/195330884, Response: {\"code\":1,\"text\":\"Something went wrong. Please contact our support service to solve this issue\"}", "trace": "tests/endpoints/tasks/test_tasks_update.py:35: in test_update_unauthorized\n    assert_status_code(response, 401)\nsrc/assertions.py:28: in assert_status_code\n    assert response.status_code == expected_status, message\nE   AssertionError: Expected status 401, got 400. URL: https://api.ganttpro.com/v1.0/tasks/195330884, Response: {\"code\":1,\"text\":\"Something went wrong. Please contact our support service to solve this issue\"}"}, "description": "Test task update without API key returns 401", "attachments": [{"name": "log", "source": "2840fa35-7e5a-4bda-9d4e-8cfd2973f536-attachment.txt", "type": "text/plain"}, {"name": "stderr", "source": "52b13a1b-a351-45b8-82de-b0ccc238809f-attachment.txt", "type": "text/plain"}], "start": 1771495126859, "stop": 1771495126966, "uuid": "bcf6d226-c324-41dd-9809-0387103b188e", "historyId": "10ffd0d5f8cf4df70d05e11edbb60cbd", "testCaseId": "10ffd0d5f8cf4df70d05e11edbb60cbd", "fullName": "tests.endpoints.tasks.test_tasks_update#test_update_unauthorized", "labels": [{"name": "tag", "value": "PUT"}, {"name": "tag", "value": "auth"}, {"name": "story", "value": "Update Task"}, {"name": "feature", "value": "Tasks"}, {"name": "parentSuite", "value": "tests.endpoints.tasks"}, {"name": "suite", "value": "test_tasks_update"}, {"name": "host", "value": "runnervmjduv7"}, {"name": "thread", "value": "2417-MainThread"}, {"name": "framework", "value": "pytest"}, {"name": "language", "value": "cpython3"}, {"name": "package", "value": "tests.endpoints.tasks.test_tasks_update"}], "titlePath": ["tests", "endpoints", "tasks", "test_tasks_update.py"]}