{"name": "test_create_link_missing_required_fields", "status": "failed", "statusDetails": {"message": "AssertionError: Expected status 400, got 401. URL: https://api.ganttpro.com/v1.0/links, Response: { \"statusCode\": 401, \"message\": \"Access denied due to invalid subscription key. Make sure to provide a valid key for an active subscription.\" }", "trace": "tests/endpoints/links/test_links_create.py:43: in test_create_link_missing_required_fields\n    assert_status_code(response, 400)\nsrc/assertions.py:28: in assert_status_code\n    assert response.status_code == expected_status, message\nE   AssertionError: Expected status 400, got 401. URL: https://api.ganttpro.com/v1.0/links, Response: { \"statusCode\": 401, \"message\": \"Access denied due to invalid subscription key. Make sure to provide a valid key for an active subscription.\" }"}, "description": "Test link creation without required fields returns 400", "attachments": [{"name": "log", "source": "31b59fd8-7dfa-4130-aac9-d6a3897d322a-attachment.txt", "type": "text/plain"}, {"name": "stderr", "source": "d3f531df-3c18-496d-9bf2-1fab63a5b86d-attachment.txt", "type": "text/plain"}], "start": 1768984662571, "stop": 1768984662731, "uuid": "9b269f08-7da2-4c81-a604-dcb316de71c6", "historyId": "ec74313040204915457d751044ada124", "testCaseId": "ec74313040204915457d751044ada124", "fullName": "tests.endpoints.links.test_links_create#test_create_link_missing_required_fields", "labels": [{"name": "tag", "value": "validation"}, {"name": "tag", "value": "POST"}, {"name": "story", "value": "Create Link"}, {"name": "feature", "value": "Links"}, {"name": "parentSuite", "value": "tests.endpoints.links"}, {"name": "suite", "value": "test_links_create"}, {"name": "host", "value": "runnervmmtnos"}, {"name": "thread", "value": "2352-MainThread"}, {"name": "framework", "value": "pytest"}, {"name": "language", "value": "cpython3"}, {"name": "package", "value": "tests.endpoints.links.test_links_create"}], "titlePath": ["tests", "endpoints", "links", "test_links_create.py"]}