{"name": "test_get_link_not_found", "status": "failed", "statusDetails": {"message": "AssertionError: Expected 404 or 400, got 401\nassert 401 in [404, 400]\n +  where 401 = <Response [401]>.status_code", "trace": "tests/endpoints/links/test_links_get.py:43: in test_get_link_not_found\n    assert response.status_code in [404, 400], f\"Expected 404 or 400, got {response.status_code}\"\nE   AssertionError: Expected 404 or 400, got 401\nE   assert 401 in [404, 400]\nE    +  where 401 = <Response [401]>.status_code"}, "description": "Test getting non-existent link returns 404 or 400", "attachments": [{"name": "log", "source": "69f2cec8-8a0f-4898-8d41-8222099d6cc5-attachment.txt", "type": "text/plain"}, {"name": "stderr", "source": "87547ebe-33e4-49d7-a3cc-8f4debcc4786-attachment.txt", "type": "text/plain"}], "start": 1768984666549, "stop": 1768984666687, "uuid": "2c9aef52-6efa-4952-9197-1ae3e2be1140", "historyId": "2d6dfa0f1fa0d1302bac12958466c60c", "testCaseId": "2d6dfa0f1fa0d1302bac12958466c60c", "fullName": "tests.endpoints.links.test_links_get#test_get_link_not_found", "labels": [{"name": "feature", "value": "Links"}, {"name": "story", "value": "Get Link"}, {"name": "tag", "value": "GET"}, {"name": "tag", "value": "negative"}, {"name": "parentSuite", "value": "tests.endpoints.links"}, {"name": "suite", "value": "test_links_get"}, {"name": "host", "value": "runnervmmtnos"}, {"name": "thread", "value": "2361-MainThread"}, {"name": "framework", "value": "pytest"}, {"name": "language", "value": "cpython3"}, {"name": "package", "value": "tests.endpoints.links.test_links_get"}], "titlePath": ["tests", "endpoints", "links", "test_links_get.py"]}