{"name": "test_get_link_not_found", "status": "failed", "statusDetails": {"message": "AssertionError: Expected 404 or 400, got 401\nassert 401 in [404, 400]\n +  where 401 = <Response [401]>.status_code", "trace": "tests/endpoints/links/test_links_get.py:43: in test_get_link_not_found\n    assert response.status_code in [404, 400], f\"Expected 404 or 400, got {response.status_code}\"\nE   AssertionError: Expected 404 or 400, got 401\nE   assert 401 in [404, 400]\nE    +  where 401 = <Response [401]>.status_code"}, "description": "Test getting non-existent link returns 404 or 400", "attachments": [{"name": "log", "source": "f07db690-7eae-40f0-94b8-878b06d11a45-attachment.txt", "type": "text/plain"}, {"name": "stderr", "source": "16c57ad4-edcf-4e91-bd79-56e519922ef2-attachment.txt", "type": "text/plain"}], "start": 1768984664931, "stop": 1768984665092, "uuid": "81110d87-9666-4adb-8dc3-c967bc9ff96b", "historyId": "2d6dfa0f1fa0d1302bac12958466c60c", "testCaseId": "2d6dfa0f1fa0d1302bac12958466c60c", "fullName": "tests.endpoints.links.test_links_get#test_get_link_not_found", "labels": [{"name": "feature", "value": "Links"}, {"name": "story", "value": "Get Link"}, {"name": "tag", "value": "negative"}, {"name": "tag", "value": "GET"}, {"name": "parentSuite", "value": "tests.endpoints.links"}, {"name": "suite", "value": "test_links_get"}, {"name": "host", "value": "runnervmmtnos"}, {"name": "thread", "value": "2352-MainThread"}, {"name": "framework", "value": "pytest"}, {"name": "language", "value": "cpython3"}, {"name": "package", "value": "tests.endpoints.links.test_links_get"}], "titlePath": ["tests", "endpoints", "links", "test_links_get.py"]}