{"name": "test_get_account_roles_unauthorized", "status": "failed", "statusDetails": {"message": "AssertionError: Expected status 401, got 400. URL: https://api.ganttpro.com/v1.0/roles/account, Response: {\"code\":1,\"text\":\"Something went wrong. Please contact our support service to solve this issue\"}", "trace": "tests/endpoints/roles/test_roles_account_get.py:26: in test_get_account_roles_unauthorized\n    assert_status_code(response, 401)\nsrc/assertions.py:28: in assert_status_code\n    assert response.status_code == expected_status, message\nE   AssertionError: Expected status 401, got 400. URL: https://api.ganttpro.com/v1.0/roles/account, Response: {\"code\":1,\"text\":\"Something went wrong. Please contact our support service to solve this issue\"}"}, "description": "Test account roles retrieval without API key returns 401", "attachments": [{"name": "log", "source": "3fdd2ede-533f-459c-ad43-00644836748e-attachment.txt", "type": "text/plain"}, {"name": "stderr", "source": "533cb246-268e-4333-bb1d-1708ecdce81e-attachment.txt", "type": "text/plain"}], "start": 1771753120796, "stop": 1771753120913, "uuid": "6fbd1bd8-2601-402a-a61a-792a4fb857eb", "historyId": "65e753adba1c06b0c7a15a978538595c", "testCaseId": "65e753adba1c06b0c7a15a978538595c", "fullName": "tests.endpoints.roles.test_roles_account_get#test_get_account_roles_unauthorized", "labels": [{"name": "feature", "value": "Roles"}, {"name": "tag", "value": "GET"}, {"name": "tag", "value": "auth"}, {"name": "story", "value": "Get Account Roles"}, {"name": "parentSuite", "value": "tests.endpoints.roles"}, {"name": "suite", "value": "test_roles_account_get"}, {"name": "host", "value": "runnervmwffz4"}, {"name": "thread", "value": "2424-MainThread"}, {"name": "framework", "value": "pytest"}, {"name": "language", "value": "cpython3"}, {"name": "package", "value": "tests.endpoints.roles.test_roles_account_get"}], "titlePath": ["tests", "endpoints", "roles", "test_roles_account_get.py"]}