{"name": "test_create_no_dates_sets_defaults", "status": "failed", "statusDetails": {"message": "AssertionError: assert 480 == 1440\n +  where 480 = <built-in method get of dict object at 0x7f5f59ec30c0>('duration')\n +    where <built-in method get of dict object at 0x7f5f59ec30c0> = {'attachments': [], 'color': 1, 'comments': [], 'createdAt': '2026-02-24T10:00:23.000Z', ...}.get", "trace": "tests/endpoints/tasks/test_tasks_create.py:519: in test_create_no_dates_sets_defaults\n    assert item.get(\"duration\") == 1440  # Default duration in minutes\nE   AssertionError: assert 480 == 1440\nE    +  where 480 = <built-in method get of dict object at 0x7f5f59ec30c0>('duration')\nE    +    where <built-in method get of dict object at 0x7f5f59ec30c0> = {'attachments': [], 'color': 1, 'comments': [], 'createdAt': '2026-02-24T10:00:23.000Z', ...}.get"}, "description": "Без startDate/endDate/duration должны выставиться дефолтные даты", "attachments": [{"name": "HTTP Request", "source": "c59b3e5a-422d-4452-a441-22eb9e7c36e2-attachment.txt", "type": "text/plain"}, {"name": "HTTP Response", "source": "042ed51a-c8a7-40f4-96a1-e7f02fdf25f4-attachment.txt", "type": "text/plain"}, {"name": "log", "source": "b563baa6-e1d7-4340-be9c-46963ca194ca-attachment.txt", "type": "text/plain"}, {"name": "stderr", "source": "1ab0150d-cf0c-4115-b766-b0e1a368eabc-attachment.txt", "type": "text/plain"}], "start": 1771927222603, "stop": 1771927223219, "uuid": "874e528e-9ee7-435b-b876-7acddec3c878", "historyId": "263b47fc7ce42764df3d75634c029a89", "testCaseId": "263b47fc7ce42764df3d75634c029a89", "fullName": "tests.endpoints.tasks.test_tasks_create#test_create_no_dates_sets_defaults", "labels": [{"name": "feature", "value": "Tasks"}, {"name": "tag", "value": "defaults"}, {"name": "tag", "value": "POST"}, {"name": "story", "value": "Create Task"}, {"name": "parentSuite", "value": "tests.endpoints.tasks"}, {"name": "suite", "value": "test_tasks_create"}, {"name": "host", "value": "runnervmwffz4"}, {"name": "thread", "value": "2441-MainThread"}, {"name": "framework", "value": "pytest"}, {"name": "language", "value": "cpython3"}, {"name": "package", "value": "tests.endpoints.tasks.test_tasks_create"}], "titlePath": ["tests", "endpoints", "tasks", "test_tasks_create.py"]}