{"name": "test_update_task_unauthorized", "status": "failed", "statusDetails": {"message": "AssertionError: Expected status 401, got 400. URL: https://api.ganttpro.com/v1.0/tasks/196312925, Response: {\"code\":1,\"text\":\"Something went wrong. Please contact our support service to solve this issue\"}", "trace": "tests/endpoints/tasks/test_tasks_update_task.py:31: in test_update_task_unauthorized\n    assert_status_code(response, 401)\nsrc/assertions.py:28: in assert_status_code\n    assert response.status_code == expected_status, message\nE   AssertionError: Expected status 401, got 400. URL: https://api.ganttpro.com/v1.0/tasks/196312925, Response: {\"code\":1,\"text\":\"Something went wrong. Please contact our support service to solve this issue\"}"}, "description": "Test task update without API key returns 401", "attachments": [{"name": "log", "source": "1223d42b-460c-42ef-80bc-4f8021b2cafe-attachment.txt", "type": "text/plain"}, {"name": "stderr", "source": "cdcf600f-3c35-425a-87b3-b07db2184c86-attachment.txt", "type": "text/plain"}], "start": 1771753202175, "stop": 1771753202292, "uuid": "a9760a82-013a-4ad4-a7e8-0147e640166d", "historyId": "d41a876209d41ffc7f0dd0399ee01b0f", "testCaseId": "d41a876209d41ffc7f0dd0399ee01b0f", "fullName": "tests.endpoints.tasks.test_tasks_update_task#test_update_task_unauthorized", "labels": [{"name": "tag", "value": "PUT"}, {"name": "story", "value": "Update Task"}, {"name": "feature", "value": "Tasks"}, {"name": "tag", "value": "auth"}, {"name": "parentSuite", "value": "tests.endpoints.tasks"}, {"name": "suite", "value": "test_tasks_update_task"}, {"name": "host", "value": "runnervmwffz4"}, {"name": "thread", "value": "2424-MainThread"}, {"name": "framework", "value": "pytest"}, {"name": "language", "value": "cpython3"}, {"name": "package", "value": "tests.endpoints.tasks.test_tasks_update_task"}], "titlePath": ["tests", "endpoints", "tasks", "test_tasks_update_task.py"]}