{"name": "test_create_no_dates_sets_defaults", "status": "failed", "statusDetails": {"message": "AssertionError: assert 480 == 1440\n +  where 480 = <built-in method get of dict object at 0x7f393ef3c140>('duration')\n +    where <built-in method get of dict object at 0x7f393ef3c140> = {'attachments': [], 'color': 1, 'comments': [], 'createdAt': '2026-02-04T09:55:29.000Z', ...}.get", "trace": "tests/endpoints/tasks/test_tasks_create.py:519: in test_create_no_dates_sets_defaults\n    assert item.get(\"duration\") == 1440  # Default duration in minutes\nE   AssertionError: assert 480 == 1440\nE    +  where 480 = <built-in method get of dict object at 0x7f393ef3c140>('duration')\nE    +    where <built-in method get of dict object at 0x7f393ef3c140> = {'attachments': [], 'color': 1, 'comments': [], 'createdAt': '2026-02-04T09:55:29.000Z', ...}.get"}, "description": "Без startDate/endDate/duration должны выставиться дефолтные даты", "attachments": [{"name": "HTTP Request", "source": "68d3d1d6-305a-4d05-a975-693fcfd92330-attachment.txt", "type": "text/plain"}, {"name": "HTTP Response", "source": "d26b10db-b48f-4a5c-8b28-ef0ff8770a1d-attachment.txt", "type": "text/plain"}, {"name": "log", "source": "70926df0-d7cc-4baf-bd4c-1cb18247fbbe-attachment.txt", "type": "text/plain"}, {"name": "stderr", "source": "eacde42d-0170-4e41-88aa-dc0801eb9fb1-attachment.txt", "type": "text/plain"}], "start": 1770198928715, "stop": 1770198929293, "uuid": "082a9281-0ee1-4179-85e5-5ec51448d5f0", "historyId": "263b47fc7ce42764df3d75634c029a89", "testCaseId": "263b47fc7ce42764df3d75634c029a89", "fullName": "tests.endpoints.tasks.test_tasks_create#test_create_no_dates_sets_defaults", "labels": [{"name": "tag", "value": "POST"}, {"name": "story", "value": "Create Task"}, {"name": "feature", "value": "Tasks"}, {"name": "tag", "value": "defaults"}, {"name": "parentSuite", "value": "tests.endpoints.tasks"}, {"name": "suite", "value": "test_tasks_create"}, {"name": "host", "value": "runnervmkj6or"}, {"name": "thread", "value": "2380-MainThread"}, {"name": "framework", "value": "pytest"}, {"name": "language", "value": "cpython3"}, {"name": "package", "value": "tests.endpoints.tasks.test_tasks_create"}], "titlePath": ["tests", "endpoints", "tasks", "test_tasks_create.py"]}