{"name": "test_create_start_only_uses_default_duration", "status": "failed", "statusDetails": {"message": "AssertionError: assert False\n +  where False = <built-in method startswith of str object at 0x7fa54c1b7120>('2025-01-05')\n +    where <built-in method startswith of str object at 0x7fa54c1b7120> = '2025-01-06 09:00:00'.startswith\n +      where '2025-01-06 09:00:00' = <built-in method get of dict object at 0x7fa54c144a80>('startDate')\n +        where <built-in method get of dict object at 0x7fa54c144a80> = {'attachments': [], 'color': 1, 'comments': [], 'createdAt': '2026-02-28T09:34:24.000Z', ...}.get", "trace": "tests/endpoints/tasks/test_tasks_create.py:217: in test_create_start_only_uses_default_duration\n    assert item.get(\"startDate\").startswith(\"2025-01-05\")  # API returns datetime format\nE   AssertionError: assert False\nE    +  where False = <built-in method startswith of str object at 0x7fa54c1b7120>('2025-01-05')\nE    +    where <built-in method startswith of str object at 0x7fa54c1b7120> = '2025-01-06 09:00:00'.startswith\nE    +      where '2025-01-06 09:00:00' = <built-in method get of dict object at 0x7fa54c144a80>('startDate')\nE    +        where <built-in method get of dict object at 0x7fa54c144a80> = {'attachments': [], 'color': 1, 'comments': [], 'createdAt': '2026-02-28T09:34:24.000Z', ...}.get"}, "description": "Только startDate -> duration по умолчанию 1, endDate рассчитан", "attachments": [{"name": "HTTP Request", "source": "6b9fe321-7330-4b4c-ba72-e37d4dfd1ad5-attachment.txt", "type": "text/plain"}, {"name": "HTTP Response", "source": "2e1f38f1-9b49-4729-a617-b77046091cad-attachment.txt", "type": "text/plain"}, {"name": "log", "source": "4b66f424-9855-49a8-be10-df974bad8e0b-attachment.txt", "type": "text/plain"}, {"name": "stderr", "source": "eef3d0ba-3307-4514-a415-72cd58cc3d47-attachment.txt", "type": "text/plain"}], "start": 1772271263811, "stop": 1772271264231, "uuid": "e41af6d6-c1fa-41f5-98f4-c8a45e8e06d1", "historyId": "459818c0890ac16be0f4787c8dc242f9", "testCaseId": "459818c0890ac16be0f4787c8dc242f9", "fullName": "tests.endpoints.tasks.test_tasks_create#test_create_start_only_uses_default_duration", "labels": [{"name": "tag", "value": "logic"}, {"name": "story", "value": "Create Task"}, {"name": "tag", "value": "POST"}, {"name": "feature", "value": "Tasks"}, {"name": "parentSuite", "value": "tests.endpoints.tasks"}, {"name": "suite", "value": "test_tasks_create"}, {"name": "host", "value": "runnervmnay03"}, {"name": "thread", "value": "2501-MainThread"}, {"name": "framework", "value": "pytest"}, {"name": "language", "value": "cpython3"}, {"name": "package", "value": "tests.endpoints.tasks.test_tasks_create"}], "titlePath": ["tests", "endpoints", "tasks", "test_tasks_create.py"]}