{"name": "test_update_task_unauthorized", "status": "failed", "statusDetails": {"message": "AssertionError: Expected status 401, got 400. URL: https://api.ganttpro.com/v1.0/tasks/195329552, Response: {\"code\":1,\"text\":\"Something went wrong. Please contact our support service to solve this issue\"}", "trace": "tests/endpoints/tasks/test_tasks_update_task.py:31: in test_update_task_unauthorized\n    assert_status_code(response, 401)\nsrc/assertions.py:28: in assert_status_code\n    assert response.status_code == expected_status, message\nE   AssertionError: Expected status 401, got 400. URL: https://api.ganttpro.com/v1.0/tasks/195329552, Response: {\"code\":1,\"text\":\"Something went wrong. Please contact our support service to solve this issue\"}"}, "description": "Test task update without API key returns 401", "attachments": [{"name": "log", "source": "041bf05f-5ff0-4d2c-9d33-06a60438eed1-attachment.txt", "type": "text/plain"}, {"name": "stderr", "source": "b3be2c5a-075e-4751-a9b9-db423aecf17f-attachment.txt", "type": "text/plain"}], "start": 1771495133078, "stop": 1771495133193, "uuid": "d4194259-239f-4809-9b07-413e33705ccd", "historyId": "d41a876209d41ffc7f0dd0399ee01b0f", "testCaseId": "d41a876209d41ffc7f0dd0399ee01b0f", "fullName": "tests.endpoints.tasks.test_tasks_update_task#test_update_task_unauthorized", "labels": [{"name": "tag", "value": "PUT"}, {"name": "tag", "value": "auth"}, {"name": "story", "value": "Update Task"}, {"name": "feature", "value": "Tasks"}, {"name": "parentSuite", "value": "tests.endpoints.tasks"}, {"name": "suite", "value": "test_tasks_update_task"}, {"name": "host", "value": "runnervmjduv7"}, {"name": "thread", "value": "2417-MainThread"}, {"name": "framework", "value": "pytest"}, {"name": "language", "value": "cpython3"}, {"name": "package", "value": "tests.endpoints.tasks.test_tasks_update_task"}], "titlePath": ["tests", "endpoints", "tasks", "test_tasks_update_task.py"]}