{"name": "test_create_no_dates_sets_defaults", "status": "failed", "statusDetails": {"message": "AssertionError: assert 480 == 1440\n +  where 480 = <built-in method get of dict object at 0x7f3aeafe6d00>('duration')\n +    where <built-in method get of dict object at 0x7f3aeafe6d00> = {'attachments': [], 'color': 1, 'comments': [], 'createdAt': '2026-02-20T09:52:02.000Z', ...}.get", "trace": "tests/endpoints/tasks/test_tasks_create.py:519: in test_create_no_dates_sets_defaults\n    assert item.get(\"duration\") == 1440  # Default duration in minutes\nE   AssertionError: assert 480 == 1440\nE    +  where 480 = <built-in method get of dict object at 0x7f3aeafe6d00>('duration')\nE    +    where <built-in method get of dict object at 0x7f3aeafe6d00> = {'attachments': [], 'color': 1, 'comments': [], 'createdAt': '2026-02-20T09:52:02.000Z', ...}.get"}, "description": "Без startDate/endDate/duration должны выставиться дефолтные даты", "attachments": [{"name": "HTTP Request", "source": "a829c8fb-3559-4f6a-993e-5ae4b71c19ee-attachment.txt", "type": "text/plain"}, {"name": "HTTP Response", "source": "002a9fb8-8047-4b9e-b620-3c17a968a9d5-attachment.txt", "type": "text/plain"}, {"name": "log", "source": "f03664e2-aabf-4a7b-9d19-6a11a9d7d4c5-attachment.txt", "type": "text/plain"}, {"name": "stderr", "source": "34b2fcb9-615b-4eb3-ac31-f132e3259cb2-attachment.txt", "type": "text/plain"}], "start": 1771581122495, "stop": 1771581123001, "uuid": "d09b48f5-3d95-419b-a8f1-ed959c63b05b", "historyId": "263b47fc7ce42764df3d75634c029a89", "testCaseId": "263b47fc7ce42764df3d75634c029a89", "fullName": "tests.endpoints.tasks.test_tasks_create#test_create_no_dates_sets_defaults", "labels": [{"name": "tag", "value": "defaults"}, {"name": "feature", "value": "Tasks"}, {"name": "tag", "value": "POST"}, {"name": "story", "value": "Create Task"}, {"name": "parentSuite", "value": "tests.endpoints.tasks"}, {"name": "suite", "value": "test_tasks_create"}, {"name": "host", "value": "runnervmwffz4"}, {"name": "thread", "value": "2420-MainThread"}, {"name": "framework", "value": "pytest"}, {"name": "language", "value": "cpython3"}, {"name": "package", "value": "tests.endpoints.tasks.test_tasks_create"}], "titlePath": ["tests", "endpoints", "tasks", "test_tasks_create.py"]}