{"name": "test_create_start_only_uses_default_duration", "status": "failed", "statusDetails": {"message": "AssertionError: assert False\n +  where False = <built-in method startswith of str object at 0x7f6d9be4e1c0>('2025-01-05')\n +    where <built-in method startswith of str object at 0x7f6d9be4e1c0> = '2025-01-06 09:00:00'.startswith\n +      where '2025-01-06 09:00:00' = <built-in method get of dict object at 0x7f6d9bde6c40>('startDate')\n +        where <built-in method get of dict object at 0x7f6d9bde6c40> = {'attachments': [], 'color': 1, 'comments': [], 'createdAt': '2026-02-21T09:37:51.000Z', ...}.get", "trace": "tests/endpoints/tasks/test_tasks_create.py:217: in test_create_start_only_uses_default_duration\n    assert item.get(\"startDate\").startswith(\"2025-01-05\")  # API returns datetime format\nE   AssertionError: assert False\nE    +  where False = <built-in method startswith of str object at 0x7f6d9be4e1c0>('2025-01-05')\nE    +    where <built-in method startswith of str object at 0x7f6d9be4e1c0> = '2025-01-06 09:00:00'.startswith\nE    +      where '2025-01-06 09:00:00' = <built-in method get of dict object at 0x7f6d9bde6c40>('startDate')\nE    +        where <built-in method get of dict object at 0x7f6d9bde6c40> = {'attachments': [], 'color': 1, 'comments': [], 'createdAt': '2026-02-21T09:37:51.000Z', ...}.get"}, "description": "Только startDate -> duration по умолчанию 1, endDate рассчитан", "attachments": [{"name": "HTTP Request", "source": "8aaad8cf-d372-4482-b18f-ff6c1dad93c0-attachment.txt", "type": "text/plain"}, {"name": "HTTP Response", "source": "451bfb38-d147-4fc3-8536-1e0ca851b52a-attachment.txt", "type": "text/plain"}, {"name": "log", "source": "fcc9b843-671d-40d1-bcfa-32711d488ce4-attachment.txt", "type": "text/plain"}, {"name": "stderr", "source": "c23598c0-8111-4c47-9737-eb72df9e62eb-attachment.txt", "type": "text/plain"}], "start": 1771666670994, "stop": 1771666671455, "uuid": "d77dffe2-0e5a-4ec9-bc17-2b853e8476ec", "historyId": "459818c0890ac16be0f4787c8dc242f9", "testCaseId": "459818c0890ac16be0f4787c8dc242f9", "fullName": "tests.endpoints.tasks.test_tasks_create#test_create_start_only_uses_default_duration", "labels": [{"name": "tag", "value": "logic"}, {"name": "story", "value": "Create Task"}, {"name": "feature", "value": "Tasks"}, {"name": "tag", "value": "POST"}, {"name": "parentSuite", "value": "tests.endpoints.tasks"}, {"name": "suite", "value": "test_tasks_create"}, {"name": "host", "value": "runnervmwffz4"}, {"name": "thread", "value": "2444-MainThread"}, {"name": "framework", "value": "pytest"}, {"name": "language", "value": "cpython3"}, {"name": "package", "value": "tests.endpoints.tasks.test_tasks_create"}], "titlePath": ["tests", "endpoints", "tasks", "test_tasks_create.py"]}