{"name": "test_update_unauthorized", "status": "failed", "statusDetails": {"message": "AssertionError: Expected status 401, got 400. URL: https://api.ganttpro.com/v1.0/tasks/196313012, Response: {\"code\":1,\"text\":\"Something went wrong. Please contact our support service to solve this issue\"}", "trace": "tests/endpoints/tasks/test_tasks_update.py:35: in test_update_unauthorized\n    assert_status_code(response, 401)\nsrc/assertions.py:28: in assert_status_code\n    assert response.status_code == expected_status, message\nE   AssertionError: Expected status 401, got 400. URL: https://api.ganttpro.com/v1.0/tasks/196313012, Response: {\"code\":1,\"text\":\"Something went wrong. Please contact our support service to solve this issue\"}"}, "description": "Test task update without API key returns 401", "attachments": [{"name": "log", "source": "7654bea3-63cf-476b-b842-92e306cd0a4e-attachment.txt", "type": "text/plain"}, {"name": "stderr", "source": "f1f6f63f-96fd-4a2c-8a50-88731973a112-attachment.txt", "type": "text/plain"}], "start": 1771753196243, "stop": 1771753196359, "uuid": "969a3b3f-37d9-478a-80a4-fb57af7488e0", "historyId": "10ffd0d5f8cf4df70d05e11edbb60cbd", "testCaseId": "10ffd0d5f8cf4df70d05e11edbb60cbd", "fullName": "tests.endpoints.tasks.test_tasks_update#test_update_unauthorized", "labels": [{"name": "tag", "value": "PUT"}, {"name": "story", "value": "Update Task"}, {"name": "feature", "value": "Tasks"}, {"name": "tag", "value": "auth"}, {"name": "parentSuite", "value": "tests.endpoints.tasks"}, {"name": "suite", "value": "test_tasks_update"}, {"name": "host", "value": "runnervmwffz4"}, {"name": "thread", "value": "2424-MainThread"}, {"name": "framework", "value": "pytest"}, {"name": "language", "value": "cpython3"}, {"name": "package", "value": "tests.endpoints.tasks.test_tasks_update"}], "titlePath": ["tests", "endpoints", "tasks", "test_tasks_update.py"]}