{"name": "test_get_time_log_unauthorized", "status": "failed", "statusDetails": {"message": "AssertionError: Expected status 401, got 400. URL: https://api.ganttpro.com/v1.0/timeLogs/1192142, Response: {\"code\":1,\"text\":\"Something went wrong. Please contact our support service to solve this issue\"}", "trace": "tests/endpoints/timelogs/test_timelogs_get_one.py:32: in test_get_time_log_unauthorized\n    assert_status_code(response, 401)\nsrc/assertions.py:28: in assert_status_code\n    assert response.status_code == expected_status, message\nE   AssertionError: Expected status 401, got 400. URL: https://api.ganttpro.com/v1.0/timeLogs/1192142, Response: {\"code\":1,\"text\":\"Something went wrong. Please contact our support service to solve this issue\"}"}, "description": "Test time log retrieval without API key returns 401", "attachments": [{"name": "log", "source": "85701ff4-01de-4f2c-9bb7-c6970a7cb15b-attachment.txt", "type": "text/plain"}, {"name": "stderr", "source": "5330f0f6-abfa-4d9d-8615-11f9a99a3089-attachment.txt", "type": "text/plain"}], "start": 1771495156875, "stop": 1771495156990, "uuid": "ef6e011b-0fc3-481c-9c7c-84b5636aff79", "historyId": "e4a8bfa6c0e632f8810cb4fd9a70e3f4", "testCaseId": "e4a8bfa6c0e632f8810cb4fd9a70e3f4", "fullName": "tests.endpoints.timelogs.test_timelogs_get_one#test_get_time_log_unauthorized", "labels": [{"name": "tag", "value": "auth"}, {"name": "feature", "value": "Timelogs"}, {"name": "tag", "value": "GET"}, {"name": "story", "value": "Get Timelog"}, {"name": "parentSuite", "value": "tests.endpoints.timelogs"}, {"name": "suite", "value": "test_timelogs_get_one"}, {"name": "host", "value": "runnervmjduv7"}, {"name": "thread", "value": "2417-MainThread"}, {"name": "framework", "value": "pytest"}, {"name": "language", "value": "cpython3"}, {"name": "package", "value": "tests.endpoints.timelogs.test_timelogs_get_one"}], "titlePath": ["tests", "endpoints", "timelogs", "test_timelogs_get_one.py"]}