{"name": "test_update_link_invalid_id", "status": "failed", "statusDetails": {"message": "AssertionError: Expected 400 or 404, got 401\nassert 401 in [400, 404]\n +  where 401 = <Response [401]>.status_code", "trace": "tests/endpoints/links/test_links_update.py:47: in test_update_link_invalid_id\n    assert response.status_code in [400, 404], f\"Expected 400 or 404, got {response.status_code}\"\nE   AssertionError: Expected 400 or 404, got 401\nE   assert 401 in [400, 404]\nE    +  where 401 = <Response [401]>.status_code"}, "description": "Test link update with invalid ID returns 400 or 404", "attachments": [{"name": "log", "source": "aa5bec10-fc48-47d1-bd24-3393b6bd249e-attachment.txt", "type": "text/plain"}, {"name": "stderr", "source": "19b6e2ae-ac07-4d7f-969f-a055ca48b223-attachment.txt", "type": "text/plain"}], "start": 1768984667710, "stop": 1768984667848, "uuid": "7de9dc39-2c88-41f5-b9e5-a5dda369eddd", "historyId": "302823f3218d389518c52b72df0a81a3", "testCaseId": "302823f3218d389518c52b72df0a81a3", "fullName": "tests.endpoints.links.test_links_update#test_update_link_invalid_id", "labels": [{"name": "story", "value": "Update Link"}, {"name": "tag", "value": "PUT"}, {"name": "tag", "value": "validation"}, {"name": "feature", "value": "Links"}, {"name": "parentSuite", "value": "tests.endpoints.links"}, {"name": "suite", "value": "test_links_update"}, {"name": "host", "value": "runnervmmtnos"}, {"name": "thread", "value": "2361-MainThread"}, {"name": "framework", "value": "pytest"}, {"name": "language", "value": "cpython3"}, {"name": "package", "value": "tests.endpoints.links.test_links_update"}], "titlePath": ["tests", "endpoints", "links", "test_links_update.py"]}