{"name": "test_update_link_unauthorized", "status": "failed", "statusDetails": {"message": "AssertionError: Expected status 401, got 400. URL: https://api.ganttpro.com/v1.0/links/115853783, Response: {\"code\":1,\"text\":\"Something went wrong. Please contact our support service to solve this issue\"}", "trace": "tests/endpoints/links/test_links_update.py:35: in test_update_link_unauthorized\n    assert_status_code(response, 401)\nsrc/assertions.py:28: in assert_status_code\n    assert response.status_code == expected_status, message\nE   AssertionError: Expected status 401, got 400. URL: https://api.ganttpro.com/v1.0/links/115853783, Response: {\"code\":1,\"text\":\"Something went wrong. Please contact our support service to solve this issue\"}"}, "description": "Test link update without API key returns 401", "attachments": [{"name": "log", "source": "22e28c3a-2f44-4c50-9fea-2f38bb9ff1fe-attachment.txt", "type": "text/plain"}, {"name": "stderr", "source": "50dc6e33-7a9d-4a6a-82a1-e5e540d081f6-attachment.txt", "type": "text/plain"}], "start": 1771666624617, "stop": 1771666624762, "uuid": "721092ce-1b0b-4a6c-a569-931dd70c729c", "historyId": "f544d7a4ed14ca29a6a49060d95c25c7", "testCaseId": "f544d7a4ed14ca29a6a49060d95c25c7", "fullName": "tests.endpoints.links.test_links_update#test_update_link_unauthorized", "labels": [{"name": "story", "value": "Update Link"}, {"name": "feature", "value": "Links"}, {"name": "tag", "value": "auth"}, {"name": "tag", "value": "PUT"}, {"name": "parentSuite", "value": "tests.endpoints.links"}, {"name": "suite", "value": "test_links_update"}, {"name": "host", "value": "runnervmwffz4"}, {"name": "thread", "value": "2444-MainThread"}, {"name": "framework", "value": "pytest"}, {"name": "language", "value": "cpython3"}, {"name": "package", "value": "tests.endpoints.links.test_links_update"}], "titlePath": ["tests", "endpoints", "links", "test_links_update.py"]}