{"name": "test_update_time_log_unauthorized", "status": "failed", "statusDetails": {"message": "AssertionError: Expected status 401, got 400. URL: https://api.ganttpro.com/v1.0/timeLogs/1203731, Response: {\"code\":1,\"text\":\"Something went wrong. Please contact our support service to solve this issue\"}", "trace": "tests/endpoints/timelogs/test_timelogs_update.py:35: in test_update_time_log_unauthorized\n    assert_status_code(response, 401)\nsrc/assertions.py:28: in assert_status_code\n    assert response.status_code == expected_status, message\nE   AssertionError: Expected status 401, got 400. URL: https://api.ganttpro.com/v1.0/timeLogs/1203731, Response: {\"code\":1,\"text\":\"Something went wrong. Please contact our support service to solve this issue\"}"}, "description": "Test time log update without API key returns 401", "attachments": [{"name": "log", "source": "abc13d12-7860-40cc-9fed-c1168e237546-attachment.txt", "type": "text/plain"}, {"name": "stderr", "source": "32bd54d3-6c2b-4bdf-aeaa-8e5f5c9afbf4-attachment.txt", "type": "text/plain"}], "start": 1772100020763, "stop": 1772100020925, "uuid": "add5bbf3-fc65-40d3-b381-75cd1e681ffc", "historyId": "fdf591cf282edfdcf4c8b814c414d539", "testCaseId": "fdf591cf282edfdcf4c8b814c414d539", "fullName": "tests.endpoints.timelogs.test_timelogs_update#test_update_time_log_unauthorized", "labels": [{"name": "tag", "value": "auth"}, {"name": "tag", "value": "PUT"}, {"name": "feature", "value": "Timelogs"}, {"name": "story", "value": "Update Timelog"}, {"name": "parentSuite", "value": "tests.endpoints.timelogs"}, {"name": "suite", "value": "test_timelogs_update"}, {"name": "host", "value": "runnervmnay03"}, {"name": "thread", "value": "2424-MainThread"}, {"name": "framework", "value": "pytest"}, {"name": "language", "value": "cpython3"}, {"name": "package", "value": "tests.endpoints.timelogs.test_timelogs_update"}], "titlePath": ["tests", "endpoints", "timelogs", "test_timelogs_update.py"]}