{"name": "test_create_unauthorized", "status": "failed", "statusDetails": {"message": "AssertionError: Expected status 401, got 400. URL: https://api.ganttpro.com/v1.0/tasks, Response: {\"code\":1,\"text\":\"Something went wrong. Please contact our support service to solve this issue\"}", "trace": "tests/endpoints/tasks/test_tasks_create.py:39: in test_create_unauthorized\n    assert_status_code(response, 401)\nsrc/assertions.py:28: in assert_status_code\n    assert response.status_code == expected_status, message\nE   AssertionError: Expected status 401, got 400. URL: https://api.ganttpro.com/v1.0/tasks, Response: {\"code\":1,\"text\":\"Something went wrong. Please contact our support service to solve this issue\"}"}, "description": "Test task creation without API key returns 401", "attachments": [{"name": "log", "source": "35351b1c-ed46-4079-8e2e-bcdff977dd5d-attachment.txt", "type": "text/plain"}, {"name": "stderr", "source": "a3e58559-7d30-4b82-b9cb-29bec6620e6d-attachment.txt", "type": "text/plain"}], "start": 1771495067794, "stop": 1771495067901, "uuid": "3d77f373-9162-46e8-88c3-a8089138e14d", "historyId": "eb4b2927cfb84ee75f847f2f5278138a", "testCaseId": "eb4b2927cfb84ee75f847f2f5278138a", "fullName": "tests.endpoints.tasks.test_tasks_create#test_create_unauthorized", "labels": [{"name": "tag", "value": "auth"}, {"name": "tag", "value": "POST"}, {"name": "story", "value": "Create Task"}, {"name": "feature", "value": "Tasks"}, {"name": "parentSuite", "value": "tests.endpoints.tasks"}, {"name": "suite", "value": "test_tasks_create"}, {"name": "host", "value": "runnervmjduv7"}, {"name": "thread", "value": "2417-MainThread"}, {"name": "framework", "value": "pytest"}, {"name": "language", "value": "cpython3"}, {"name": "package", "value": "tests.endpoints.tasks.test_tasks_create"}], "titlePath": ["tests", "endpoints", "tasks", "test_tasks_create.py"]}