{"name": "test_get_time_log_unauthorized", "status": "failed", "statusDetails": {"message": "AssertionError: Expected status 401, got 400. URL: https://api.ganttpro.com/v1.0/timeLogs/1209077, Response: {\"code\":1,\"text\":\"Something went wrong. Please contact our support service to solve this issue\"}", "trace": "tests/endpoints/timelogs/test_timelogs_get_one.py:32: in test_get_time_log_unauthorized\n    assert_status_code(response, 401)\nsrc/assertions.py:28: in assert_status_code\n    assert response.status_code == expected_status, message\nE   AssertionError: Expected status 401, got 400. URL: https://api.ganttpro.com/v1.0/timeLogs/1209077, Response: {\"code\":1,\"text\":\"Something went wrong. Please contact our support service to solve this issue\"}"}, "description": "Test time log retrieval without API key returns 401", "attachments": [{"name": "log", "source": "55749716-52cb-4224-95cf-77dc0e0a0a1f-attachment.txt", "type": "text/plain"}, {"name": "stderr", "source": "eacc3290-ee03-443e-938a-cd9371fd5e6d-attachment.txt", "type": "text/plain"}], "start": 1772271333549, "stop": 1772271333650, "uuid": "1db9b720-0ee7-4bff-b1e6-3c29e6864039", "historyId": "e4a8bfa6c0e632f8810cb4fd9a70e3f4", "testCaseId": "e4a8bfa6c0e632f8810cb4fd9a70e3f4", "fullName": "tests.endpoints.timelogs.test_timelogs_get_one#test_get_time_log_unauthorized", "labels": [{"name": "feature", "value": "Timelogs"}, {"name": "story", "value": "Get Timelog"}, {"name": "tag", "value": "auth"}, {"name": "tag", "value": "GET"}, {"name": "parentSuite", "value": "tests.endpoints.timelogs"}, {"name": "suite", "value": "test_timelogs_get_one"}, {"name": "host", "value": "runnervmnay03"}, {"name": "thread", "value": "2501-MainThread"}, {"name": "framework", "value": "pytest"}, {"name": "language", "value": "cpython3"}, {"name": "package", "value": "tests.endpoints.timelogs.test_timelogs_get_one"}], "titlePath": ["tests", "endpoints", "timelogs", "test_timelogs_get_one.py"]}