{"name": "test_delete_time_log_unauthorized", "status": "failed", "statusDetails": {"message": "AssertionError: Expected status 401, got 400. URL: https://api.ganttpro.com/v1.0/timeLogs/1194389, Response: {\"code\":1,\"text\":\"Something went wrong. Please contact our support service to solve this issue\"}", "trace": "tests/endpoints/timelogs/test_timelogs_delete.py:18: in test_delete_time_log_unauthorized\n    assert_status_code(response, 401)\nsrc/assertions.py:28: in assert_status_code\n    assert response.status_code == expected_status, message\nE   AssertionError: Expected status 401, got 400. URL: https://api.ganttpro.com/v1.0/timeLogs/1194389, Response: {\"code\":1,\"text\":\"Something went wrong. Please contact our support service to solve this issue\"}"}, "description": "Test time log delete without API key returns 401", "attachments": [{"name": "log", "source": "50c95c61-3791-4d4d-b906-73be3d403450-attachment.txt", "type": "text/plain"}, {"name": "stderr", "source": "b6b2ab45-3cab-47bf-808f-c0baa786f35d-attachment.txt", "type": "text/plain"}], "start": 1771581160153, "stop": 1771581160261, "uuid": "f59de757-4d81-4816-a8d1-55a3e8743624", "historyId": "dd23eae02d994ef2ec3f8884206f82fa", "testCaseId": "dd23eae02d994ef2ec3f8884206f82fa", "fullName": "tests.endpoints.timelogs.test_timelogs_delete#test_delete_time_log_unauthorized", "labels": [{"name": "tag", "value": "DELETE"}, {"name": "tag", "value": "auth"}, {"name": "feature", "value": "Timelogs"}, {"name": "story", "value": "Delete Timelog"}, {"name": "parentSuite", "value": "tests.endpoints.timelogs"}, {"name": "suite", "value": "test_timelogs_delete"}, {"name": "host", "value": "runnervmwffz4"}, {"name": "thread", "value": "2420-MainThread"}, {"name": "framework", "value": "pytest"}, {"name": "language", "value": "cpython3"}, {"name": "package", "value": "tests.endpoints.timelogs.test_timelogs_delete"}], "titlePath": ["tests", "endpoints", "timelogs", "test_timelogs_delete.py"]}