{"name": "test_get_time_log_list_unauthorized", "status": "failed", "statusDetails": {"message": "AssertionError: Expected status 401, got 400. URL: https://api.ganttpro.com/v1.0/timeLogs?taskId=196313030, Response: {\"code\":1,\"text\":\"Something went wrong. Please contact our support service to solve this issue\"}", "trace": "tests/endpoints/timelogs/test_timelogs_get_list.py:29: in test_get_time_log_list_unauthorized\n    assert_status_code(response, 401)\nsrc/assertions.py:28: in assert_status_code\n    assert response.status_code == expected_status, message\nE   AssertionError: Expected status 401, got 400. URL: https://api.ganttpro.com/v1.0/timeLogs?taskId=196313030, Response: {\"code\":1,\"text\":\"Something went wrong. Please contact our support service to solve this issue\"}"}, "description": "Test time logs list without API key returns 401", "attachments": [{"name": "log", "source": "84e2649a-8eeb-4cc0-b645-8629d5e8792b-attachment.txt", "type": "text/plain"}, {"name": "stderr", "source": "e49c3f48-dcbb-45f2-957e-ad5e4d085f5f-attachment.txt", "type": "text/plain"}], "start": 1771753221393, "stop": 1771753221509, "uuid": "c6cd04b2-5eec-4895-81d1-0be9ce4d71f1", "historyId": "7773b8cc5eb4114bb8e98ad8ca2e01cb", "testCaseId": "7773b8cc5eb4114bb8e98ad8ca2e01cb", "fullName": "tests.endpoints.timelogs.test_timelogs_get_list#test_get_time_log_list_unauthorized", "labels": [{"name": "tag", "value": "GET"}, {"name": "feature", "value": "Timelogs"}, {"name": "tag", "value": "auth"}, {"name": "story", "value": "Get Timelogs List"}, {"name": "parentSuite", "value": "tests.endpoints.timelogs"}, {"name": "suite", "value": "test_timelogs_get_list"}, {"name": "host", "value": "runnervmwffz4"}, {"name": "thread", "value": "2424-MainThread"}, {"name": "framework", "value": "pytest"}, {"name": "language", "value": "cpython3"}, {"name": "package", "value": "tests.endpoints.timelogs.test_timelogs_get_list"}], "titlePath": ["tests", "endpoints", "timelogs", "test_timelogs_get_list.py"]}