{"name": "test_create_no_dates_sets_defaults", "status": "failed", "statusDetails": {"message": "AssertionError: assert 480 == 1440\n +  where 480 = <built-in method get of dict object at 0x7f3a6c0accc0>('duration')\n +    where <built-in method get of dict object at 0x7f3a6c0accc0> = {'attachments': [], 'color': 1, 'comments': [], 'createdAt': '2026-02-18T09:58:48.000Z', ...}.get", "trace": "tests/endpoints/tasks/test_tasks_create.py:519: in test_create_no_dates_sets_defaults\n    assert item.get(\"duration\") == 1440  # Default duration in minutes\nE   AssertionError: assert 480 == 1440\nE    +  where 480 = <built-in method get of dict object at 0x7f3a6c0accc0>('duration')\nE    +    where <built-in method get of dict object at 0x7f3a6c0accc0> = {'attachments': [], 'color': 1, 'comments': [], 'createdAt': '2026-02-18T09:58:48.000Z', ...}.get"}, "description": "Без startDate/endDate/duration должны выставиться дефолтные даты", "attachments": [{"name": "HTTP Request", "source": "50669951-0f93-45af-968d-4d89ec456caa-attachment.txt", "type": "text/plain"}, {"name": "HTTP Response", "source": "b29faff5-dd6d-423c-b659-29394db941de-attachment.txt", "type": "text/plain"}, {"name": "log", "source": "3facba73-a371-4440-be94-9b84a5b031a3-attachment.txt", "type": "text/plain"}, {"name": "stderr", "source": "d2e868c4-875f-45d9-b6b0-2d6cf2fbec1f-attachment.txt", "type": "text/plain"}], "start": 1771408727826, "stop": 1771408728390, "uuid": "722b0b7c-8bee-45b9-9123-a28bf297a629", "historyId": "263b47fc7ce42764df3d75634c029a89", "testCaseId": "263b47fc7ce42764df3d75634c029a89", "fullName": "tests.endpoints.tasks.test_tasks_create#test_create_no_dates_sets_defaults", "labels": [{"name": "tag", "value": "defaults"}, {"name": "feature", "value": "Tasks"}, {"name": "tag", "value": "POST"}, {"name": "story", "value": "Create Task"}, {"name": "parentSuite", "value": "tests.endpoints.tasks"}, {"name": "suite", "value": "test_tasks_create"}, {"name": "host", "value": "runnervmjduv7"}, {"name": "thread", "value": "2420-MainThread"}, {"name": "framework", "value": "pytest"}, {"name": "language", "value": "cpython3"}, {"name": "package", "value": "tests.endpoints.tasks.test_tasks_create"}], "titlePath": ["tests", "endpoints", "tasks", "test_tasks_create.py"]}