{"name": "test_create_defaults", "status": "failed", "statusDetails": {"message": "AssertionError: assert 480 == 1440\n +  where 480 = <built-in method get of dict object at 0x7f084d3c81c0>('duration')\n +    where <built-in method get of dict object at 0x7f084d3c81c0> = {'attachments': [], 'color': 1, 'comments': [], 'createdAt': '2026-01-26T09:42:26.000Z', ...}.get", "trace": "tests/endpoints/tasks/test_tasks_create.py:89: in test_create_defaults\n    assert item.get(\"duration\") == 1440  # API uses minutes (1 day = 1440 minutes)\nE   AssertionError: assert 480 == 1440\nE    +  where 480 = <built-in method get of dict object at 0x7f084d3c81c0>('duration')\nE    +    where <built-in method get of dict object at 0x7f084d3c81c0> = {'attachments': [], 'color': 1, 'comments': [], 'createdAt': '2026-01-26T09:42:26.000Z', ...}.get"}, "description": "Должны проставиться дефолты: status=1, progress=0, duration=1, type=task, color=1, estimation=0", "attachments": [{"name": "HTTP Request", "source": "7c14bc8d-7c0c-492b-960f-0bb6557e37ca-attachment.txt", "type": "text/plain"}, {"name": "HTTP Response", "source": "af63fa15-343c-4b42-b0bf-f717530674af-attachment.txt", "type": "text/plain"}, {"name": "log", "source": "a49a425f-5cef-49fa-91c6-a3dcafb6090f-attachment.txt", "type": "text/plain"}, {"name": "stderr", "source": "1fd1fad6-b72e-4c1a-8686-ab9a26e6c390-attachment.txt", "type": "text/plain"}], "start": 1769420546060, "stop": 1769420546595, "uuid": "3b53f93b-903e-42fa-8838-5a61b681a3ec", "historyId": "ee201db1d23a3c503f932d76ae4b1209", "testCaseId": "ee201db1d23a3c503f932d76ae4b1209", "fullName": "tests.endpoints.tasks.test_tasks_create#test_create_defaults", "labels": [{"name": "tag", "value": "defaults"}, {"name": "feature", "value": "Tasks"}, {"name": "story", "value": "Create Task"}, {"name": "tag", "value": "POST"}, {"name": "parentSuite", "value": "tests.endpoints.tasks"}, {"name": "suite", "value": "test_tasks_create"}, {"name": "host", "value": "runnervmymu0l"}, {"name": "thread", "value": "2377-MainThread"}, {"name": "framework", "value": "pytest"}, {"name": "language", "value": "cpython3"}, {"name": "package", "value": "tests.endpoints.tasks.test_tasks_create"}], "titlePath": ["tests", "endpoints", "tasks", "test_tasks_create.py"]}