{"name": "test_create_no_dates_sets_defaults", "status": "failed", "statusDetails": {"message": "AssertionError: assert 480 == 1440\n +  where 480 = <built-in method get of dict object at 0x7f7f67420180>('duration')\n +    where <built-in method get of dict object at 0x7f7f67420180> = {'attachments': [], 'color': 1, 'comments': [], 'createdAt': '2026-01-29T09:54:28.000Z', ...}.get", "trace": "tests/endpoints/tasks/test_tasks_create.py:519: in test_create_no_dates_sets_defaults\n    assert item.get(\"duration\") == 1440  # Default duration in minutes\nE   AssertionError: assert 480 == 1440\nE    +  where 480 = <built-in method get of dict object at 0x7f7f67420180>('duration')\nE    +    where <built-in method get of dict object at 0x7f7f67420180> = {'attachments': [], 'color': 1, 'comments': [], 'createdAt': '2026-01-29T09:54:28.000Z', ...}.get"}, "description": "Без startDate/endDate/duration должны выставиться дефолтные даты", "attachments": [{"name": "HTTP Request", "source": "26dbaef8-1e9b-4d53-84cd-a88bc498c4e5-attachment.txt", "type": "text/plain"}, {"name": "HTTP Response", "source": "5a851eea-5d7f-47c7-bc4e-c6dfaa5ec386-attachment.txt", "type": "text/plain"}, {"name": "log", "source": "267c52cd-ddd7-4bc1-a9fa-5f0719a56e3c-attachment.txt", "type": "text/plain"}, {"name": "stderr", "source": "10a5d57d-3f41-4dc9-bb6e-20468e148aa7-attachment.txt", "type": "text/plain"}], "start": 1769680468418, "stop": 1769680469008, "uuid": "012afd25-8c0e-43a3-b813-4d64fe950156", "historyId": "263b47fc7ce42764df3d75634c029a89", "testCaseId": "263b47fc7ce42764df3d75634c029a89", "fullName": "tests.endpoints.tasks.test_tasks_create#test_create_no_dates_sets_defaults", "labels": [{"name": "story", "value": "Create Task"}, {"name": "feature", "value": "Tasks"}, {"name": "tag", "value": "POST"}, {"name": "tag", "value": "defaults"}, {"name": "parentSuite", "value": "tests.endpoints.tasks"}, {"name": "suite", "value": "test_tasks_create"}, {"name": "host", "value": "runnervmymu0l"}, {"name": "thread", "value": "2385-MainThread"}, {"name": "framework", "value": "pytest"}, {"name": "language", "value": "cpython3"}, {"name": "package", "value": "tests.endpoints.tasks.test_tasks_create"}], "titlePath": ["tests", "endpoints", "tasks", "test_tasks_create.py"]}