{"name": "test_update_link_unauthorized", "status": "failed", "statusDetails": {"message": "AssertionError: Expected status 401, got 400. URL: https://api.ganttpro.com/v1.0/links/118053203, Response: {\"code\":1,\"text\":\"Something went wrong. Please contact our support service to solve this issue\"}", "trace": "tests/endpoints/links/test_links_update.py:35: in test_update_link_unauthorized\n    assert_status_code(response, 401)\nsrc/assertions.py:28: in assert_status_code\n    assert response.status_code == expected_status, message\nE   AssertionError: Expected status 401, got 400. URL: https://api.ganttpro.com/v1.0/links/118053203, Response: {\"code\":1,\"text\":\"Something went wrong. Please contact our support service to solve this issue\"}"}, "description": "Test link update without API key returns 401", "attachments": [{"name": "log", "source": "d5d10955-1dc6-4f91-ab7c-df51f253bb5c-attachment.txt", "type": "text/plain"}, {"name": "stderr", "source": "d332697c-7160-4236-b6e4-6eb18f8245c3-attachment.txt", "type": "text/plain"}], "start": 1772185921177, "stop": 1772185921283, "uuid": "4e1e176d-5b75-4e80-953c-6ceaec7fd906", "historyId": "f544d7a4ed14ca29a6a49060d95c25c7", "testCaseId": "f544d7a4ed14ca29a6a49060d95c25c7", "fullName": "tests.endpoints.links.test_links_update#test_update_link_unauthorized", "labels": [{"name": "tag", "value": "auth"}, {"name": "feature", "value": "Links"}, {"name": "story", "value": "Update Link"}, {"name": "tag", "value": "PUT"}, {"name": "parentSuite", "value": "tests.endpoints.links"}, {"name": "suite", "value": "test_links_update"}, {"name": "host", "value": "runnervmnay03"}, {"name": "thread", "value": "2500-MainThread"}, {"name": "framework", "value": "pytest"}, {"name": "language", "value": "cpython3"}, {"name": "package", "value": "tests.endpoints.links.test_links_update"}], "titlePath": ["tests", "endpoints", "links", "test_links_update.py"]}