{"name": "test_create_start_only_uses_default_duration", "status": "failed", "statusDetails": {"message": "AssertionError: assert False\n +  where False = <built-in method startswith of str object at 0x7effc0e24800>('2025-01-05')\n +    where <built-in method startswith of str object at 0x7effc0e24800> = '2025-01-06 09:00:00'.startswith\n +      where '2025-01-06 09:00:00' = <built-in method get of dict object at 0x7effc0dae4c0>('startDate')\n +        where <built-in method get of dict object at 0x7effc0dae4c0> = {'attachments': [], 'color': 1, 'comments': [], 'createdAt': '2026-01-21T09:40:35.000Z', ...}.get", "trace": "tests/endpoints/tasks/test_tasks_create.py:217: in test_create_start_only_uses_default_duration\n    assert item.get(\"startDate\").startswith(\"2025-01-05\")  # API returns datetime format\nE   AssertionError: assert False\nE    +  where False = <built-in method startswith of str object at 0x7effc0e24800>('2025-01-05')\nE    +    where <built-in method startswith of str object at 0x7effc0e24800> = '2025-01-06 09:00:00'.startswith\nE    +      where '2025-01-06 09:00:00' = <built-in method get of dict object at 0x7effc0dae4c0>('startDate')\nE    +        where <built-in method get of dict object at 0x7effc0dae4c0> = {'attachments': [], 'color': 1, 'comments': [], 'createdAt': '2026-01-21T09:40:35.000Z', ...}.get"}, "description": "Только startDate -> duration по умолчанию 1, endDate рассчитан", "attachments": [{"name": "HTTP Request", "source": "72d83b36-91de-4ed9-8154-52baf18c6aba-attachment.txt", "type": "text/plain"}, {"name": "HTTP Response", "source": "dd69b7cd-4f49-479f-a55b-7d986110c273-attachment.txt", "type": "text/plain"}, {"name": "log", "source": "92aa4886-4c9b-4f7d-8333-0fb3b52362a1-attachment.txt", "type": "text/plain"}, {"name": "stderr", "source": "3f1e107a-0f62-4b78-8076-a7f9a1a33ccb-attachment.txt", "type": "text/plain"}], "start": 1768988434976, "stop": 1768988435464, "uuid": "a802564f-b950-4b9a-876b-b75cf562d3f3", "historyId": "459818c0890ac16be0f4787c8dc242f9", "testCaseId": "459818c0890ac16be0f4787c8dc242f9", "fullName": "tests.endpoints.tasks.test_tasks_create#test_create_start_only_uses_default_duration", "labels": [{"name": "tag", "value": "logic"}, {"name": "feature", "value": "Tasks"}, {"name": "story", "value": "Create Task"}, {"name": "tag", "value": "POST"}, {"name": "parentSuite", "value": "tests.endpoints.tasks"}, {"name": "suite", "value": "test_tasks_create"}, {"name": "host", "value": "runnervmmtnos"}, {"name": "thread", "value": "2372-MainThread"}, {"name": "framework", "value": "pytest"}, {"name": "language", "value": "cpython3"}, {"name": "package", "value": "tests.endpoints.tasks.test_tasks_create"}], "titlePath": ["tests", "endpoints", "tasks", "test_tasks_create.py"]}