{"name": "test_create_no_dates_sets_defaults", "status": "failed", "statusDetails": {"message": "AssertionError: assert 480 == 1440\n +  where 480 = <built-in method get of dict object at 0x7f5723f32300>('duration')\n +    where <built-in method get of dict object at 0x7f5723f32300> = {'attachments': [], 'color': 1, 'comments': [], 'createdAt': '2026-02-10T10:06:32.000Z', ...}.get", "trace": "tests/endpoints/tasks/test_tasks_create.py:519: in test_create_no_dates_sets_defaults\n    assert item.get(\"duration\") == 1440  # Default duration in minutes\nE   AssertionError: assert 480 == 1440\nE    +  where 480 = <built-in method get of dict object at 0x7f5723f32300>('duration')\nE    +    where <built-in method get of dict object at 0x7f5723f32300> = {'attachments': [], 'color': 1, 'comments': [], 'createdAt': '2026-02-10T10:06:32.000Z', ...}.get"}, "description": "Без startDate/endDate/duration должны выставиться дефолтные даты", "attachments": [{"name": "HTTP Request", "source": "e8df1fa7-f17d-4ca3-9f5d-1984e88213ec-attachment.txt", "type": "text/plain"}, {"name": "HTTP Response", "source": "647a57d3-2b72-4bc5-8205-f32216c9ce4a-attachment.txt", "type": "text/plain"}, {"name": "log", "source": "e52a038d-8d12-43cc-b867-c0c8c30b00a2-attachment.txt", "type": "text/plain"}, {"name": "stderr", "source": "dc2847d0-bad7-4b52-9b83-0c47cc1e8dc8-attachment.txt", "type": "text/plain"}], "start": 1770717992390, "stop": 1770717992874, "uuid": "dc5ef8c0-e040-4b9a-a295-0aa2ce009b3d", "historyId": "263b47fc7ce42764df3d75634c029a89", "testCaseId": "263b47fc7ce42764df3d75634c029a89", "fullName": "tests.endpoints.tasks.test_tasks_create#test_create_no_dates_sets_defaults", "labels": [{"name": "feature", "value": "Tasks"}, {"name": "tag", "value": "POST"}, {"name": "story", "value": "Create Task"}, {"name": "tag", "value": "defaults"}, {"name": "parentSuite", "value": "tests.endpoints.tasks"}, {"name": "suite", "value": "test_tasks_create"}, {"name": "host", "value": "runnervmwffz4"}, {"name": "thread", "value": "2405-MainThread"}, {"name": "framework", "value": "pytest"}, {"name": "language", "value": "cpython3"}, {"name": "package", "value": "tests.endpoints.tasks.test_tasks_create"}], "titlePath": ["tests", "endpoints", "tasks", "test_tasks_create.py"]}