{"name": "test_delete_link_not_found", "status": "failed", "statusDetails": {"message": "AssertionError: Expected 404 or 400, got 524\nassert 524 in [404, 400]\n +  where 524 = <Response [524]>.status_code", "trace": "tests/endpoints/links/test_links_delete.py:29: in test_delete_link_not_found\n    assert response.status_code in [404, 400], f\"Expected 404 or 400, got {response.status_code}\"\nE   AssertionError: Expected 404 or 400, got 524\nE   assert 524 in [404, 400]\nE    +  where 524 = <Response [524]>.status_code"}, "description": "Test deleting non-existent link returns 404 or 400", "attachments": [{"name": "log", "source": "8b0f0d9b-1105-4195-a616-f3ce88c48cbe-attachment.txt", "type": "text/plain"}, {"name": "stderr", "source": "4f273636-c3ce-40b6-9a92-fe1c672fb94b-attachment.txt", "type": "text/plain"}], "start": 1771063279734, "stop": 1771063405187, "uuid": "3c9445c5-ac97-413d-8ca5-5f4fa1be0208", "historyId": "a301e940dcac73a22b50a9498971c02c", "testCaseId": "a301e940dcac73a22b50a9498971c02c", "fullName": "tests.endpoints.links.test_links_delete#test_delete_link_not_found", "labels": [{"name": "feature", "value": "Links"}, {"name": "story", "value": "Delete Link"}, {"name": "tag", "value": "negative"}, {"name": "tag", "value": "DELETE"}, {"name": "parentSuite", "value": "tests.endpoints.links"}, {"name": "suite", "value": "test_links_delete"}, {"name": "host", "value": "runnervmjduv7"}, {"name": "thread", "value": "2423-MainThread"}, {"name": "framework", "value": "pytest"}, {"name": "language", "value": "cpython3"}, {"name": "package", "value": "tests.endpoints.links.test_links_delete"}], "titlePath": ["tests", "endpoints", "links", "test_links_delete.py"]}