{"name": "test_get_projects_list_unauthorized", "status": "failed", "statusDetails": {"message": "AssertionError: Expected status 401, got 400. URL: https://api.ganttpro.com/v1.0/projects, Response: {\"code\":1,\"text\":\"Something went wrong. Please contact our support service to solve this issue\"}", "trace": "tests/endpoints/projects/test_projects_get_list.py:28: in test_get_projects_list_unauthorized\n    assert_status_code(response, 401)\nsrc/assertions.py:28: in assert_status_code\n    assert response.status_code == expected_status, message\nE   AssertionError: Expected status 401, got 400. URL: https://api.ganttpro.com/v1.0/projects, Response: {\"code\":1,\"text\":\"Something went wrong. Please contact our support service to solve this issue\"}"}, "description": "Test projects list retrieval without API key returns 401", "attachments": [{"name": "log", "source": "1327bd4f-5694-46f1-a84d-c0d0ae2ac184-attachment.txt", "type": "text/plain"}, {"name": "stderr", "source": "ffa10bb4-78f7-4393-93e0-2499f28f1966-attachment.txt", "type": "text/plain"}], "start": 1772185924560, "stop": 1772185924666, "uuid": "d8aa187e-d079-4e52-a790-9f45b4bbed26", "historyId": "819ae53b0c089cd4debf0c04393ca98f", "testCaseId": "819ae53b0c089cd4debf0c04393ca98f", "fullName": "tests.endpoints.projects.test_projects_get_list#test_get_projects_list_unauthorized", "labels": [{"name": "feature", "value": "Projects"}, {"name": "tag", "value": "auth"}, {"name": "tag", "value": "GET"}, {"name": "story", "value": "Get Projects List"}, {"name": "parentSuite", "value": "tests.endpoints.projects"}, {"name": "suite", "value": "test_projects_get_list"}, {"name": "host", "value": "runnervmnay03"}, {"name": "thread", "value": "2500-MainThread"}, {"name": "framework", "value": "pytest"}, {"name": "language", "value": "cpython3"}, {"name": "package", "value": "tests.endpoints.projects.test_projects_get_list"}], "titlePath": ["tests", "endpoints", "projects", "test_projects_get_list.py"]}