{"name": "test_create_unauthorized", "status": "failed", "statusDetails": {"message": "AssertionError: Expected status 401, got 400. URL: https://api.ganttpro.com/v1.0/tasks, Response: {\"code\":1,\"text\":\"Something went wrong. Please contact our support service to solve this issue\"}", "trace": "tests/endpoints/tasks/test_tasks_create.py:39: in test_create_unauthorized\n    assert_status_code(response, 401)\nsrc/assertions.py:28: in assert_status_code\n    assert response.status_code == expected_status, message\nE   AssertionError: Expected status 401, got 400. URL: https://api.ganttpro.com/v1.0/tasks, Response: {\"code\":1,\"text\":\"Something went wrong. Please contact our support service to solve this issue\"}"}, "description": "Test task creation without API key returns 401", "attachments": [{"name": "log", "source": "76b0c177-b4c8-49b6-8c3f-4cf8abcaf969-attachment.txt", "type": "text/plain"}, {"name": "stderr", "source": "8dc51519-1742-4e3c-8ca1-c48dc7110970-attachment.txt", "type": "text/plain"}], "start": 1772099922160, "stop": 1772099922321, "uuid": "6db488e8-01f9-4a03-bd16-79405e45cc4e", "historyId": "eb4b2927cfb84ee75f847f2f5278138a", "testCaseId": "eb4b2927cfb84ee75f847f2f5278138a", "fullName": "tests.endpoints.tasks.test_tasks_create#test_create_unauthorized", "labels": [{"name": "feature", "value": "Tasks"}, {"name": "tag", "value": "auth"}, {"name": "tag", "value": "POST"}, {"name": "story", "value": "Create Task"}, {"name": "parentSuite", "value": "tests.endpoints.tasks"}, {"name": "suite", "value": "test_tasks_create"}, {"name": "host", "value": "runnervmnay03"}, {"name": "thread", "value": "2424-MainThread"}, {"name": "framework", "value": "pytest"}, {"name": "language", "value": "cpython3"}, {"name": "package", "value": "tests.endpoints.tasks.test_tasks_create"}], "titlePath": ["tests", "endpoints", "tasks", "test_tasks_create.py"]}