{"name": "test_get_project_roles_unauthorized", "status": "failed", "statusDetails": {"message": "AssertionError: Expected status 401, got 400. URL: https://api.ganttpro.com/v1.0/roles/project, Response: {\"code\":1,\"text\":\"Something went wrong. Please contact our support service to solve this issue\"}", "trace": "tests/endpoints/roles/test_roles_project_get.py:26: in test_get_project_roles_unauthorized\n    assert_status_code(response, 401)\nsrc/assertions.py:28: in assert_status_code\n    assert response.status_code == expected_status, message\nE   AssertionError: Expected status 401, got 400. URL: https://api.ganttpro.com/v1.0/roles/project, Response: {\"code\":1,\"text\":\"Something went wrong. Please contact our support service to solve this issue\"}"}, "description": "Test project roles retrieval without API key returns 401", "attachments": [{"name": "log", "source": "2978af10-9b15-45c1-ba62-9413a131a4f0-attachment.txt", "type": "text/plain"}, {"name": "stderr", "source": "73ca1b23-f246-424c-8d09-bddc3c125a89-attachment.txt", "type": "text/plain"}], "start": 1771408673959, "stop": 1771408674072, "uuid": "84fd8e43-19ac-4b25-bed3-51626bd32326", "historyId": "acb4972990f11ff5bf4461ef65c53357", "testCaseId": "acb4972990f11ff5bf4461ef65c53357", "fullName": "tests.endpoints.roles.test_roles_project_get#test_get_project_roles_unauthorized", "labels": [{"name": "story", "value": "Get Project Roles"}, {"name": "tag", "value": "auth"}, {"name": "tag", "value": "GET"}, {"name": "feature", "value": "Roles"}, {"name": "parentSuite", "value": "tests.endpoints.roles"}, {"name": "suite", "value": "test_roles_project_get"}, {"name": "host", "value": "runnervmjduv7"}, {"name": "thread", "value": "2420-MainThread"}, {"name": "framework", "value": "pytest"}, {"name": "language", "value": "cpython3"}, {"name": "package", "value": "tests.endpoints.roles.test_roles_project_get"}], "titlePath": ["tests", "endpoints", "roles", "test_roles_project_get.py"]}