{"name": "test_create_no_dates_sets_defaults", "status": "failed", "statusDetails": {"message": "AssertionError: assert 480 == 1440\n +  where 480 = <built-in method get of dict object at 0x7f572e9dd740>('duration')\n +    where <built-in method get of dict object at 0x7f572e9dd740> = {'attachments': [], 'color': 1, 'comments': [], 'createdAt': '2026-01-17T09:28:37.000Z', ...}.get", "trace": "tests/endpoints/tasks/test_tasks_create.py:519: in test_create_no_dates_sets_defaults\n    assert item.get(\"duration\") == 1440  # Default duration in minutes\nE   AssertionError: assert 480 == 1440\nE    +  where 480 = <built-in method get of dict object at 0x7f572e9dd740>('duration')\nE    +    where <built-in method get of dict object at 0x7f572e9dd740> = {'attachments': [], 'color': 1, 'comments': [], 'createdAt': '2026-01-17T09:28:37.000Z', ...}.get"}, "description": "Без startDate/endDate/duration должны выставиться дефолтные даты", "attachments": [{"name": "HTTP Request", "source": "c404d41b-226f-4d1c-b286-1eb409f881d2-attachment.txt", "type": "text/plain"}, {"name": "HTTP Response", "source": "0970d27d-5da1-4ea2-b9eb-347605bc099c-attachment.txt", "type": "text/plain"}, {"name": "log", "source": "2b6e3f44-55a5-4bc5-8688-9b8f44fcdcb2-attachment.txt", "type": "text/plain"}, {"name": "stderr", "source": "0629505d-caa7-4cd6-911d-4aadf9181b52-attachment.txt", "type": "text/plain"}], "start": 1768642117585, "stop": 1768642117965, "uuid": "91eee0e1-2640-4843-8a6d-19faefca9a39", "historyId": "263b47fc7ce42764df3d75634c029a89", "testCaseId": "263b47fc7ce42764df3d75634c029a89", "fullName": "tests.endpoints.tasks.test_tasks_create#test_create_no_dates_sets_defaults", "labels": [{"name": "tag", "value": "POST"}, {"name": "story", "value": "Create Task"}, {"name": "feature", "value": "Tasks"}, {"name": "tag", "value": "defaults"}, {"name": "parentSuite", "value": "tests.endpoints.tasks"}, {"name": "suite", "value": "test_tasks_create"}, {"name": "host", "value": "runnervmmtnos"}, {"name": "thread", "value": "2310-MainThread"}, {"name": "framework", "value": "pytest"}, {"name": "language", "value": "cpython3"}, {"name": "package", "value": "tests.endpoints.tasks.test_tasks_create"}], "titlePath": ["tests", "endpoints", "tasks", "test_tasks_create.py"]}