{"name": "test_get_time_log_not_found", "status": "failed", "statusDetails": {"message": "AssertionError: Expected 404 or 400, got 524\nassert 524 in [404, 400]\n +  where 524 = <Response [524]>.status_code", "trace": "tests/endpoints/timelogs/test_timelogs_get_one.py:43: in test_get_time_log_not_found\n    assert response.status_code in [404, 400], f\"Expected 404 or 400, got {response.status_code}\"\nE   AssertionError: Expected 404 or 400, got 524\nE   assert 524 in [404, 400]\nE    +  where 524 = <Response [524]>.status_code"}, "description": "Test getting non-existent time log returns 404 or 400", "attachments": [{"name": "log", "source": "1dea8bed-fb2c-4990-bcad-ed2d1d2db428-attachment.txt", "type": "text/plain"}, {"name": "stderr", "source": "f4ce944a-aa91-4403-b00d-106bd8887db1-attachment.txt", "type": "text/plain"}], "start": 1771243724489, "stop": 1771243849680, "uuid": "7f1a036a-eb50-40c7-b8ef-44bbfecfe632", "historyId": "1141978ad4f2879fe3f41e846c8fbcad", "testCaseId": "1141978ad4f2879fe3f41e846c8fbcad", "fullName": "tests.endpoints.timelogs.test_timelogs_get_one#test_get_time_log_not_found", "labels": [{"name": "story", "value": "Get Timelog"}, {"name": "tag", "value": "GET"}, {"name": "feature", "value": "Timelogs"}, {"name": "tag", "value": "negative"}, {"name": "parentSuite", "value": "tests.endpoints.timelogs"}, {"name": "suite", "value": "test_timelogs_get_one"}, {"name": "host", "value": "runnervmjduv7"}, {"name": "thread", "value": "2421-MainThread"}, {"name": "framework", "value": "pytest"}, {"name": "language", "value": "cpython3"}, {"name": "package", "value": "tests.endpoints.timelogs.test_timelogs_get_one"}], "titlePath": ["tests", "endpoints", "timelogs", "test_timelogs_get_one.py"]}