{"name": "test_update_link_invalid_id", "status": "failed", "statusDetails": {"message": "AssertionError: Expected 400 or 404, got 401\nassert 401 in [400, 404]\n +  where 401 = <Response [401]>.status_code", "trace": "tests/endpoints/links/test_links_update.py:47: in test_update_link_invalid_id\n    assert response.status_code in [400, 404], f\"Expected 400 or 404, got {response.status_code}\"\nE   AssertionError: Expected 400 or 404, got 401\nE   assert 401 in [400, 404]\nE    +  where 401 = <Response [401]>.status_code"}, "description": "Test link update with invalid ID returns 400 or 404", "attachments": [{"name": "log", "source": "281e9f5b-1941-4647-99de-c24f8cc023a5-attachment.txt", "type": "text/plain"}, {"name": "stderr", "source": "906c9264-27f1-4cd4-9095-4e80640d0595-attachment.txt", "type": "text/plain"}], "start": 1768984666115, "stop": 1768984666274, "uuid": "18038ab3-0d20-402f-b316-84749dc445a5", "historyId": "302823f3218d389518c52b72df0a81a3", "testCaseId": "302823f3218d389518c52b72df0a81a3", "fullName": "tests.endpoints.links.test_links_update#test_update_link_invalid_id", "labels": [{"name": "tag", "value": "validation"}, {"name": "tag", "value": "PUT"}, {"name": "story", "value": "Update Link"}, {"name": "feature", "value": "Links"}, {"name": "parentSuite", "value": "tests.endpoints.links"}, {"name": "suite", "value": "test_links_update"}, {"name": "host", "value": "runnervmmtnos"}, {"name": "thread", "value": "2352-MainThread"}, {"name": "framework", "value": "pytest"}, {"name": "language", "value": "cpython3"}, {"name": "package", "value": "tests.endpoints.links.test_links_update"}], "titlePath": ["tests", "endpoints", "links", "test_links_update.py"]}