{"name": "test_create_start_only_uses_default_duration", "status": "failed", "statusDetails": {"message": "AssertionError: assert False\n +  where False = <built-in method startswith of str object at 0x7ff8959bb760>('2025-01-05')\n +    where <built-in method startswith of str object at 0x7ff8959bb760> = '2025-01-06 09:00:00'.startswith\n +      where '2025-01-06 09:00:00' = <built-in method get of dict object at 0x7ff895944ac0>('startDate')\n +        where <built-in method get of dict object at 0x7ff895944ac0> = {'attachments': [], 'color': 1, 'comments': [], 'createdAt': '2026-01-31T09:36:42.000Z', ...}.get", "trace": "tests/endpoints/tasks/test_tasks_create.py:217: in test_create_start_only_uses_default_duration\n    assert item.get(\"startDate\").startswith(\"2025-01-05\")  # API returns datetime format\nE   AssertionError: assert False\nE    +  where False = <built-in method startswith of str object at 0x7ff8959bb760>('2025-01-05')\nE    +    where <built-in method startswith of str object at 0x7ff8959bb760> = '2025-01-06 09:00:00'.startswith\nE    +      where '2025-01-06 09:00:00' = <built-in method get of dict object at 0x7ff895944ac0>('startDate')\nE    +        where <built-in method get of dict object at 0x7ff895944ac0> = {'attachments': [], 'color': 1, 'comments': [], 'createdAt': '2026-01-31T09:36:42.000Z', ...}.get"}, "description": "Только startDate -> duration по умолчанию 1, endDate рассчитан", "attachments": [{"name": "HTTP Request", "source": "9bb80f1d-7eca-497a-8456-b9295c82644e-attachment.txt", "type": "text/plain"}, {"name": "HTTP Response", "source": "c74f9d1f-67d1-46fe-9979-e6d1b5216185-attachment.txt", "type": "text/plain"}, {"name": "log", "source": "16551db3-a487-4db6-bf9f-5328974803d1-attachment.txt", "type": "text/plain"}, {"name": "stderr", "source": "29b30fc4-2cff-4dff-896f-e6e9cd2b860d-attachment.txt", "type": "text/plain"}], "start": 1769852201968, "stop": 1769852202395, "uuid": "bc6832e0-fc2b-4fad-8389-239f50270294", "historyId": "459818c0890ac16be0f4787c8dc242f9", "testCaseId": "459818c0890ac16be0f4787c8dc242f9", "fullName": "tests.endpoints.tasks.test_tasks_create#test_create_start_only_uses_default_duration", "labels": [{"name": "story", "value": "Create Task"}, {"name": "tag", "value": "logic"}, {"name": "tag", "value": "POST"}, {"name": "feature", "value": "Tasks"}, {"name": "parentSuite", "value": "tests.endpoints.tasks"}, {"name": "suite", "value": "test_tasks_create"}, {"name": "host", "value": "runnervmkj6or"}, {"name": "thread", "value": "2416-MainThread"}, {"name": "framework", "value": "pytest"}, {"name": "language", "value": "cpython3"}, {"name": "package", "value": "tests.endpoints.tasks.test_tasks_create"}], "titlePath": ["tests", "endpoints", "tasks", "test_tasks_create.py"]}