{"name": "test_create_link_unauthorized", "status": "failed", "statusDetails": {"message": "AssertionError: Expected status 401, got 400. URL: https://api.ganttpro.com/v1.0/links, Response: {\"code\":1,\"text\":\"Something went wrong. Please contact our support service to solve this issue\"}", "trace": "tests/endpoints/links/test_links_create.py:31: in test_create_link_unauthorized\n    assert_status_code(response, 401)\nsrc/assertions.py:28: in assert_status_code\n    assert response.status_code == expected_status, message\nE   AssertionError: Expected status 401, got 400. URL: https://api.ganttpro.com/v1.0/links, Response: {\"code\":1,\"text\":\"Something went wrong. Please contact our support service to solve this issue\"}"}, "description": "Test link creation without API key returns 401", "attachments": [{"name": "log", "source": "50a18a34-6f3c-4347-8fd0-1c4e055b8b59-attachment.txt", "type": "text/plain"}, {"name": "stderr", "source": "fcf70753-2130-45e3-9a5d-98e9ae7345e9-attachment.txt", "type": "text/plain"}], "start": 1771666614964, "stop": 1771666615110, "uuid": "b35864af-ac8a-4f47-9cdf-97afcb6c281a", "historyId": "8160052767cd2798ff63b30ff132bd08", "testCaseId": "8160052767cd2798ff63b30ff132bd08", "fullName": "tests.endpoints.links.test_links_create#test_create_link_unauthorized", "labels": [{"name": "story", "value": "Create Link"}, {"name": "feature", "value": "Links"}, {"name": "tag", "value": "POST"}, {"name": "tag", "value": "auth"}, {"name": "parentSuite", "value": "tests.endpoints.links"}, {"name": "suite", "value": "test_links_create"}, {"name": "host", "value": "runnervmwffz4"}, {"name": "thread", "value": "2444-MainThread"}, {"name": "framework", "value": "pytest"}, {"name": "language", "value": "cpython3"}, {"name": "package", "value": "tests.endpoints.links.test_links_create"}], "titlePath": ["tests", "endpoints", "links", "test_links_create.py"]}