{"name": "test_get_link_not_found", "status": "failed", "statusDetails": {"message": "AssertionError: Expected 404 or 400, got 524\nassert 524 in [404, 400]\n +  where 524 = <Response [524]>.status_code", "trace": "tests/endpoints/links/test_links_get.py:43: in test_get_link_not_found\n    assert response.status_code in [404, 400], f\"Expected 404 or 400, got {response.status_code}\"\nE   AssertionError: Expected 404 or 400, got 524\nE   assert 524 in [404, 400]\nE    +  where 524 = <Response [524]>.status_code"}, "description": "Test getting non-existent link returns 404 or 400", "attachments": [{"name": "log", "source": "690b908a-2c30-44c6-a4e7-44c85784792a-attachment.txt", "type": "text/plain"}, {"name": "stderr", "source": "4f19f463-e64c-400c-957d-987c443baf63-attachment.txt", "type": "text/plain"}], "start": 1771323768172, "stop": 1771323894151, "uuid": "bb6b70b9-fd22-4d2c-b87f-09b128317a3e", "historyId": "2d6dfa0f1fa0d1302bac12958466c60c", "testCaseId": "2d6dfa0f1fa0d1302bac12958466c60c", "fullName": "tests.endpoints.links.test_links_get#test_get_link_not_found", "labels": [{"name": "tag", "value": "GET"}, {"name": "tag", "value": "negative"}, {"name": "feature", "value": "Links"}, {"name": "story", "value": "Get Link"}, {"name": "parentSuite", "value": "tests.endpoints.links"}, {"name": "suite", "value": "test_links_get"}, {"name": "host", "value": "runnervmjduv7"}, {"name": "thread", "value": "2432-MainThread"}, {"name": "framework", "value": "pytest"}, {"name": "language", "value": "cpython3"}, {"name": "package", "value": "tests.endpoints.links.test_links_get"}], "titlePath": ["tests", "endpoints", "links", "test_links_get.py"]}