{"name": "test_delete_unauthorized", "status": "failed", "statusDetails": {"message": "AssertionError: Expected status 401, got 400. URL: https://api.ganttpro.com/v1.0/tasks/199468316, Response: {\"code\":1,\"text\":\"Something went wrong. Please contact our support service to solve this issue\"}", "trace": "tests/endpoints/tasks/test_tasks_delete.py:28: in test_delete_unauthorized\n    assert_status_code(response, 401)\nsrc/assertions.py:28: in assert_status_code\n    assert response.status_code == expected_status, message\nE   AssertionError: Expected status 401, got 400. URL: https://api.ganttpro.com/v1.0/tasks/199468316, Response: {\"code\":1,\"text\":\"Something went wrong. Please contact our support service to solve this issue\"}"}, "description": "Test task deletion without API key returns 401", "attachments": [{"name": "log", "source": "6b3d0e3c-f5ce-4150-b811-5b26f68a8ff3-attachment.txt", "type": "text/plain"}, {"name": "stderr", "source": "6ed3b71c-ff4e-4288-b980-19588575732b-attachment.txt", "type": "text/plain"}], "start": 1772357901016, "stop": 1772357901115, "uuid": "d0e8f85c-f3e5-483e-8fac-139a48c5444c", "historyId": "5c59374c160c5d772e76d370697653f8", "testCaseId": "5c59374c160c5d772e76d370697653f8", "fullName": "tests.endpoints.tasks.test_tasks_delete#test_delete_unauthorized", "labels": [{"name": "story", "value": "Delete Task"}, {"name": "feature", "value": "Tasks"}, {"name": "tag", "value": "auth"}, {"name": "tag", "value": "DELETE"}, {"name": "parentSuite", "value": "tests.endpoints.tasks"}, {"name": "suite", "value": "test_tasks_delete"}, {"name": "host", "value": "runnervmnay03"}, {"name": "thread", "value": "2523-MainThread"}, {"name": "framework", "value": "pytest"}, {"name": "language", "value": "cpython3"}, {"name": "package", "value": "tests.endpoints.tasks.test_tasks_delete"}], "titlePath": ["tests", "endpoints", "tasks", "test_tasks_delete.py"]}