{"name": "test_create_start_only_uses_default_duration", "status": "failed", "statusDetails": {"message": "AssertionError: assert False\n +  where False = <built-in method startswith of str object at 0x7f5723f50a30>('2025-01-05')\n +    where <built-in method startswith of str object at 0x7f5723f50a30> = '2025-01-06 09:00:00'.startswith\n +      where '2025-01-06 09:00:00' = <built-in method get of dict object at 0x7f5723ed5ec0>('startDate')\n +        where <built-in method get of dict object at 0x7f5723ed5ec0> = {'attachments': [], 'color': 1, 'comments': [], 'createdAt': '2026-02-10T10:06:10.000Z', ...}.get", "trace": "tests/endpoints/tasks/test_tasks_create.py:217: in test_create_start_only_uses_default_duration\n    assert item.get(\"startDate\").startswith(\"2025-01-05\")  # API returns datetime format\nE   AssertionError: assert False\nE    +  where False = <built-in method startswith of str object at 0x7f5723f50a30>('2025-01-05')\nE    +    where <built-in method startswith of str object at 0x7f5723f50a30> = '2025-01-06 09:00:00'.startswith\nE    +      where '2025-01-06 09:00:00' = <built-in method get of dict object at 0x7f5723ed5ec0>('startDate')\nE    +        where <built-in method get of dict object at 0x7f5723ed5ec0> = {'attachments': [], 'color': 1, 'comments': [], 'createdAt': '2026-02-10T10:06:10.000Z', ...}.get"}, "description": "Только startDate -> duration по умолчанию 1, endDate рассчитан", "attachments": [{"name": "HTTP Request", "source": "b7148b02-e1c2-48a4-ab39-e83493e9f8ab-attachment.txt", "type": "text/plain"}, {"name": "HTTP Response", "source": "5e146945-740c-4c0f-b298-78224ba45dd6-attachment.txt", "type": "text/plain"}, {"name": "log", "source": "a005a76f-9d4b-4860-b786-d4aa9b587073-attachment.txt", "type": "text/plain"}, {"name": "stderr", "source": "eef049f9-090f-431f-8949-5bb9b8701f10-attachment.txt", "type": "text/plain"}], "start": 1770717970253, "stop": 1770717970978, "uuid": "940dc270-82ea-4ee1-b5d6-6aaddc78686d", "historyId": "459818c0890ac16be0f4787c8dc242f9", "testCaseId": "459818c0890ac16be0f4787c8dc242f9", "fullName": "tests.endpoints.tasks.test_tasks_create#test_create_start_only_uses_default_duration", "labels": [{"name": "feature", "value": "Tasks"}, {"name": "tag", "value": "POST"}, {"name": "story", "value": "Create Task"}, {"name": "tag", "value": "logic"}, {"name": "parentSuite", "value": "tests.endpoints.tasks"}, {"name": "suite", "value": "test_tasks_create"}, {"name": "host", "value": "runnervmwffz4"}, {"name": "thread", "value": "2405-MainThread"}, {"name": "framework", "value": "pytest"}, {"name": "language", "value": "cpython3"}, {"name": "package", "value": "tests.endpoints.tasks.test_tasks_create"}], "titlePath": ["tests", "endpoints", "tasks", "test_tasks_create.py"]}