{"name": "test_create_link_unauthorized", "status": "failed", "statusDetails": {"message": "AssertionError: Expected status 401, got 400. URL: https://api.ganttpro.com/v1.0/links, Response: {\"code\":1,\"text\":\"Something went wrong. Please contact our support service to solve this issue\"}", "trace": "tests/endpoints/links/test_links_create.py:31: in test_create_link_unauthorized\n    assert_status_code(response, 401)\nsrc/assertions.py:28: in assert_status_code\n    assert response.status_code == expected_status, message\nE   AssertionError: Expected status 401, got 400. URL: https://api.ganttpro.com/v1.0/links, Response: {\"code\":1,\"text\":\"Something went wrong. Please contact our support service to solve this issue\"}"}, "description": "Test link creation without API key returns 401", "attachments": [{"name": "log", "source": "31671c2d-9a59-4d3f-8383-71609f65f877-attachment.txt", "type": "text/plain"}, {"name": "stderr", "source": "057aa318-34b6-4bd4-90f8-78b2c9e21735-attachment.txt", "type": "text/plain"}], "start": 1772357818809, "stop": 1772357818908, "uuid": "2805af9e-09e4-4d84-97ff-d572f060adef", "historyId": "8160052767cd2798ff63b30ff132bd08", "testCaseId": "8160052767cd2798ff63b30ff132bd08", "fullName": "tests.endpoints.links.test_links_create#test_create_link_unauthorized", "labels": [{"name": "story", "value": "Create Link"}, {"name": "feature", "value": "Links"}, {"name": "tag", "value": "auth"}, {"name": "tag", "value": "POST"}, {"name": "parentSuite", "value": "tests.endpoints.links"}, {"name": "suite", "value": "test_links_create"}, {"name": "host", "value": "runnervmnay03"}, {"name": "thread", "value": "2523-MainThread"}, {"name": "framework", "value": "pytest"}, {"name": "language", "value": "cpython3"}, {"name": "package", "value": "tests.endpoints.links.test_links_create"}], "titlePath": ["tests", "endpoints", "links", "test_links_create.py"]}