{"name": "test_create_start_only_uses_default_duration", "status": "failed", "statusDetails": {"message": "AssertionError: assert False\n +  where False = <built-in method startswith of str object at 0x7f7354da9990>('2025-01-05')\n +    where <built-in method startswith of str object at 0x7f7354da9990> = '2025-01-06 09:00:00'.startswith\n +      where '2025-01-06 09:00:00' = <built-in method get of dict object at 0x7f7354d44640>('startDate')\n +        where <built-in method get of dict object at 0x7f7354d44640> = {'attachments': [], 'color': 1, 'comments': [], 'createdAt': '2026-01-28T09:42:01.000Z', ...}.get", "trace": "tests/endpoints/tasks/test_tasks_create.py:217: in test_create_start_only_uses_default_duration\n    assert item.get(\"startDate\").startswith(\"2025-01-05\")  # API returns datetime format\nE   AssertionError: assert False\nE    +  where False = <built-in method startswith of str object at 0x7f7354da9990>('2025-01-05')\nE    +    where <built-in method startswith of str object at 0x7f7354da9990> = '2025-01-06 09:00:00'.startswith\nE    +      where '2025-01-06 09:00:00' = <built-in method get of dict object at 0x7f7354d44640>('startDate')\nE    +        where <built-in method get of dict object at 0x7f7354d44640> = {'attachments': [], 'color': 1, 'comments': [], 'createdAt': '2026-01-28T09:42:01.000Z', ...}.get"}, "description": "Только startDate -> duration по умолчанию 1, endDate рассчитан", "attachments": [{"name": "HTTP Request", "source": "3acdcbf4-50ca-4078-b4e6-f6236d2be005-attachment.txt", "type": "text/plain"}, {"name": "HTTP Response", "source": "3c5ec02c-282b-46c4-bf9b-10e61bf7b383-attachment.txt", "type": "text/plain"}, {"name": "log", "source": "0408ff1e-c6f0-4b5d-a0ce-d91550c8f625-attachment.txt", "type": "text/plain"}, {"name": "stderr", "source": "15a1063b-2114-42ff-8db6-8ee2ae346f48-attachment.txt", "type": "text/plain"}], "start": 1769593321228, "stop": 1769593321733, "uuid": "1c643218-41a0-4dbd-bcb5-fee7a27ec972", "historyId": "459818c0890ac16be0f4787c8dc242f9", "testCaseId": "459818c0890ac16be0f4787c8dc242f9", "fullName": "tests.endpoints.tasks.test_tasks_create#test_create_start_only_uses_default_duration", "labels": [{"name": "story", "value": "Create Task"}, {"name": "feature", "value": "Tasks"}, {"name": "tag", "value": "logic"}, {"name": "tag", "value": "POST"}, {"name": "parentSuite", "value": "tests.endpoints.tasks"}, {"name": "suite", "value": "test_tasks_create"}, {"name": "host", "value": "runnervmymu0l"}, {"name": "thread", "value": "2393-MainThread"}, {"name": "framework", "value": "pytest"}, {"name": "language", "value": "cpython3"}, {"name": "package", "value": "tests.endpoints.tasks.test_tasks_create"}], "titlePath": ["tests", "endpoints", "tasks", "test_tasks_create.py"]}