{"name": "test_create_no_dates_sets_defaults", "status": "failed", "statusDetails": {"message": "AssertionError: assert 480 == 1440\n +  where 480 = <built-in method get of dict object at 0x7fd5bbb03740>('duration')\n +    where <built-in method get of dict object at 0x7fd5bbb03740> = {'attachments': [], 'color': 1, 'comments': [], 'createdAt': '2026-01-14T16:22:38.000Z', ...}.get", "trace": "tests/endpoints/tasks/test_tasks_create.py:519: in test_create_no_dates_sets_defaults\n    assert item.get(\"duration\") == 1440  # Default duration in minutes\nE   AssertionError: assert 480 == 1440\nE    +  where 480 = <built-in method get of dict object at 0x7fd5bbb03740>('duration')\nE    +    where <built-in method get of dict object at 0x7fd5bbb03740> = {'attachments': [], 'color': 1, 'comments': [], 'createdAt': '2026-01-14T16:22:38.000Z', ...}.get"}, "description": "Без startDate/endDate/duration должны выставиться дефолтные даты", "attachments": [{"name": "HTTP Request", "source": "e6acea5f-c03a-45cd-a8f2-f6703bef6916-attachment.txt", "type": "text/plain"}, {"name": "HTTP Response", "source": "15b65789-8840-4314-925d-5ac5485ecde0-attachment.txt", "type": "text/plain"}, {"name": "log", "source": "36f66269-ad89-4730-90ff-a31c4bfa04bc-attachment.txt", "type": "text/plain"}, {"name": "stderr", "source": "556b100f-4f83-4a89-9f6f-5fbba9978bd5-attachment.txt", "type": "text/plain"}], "start": 1768407758262, "stop": 1768407758729, "uuid": "26c912d5-7d4b-4b23-b913-65d384fc3a1e", "historyId": "263b47fc7ce42764df3d75634c029a89", "testCaseId": "263b47fc7ce42764df3d75634c029a89", "fullName": "tests.endpoints.tasks.test_tasks_create#test_create_no_dates_sets_defaults", "labels": [{"name": "tag", "value": "POST"}, {"name": "story", "value": "Create Task"}, {"name": "feature", "value": "Tasks"}, {"name": "tag", "value": "defaults"}, {"name": "parentSuite", "value": "tests.endpoints.tasks"}, {"name": "suite", "value": "test_tasks_create"}, {"name": "host", "value": "runnervmi13qx"}, {"name": "thread", "value": "2236-MainThread"}, {"name": "framework", "value": "pytest"}, {"name": "language", "value": "cpython3"}, {"name": "package", "value": "tests.endpoints.tasks.test_tasks_create"}], "titlePath": ["tests", "endpoints", "tasks", "test_tasks_create.py"]}