{"name": "test_create_no_dates_sets_defaults", "status": "failed", "statusDetails": {"message": "AssertionError: assert 480 == 1440\n +  where 480 = <built-in method get of dict object at 0x7f44476af540>('duration')\n +    where <built-in method get of dict object at 0x7f44476af540> = {'attachments': [], 'color': 1, 'comments': [], 'createdAt': '2026-02-02T10:00:47.000Z', ...}.get", "trace": "tests/endpoints/tasks/test_tasks_create.py:519: in test_create_no_dates_sets_defaults\n    assert item.get(\"duration\") == 1440  # Default duration in minutes\nE   AssertionError: assert 480 == 1440\nE    +  where 480 = <built-in method get of dict object at 0x7f44476af540>('duration')\nE    +    where <built-in method get of dict object at 0x7f44476af540> = {'attachments': [], 'color': 1, 'comments': [], 'createdAt': '2026-02-02T10:00:47.000Z', ...}.get"}, "description": "Без startDate/endDate/duration должны выставиться дефолтные даты", "attachments": [{"name": "HTTP Request", "source": "44abee11-caa9-4531-ac70-913e0758b088-attachment.txt", "type": "text/plain"}, {"name": "HTTP Response", "source": "158e0846-76d8-43c8-a804-8058f7c99712-attachment.txt", "type": "text/plain"}, {"name": "log", "source": "f432323c-f2dd-46a6-8a28-2aa5bc30e9f4-attachment.txt", "type": "text/plain"}, {"name": "stderr", "source": "08ed15ae-0ee1-4573-8c17-dd100eefae2d-attachment.txt", "type": "text/plain"}], "start": 1770026447371, "stop": 1770026447919, "uuid": "33818d1d-ffd3-4495-9624-76a515a7a121", "historyId": "263b47fc7ce42764df3d75634c029a89", "testCaseId": "263b47fc7ce42764df3d75634c029a89", "fullName": "tests.endpoints.tasks.test_tasks_create#test_create_no_dates_sets_defaults", "labels": [{"name": "feature", "value": "Tasks"}, {"name": "tag", "value": "POST"}, {"name": "story", "value": "Create Task"}, {"name": "tag", "value": "defaults"}, {"name": "parentSuite", "value": "tests.endpoints.tasks"}, {"name": "suite", "value": "test_tasks_create"}, {"name": "host", "value": "runnervmkj6or"}, {"name": "thread", "value": "2418-MainThread"}, {"name": "framework", "value": "pytest"}, {"name": "language", "value": "cpython3"}, {"name": "package", "value": "tests.endpoints.tasks.test_tasks_create"}], "titlePath": ["tests", "endpoints", "tasks", "test_tasks_create.py"]}