{"name": "test_create_start_only_uses_default_duration", "status": "failed", "statusDetails": {"message": "AssertionError: assert False\n +  where False = <built-in method startswith of str object at 0x7f00fc07a030>('2025-01-05')\n +    where <built-in method startswith of str object at 0x7f00fc07a030> = '2025-01-06 09:00:00'.startswith\n +      where '2025-01-06 09:00:00' = <built-in method get of dict object at 0x7f00fc037940>('startDate')\n +        where <built-in method get of dict object at 0x7f00fc037940> = {'attachments': [], 'color': 1, 'comments': [], 'createdAt': '2026-03-01T09:37:52.000Z', ...}.get", "trace": "tests/endpoints/tasks/test_tasks_create.py:217: in test_create_start_only_uses_default_duration\n    assert item.get(\"startDate\").startswith(\"2025-01-05\")  # API returns datetime format\nE   AssertionError: assert False\nE    +  where False = <built-in method startswith of str object at 0x7f00fc07a030>('2025-01-05')\nE    +    where <built-in method startswith of str object at 0x7f00fc07a030> = '2025-01-06 09:00:00'.startswith\nE    +      where '2025-01-06 09:00:00' = <built-in method get of dict object at 0x7f00fc037940>('startDate')\nE    +        where <built-in method get of dict object at 0x7f00fc037940> = {'attachments': [], 'color': 1, 'comments': [], 'createdAt': '2026-03-01T09:37:52.000Z', ...}.get"}, "description": "Только startDate -> duration по умолчанию 1, endDate рассчитан", "attachments": [{"name": "HTTP Request", "source": "a7bcafdc-0daf-49bf-9884-6324b5c432fe-attachment.txt", "type": "text/plain"}, {"name": "HTTP Response", "source": "f9a12e3f-a1d3-437b-bc17-acbdd904c742-attachment.txt", "type": "text/plain"}, {"name": "log", "source": "ee24bf99-0c85-479f-ae2b-f08e6e21f04f-attachment.txt", "type": "text/plain"}, {"name": "stderr", "source": "5d36bb09-72a5-464a-9b99-aa335b684bd8-attachment.txt", "type": "text/plain"}], "start": 1772357872677, "stop": 1772357873120, "uuid": "73d077eb-3c16-4a37-968c-c654c9fdba3b", "historyId": "459818c0890ac16be0f4787c8dc242f9", "testCaseId": "459818c0890ac16be0f4787c8dc242f9", "fullName": "tests.endpoints.tasks.test_tasks_create#test_create_start_only_uses_default_duration", "labels": [{"name": "story", "value": "Create Task"}, {"name": "feature", "value": "Tasks"}, {"name": "tag", "value": "logic"}, {"name": "tag", "value": "POST"}, {"name": "parentSuite", "value": "tests.endpoints.tasks"}, {"name": "suite", "value": "test_tasks_create"}, {"name": "host", "value": "runnervmnay03"}, {"name": "thread", "value": "2523-MainThread"}, {"name": "framework", "value": "pytest"}, {"name": "language", "value": "cpython3"}, {"name": "package", "value": "tests.endpoints.tasks.test_tasks_create"}], "titlePath": ["tests", "endpoints", "tasks", "test_tasks_create.py"]}