{"name": "test_get_team_unauthorized", "status": "failed", "statusDetails": {"message": "AssertionError: Expected status 401, got 400. URL: https://api.ganttpro.com/v1.0/team, Response: {\"code\":1,\"text\":\"Something went wrong. Please contact our support service to solve this issue\"}", "trace": "tests/endpoints/team/test_team_get.py:27: in test_get_team_unauthorized\n    assert_status_code(response, 401)\nsrc/assertions.py:28: in assert_status_code\n    assert response.status_code == expected_status, message\nE   AssertionError: Expected status 401, got 400. URL: https://api.ganttpro.com/v1.0/team, Response: {\"code\":1,\"text\":\"Something went wrong. Please contact our support service to solve this issue\"}"}, "description": "Test team info retrieval without API key returns 401", "attachments": [{"name": "log", "source": "c0449cf1-87c4-4011-8e4e-89bdec855912-attachment.txt", "type": "text/plain"}, {"name": "stderr", "source": "6326ef79-c4d0-41d3-b117-4e37629affa2-attachment.txt", "type": "text/plain"}], "start": 1771495136494, "stop": 1771495136605, "uuid": "7845b37d-682d-4ee4-964b-6dd943d481a8", "historyId": "7f511bee41d99c12d392b136815e397c", "testCaseId": "7f511bee41d99c12d392b136815e397c", "fullName": "tests.endpoints.team.test_team_get#test_get_team_unauthorized", "labels": [{"name": "tag", "value": "auth"}, {"name": "feature", "value": "Team"}, {"name": "tag", "value": "GET"}, {"name": "story", "value": "Get Team"}, {"name": "parentSuite", "value": "tests.endpoints.team"}, {"name": "suite", "value": "test_team_get"}, {"name": "host", "value": "runnervmjduv7"}, {"name": "thread", "value": "2417-MainThread"}, {"name": "framework", "value": "pytest"}, {"name": "language", "value": "cpython3"}, {"name": "package", "value": "tests.endpoints.team.test_team_get"}], "titlePath": ["tests", "endpoints", "team", "test_team_get.py"]}