{"name": "test_delete_comment_not_found", "status": "failed", "statusDetails": {"message": "AssertionError: Expected 404 or 400, got 524\nassert 524 in [404, 400]\n +  where 524 = <Response [524]>.status_code", "trace": "tests/endpoints/comments/test_comments_delete.py:29: in test_delete_comment_not_found\n    assert response.status_code in [404, 400], f\"Expected 404 or 400, got {response.status_code}\"\nE   AssertionError: Expected 404 or 400, got 524\nE   assert 524 in [404, 400]\nE    +  where 524 = <Response [524]>.status_code"}, "description": "Test deleting non-existent comment returns 404 or 400", "attachments": [{"name": "log", "source": "07787621-578f-4175-af48-858c9d6a9199-attachment.txt", "type": "text/plain"}, {"name": "stderr", "source": "e4c67c22-1511-4cfa-b38d-82f8bd6669d8-attachment.txt", "type": "text/plain"}], "start": 1771062768245, "stop": 1771062893715, "uuid": "e674d7d5-5cbe-491f-9b36-ee76a1684458", "historyId": "3e521c4c463fecf2140ad2ab72148c8f", "testCaseId": "3e521c4c463fecf2140ad2ab72148c8f", "fullName": "tests.endpoints.comments.test_comments_delete#test_delete_comment_not_found", "labels": [{"name": "feature", "value": "Comments"}, {"name": "story", "value": "Delete Comment"}, {"name": "tag", "value": "negative"}, {"name": "tag", "value": "DELETE"}, {"name": "parentSuite", "value": "tests.endpoints.comments"}, {"name": "suite", "value": "test_comments_delete"}, {"name": "host", "value": "runnervmjduv7"}, {"name": "thread", "value": "2423-MainThread"}, {"name": "framework", "value": "pytest"}, {"name": "language", "value": "cpython3"}, {"name": "package", "value": "tests.endpoints.comments.test_comments_delete"}], "titlePath": ["tests", "endpoints", "comments", "test_comments_delete.py"]}