{"name": "test_create_link_unauthorized", "status": "failed", "statusDetails": {"message": "AssertionError: Expected status 401, got 400. URL: https://api.ganttpro.com/v1.0/links, Response: {\"code\":1,\"text\":\"Something went wrong. Please contact our support service to solve this issue\"}", "trace": "tests/endpoints/links/test_links_create.py:31: in test_create_link_unauthorized\n    assert_status_code(response, 401)\nsrc/assertions.py:28: in assert_status_code\n    assert response.status_code == expected_status, message\nE   AssertionError: Expected status 401, got 400. URL: https://api.ganttpro.com/v1.0/links, Response: {\"code\":1,\"text\":\"Something went wrong. Please contact our support service to solve this issue\"}"}, "description": "Test link creation without API key returns 401", "attachments": [{"name": "log", "source": "82663aa3-9c88-4a46-a703-be3f12da3fc0-attachment.txt", "type": "text/plain"}, {"name": "stderr", "source": "e589ff20-f3c3-47dd-be46-afc00072727b-attachment.txt", "type": "text/plain"}], "start": 1772271209547, "stop": 1772271209646, "uuid": "b4799765-53a8-4bee-b2f9-edf2ec1b3c7b", "historyId": "8160052767cd2798ff63b30ff132bd08", "testCaseId": "8160052767cd2798ff63b30ff132bd08", "fullName": "tests.endpoints.links.test_links_create#test_create_link_unauthorized", "labels": [{"name": "story", "value": "Create Link"}, {"name": "feature", "value": "Links"}, {"name": "tag", "value": "POST"}, {"name": "tag", "value": "auth"}, {"name": "parentSuite", "value": "tests.endpoints.links"}, {"name": "suite", "value": "test_links_create"}, {"name": "host", "value": "runnervmnay03"}, {"name": "thread", "value": "2501-MainThread"}, {"name": "framework", "value": "pytest"}, {"name": "language", "value": "cpython3"}, {"name": "package", "value": "tests.endpoints.links.test_links_create"}], "titlePath": ["tests", "endpoints", "links", "test_links_create.py"]}