{"name": "test_get_link_unauthorized", "status": "failed", "statusDetails": {"message": "AssertionError: Expected status 401, got 400. URL: https://api.ganttpro.com/v1.0/links/115853783, Response: {\"code\":1,\"text\":\"Something went wrong. Please contact our support service to solve this issue\"}", "trace": "tests/endpoints/links/test_links_get.py:32: in test_get_link_unauthorized\n    assert_status_code(response, 401)\nsrc/assertions.py:28: in assert_status_code\n    assert response.status_code == expected_status, message\nE   AssertionError: Expected status 401, got 400. URL: https://api.ganttpro.com/v1.0/links/115853783, Response: {\"code\":1,\"text\":\"Something went wrong. Please contact our support service to solve this issue\"}"}, "description": "Test link retrieval without API key returns 401", "attachments": [{"name": "log", "source": "6749ba60-5adc-42b7-a600-e33de2e3fdc7-attachment.txt", "type": "text/plain"}, {"name": "stderr", "source": "1b401068-c9f2-483c-ad4e-49487e416284-attachment.txt", "type": "text/plain"}], "start": 1771666620869, "stop": 1771666621015, "uuid": "961d5743-abda-483c-a30e-61beb6e28a4b", "historyId": "967432eb3e60d2f3741327e68e760c2b", "testCaseId": "967432eb3e60d2f3741327e68e760c2b", "fullName": "tests.endpoints.links.test_links_get#test_get_link_unauthorized", "labels": [{"name": "feature", "value": "Links"}, {"name": "story", "value": "Get Link"}, {"name": "tag", "value": "auth"}, {"name": "tag", "value": "GET"}, {"name": "parentSuite", "value": "tests.endpoints.links"}, {"name": "suite", "value": "test_links_get"}, {"name": "host", "value": "runnervmwffz4"}, {"name": "thread", "value": "2444-MainThread"}, {"name": "framework", "value": "pytest"}, {"name": "language", "value": "cpython3"}, {"name": "package", "value": "tests.endpoints.links.test_links_get"}], "titlePath": ["tests", "endpoints", "links", "test_links_get.py"]}