{"name": "test_update_unauthorized", "status": "failed", "statusDetails": {"message": "AssertionError: Expected status 401, got 400. URL: https://api.ganttpro.com/v1.0/tasks/199315226, Response: {\"code\":1,\"text\":\"Something went wrong. Please contact our support service to solve this issue\"}", "trace": "tests/endpoints/tasks/test_tasks_update.py:35: in test_update_unauthorized\n    assert_status_code(response, 401)\nsrc/assertions.py:28: in assert_status_code\n    assert response.status_code == expected_status, message\nE   AssertionError: Expected status 401, got 400. URL: https://api.ganttpro.com/v1.0/tasks/199315226, Response: {\"code\":1,\"text\":\"Something went wrong. Please contact our support service to solve this issue\"}"}, "description": "Test task update without API key returns 401", "attachments": [{"name": "log", "source": "c72a5145-7863-4f66-82a9-27565882ded0-attachment.txt", "type": "text/plain"}, {"name": "stderr", "source": "2f992d06-0e35-4b53-ad18-f843fd219f13-attachment.txt", "type": "text/plain"}], "start": 1772271305180, "stop": 1772271305280, "uuid": "521d11d4-746d-45aa-ab73-4ac155b239f2", "historyId": "10ffd0d5f8cf4df70d05e11edbb60cbd", "testCaseId": "10ffd0d5f8cf4df70d05e11edbb60cbd", "fullName": "tests.endpoints.tasks.test_tasks_update#test_update_unauthorized", "labels": [{"name": "story", "value": "Update Task"}, {"name": "feature", "value": "Tasks"}, {"name": "tag", "value": "auth"}, {"name": "tag", "value": "PUT"}, {"name": "parentSuite", "value": "tests.endpoints.tasks"}, {"name": "suite", "value": "test_tasks_update"}, {"name": "host", "value": "runnervmnay03"}, {"name": "thread", "value": "2501-MainThread"}, {"name": "framework", "value": "pytest"}, {"name": "language", "value": "cpython3"}, {"name": "package", "value": "tests.endpoints.tasks.test_tasks_update"}], "titlePath": ["tests", "endpoints", "tasks", "test_tasks_update.py"]}