{"name": "test_update_unauthorized", "status": "failed", "statusDetails": {"message": "AssertionError: Expected status 401, got 400. URL: https://api.ganttpro.com/v1.0/tasks/197152511, Response: {\"code\":1,\"text\":\"Something went wrong. Please contact our support service to solve this issue\"}", "trace": "tests/endpoints/tasks/test_tasks_update.py:35: in test_update_unauthorized\n    assert_status_code(response, 401)\nsrc/assertions.py:28: in assert_status_code\n    assert response.status_code == expected_status, message\nE   AssertionError: Expected status 401, got 400. URL: https://api.ganttpro.com/v1.0/tasks/197152511, Response: {\"code\":1,\"text\":\"Something went wrong. Please contact our support service to solve this issue\"}"}, "description": "Test task update without API key returns 401", "attachments": [{"name": "log", "source": "ddcc84c1-5837-4fcb-b97c-fd41e476d8fc-attachment.txt", "type": "text/plain"}, {"name": "stderr", "source": "689bc709-01cb-4179-895d-8f17734fe13b-attachment.txt", "type": "text/plain"}], "start": 1771927246433, "stop": 1771927246541, "uuid": "f3121765-b49c-43f4-b2f9-dd68fc557bfb", "historyId": "10ffd0d5f8cf4df70d05e11edbb60cbd", "testCaseId": "10ffd0d5f8cf4df70d05e11edbb60cbd", "fullName": "tests.endpoints.tasks.test_tasks_update#test_update_unauthorized", "labels": [{"name": "tag", "value": "auth"}, {"name": "feature", "value": "Tasks"}, {"name": "story", "value": "Update Task"}, {"name": "tag", "value": "PUT"}, {"name": "parentSuite", "value": "tests.endpoints.tasks"}, {"name": "suite", "value": "test_tasks_update"}, {"name": "host", "value": "runnervmwffz4"}, {"name": "thread", "value": "2441-MainThread"}, {"name": "framework", "value": "pytest"}, {"name": "language", "value": "cpython3"}, {"name": "package", "value": "tests.endpoints.tasks.test_tasks_update"}], "titlePath": ["tests", "endpoints", "tasks", "test_tasks_update.py"]}