{"name": "test_delete_time_log_not_found", "status": "failed", "statusDetails": {"message": "AssertionError: Expected 404 or 400, got 524\nassert 524 in [404, 400]\n +  where 524 = <Response [524]>.status_code", "trace": "tests/endpoints/timelogs/test_timelogs_delete.py:29: in test_delete_time_log_not_found\n    assert response.status_code in [404, 400], f\"Expected 404 or 400, got {response.status_code}\"\nE   AssertionError: Expected 404 or 400, got 524\nE   assert 524 in [404, 400]\nE    +  where 524 = <Response [524]>.status_code"}, "description": "Test deleting non-existent time log returns 404 or 400", "attachments": [{"name": "log", "source": "96f1e94d-f16d-4378-bce0-4f9687eb9af8-attachment.txt", "type": "text/plain"}, {"name": "stderr", "source": "5c270a1d-e4b2-46ab-93c1-77e113378d63-attachment.txt", "type": "text/plain"}], "start": 1770896182320, "stop": 1770896307943, "uuid": "a93b67df-766d-4fd4-a1cf-7a263f2769c6", "historyId": "e4d57118c36a9a42f19a449405ef6d32", "testCaseId": "e4d57118c36a9a42f19a449405ef6d32", "fullName": "tests.endpoints.timelogs.test_timelogs_delete#test_delete_time_log_not_found", "labels": [{"name": "tag", "value": "negative"}, {"name": "tag", "value": "DELETE"}, {"name": "feature", "value": "Timelogs"}, {"name": "story", "value": "Delete Timelog"}, {"name": "parentSuite", "value": "tests.endpoints.timelogs"}, {"name": "suite", "value": "test_timelogs_delete"}, {"name": "host", "value": "runnervmwffz4"}, {"name": "thread", "value": "2382-MainThread"}, {"name": "framework", "value": "pytest"}, {"name": "language", "value": "cpython3"}, {"name": "package", "value": "tests.endpoints.timelogs.test_timelogs_delete"}], "titlePath": ["tests", "endpoints", "timelogs", "test_timelogs_delete.py"]}