{"name": "test_update_task_invalid_id", "status": "failed", "statusDetails": {"message": "AssertionError: Expected 400, 404, or 429, got 401\nassert 401 in [400, 404, 429]\n +  where 401 = <Response [401]>.status_code", "trace": "tests/endpoints/tasks/test_tasks_update_task.py:44: in test_update_task_invalid_id\n    assert response.status_code in [400, 404, 429], f\"Expected 400, 404, or 429, got {response.status_code}\"\nE   AssertionError: Expected 400, 404, or 429, got 401\nE   assert 401 in [400, 404, 429]\nE    +  where 401 = <Response [401]>.status_code"}, "description": "Test task update with invalid ID returns 400 or 404 or 429", "attachments": [{"name": "log", "source": "10ff6bbf-c61a-4c19-9008-4d99af9d7ac9-attachment.txt", "type": "text/plain"}, {"name": "stderr", "source": "1085b85d-75d9-4021-b603-7e3fb465605c-attachment.txt", "type": "text/plain"}], "start": 1768984687544, "stop": 1768984687705, "uuid": "8c88c277-e9ef-41f5-980c-c2edcb2f8cee", "historyId": "fbc54eff546d5cba2dd8dc5bb6c3603d", "testCaseId": "fbc54eff546d5cba2dd8dc5bb6c3603d", "fullName": "tests.endpoints.tasks.test_tasks_update_task#test_update_task_invalid_id", "labels": [{"name": "tag", "value": "validation"}, {"name": "tag", "value": "PUT"}, {"name": "feature", "value": "Tasks"}, {"name": "story", "value": "Update Task"}, {"name": "parentSuite", "value": "tests.endpoints.tasks"}, {"name": "suite", "value": "test_tasks_update_task"}, {"name": "host", "value": "runnervmmtnos"}, {"name": "thread", "value": "2352-MainThread"}, {"name": "framework", "value": "pytest"}, {"name": "language", "value": "cpython3"}, {"name": "package", "value": "tests.endpoints.tasks.test_tasks_update_task"}], "titlePath": ["tests", "endpoints", "tasks", "test_tasks_update_task.py"]}