{"name": "test_get_account_roles_unauthorized", "status": "failed", "statusDetails": {"message": "AssertionError: Expected status 401, got 400. URL: https://api.ganttpro.com/v1.0/roles/account, Response: {\"code\":1,\"text\":\"Something went wrong. Please contact our support service to solve this issue\"}", "trace": "tests/endpoints/roles/test_roles_account_get.py:26: in test_get_account_roles_unauthorized\n    assert_status_code(response, 401)\nsrc/assertions.py:28: in assert_status_code\n    assert response.status_code == expected_status, message\nE   AssertionError: Expected status 401, got 400. URL: https://api.ganttpro.com/v1.0/roles/account, Response: {\"code\":1,\"text\":\"Something went wrong. Please contact our support service to solve this issue\"}"}, "description": "Test account roles retrieval without API key returns 401", "attachments": [{"name": "log", "source": "873d3846-ed61-4516-bb0f-81688e9189cb-attachment.txt", "type": "text/plain"}, {"name": "stderr", "source": "0aab32b7-3c8f-430c-8fb8-24bf8e2ddf48-attachment.txt", "type": "text/plain"}], "start": 1772357840313, "stop": 1772357840413, "uuid": "40773228-357a-4d77-832a-02082bad6d3c", "historyId": "65e753adba1c06b0c7a15a978538595c", "testCaseId": "65e753adba1c06b0c7a15a978538595c", "fullName": "tests.endpoints.roles.test_roles_account_get#test_get_account_roles_unauthorized", "labels": [{"name": "tag", "value": "GET"}, {"name": "story", "value": "Get Account Roles"}, {"name": "tag", "value": "auth"}, {"name": "feature", "value": "Roles"}, {"name": "parentSuite", "value": "tests.endpoints.roles"}, {"name": "suite", "value": "test_roles_account_get"}, {"name": "host", "value": "runnervmnay03"}, {"name": "thread", "value": "2523-MainThread"}, {"name": "framework", "value": "pytest"}, {"name": "language", "value": "cpython3"}, {"name": "package", "value": "tests.endpoints.roles.test_roles_account_get"}], "titlePath": ["tests", "endpoints", "roles", "test_roles_account_get.py"]}