{"name": "test_create_no_dates_sets_defaults", "status": "failed", "statusDetails": {"message": "AssertionError: assert 480 == 1440\n +  where 480 = <built-in method get of dict object at 0x7f6d9bde9580>('duration')\n +    where <built-in method get of dict object at 0x7f6d9bde9580> = {'attachments': [], 'color': 1, 'comments': [], 'createdAt': '2026-02-21T09:38:13.000Z', ...}.get", "trace": "tests/endpoints/tasks/test_tasks_create.py:519: in test_create_no_dates_sets_defaults\n    assert item.get(\"duration\") == 1440  # Default duration in minutes\nE   AssertionError: assert 480 == 1440\nE    +  where 480 = <built-in method get of dict object at 0x7f6d9bde9580>('duration')\nE    +    where <built-in method get of dict object at 0x7f6d9bde9580> = {'attachments': [], 'color': 1, 'comments': [], 'createdAt': '2026-02-21T09:38:13.000Z', ...}.get"}, "description": "Без startDate/endDate/duration должны выставиться дефолтные даты", "attachments": [{"name": "HTTP Request", "source": "a092f1bb-8756-4a2e-b2c5-a828fd3a0aba-attachment.txt", "type": "text/plain"}, {"name": "HTTP Response", "source": "11370b25-55e4-47b6-a6cc-3658ffaab538-attachment.txt", "type": "text/plain"}, {"name": "log", "source": "a05dee16-3491-472e-b2b9-3c0ae00d29f3-attachment.txt", "type": "text/plain"}, {"name": "stderr", "source": "7d3e4a3e-e97c-4ca2-a43c-453548f0faa5-attachment.txt", "type": "text/plain"}], "start": 1771666693486, "stop": 1771666693980, "uuid": "30ffc730-0cf3-42a4-9384-108ee748313d", "historyId": "263b47fc7ce42764df3d75634c029a89", "testCaseId": "263b47fc7ce42764df3d75634c029a89", "fullName": "tests.endpoints.tasks.test_tasks_create#test_create_no_dates_sets_defaults", "labels": [{"name": "story", "value": "Create Task"}, {"name": "tag", "value": "POST"}, {"name": "tag", "value": "defaults"}, {"name": "feature", "value": "Tasks"}, {"name": "parentSuite", "value": "tests.endpoints.tasks"}, {"name": "suite", "value": "test_tasks_create"}, {"name": "host", "value": "runnervmwffz4"}, {"name": "thread", "value": "2444-MainThread"}, {"name": "framework", "value": "pytest"}, {"name": "language", "value": "cpython3"}, {"name": "package", "value": "tests.endpoints.tasks.test_tasks_create"}], "titlePath": ["tests", "endpoints", "tasks", "test_tasks_create.py"]}