{"name": "test_get_team_unauthorized", "status": "failed", "statusDetails": {"message": "AssertionError: Expected status 401, got 400. URL: https://api.ganttpro.com/v1.0/team, Response: {\"code\":1,\"text\":\"Something went wrong. Please contact our support service to solve this issue\"}", "trace": "tests/endpoints/team/test_team_get.py:27: in test_get_team_unauthorized\n    assert_status_code(response, 401)\nsrc/assertions.py:28: in assert_status_code\n    assert response.status_code == expected_status, message\nE   AssertionError: Expected status 401, got 400. URL: https://api.ganttpro.com/v1.0/team, Response: {\"code\":1,\"text\":\"Something went wrong. Please contact our support service to solve this issue\"}"}, "description": "Test team info retrieval without API key returns 401", "attachments": [{"name": "log", "source": "2479287d-1130-4ab5-9ebf-c71dd64848a6-attachment.txt", "type": "text/plain"}, {"name": "stderr", "source": "c0ca603e-9597-455e-985e-b848ba9da829-attachment.txt", "type": "text/plain"}], "start": 1771666723902, "stop": 1771666724047, "uuid": "074ed2ff-1a7f-4428-b801-2f28381d06ee", "historyId": "7f511bee41d99c12d392b136815e397c", "testCaseId": "7f511bee41d99c12d392b136815e397c", "fullName": "tests.endpoints.team.test_team_get#test_get_team_unauthorized", "labels": [{"name": "story", "value": "Get Team"}, {"name": "tag", "value": "auth"}, {"name": "feature", "value": "Team"}, {"name": "tag", "value": "GET"}, {"name": "parentSuite", "value": "tests.endpoints.team"}, {"name": "suite", "value": "test_team_get"}, {"name": "host", "value": "runnervmwffz4"}, {"name": "thread", "value": "2444-MainThread"}, {"name": "framework", "value": "pytest"}, {"name": "language", "value": "cpython3"}, {"name": "package", "value": "tests.endpoints.team.test_team_get"}], "titlePath": ["tests", "endpoints", "team", "test_team_get.py"]}