{"name": "test_update_time_log_invalid_id", "status": "failed", "statusDetails": {"message": "AssertionError: Expected 400 or 404, got 401\nassert 401 in [400, 404]\n +  where 401 = <Response [401]>.status_code", "trace": "tests/endpoints/timelogs/test_timelogs_update.py:47: in test_update_time_log_invalid_id\n    assert response.status_code in [400, 404], f\"Expected 400 or 404, got {response.status_code}\"\nE   AssertionError: Expected 400 or 404, got 401\nE   assert 401 in [400, 404]\nE    +  where 401 = <Response [401]>.status_code"}, "description": "Test time log update with invalid ID returns 400 or 404", "attachments": [{"name": "log", "source": "1f614620-9e28-461e-8175-db6ec6e8b2b9-attachment.txt", "type": "text/plain"}, {"name": "stderr", "source": "37add1ef-7f10-4701-b5da-46ec8a3e38f8-attachment.txt", "type": "text/plain"}], "start": 1768984699119, "stop": 1768984699256, "uuid": "e7200e92-f40b-4379-b142-51c350bc906d", "historyId": "dd5277acb4f519e9ad15d019d0634ba4", "testCaseId": "dd5277acb4f519e9ad15d019d0634ba4", "fullName": "tests.endpoints.timelogs.test_timelogs_update#test_update_time_log_invalid_id", "labels": [{"name": "story", "value": "Update Timelog"}, {"name": "tag", "value": "PUT"}, {"name": "tag", "value": "validation"}, {"name": "feature", "value": "Timelogs"}, {"name": "parentSuite", "value": "tests.endpoints.timelogs"}, {"name": "suite", "value": "test_timelogs_update"}, {"name": "host", "value": "runnervmmtnos"}, {"name": "thread", "value": "2361-MainThread"}, {"name": "framework", "value": "pytest"}, {"name": "language", "value": "cpython3"}, {"name": "package", "value": "tests.endpoints.timelogs.test_timelogs_update"}], "titlePath": ["tests", "endpoints", "timelogs", "test_timelogs_update.py"]}