{"name": "test_delete_link_not_found", "status": "failed", "statusDetails": {"message": "AssertionError: Expected 404 or 400, got 524\nassert 524 in [404, 400]\n +  where 524 = <Response [524]>.status_code", "trace": "tests/endpoints/links/test_links_delete.py:29: in test_delete_link_not_found\n    assert response.status_code in [404, 400], f\"Expected 404 or 400, got {response.status_code}\"\nE   AssertionError: Expected 404 or 400, got 524\nE   assert 524 in [404, 400]\nE    +  where 524 = <Response [524]>.status_code"}, "description": "Test deleting non-existent link returns 404 or 400", "attachments": [{"name": "log", "source": "ecfa0b96-189b-478e-92ac-bac77fbbdb61-attachment.txt", "type": "text/plain"}, {"name": "stderr", "source": "30c1385e-d228-462f-98d5-488b0d1d7fff-attachment.txt", "type": "text/plain"}], "start": 1771237503891, "stop": 1771237629345, "uuid": "fccf1ee8-5f09-489b-81ce-b13f01650b68", "historyId": "a301e940dcac73a22b50a9498971c02c", "testCaseId": "a301e940dcac73a22b50a9498971c02c", "fullName": "tests.endpoints.links.test_links_delete#test_delete_link_not_found", "labels": [{"name": "feature", "value": "Links"}, {"name": "story", "value": "Delete Link"}, {"name": "tag", "value": "negative"}, {"name": "tag", "value": "DELETE"}, {"name": "parentSuite", "value": "tests.endpoints.links"}, {"name": "suite", "value": "test_links_delete"}, {"name": "host", "value": "runnervmjduv7"}, {"name": "thread", "value": "2421-MainThread"}, {"name": "framework", "value": "pytest"}, {"name": "language", "value": "cpython3"}, {"name": "package", "value": "tests.endpoints.links.test_links_delete"}], "titlePath": ["tests", "endpoints", "links", "test_links_delete.py"]}