{"name": "test_delete_attachment_not_found", "status": "failed", "statusDetails": {"message": "AssertionError: Expected 404 or 400, got 524\nassert 524 in [404, 400]\n +  where 524 = <Response [524]>.status_code", "trace": "tests/endpoints/attachments/test_attachments_delete.py:29: in test_delete_attachment_not_found\n    assert response.status_code in [404, 400], f\"Expected 404 or 400, got {response.status_code}\"\nE   AssertionError: Expected 404 or 400, got 524\nE   assert 524 in [404, 400]\nE    +  where 524 = <Response [524]>.status_code"}, "description": "Test deleting non-existent attachment returns 404 or 400", "attachments": [{"name": "log", "source": "1d23384c-38af-4a9b-be0b-58967243dda9-attachment.txt", "type": "text/plain"}, {"name": "stderr", "source": "106905cc-ec64-4748-b1ce-c33cf28672a3-attachment.txt", "type": "text/plain"}], "start": 1771148586704, "stop": 1771148713282, "uuid": "ac620b18-9014-4b20-91a1-d36db177cb92", "historyId": "2a4e071eb441a7fad7073c4d57d79c7a", "testCaseId": "2a4e071eb441a7fad7073c4d57d79c7a", "fullName": "tests.endpoints.attachments.test_attachments_delete#test_delete_attachment_not_found", "labels": [{"name": "tag", "value": "DELETE"}, {"name": "feature", "value": "Attachments"}, {"name": "story", "value": "Delete Attachment"}, {"name": "tag", "value": "negative"}, {"name": "parentSuite", "value": "tests.endpoints.attachments"}, {"name": "suite", "value": "test_attachments_delete"}, {"name": "host", "value": "runnervmjduv7"}, {"name": "thread", "value": "2350-MainThread"}, {"name": "framework", "value": "pytest"}, {"name": "language", "value": "cpython3"}, {"name": "package", "value": "tests.endpoints.attachments.test_attachments_delete"}], "titlePath": ["tests", "endpoints", "attachments", "test_attachments_delete.py"]}