{"name": "test_get_time_log_unauthorized", "status": "failed", "statusDetails": {"message": "AssertionError: Expected status 401, got 400. URL: https://api.ganttpro.com/v1.0/timeLogs/1189931, Response: {\"code\":1,\"text\":\"Something went wrong. Please contact our support service to solve this issue\"}", "trace": "tests/endpoints/timelogs/test_timelogs_get_one.py:32: in test_get_time_log_unauthorized\n    assert_status_code(response, 401)\nsrc/assertions.py:28: in assert_status_code\n    assert response.status_code == expected_status, message\nE   AssertionError: Expected status 401, got 400. URL: https://api.ganttpro.com/v1.0/timeLogs/1189931, Response: {\"code\":1,\"text\":\"Something went wrong. Please contact our support service to solve this issue\"}"}, "description": "Test time log retrieval without API key returns 401", "attachments": [{"name": "log", "source": "f9762671-67a0-43a5-996a-74ede558c9f1-attachment.txt", "type": "text/plain"}, {"name": "stderr", "source": "cb8f5abf-debf-4caa-b7db-41ac40273011-attachment.txt", "type": "text/plain"}], "start": 1771408778214, "stop": 1771408778327, "uuid": "fb282fbe-0b0a-49ca-b3f6-71f107f2ac54", "historyId": "e4a8bfa6c0e632f8810cb4fd9a70e3f4", "testCaseId": "e4a8bfa6c0e632f8810cb4fd9a70e3f4", "fullName": "tests.endpoints.timelogs.test_timelogs_get_one#test_get_time_log_unauthorized", "labels": [{"name": "tag", "value": "auth"}, {"name": "feature", "value": "Timelogs"}, {"name": "tag", "value": "GET"}, {"name": "story", "value": "Get Timelog"}, {"name": "parentSuite", "value": "tests.endpoints.timelogs"}, {"name": "suite", "value": "test_timelogs_get_one"}, {"name": "host", "value": "runnervmjduv7"}, {"name": "thread", "value": "2420-MainThread"}, {"name": "framework", "value": "pytest"}, {"name": "language", "value": "cpython3"}, {"name": "package", "value": "tests.endpoints.timelogs.test_timelogs_get_one"}], "titlePath": ["tests", "endpoints", "timelogs", "test_timelogs_get_one.py"]}