{"name": "test_create_start_only_uses_default_duration", "status": "failed", "statusDetails": {"message": "AssertionError: assert False\n +  where False = <built-in method startswith of str object at 0x7ff7d5244800>('2025-01-05')\n +    where <built-in method startswith of str object at 0x7ff7d5244800> = '2025-01-06 09:00:00'.startswith\n +      where '2025-01-06 09:00:00' = <built-in method get of dict object at 0x7ff7d5154800>('startDate')\n +        where <built-in method get of dict object at 0x7ff7d5154800> = {'attachments': [], 'color': 1, 'comments': [], 'createdAt': '2026-02-25T10:02:22.000Z', ...}.get", "trace": "tests/endpoints/tasks/test_tasks_create.py:217: in test_create_start_only_uses_default_duration\n    assert item.get(\"startDate\").startswith(\"2025-01-05\")  # API returns datetime format\nE   AssertionError: assert False\nE    +  where False = <built-in method startswith of str object at 0x7ff7d5244800>('2025-01-05')\nE    +    where <built-in method startswith of str object at 0x7ff7d5244800> = '2025-01-06 09:00:00'.startswith\nE    +      where '2025-01-06 09:00:00' = <built-in method get of dict object at 0x7ff7d5154800>('startDate')\nE    +        where <built-in method get of dict object at 0x7ff7d5154800> = {'attachments': [], 'color': 1, 'comments': [], 'createdAt': '2026-02-25T10:02:22.000Z', ...}.get"}, "description": "Только startDate -> duration по умолчанию 1, endDate рассчитан", "attachments": [{"name": "HTTP Request", "source": "11903352-9445-4be8-bfc9-b11f1775730c-attachment.txt", "type": "text/plain"}, {"name": "HTTP Response", "source": "fd03a840-e195-466a-8391-ae6b9010c203-attachment.txt", "type": "text/plain"}, {"name": "log", "source": "54ff2a5a-88a3-4645-9e10-4755b0159591-attachment.txt", "type": "text/plain"}, {"name": "stderr", "source": "24f49b6f-1726-4743-93a8-95c7578bbde4-attachment.txt", "type": "text/plain"}], "start": 1772013741766, "stop": 1772013742217, "uuid": "6763fd0f-3595-4761-b00e-9f24850f8e03", "historyId": "459818c0890ac16be0f4787c8dc242f9", "testCaseId": "459818c0890ac16be0f4787c8dc242f9", "fullName": "tests.endpoints.tasks.test_tasks_create#test_create_start_only_uses_default_duration", "labels": [{"name": "story", "value": "Create Task"}, {"name": "tag", "value": "POST"}, {"name": "feature", "value": "Tasks"}, {"name": "tag", "value": "logic"}, {"name": "parentSuite", "value": "tests.endpoints.tasks"}, {"name": "suite", "value": "test_tasks_create"}, {"name": "host", "value": "runnervmwffz4"}, {"name": "thread", "value": "2436-MainThread"}, {"name": "framework", "value": "pytest"}, {"name": "language", "value": "cpython3"}, {"name": "package", "value": "tests.endpoints.tasks.test_tasks_create"}], "titlePath": ["tests", "endpoints", "tasks", "test_tasks_create.py"]}