{"name": "test_update_task_unauthorized", "status": "failed", "statusDetails": {"message": "AssertionError: Expected status 401, got 400. URL: https://api.ganttpro.com/v1.0/tasks/198881786, Response: {\"code\":1,\"text\":\"Something went wrong. Please contact our support service to solve this issue\"}", "trace": "tests/endpoints/tasks/test_tasks_update_task.py:31: in test_update_task_unauthorized\n    assert_status_code(response, 401)\nsrc/assertions.py:28: in assert_status_code\n    assert response.status_code == expected_status, message\nE   AssertionError: Expected status 401, got 400. URL: https://api.ganttpro.com/v1.0/tasks/198881786, Response: {\"code\":1,\"text\":\"Something went wrong. Please contact our support service to solve this issue\"}"}, "description": "Test task update without API key returns 401", "attachments": [{"name": "log", "source": "ef740f71-3f96-4668-a7e1-25d4f6f0dacb-attachment.txt", "type": "text/plain"}, {"name": "stderr", "source": "6662dc26-fbd8-45c2-a44a-6318eaea5bbe-attachment.txt", "type": "text/plain"}], "start": 1772186017004, "stop": 1772186017109, "uuid": "88beec19-850c-4648-b303-1d35879fb2be", "historyId": "d41a876209d41ffc7f0dd0399ee01b0f", "testCaseId": "d41a876209d41ffc7f0dd0399ee01b0f", "fullName": "tests.endpoints.tasks.test_tasks_update_task#test_update_task_unauthorized", "labels": [{"name": "feature", "value": "Tasks"}, {"name": "story", "value": "Update Task"}, {"name": "tag", "value": "auth"}, {"name": "tag", "value": "PUT"}, {"name": "parentSuite", "value": "tests.endpoints.tasks"}, {"name": "suite", "value": "test_tasks_update_task"}, {"name": "host", "value": "runnervmnay03"}, {"name": "thread", "value": "2500-MainThread"}, {"name": "framework", "value": "pytest"}, {"name": "language", "value": "cpython3"}, {"name": "package", "value": "tests.endpoints.tasks.test_tasks_update_task"}], "titlePath": ["tests", "endpoints", "tasks", "test_tasks_update_task.py"]}