{"name": "test_add_unauthorized", "status": "failed", "statusDetails": {"message": "AssertionError: Expected status 401, got 400. URL: https://api.ganttpro.com/v1.0/attachments, Response: {\"code\":1,\"text\":\"Something went wrong. Please contact our support service to solve this issue\"}", "trace": "tests/endpoints/attachments/test_attachments_add.py:55: in test_add_unauthorized\n    assert_status_code(response, 401)\nsrc/assertions.py:28: in assert_status_code\n    assert response.status_code == expected_status, message\nE   AssertionError: Expected status 401, got 400. URL: https://api.ganttpro.com/v1.0/attachments, Response: {\"code\":1,\"text\":\"Something went wrong. Please contact our support service to solve this issue\"}"}, "description": "Test attachment upload without API key returns 401", "attachments": [{"name": "log", "source": "cd54f551-ecd2-45a0-bb05-f410431e7386-attachment.txt", "type": "text/plain"}, {"name": "stderr", "source": "e74751fc-da92-4cf8-96ac-5ac02f10b5bd-attachment.txt", "type": "text/plain"}], "start": 1771927108386, "stop": 1771927108495, "uuid": "5fe260e5-37a9-404d-be75-a3237e8886b4", "historyId": "8a4e0f019aee922d846bca7188aa1ce3", "testCaseId": "8a4e0f019aee922d846bca7188aa1ce3", "fullName": "tests.endpoints.attachments.test_attachments_add#test_add_unauthorized", "labels": [{"name": "tag", "value": "auth"}, {"name": "story", "value": "Add Attachment"}, {"name": "tag", "value": "POST"}, {"name": "feature", "value": "Attachments"}, {"name": "parentSuite", "value": "tests.endpoints.attachments"}, {"name": "suite", "value": "test_attachments_add"}, {"name": "host", "value": "runnervmwffz4"}, {"name": "thread", "value": "2441-MainThread"}, {"name": "framework", "value": "pytest"}, {"name": "language", "value": "cpython3"}, {"name": "package", "value": "tests.endpoints.attachments.test_attachments_add"}], "titlePath": ["tests", "endpoints", "attachments", "test_attachments_add.py"]}