{"uid":"1620eae4d1b8bf69","name":"test_get_time_log_not_found","fullName":"tests.endpoints.timelogs.test_timelogs_get_one#test_get_time_log_not_found","historyId":"1141978ad4f2879fe3f41e846c8fbcad","time":{"start":1770896693051,"stop":1770896818233,"duration":125182},"description":"Test getting non-existent time log returns 404 or 400","descriptionHtml":"<p>Test getting non-existent time log returns 404 or 400</p>\n","status":"failed","statusMessage":"AssertionError: Expected 404 or 400, got 524\nassert 524 in [404, 400]\n +  where 524 = <Response [524]>.status_code","statusTrace":"tests/endpoints/timelogs/test_timelogs_get_one.py:43: in test_get_time_log_not_found\n    assert response.status_code in [404, 400], f\"Expected 404 or 400, got {response.status_code}\"\nE   AssertionError: Expected 404 or 400, got 524\nE   assert 524 in [404, 400]\nE    +  where 524 = <Response [524]>.status_code","flaky":false,"newFailed":false,"newBroken":false,"newPassed":false,"retriesCount":0,"retriesStatusChange":false,"beforeStages":[{"name":"auth_headers","time":{"start":1770890279673,"stop":1770890279673,"duration":0},"status":"passed","steps":[],"attachments":[],"parameters":[],"shouldDisplayMessage":false,"stepsCount":0,"attachmentsCount":0,"hasContent":false,"attachmentStep":false},{"name":"setup_reports_dir","time":{"start":1770890279673,"stop":1770890279673,"duration":0},"status":"passed","steps":[],"attachments":[],"parameters":[],"shouldDisplayMessage":false,"stepsCount":0,"attachmentsCount":0,"hasContent":false,"attachmentStep":false},{"name":"client","time":{"start":1770890279673,"stop":1770890279673,"duration":0},"status":"passed","steps":[],"attachments":[],"parameters":[],"shouldDisplayMessage":false,"stepsCount":0,"attachmentsCount":0,"hasContent":false,"attachmentStep":false},{"name":"rate_limit_pause","time":{"start":1770896693050,"stop":1770896693050,"duration":0},"status":"passed","steps":[],"attachments":[],"parameters":[],"shouldDisplayMessage":false,"stepsCount":0,"attachmentsCount":0,"hasContent":false,"attachmentStep":false}],"testStage":{"description":"Test getting non-existent time log returns 404 or 400","status":"failed","statusMessage":"AssertionError: Expected 404 or 400, got 524\nassert 524 in [404, 400]\n +  where 524 = <Response [524]>.status_code","statusTrace":"tests/endpoints/timelogs/test_timelogs_get_one.py:43: in test_get_time_log_not_found\n    assert response.status_code in [404, 400], f\"Expected 404 or 400, got {response.status_code}\"\nE   AssertionError: Expected 404 or 400, got 524\nE   assert 524 in [404, 400]\nE    +  where 524 = <Response [524]>.status_code","steps":[],"attachments":[{"uid":"54dc385bba8adff1","name":"log","source":"54dc385bba8adff1.txt","type":"text/plain","size":452914},{"uid":"b1769b6f091ebb93","name":"stderr","source":"b1769b6f091ebb93.txt","type":"text/plain","size":452851}],"parameters":[],"shouldDisplayMessage":true,"stepsCount":0,"attachmentsCount":2,"hasContent":true,"attachmentStep":false},"afterStages":[{"name":"rate_limit_pause::0","time":{"start":1770896818236,"stop":1770896819237,"duration":1001},"status":"passed","steps":[],"attachments":[],"parameters":[],"shouldDisplayMessage":false,"stepsCount":0,"attachmentsCount":0,"hasContent":false,"attachmentStep":false}],"labels":[{"name":"tag","value":"negative"},{"name":"story","value":"Get Timelog"},{"name":"feature","value":"Timelogs"},{"name":"tag","value":"GET"},{"name":"parentSuite","value":"tests.endpoints.timelogs"},{"name":"suite","value":"test_timelogs_get_one"},{"name":"host","value":"runnervmwffz4"},{"name":"thread","value":"2382-MainThread"},{"name":"framework","value":"pytest"},{"name":"language","value":"cpython3"},{"name":"package","value":"tests.endpoints.timelogs.test_timelogs_get_one"},{"name":"resultFormat","value":"allure2"}],"parameters":[],"links":[],"hidden":false,"retry":false,"extra":{"severity":"normal","retries":[],"categories":[{"name":"Product defects","matchedStatuses":[]}],"tags":["negative","GET"]},"source":"1620eae4d1b8bf69.json","parameterValues":[]}