{"uid":"1d96d7a7e646ddd1","name":"test_get_comments_by_project_id_missing_required_param","fullName":"tests.endpoints.comments.test_comments_get_by_project#test_get_comments_by_project_id_missing_required_param","historyId":"0529855e98ef31c558e49a108e451c9b","time":{"start":1771495016341,"stop":1771495016481,"duration":140},"description":"Test comments retrieval without required projectId param returns 404","descriptionHtml":"<p>Test comments retrieval without required projectId param returns 404</p>\n","status":"failed","statusMessage":"AssertionError: Expected status 404, got 400. URL: https://api.ganttpro.com/v1.0/comments/getByProjectId, Response: [{\"code\":3005,\"msg\":\"Code: 3005: query must have required property 'projectId'\"}]","statusTrace":"tests/endpoints/comments/test_comments_get_by_project.py:45: in test_get_comments_by_project_id_missing_required_param\n    assert_status_code(response, 404)\nsrc/assertions.py:28: in assert_status_code\n    assert response.status_code == expected_status, message\nE   AssertionError: Expected status 404, got 400. URL: https://api.ganttpro.com/v1.0/comments/getByProjectId, Response: [{\"code\":3005,\"msg\":\"Code: 3005: query must have required property 'projectId'\"}]","flaky":false,"newFailed":false,"newBroken":false,"newPassed":false,"retriesCount":0,"retriesStatusChange":false,"beforeStages":[{"name":"client","time":{"start":1771494992571,"stop":1771494992571,"duration":0},"status":"passed","steps":[],"attachments":[],"parameters":[],"shouldDisplayMessage":false,"stepsCount":0,"attachmentsCount":0,"hasContent":false,"attachmentStep":false},{"name":"setup_reports_dir","time":{"start":1771494992571,"stop":1771494992571,"duration":0},"status":"passed","steps":[],"attachments":[],"parameters":[],"shouldDisplayMessage":false,"stepsCount":0,"attachmentsCount":0,"hasContent":false,"attachmentStep":false},{"name":"auth_headers","time":{"start":1771494992571,"stop":1771494992571,"duration":0},"status":"passed","steps":[],"attachments":[],"parameters":[],"shouldDisplayMessage":false,"stepsCount":0,"attachmentsCount":0,"hasContent":false,"attachmentStep":false},{"name":"rate_limit_pause","time":{"start":1771495016341,"stop":1771495016341,"duration":0},"status":"passed","steps":[],"attachments":[],"parameters":[],"shouldDisplayMessage":false,"stepsCount":0,"attachmentsCount":0,"hasContent":false,"attachmentStep":false}],"testStage":{"description":"Test comments retrieval without required projectId param returns 404","status":"failed","statusMessage":"AssertionError: Expected status 404, got 400. URL: https://api.ganttpro.com/v1.0/comments/getByProjectId, Response: [{\"code\":3005,\"msg\":\"Code: 3005: query must have required property 'projectId'\"}]","statusTrace":"tests/endpoints/comments/test_comments_get_by_project.py:45: in test_get_comments_by_project_id_missing_required_param\n    assert_status_code(response, 404)\nsrc/assertions.py:28: in assert_status_code\n    assert response.status_code == expected_status, message\nE   AssertionError: Expected status 404, got 400. URL: https://api.ganttpro.com/v1.0/comments/getByProjectId, Response: [{\"code\":3005,\"msg\":\"Code: 3005: query must have required property 'projectId'\"}]","steps":[],"attachments":[{"uid":"a3d93e2bd7b3fda3","name":"log","source":"a3d93e2bd7b3fda3.txt","type":"text/plain","size":304},{"uid":"6515754d7f58cb4f","name":"stderr","source":"6515754d7f58cb4f.txt","type":"text/plain","size":240}],"parameters":[],"shouldDisplayMessage":true,"stepsCount":0,"attachmentsCount":2,"hasContent":true,"attachmentStep":false},"afterStages":[{"name":"rate_limit_pause::0","time":{"start":1771495016487,"stop":1771495017488,"duration":1001},"status":"passed","steps":[],"attachments":[],"parameters":[],"shouldDisplayMessage":false,"stepsCount":0,"attachmentsCount":0,"hasContent":false,"attachmentStep":false}],"labels":[{"name":"story","value":"Get Comments by Project"},{"name":"tag","value":"validation"},{"name":"tag","value":"GET"},{"name":"feature","value":"Comments"},{"name":"parentSuite","value":"tests.endpoints.comments"},{"name":"suite","value":"test_comments_get_by_project"},{"name":"host","value":"runnervmjduv7"},{"name":"thread","value":"2417-MainThread"},{"name":"framework","value":"pytest"},{"name":"language","value":"cpython3"},{"name":"package","value":"tests.endpoints.comments.test_comments_get_by_project"},{"name":"resultFormat","value":"allure2"}],"parameters":[],"links":[],"hidden":false,"retry":false,"extra":{"severity":"normal","retries":[],"categories":[{"name":"Product defects","matchedStatuses":[]}],"tags":["GET","validation"]},"source":"1d96d7a7e646ddd1.json","parameterValues":[]}