{"uid":"28a5d794dc12197","name":"test_create_no_dates_sets_defaults","fullName":"tests.endpoints.tasks.test_tasks_create#test_create_no_dates_sets_defaults","historyId":"263b47fc7ce42764df3d75634c029a89","time":{"start":1768642117585,"stop":1768642117965,"duration":380},"description":"Без startDate/endDate/duration должны выставиться дефолтные даты","descriptionHtml":"<p>Без startDate/endDate/duration должны выставиться дефолтные даты</p>\n","status":"failed","statusMessage":"AssertionError: assert 480 == 1440\n +  where 480 = <built-in method get of dict object at 0x7f572e9dd740>('duration')\n +    where <built-in method get of dict object at 0x7f572e9dd740> = {'attachments': [], 'color': 1, 'comments': [], 'createdAt': '2026-01-17T09:28:37.000Z', ...}.get","statusTrace":"tests/endpoints/tasks/test_tasks_create.py:519: in test_create_no_dates_sets_defaults\n    assert item.get(\"duration\") == 1440  # Default duration in minutes\nE   AssertionError: assert 480 == 1440\nE    +  where 480 = <built-in method get of dict object at 0x7f572e9dd740>('duration')\nE    +    where <built-in method get of dict object at 0x7f572e9dd740> = {'attachments': [], 'color': 1, 'comments': [], 'createdAt': '2026-01-17T09:28:37.000Z', ...}.get","flaky":false,"newFailed":false,"newBroken":false,"newPassed":false,"retriesCount":0,"retriesStatusChange":false,"beforeStages":[{"name":"client","time":{"start":1768642011520,"stop":1768642011521,"duration":1},"status":"passed","steps":[],"attachments":[],"parameters":[],"shouldDisplayMessage":false,"stepsCount":0,"attachmentsCount":0,"hasContent":false,"attachmentStep":false},{"name":"setup_reports_dir","time":{"start":1768642011520,"stop":1768642011520,"duration":0},"status":"passed","steps":[],"attachments":[],"parameters":[],"shouldDisplayMessage":false,"stepsCount":0,"attachmentsCount":0,"hasContent":false,"attachmentStep":false},{"name":"auth_headers","time":{"start":1768642011521,"stop":1768642011521,"duration":0},"status":"passed","steps":[],"attachments":[],"parameters":[],"shouldDisplayMessage":false,"stepsCount":0,"attachmentsCount":0,"hasContent":false,"attachmentStep":false},{"name":"project_id","time":{"start":1768642011521,"stop":1768642011521,"duration":0},"status":"passed","steps":[],"attachments":[],"parameters":[],"shouldDisplayMessage":false,"stepsCount":0,"attachmentsCount":0,"hasContent":false,"attachmentStep":false},{"name":"rate_limit_pause","time":{"start":1768642117584,"stop":1768642117584,"duration":0},"status":"passed","steps":[],"attachments":[],"parameters":[],"shouldDisplayMessage":false,"stepsCount":0,"attachmentsCount":0,"hasContent":false,"attachmentStep":false}],"testStage":{"description":"Без startDate/endDate/duration должны выставиться дефолтные даты","status":"failed","statusMessage":"AssertionError: assert 480 == 1440\n +  where 480 = <built-in method get of dict object at 0x7f572e9dd740>('duration')\n +    where <built-in method get of dict object at 0x7f572e9dd740> = {'attachments': [], 'color': 1, 'comments': [], 'createdAt': '2026-01-17T09:28:37.000Z', ...}.get","statusTrace":"tests/endpoints/tasks/test_tasks_create.py:519: in test_create_no_dates_sets_defaults\n    assert item.get(\"duration\") == 1440  # Default duration in minutes\nE   AssertionError: assert 480 == 1440\nE    +  where 480 = <built-in method get of dict object at 0x7f572e9dd740>('duration')\nE    +    where <built-in method get of dict object at 0x7f572e9dd740> = {'attachments': [], 'color': 1, 'comments': [], 'createdAt': '2026-01-17T09:28:37.000Z', ...}.get","steps":[],"attachments":[{"uid":"835f5ee8d24babbb","name":"HTTP Request","source":"835f5ee8d24babbb.txt","type":"text/plain","size":112},{"uid":"4006c876c073606b","name":"HTTP Response","source":"4006c876c073606b.txt","type":"text/plain","size":455},{"uid":"f114b9f54867ed5e","name":"log","source":"f114b9f54867ed5e.txt","type":"text/plain","size":147},{"uid":"7023764d939e7b28","name":"stderr","source":"7023764d939e7b28.txt","type":"text/plain","size":104}],"parameters":[],"shouldDisplayMessage":true,"stepsCount":0,"attachmentsCount":4,"hasContent":true,"attachmentStep":false},"afterStages":[{"name":"rate_limit_pause::0","time":{"start":1768642117975,"stop":1768642118976,"duration":1001},"status":"passed","steps":[],"attachments":[],"parameters":[],"shouldDisplayMessage":false,"stepsCount":0,"attachmentsCount":0,"hasContent":false,"attachmentStep":false}],"labels":[{"name":"tag","value":"POST"},{"name":"story","value":"Create Task"},{"name":"feature","value":"Tasks"},{"name":"tag","value":"defaults"},{"name":"parentSuite","value":"tests.endpoints.tasks"},{"name":"suite","value":"test_tasks_create"},{"name":"host","value":"runnervmmtnos"},{"name":"thread","value":"2310-MainThread"},{"name":"framework","value":"pytest"},{"name":"language","value":"cpython3"},{"name":"package","value":"tests.endpoints.tasks.test_tasks_create"},{"name":"resultFormat","value":"allure2"}],"parameters":[],"links":[],"hidden":false,"retry":false,"extra":{"severity":"normal","retries":[],"categories":[{"name":"Product defects","matchedStatuses":[]}],"tags":["defaults","POST"]},"source":"28a5d794dc12197.json","parameterValues":[]}