{"uid":"298b087ae16f157d","name":"test_create_defaults","fullName":"tests.endpoints.tasks.test_tasks_create#test_create_defaults","historyId":"ee201db1d23a3c503f932d76ae4b1209","time":{"start":1770457116556,"stop":1770457116955,"duration":399},"description":"Должны проставиться дефолты: status=1, progress=0, duration=1, type=task, color=1, estimation=0","descriptionHtml":"<p>Должны проставиться дефолты: status=1, progress=0, duration=1, type=task, color=1, estimation=0</p>\n","status":"failed","statusMessage":"AssertionError: assert 480 == 1440\n +  where 480 = <built-in method get of dict object at 0x7efcd279a780>('duration')\n +    where <built-in method get of dict object at 0x7efcd279a780> = {'attachments': [], 'color': 1, 'comments': [], 'createdAt': '2026-02-07T09:38:36.000Z', ...}.get","statusTrace":"tests/endpoints/tasks/test_tasks_create.py:89: in test_create_defaults\n    assert item.get(\"duration\") == 1440  # API uses minutes (1 day = 1440 minutes)\nE   AssertionError: assert 480 == 1440\nE    +  where 480 = <built-in method get of dict object at 0x7efcd279a780>('duration')\nE    +    where <built-in method get of dict object at 0x7efcd279a780> = {'attachments': [], 'color': 1, 'comments': [], 'createdAt': '2026-02-07T09:38:36.000Z', ...}.get","flaky":false,"newFailed":false,"newBroken":false,"newPassed":false,"retriesCount":0,"retriesStatusChange":false,"beforeStages":[{"name":"client","time":{"start":1770457039399,"stop":1770457039399,"duration":0},"status":"passed","steps":[],"attachments":[],"parameters":[],"shouldDisplayMessage":false,"stepsCount":0,"attachmentsCount":0,"hasContent":false,"attachmentStep":false},{"name":"auth_headers","time":{"start":1770457039399,"stop":1770457039399,"duration":0},"status":"passed","steps":[],"attachments":[],"parameters":[],"shouldDisplayMessage":false,"stepsCount":0,"attachmentsCount":0,"hasContent":false,"attachmentStep":false},{"name":"project_id","time":{"start":1770457039399,"stop":1770457039399,"duration":0},"status":"passed","steps":[],"attachments":[],"parameters":[],"shouldDisplayMessage":false,"stepsCount":0,"attachmentsCount":0,"hasContent":false,"attachmentStep":false},{"name":"setup_reports_dir","time":{"start":1770457039399,"stop":1770457039399,"duration":0},"status":"passed","steps":[],"attachments":[],"parameters":[],"shouldDisplayMessage":false,"stepsCount":0,"attachmentsCount":0,"hasContent":false,"attachmentStep":false},{"name":"rate_limit_pause","time":{"start":1770457116555,"stop":1770457116555,"duration":0},"status":"passed","steps":[],"attachments":[],"parameters":[],"shouldDisplayMessage":false,"stepsCount":0,"attachmentsCount":0,"hasContent":false,"attachmentStep":false}],"testStage":{"description":"Должны проставиться дефолты: status=1, progress=0, duration=1, type=task, color=1, estimation=0","status":"failed","statusMessage":"AssertionError: assert 480 == 1440\n +  where 480 = <built-in method get of dict object at 0x7efcd279a780>('duration')\n +    where <built-in method get of dict object at 0x7efcd279a780> = {'attachments': [], 'color': 1, 'comments': [], 'createdAt': '2026-02-07T09:38:36.000Z', ...}.get","statusTrace":"tests/endpoints/tasks/test_tasks_create.py:89: in test_create_defaults\n    assert item.get(\"duration\") == 1440  # API uses minutes (1 day = 1440 minutes)\nE   AssertionError: assert 480 == 1440\nE    +  where 480 = <built-in method get of dict object at 0x7efcd279a780>('duration')\nE    +    where <built-in method get of dict object at 0x7efcd279a780> = {'attachments': [], 'color': 1, 'comments': [], 'createdAt': '2026-02-07T09:38:36.000Z', ...}.get","steps":[],"attachments":[{"uid":"da7f3cc07bfeb076","name":"HTTP Request","source":"da7f3cc07bfeb076.txt","type":"text/plain","size":123},{"uid":"afef6538c9b8f020","name":"HTTP Response","source":"afef6538c9b8f020.txt","type":"text/plain","size":467},{"uid":"7babb2cd2bb3c56f","name":"log","source":"7babb2cd2bb3c56f.txt","type":"text/plain","size":147},{"uid":"b81040757c7edb3c","name":"stderr","source":"b81040757c7edb3c.txt","type":"text/plain","size":104}],"parameters":[],"shouldDisplayMessage":true,"stepsCount":0,"attachmentsCount":4,"hasContent":true,"attachmentStep":false},"afterStages":[{"name":"rate_limit_pause::0","time":{"start":1770457116966,"stop":1770457117967,"duration":1001},"status":"passed","steps":[],"attachments":[],"parameters":[],"shouldDisplayMessage":false,"stepsCount":0,"attachmentsCount":0,"hasContent":false,"attachmentStep":false}],"labels":[{"name":"tag","value":"POST"},{"name":"feature","value":"Tasks"},{"name":"story","value":"Create Task"},{"name":"tag","value":"defaults"},{"name":"parentSuite","value":"tests.endpoints.tasks"},{"name":"suite","value":"test_tasks_create"},{"name":"host","value":"runnervmwffz4"},{"name":"thread","value":"2376-MainThread"},{"name":"framework","value":"pytest"},{"name":"language","value":"cpython3"},{"name":"package","value":"tests.endpoints.tasks.test_tasks_create"},{"name":"resultFormat","value":"allure2"}],"parameters":[],"links":[],"hidden":false,"retry":false,"extra":{"severity":"normal","retries":[],"categories":[{"name":"Product defects","matchedStatuses":[]}],"tags":["defaults","POST"]},"source":"298b087ae16f157d.json","parameterValues":[]}