{"uid":"2bb44e0608d88f13","name":"test_update_nonexistent","fullName":"tests.endpoints.tasks.test_tasks_update#test_update_nonexistent","historyId":"3c83129a19a45377e14cc8f769c8c400","time":{"start":1768984687550,"stop":1768984687688,"duration":138},"description":"Test updating non-existent task returns 404 or 400","descriptionHtml":"<p>Test updating non-existent task returns 404 or 400</p>\n","status":"failed","statusMessage":"AssertionError: assert 401 in [400, 404, 429, 500]\n +  where 401 = <Response [401]>.status_code","statusTrace":"tests/endpoints/tasks/test_tasks_update.py:65: in test_update_nonexistent\n    assert response.status_code in [400, 404, 429, 500]\nE   assert 401 in [400, 404, 429, 500]\nE    +  where 401 = <Response [401]>.status_code","flaky":false,"newFailed":false,"newBroken":false,"newPassed":false,"retriesCount":0,"retriesStatusChange":false,"beforeStages":[{"name":"auth_headers","time":{"start":1768984646324,"stop":1768984646324,"duration":0},"status":"passed","steps":[],"attachments":[],"parameters":[],"shouldDisplayMessage":false,"stepsCount":0,"attachmentsCount":0,"hasContent":false,"attachmentStep":false},{"name":"client","time":{"start":1768984646324,"stop":1768984646324,"duration":0},"status":"passed","steps":[],"attachments":[],"parameters":[],"shouldDisplayMessage":false,"stepsCount":0,"attachmentsCount":0,"hasContent":false,"attachmentStep":false},{"name":"setup_reports_dir","time":{"start":1768984646324,"stop":1768984646324,"duration":0},"status":"passed","steps":[],"attachments":[],"parameters":[],"shouldDisplayMessage":false,"stepsCount":0,"attachmentsCount":0,"hasContent":false,"attachmentStep":false},{"name":"rate_limit_pause","time":{"start":1768984687549,"stop":1768984687549,"duration":0},"status":"passed","steps":[],"attachments":[],"parameters":[],"shouldDisplayMessage":false,"stepsCount":0,"attachmentsCount":0,"hasContent":false,"attachmentStep":false}],"testStage":{"description":"Test updating non-existent task returns 404 or 400","status":"failed","statusMessage":"AssertionError: assert 401 in [400, 404, 429, 500]\n +  where 401 = <Response [401]>.status_code","statusTrace":"tests/endpoints/tasks/test_tasks_update.py:65: in test_update_nonexistent\n    assert response.status_code in [400, 404, 429, 500]\nE   assert 401 in [400, 404, 429, 500]\nE    +  where 401 = <Response [401]>.status_code","steps":[],"attachments":[{"uid":"f0125e69f02d16ed","name":"log","source":"f0125e69f02d16ed.txt","type":"text/plain","size":358},{"uid":"f506e96402330adc","name":"stderr","source":"f506e96402330adc.txt","type":"text/plain","size":294}],"parameters":[],"shouldDisplayMessage":true,"stepsCount":0,"attachmentsCount":2,"hasContent":true,"attachmentStep":false},"afterStages":[{"name":"rate_limit_pause::0","time":{"start":1768984687691,"stop":1768984688692,"duration":1001},"status":"passed","steps":[],"attachments":[],"parameters":[],"shouldDisplayMessage":false,"stepsCount":0,"attachmentsCount":0,"hasContent":false,"attachmentStep":false}],"labels":[{"name":"tag","value":"PUT"},{"name":"feature","value":"Tasks"},{"name":"story","value":"Update Task"},{"name":"tag","value":"negative"},{"name":"parentSuite","value":"tests.endpoints.tasks"},{"name":"suite","value":"test_tasks_update"},{"name":"host","value":"runnervmmtnos"},{"name":"thread","value":"2361-MainThread"},{"name":"framework","value":"pytest"},{"name":"language","value":"cpython3"},{"name":"package","value":"tests.endpoints.tasks.test_tasks_update"},{"name":"resultFormat","value":"allure2"}],"parameters":[],"links":[],"hidden":false,"retry":false,"extra":{"severity":"normal","retries":[],"categories":[{"name":"Product defects","matchedStatuses":[]}],"tags":["negative","PUT"]},"source":"2bb44e0608d88f13.json","parameterValues":[]}