{"uid":"335542745d27ca74","name":"test_get_time_log_list_missing_required_param","fullName":"tests.endpoints.timelogs.test_timelogs_get_list#test_get_time_log_list_missing_required_param","historyId":"389b8dc59df7ff064b9c41c7b0f70fe5","time":{"start":1772100014720,"stop":1772100014911,"duration":191},"description":"Test time log retrieval without required taskId param returns 404","descriptionHtml":"<p>Test time log retrieval without required taskId param returns 404</p>\n","status":"failed","statusMessage":"AssertionError: Expected status 404, got 400. URL: https://api.ganttpro.com/v1.0/timeLogs, Response: [{\"code\":3005,\"msg\":\"Code: 3005: query must have required property 'taskId'\"}]","statusTrace":"tests/endpoints/timelogs/test_timelogs_get_list.py:40: in test_get_time_log_list_missing_required_param\n    assert_status_code(response, 404)\nsrc/assertions.py:28: in assert_status_code\n    assert response.status_code == expected_status, message\nE   AssertionError: Expected status 404, got 400. URL: https://api.ganttpro.com/v1.0/timeLogs, Response: [{\"code\":3005,\"msg\":\"Code: 3005: query must have required property 'taskId'\"}]","flaky":false,"newFailed":false,"newBroken":false,"newPassed":false,"retriesCount":0,"retriesStatusChange":false,"beforeStages":[{"name":"setup_reports_dir","time":{"start":1772099840710,"stop":1772099840710,"duration":0},"status":"passed","steps":[],"attachments":[],"parameters":[],"shouldDisplayMessage":false,"stepsCount":0,"attachmentsCount":0,"hasContent":false,"attachmentStep":false},{"name":"auth_headers","time":{"start":1772099840711,"stop":1772099840711,"duration":0},"status":"passed","steps":[],"attachments":[],"parameters":[],"shouldDisplayMessage":false,"stepsCount":0,"attachmentsCount":0,"hasContent":false,"attachmentStep":false},{"name":"client","time":{"start":1772099840711,"stop":1772099840711,"duration":0},"status":"passed","steps":[],"attachments":[],"parameters":[],"shouldDisplayMessage":false,"stepsCount":0,"attachmentsCount":0,"hasContent":false,"attachmentStep":false},{"name":"rate_limit_pause","time":{"start":1772100014720,"stop":1772100014720,"duration":0},"status":"passed","steps":[],"attachments":[],"parameters":[],"shouldDisplayMessage":false,"stepsCount":0,"attachmentsCount":0,"hasContent":false,"attachmentStep":false}],"testStage":{"description":"Test time log retrieval without required taskId param returns 404","status":"failed","statusMessage":"AssertionError: Expected status 404, got 400. URL: https://api.ganttpro.com/v1.0/timeLogs, Response: [{\"code\":3005,\"msg\":\"Code: 3005: query must have required property 'taskId'\"}]","statusTrace":"tests/endpoints/timelogs/test_timelogs_get_list.py:40: in test_get_time_log_list_missing_required_param\n    assert_status_code(response, 404)\nsrc/assertions.py:28: in assert_status_code\n    assert response.status_code == expected_status, message\nE   AssertionError: Expected status 404, got 400. URL: https://api.ganttpro.com/v1.0/timeLogs, Response: [{\"code\":3005,\"msg\":\"Code: 3005: query must have required property 'taskId'\"}]","steps":[],"attachments":[{"uid":"b4fc53e02b916663","name":"log","source":"b4fc53e02b916663.txt","type":"text/plain","size":286},{"uid":"f3f1b91cb69f7265","name":"stderr","source":"f3f1b91cb69f7265.txt","type":"text/plain","size":222}],"parameters":[],"shouldDisplayMessage":true,"stepsCount":0,"attachmentsCount":2,"hasContent":true,"attachmentStep":false},"afterStages":[{"name":"rate_limit_pause::0","time":{"start":1772100014915,"stop":1772100015916,"duration":1001},"status":"passed","steps":[],"attachments":[],"parameters":[],"shouldDisplayMessage":false,"stepsCount":0,"attachmentsCount":0,"hasContent":false,"attachmentStep":false}],"labels":[{"name":"tag","value":"validation"},{"name":"tag","value":"GET"},{"name":"story","value":"Get Timelogs List"},{"name":"feature","value":"Timelogs"},{"name":"parentSuite","value":"tests.endpoints.timelogs"},{"name":"suite","value":"test_timelogs_get_list"},{"name":"host","value":"runnervmnay03"},{"name":"thread","value":"2424-MainThread"},{"name":"framework","value":"pytest"},{"name":"language","value":"cpython3"},{"name":"package","value":"tests.endpoints.timelogs.test_timelogs_get_list"},{"name":"resultFormat","value":"allure2"}],"parameters":[],"links":[],"hidden":false,"retry":false,"extra":{"severity":"normal","retries":[],"categories":[{"name":"Product defects","matchedStatuses":[]}],"tags":["GET","validation"]},"source":"335542745d27ca74.json","parameterValues":[]}