{"uid":"378192a3c5e6d408","name":"test_create_defaults","fullName":"tests.endpoints.tasks.test_tasks_create#test_create_defaults","historyId":"ee201db1d23a3c503f932d76ae4b1209","time":{"start":1772099925757,"stop":1772099926744,"duration":987},"description":"Должны проставиться дефолты: status=1, progress=0, duration=1, type=task, color=1, estimation=0","descriptionHtml":"<p>Должны проставиться дефолты: status=1, progress=0, duration=1, type=task, color=1, estimation=0</p>\n","status":"failed","statusMessage":"AssertionError: assert 480 == 1440\n +  where 480 = <built-in method get of dict object at 0x7f4193c343c0>('duration')\n +    where <built-in method get of dict object at 0x7f4193c343c0> = {'attachments': [], 'color': 1, 'comments': [], 'createdAt': '2026-02-26T09:58:46.000Z', ...}.get","statusTrace":"tests/endpoints/tasks/test_tasks_create.py:89: in test_create_defaults\n    assert item.get(\"duration\") == 1440  # API uses minutes (1 day = 1440 minutes)\nE   AssertionError: assert 480 == 1440\nE    +  where 480 = <built-in method get of dict object at 0x7f4193c343c0>('duration')\nE    +    where <built-in method get of dict object at 0x7f4193c343c0> = {'attachments': [], 'color': 1, 'comments': [], 'createdAt': '2026-02-26T09:58:46.000Z', ...}.get","flaky":false,"newFailed":false,"newBroken":false,"newPassed":false,"retriesCount":0,"retriesStatusChange":false,"beforeStages":[{"name":"setup_reports_dir","time":{"start":1772099840710,"stop":1772099840710,"duration":0},"status":"passed","steps":[],"attachments":[],"parameters":[],"shouldDisplayMessage":false,"stepsCount":0,"attachmentsCount":0,"hasContent":false,"attachmentStep":false},{"name":"project_id","time":{"start":1772099840711,"stop":1772099840711,"duration":0},"status":"passed","steps":[],"attachments":[],"parameters":[],"shouldDisplayMessage":false,"stepsCount":0,"attachmentsCount":0,"hasContent":false,"attachmentStep":false},{"name":"auth_headers","time":{"start":1772099840711,"stop":1772099840711,"duration":0},"status":"passed","steps":[],"attachments":[],"parameters":[],"shouldDisplayMessage":false,"stepsCount":0,"attachmentsCount":0,"hasContent":false,"attachmentStep":false},{"name":"client","time":{"start":1772099840711,"stop":1772099840711,"duration":0},"status":"passed","steps":[],"attachments":[],"parameters":[],"shouldDisplayMessage":false,"stepsCount":0,"attachmentsCount":0,"hasContent":false,"attachmentStep":false},{"name":"rate_limit_pause","time":{"start":1772099925757,"stop":1772099925757,"duration":0},"status":"passed","steps":[],"attachments":[],"parameters":[],"shouldDisplayMessage":false,"stepsCount":0,"attachmentsCount":0,"hasContent":false,"attachmentStep":false}],"testStage":{"description":"Должны проставиться дефолты: status=1, progress=0, duration=1, type=task, color=1, estimation=0","status":"failed","statusMessage":"AssertionError: assert 480 == 1440\n +  where 480 = <built-in method get of dict object at 0x7f4193c343c0>('duration')\n +    where <built-in method get of dict object at 0x7f4193c343c0> = {'attachments': [], 'color': 1, 'comments': [], 'createdAt': '2026-02-26T09:58:46.000Z', ...}.get","statusTrace":"tests/endpoints/tasks/test_tasks_create.py:89: in test_create_defaults\n    assert item.get(\"duration\") == 1440  # API uses minutes (1 day = 1440 minutes)\nE   AssertionError: assert 480 == 1440\nE    +  where 480 = <built-in method get of dict object at 0x7f4193c343c0>('duration')\nE    +    where <built-in method get of dict object at 0x7f4193c343c0> = {'attachments': [], 'color': 1, 'comments': [], 'createdAt': '2026-02-26T09:58:46.000Z', ...}.get","steps":[],"attachments":[{"uid":"5e1725353a6e0e73","name":"HTTP Request","source":"5e1725353a6e0e73.txt","type":"text/plain","size":123},{"uid":"98fb6f70b2535d4f","name":"HTTP Response","source":"98fb6f70b2535d4f.txt","type":"text/plain","size":467},{"uid":"a2b578c2b3a5c1be","name":"log","source":"a2b578c2b3a5c1be.txt","type":"text/plain","size":147},{"uid":"d9844050c4cd0e5c","name":"stderr","source":"d9844050c4cd0e5c.txt","type":"text/plain","size":104}],"parameters":[],"shouldDisplayMessage":true,"stepsCount":0,"attachmentsCount":4,"hasContent":true,"attachmentStep":false},"afterStages":[{"name":"rate_limit_pause::0","time":{"start":1772099926755,"stop":1772099927756,"duration":1001},"status":"passed","steps":[],"attachments":[],"parameters":[],"shouldDisplayMessage":false,"stepsCount":0,"attachmentsCount":0,"hasContent":false,"attachmentStep":false}],"labels":[{"name":"feature","value":"Tasks"},{"name":"tag","value":"POST"},{"name":"story","value":"Create Task"},{"name":"tag","value":"defaults"},{"name":"parentSuite","value":"tests.endpoints.tasks"},{"name":"suite","value":"test_tasks_create"},{"name":"host","value":"runnervmnay03"},{"name":"thread","value":"2424-MainThread"},{"name":"framework","value":"pytest"},{"name":"language","value":"cpython3"},{"name":"package","value":"tests.endpoints.tasks.test_tasks_create"},{"name":"resultFormat","value":"allure2"}],"parameters":[],"links":[],"hidden":false,"retry":false,"extra":{"severity":"normal","retries":[],"categories":[{"name":"Product defects","matchedStatuses":[]}],"tags":["defaults","POST"]},"source":"378192a3c5e6d408.json","parameterValues":[]}