{"uid":"39ff86f1e6bae999","name":"test_get_attachments_by_project_id_unauthorized","fullName":"tests.endpoints.attachments.test_attachments_get_by_project#test_get_attachments_by_project_id_unauthorized","historyId":"a3fc6c5cd450b4f9649bf5ea152a67da","time":{"start":1771840926614,"stop":1771840926712,"duration":98},"description":"Test attachments retrieval without API key returns 401","descriptionHtml":"<p>Test attachments retrieval without API key returns 401</p>\n","status":"failed","statusMessage":"AssertionError: Expected status 401, got 400. URL: https://api.ganttpro.com/v1.0/attachments/getByProjectId?projectId=1518509415138, Response: {\"code\":1,\"text\":\"Something went wrong. Please contact our support service to solve this issue\"}","statusTrace":"tests/endpoints/attachments/test_attachments_get_by_project.py:34: in test_get_attachments_by_project_id_unauthorized\n    assert_status_code(response, 401)\nsrc/assertions.py:28: in assert_status_code\n    assert response.status_code == expected_status, message\nE   AssertionError: Expected status 401, got 400. URL: https://api.ganttpro.com/v1.0/attachments/getByProjectId?projectId=1518509415138, Response: {\"code\":1,\"text\":\"Something went wrong. Please contact our support service to solve this issue\"}","flaky":false,"newFailed":false,"newBroken":false,"newPassed":false,"retriesCount":0,"retriesStatusChange":false,"beforeStages":[{"name":"project_id","time":{"start":1771840917680,"stop":1771840917681,"duration":1},"status":"passed","steps":[],"attachments":[],"parameters":[],"shouldDisplayMessage":false,"stepsCount":0,"attachmentsCount":0,"hasContent":false,"attachmentStep":false},{"name":"setup_reports_dir","time":{"start":1771840917680,"stop":1771840917680,"duration":0},"status":"passed","steps":[],"attachments":[],"parameters":[],"shouldDisplayMessage":false,"stepsCount":0,"attachmentsCount":0,"hasContent":false,"attachmentStep":false},{"name":"client","time":{"start":1771840917680,"stop":1771840917680,"duration":0},"status":"passed","steps":[],"attachments":[],"parameters":[],"shouldDisplayMessage":false,"stepsCount":0,"attachmentsCount":0,"hasContent":false,"attachmentStep":false},{"name":"rate_limit_pause","time":{"start":1771840926614,"stop":1771840926614,"duration":0},"status":"passed","steps":[],"attachments":[],"parameters":[],"shouldDisplayMessage":false,"stepsCount":0,"attachmentsCount":0,"hasContent":false,"attachmentStep":false}],"testStage":{"description":"Test attachments retrieval without API key returns 401","status":"failed","statusMessage":"AssertionError: Expected status 401, got 400. URL: https://api.ganttpro.com/v1.0/attachments/getByProjectId?projectId=1518509415138, Response: {\"code\":1,\"text\":\"Something went wrong. Please contact our support service to solve this issue\"}","statusTrace":"tests/endpoints/attachments/test_attachments_get_by_project.py:34: in test_get_attachments_by_project_id_unauthorized\n    assert_status_code(response, 401)\nsrc/assertions.py:28: in assert_status_code\n    assert response.status_code == expected_status, message\nE   AssertionError: Expected status 401, got 400. URL: https://api.ganttpro.com/v1.0/attachments/getByProjectId?projectId=1518509415138, Response: {\"code\":1,\"text\":\"Something went wrong. Please contact our support service to solve this issue\"}","steps":[],"attachments":[{"uid":"3ca61d987d5808e2","name":"log","source":"3ca61d987d5808e2.txt","type":"text/plain","size":322},{"uid":"6fa9e2397c79968","name":"stderr","source":"6fa9e2397c79968.txt","type":"text/plain","size":258}],"parameters":[],"shouldDisplayMessage":true,"stepsCount":0,"attachmentsCount":2,"hasContent":true,"attachmentStep":false},"afterStages":[{"name":"rate_limit_pause::0","time":{"start":1771840926718,"stop":1771840927720,"duration":1002},"status":"passed","steps":[],"attachments":[],"parameters":[],"shouldDisplayMessage":false,"stepsCount":0,"attachmentsCount":0,"hasContent":false,"attachmentStep":false}],"labels":[{"name":"tag","value":"auth"},{"name":"feature","value":"Attachments"},{"name":"story","value":"Get Attachments by Project"},{"name":"tag","value":"GET"},{"name":"parentSuite","value":"tests.endpoints.attachments"},{"name":"suite","value":"test_attachments_get_by_project"},{"name":"host","value":"runnervmwffz4"},{"name":"thread","value":"2443-MainThread"},{"name":"framework","value":"pytest"},{"name":"language","value":"cpython3"},{"name":"package","value":"tests.endpoints.attachments.test_attachments_get_by_project"},{"name":"resultFormat","value":"allure2"}],"parameters":[],"links":[],"hidden":false,"retry":false,"extra":{"severity":"normal","retries":[],"categories":[{"name":"Product defects","matchedStatuses":[]}],"tags":["auth","GET"]},"source":"39ff86f1e6bae999.json","parameterValues":[]}