{"uid":"3f0159323259c6a9","name":"test_delete_task_unauthorized","fullName":"tests.endpoints.tasks.test_tasks_delete_task#test_delete_task_unauthorized","historyId":"b60e5221cb056e19fc023392bffafa87","time":{"start":1772271295657,"stop":1772271295762,"duration":105},"description":"Test task delete without API key returns 401","descriptionHtml":"<p>Test task delete without API key returns 401</p>\n","status":"failed","statusMessage":"AssertionError: Expected status 401, got 400. URL: https://api.ganttpro.com/v1.0/tasks/199315139, Response: {\"code\":1,\"text\":\"Something went wrong. Please contact our support service to solve this issue\"}","statusTrace":"tests/endpoints/tasks/test_tasks_delete_task.py:16: in test_delete_task_unauthorized\n    assert_status_code(response, 401)\nsrc/assertions.py:28: in assert_status_code\n    assert response.status_code == expected_status, message\nE   AssertionError: Expected status 401, got 400. URL: https://api.ganttpro.com/v1.0/tasks/199315139, Response: {\"code\":1,\"text\":\"Something went wrong. Please contact our support service to solve this issue\"}","flaky":false,"newFailed":false,"newBroken":false,"newPassed":false,"retriesCount":0,"retriesStatusChange":false,"beforeStages":[{"name":"client","time":{"start":1772271177489,"stop":1772271177489,"duration":0},"status":"passed","steps":[],"attachments":[],"parameters":[],"shouldDisplayMessage":false,"stepsCount":0,"attachmentsCount":0,"hasContent":false,"attachmentStep":false},{"name":"auth_headers","time":{"start":1772271177489,"stop":1772271177489,"duration":0},"status":"passed","steps":[],"attachments":[],"parameters":[],"shouldDisplayMessage":false,"stepsCount":0,"attachmentsCount":0,"hasContent":false,"attachmentStep":false},{"name":"setup_reports_dir","time":{"start":1772271177489,"stop":1772271177489,"duration":0},"status":"passed","steps":[],"attachments":[],"parameters":[],"shouldDisplayMessage":false,"stepsCount":0,"attachmentsCount":0,"hasContent":false,"attachmentStep":false},{"name":"project_id","time":{"start":1772271177490,"stop":1772271177490,"duration":0},"status":"passed","steps":[],"attachments":[],"parameters":[],"shouldDisplayMessage":false,"stepsCount":0,"attachmentsCount":0,"hasContent":false,"attachmentStep":false},{"name":"test_task_id","time":{"start":1772271177490,"stop":1772271178604,"duration":1114},"status":"passed","steps":[],"attachments":[],"parameters":[],"shouldDisplayMessage":false,"stepsCount":0,"attachmentsCount":0,"hasContent":false,"attachmentStep":false},{"name":"task_id","time":{"start":1772271178604,"stop":1772271178604,"duration":0},"status":"passed","steps":[],"attachments":[],"parameters":[],"shouldDisplayMessage":false,"stepsCount":0,"attachmentsCount":0,"hasContent":false,"attachmentStep":false},{"name":"rate_limit_pause","time":{"start":1772271295657,"stop":1772271295657,"duration":0},"status":"passed","steps":[],"attachments":[],"parameters":[],"shouldDisplayMessage":false,"stepsCount":0,"attachmentsCount":0,"hasContent":false,"attachmentStep":false}],"testStage":{"description":"Test task delete without API key returns 401","status":"failed","statusMessage":"AssertionError: Expected status 401, got 400. URL: https://api.ganttpro.com/v1.0/tasks/199315139, Response: {\"code\":1,\"text\":\"Something went wrong. Please contact our support service to solve this issue\"}","statusTrace":"tests/endpoints/tasks/test_tasks_delete_task.py:16: in test_delete_task_unauthorized\n    assert_status_code(response, 401)\nsrc/assertions.py:28: in assert_status_code\n    assert response.status_code == expected_status, message\nE   AssertionError: Expected status 401, got 400. URL: https://api.ganttpro.com/v1.0/tasks/199315139, Response: {\"code\":1,\"text\":\"Something went wrong. Please contact our support service to solve this issue\"}","steps":[],"attachments":[{"uid":"f878c803da2a61e9","name":"log","source":"f878c803da2a61e9.txt","type":"text/plain","size":314},{"uid":"8e0f54a4a202088","name":"stderr","source":"8e0f54a4a202088.txt","type":"text/plain","size":250}],"parameters":[],"shouldDisplayMessage":true,"stepsCount":0,"attachmentsCount":2,"hasContent":true,"attachmentStep":false},"afterStages":[{"name":"rate_limit_pause::0","time":{"start":1772271295766,"stop":1772271296767,"duration":1001},"status":"passed","steps":[],"attachments":[],"parameters":[],"shouldDisplayMessage":false,"stepsCount":0,"attachmentsCount":0,"hasContent":false,"attachmentStep":false},{"name":"test_task_id::0","time":{"start":1772271347039,"stop":1772271347505,"duration":466},"status":"passed","steps":[],"attachments":[],"parameters":[],"shouldDisplayMessage":false,"stepsCount":0,"attachmentsCount":0,"hasContent":false,"attachmentStep":false}],"labels":[{"name":"tag","value":"DELETE"},{"name":"story","value":"Delete Task"},{"name":"tag","value":"auth"},{"name":"feature","value":"Tasks"},{"name":"parentSuite","value":"tests.endpoints.tasks"},{"name":"suite","value":"test_tasks_delete_task"},{"name":"host","value":"runnervmnay03"},{"name":"thread","value":"2501-MainThread"},{"name":"framework","value":"pytest"},{"name":"language","value":"cpython3"},{"name":"package","value":"tests.endpoints.tasks.test_tasks_delete_task"},{"name":"resultFormat","value":"allure2"}],"parameters":[],"links":[],"hidden":false,"retry":false,"extra":{"severity":"normal","retries":[],"categories":[{"name":"Product defects","matchedStatuses":[]}],"tags":["DELETE","auth"]},"source":"3f0159323259c6a9.json","parameterValues":[]}