{"uid":"430239fadf05602e","name":"test_create_defaults","fullName":"tests.endpoints.tasks.test_tasks_create#test_create_defaults","historyId":"ee201db1d23a3c503f932d76ae4b1209","time":{"start":1769506876093,"stop":1769506876526,"duration":433},"description":"Должны проставиться дефолты: status=1, progress=0, duration=1, type=task, color=1, estimation=0","descriptionHtml":"<p>Должны проставиться дефолты: status=1, progress=0, duration=1, type=task, color=1, estimation=0</p>\n","status":"failed","statusMessage":"AssertionError: assert 480 == 1440\n +  where 480 = <built-in method get of dict object at 0x7f6197072040>('duration')\n +    where <built-in method get of dict object at 0x7f6197072040> = {'attachments': [], 'color': 1, 'comments': [], 'createdAt': '2026-01-27T09:41:16.000Z', ...}.get","statusTrace":"tests/endpoints/tasks/test_tasks_create.py:89: in test_create_defaults\n    assert item.get(\"duration\") == 1440  # API uses minutes (1 day = 1440 minutes)\nE   AssertionError: assert 480 == 1440\nE    +  where 480 = <built-in method get of dict object at 0x7f6197072040>('duration')\nE    +    where <built-in method get of dict object at 0x7f6197072040> = {'attachments': [], 'color': 1, 'comments': [], 'createdAt': '2026-01-27T09:41:16.000Z', ...}.get","flaky":false,"newFailed":false,"newBroken":false,"newPassed":false,"retriesCount":0,"retriesStatusChange":false,"beforeStages":[{"name":"client","time":{"start":1769506799985,"stop":1769506799985,"duration":0},"status":"passed","steps":[],"attachments":[],"parameters":[],"shouldDisplayMessage":false,"stepsCount":0,"attachmentsCount":0,"hasContent":false,"attachmentStep":false},{"name":"auth_headers","time":{"start":1769506799985,"stop":1769506799985,"duration":0},"status":"passed","steps":[],"attachments":[],"parameters":[],"shouldDisplayMessage":false,"stepsCount":0,"attachmentsCount":0,"hasContent":false,"attachmentStep":false},{"name":"setup_reports_dir","time":{"start":1769506799985,"stop":1769506799985,"duration":0},"status":"passed","steps":[],"attachments":[],"parameters":[],"shouldDisplayMessage":false,"stepsCount":0,"attachmentsCount":0,"hasContent":false,"attachmentStep":false},{"name":"project_id","time":{"start":1769506799986,"stop":1769506799986,"duration":0},"status":"passed","steps":[],"attachments":[],"parameters":[],"shouldDisplayMessage":false,"stepsCount":0,"attachmentsCount":0,"hasContent":false,"attachmentStep":false},{"name":"rate_limit_pause","time":{"start":1769506876092,"stop":1769506876092,"duration":0},"status":"passed","steps":[],"attachments":[],"parameters":[],"shouldDisplayMessage":false,"stepsCount":0,"attachmentsCount":0,"hasContent":false,"attachmentStep":false}],"testStage":{"description":"Должны проставиться дефолты: status=1, progress=0, duration=1, type=task, color=1, estimation=0","status":"failed","statusMessage":"AssertionError: assert 480 == 1440\n +  where 480 = <built-in method get of dict object at 0x7f6197072040>('duration')\n +    where <built-in method get of dict object at 0x7f6197072040> = {'attachments': [], 'color': 1, 'comments': [], 'createdAt': '2026-01-27T09:41:16.000Z', ...}.get","statusTrace":"tests/endpoints/tasks/test_tasks_create.py:89: in test_create_defaults\n    assert item.get(\"duration\") == 1440  # API uses minutes (1 day = 1440 minutes)\nE   AssertionError: assert 480 == 1440\nE    +  where 480 = <built-in method get of dict object at 0x7f6197072040>('duration')\nE    +    where <built-in method get of dict object at 0x7f6197072040> = {'attachments': [], 'color': 1, 'comments': [], 'createdAt': '2026-01-27T09:41:16.000Z', ...}.get","steps":[],"attachments":[{"uid":"dcfeec3e1ea50c5f","name":"HTTP Request","source":"dcfeec3e1ea50c5f.txt","type":"text/plain","size":123},{"uid":"f61bde8837c60a33","name":"HTTP Response","source":"f61bde8837c60a33.txt","type":"text/plain","size":466},{"uid":"398e966c3a5a462","name":"log","source":"398e966c3a5a462.txt","type":"text/plain","size":147},{"uid":"5c40c61a23f6b69e","name":"stderr","source":"5c40c61a23f6b69e.txt","type":"text/plain","size":104}],"parameters":[],"shouldDisplayMessage":true,"stepsCount":0,"attachmentsCount":4,"hasContent":true,"attachmentStep":false},"afterStages":[{"name":"rate_limit_pause::0","time":{"start":1769506876536,"stop":1769506877538,"duration":1002},"status":"passed","steps":[],"attachments":[],"parameters":[],"shouldDisplayMessage":false,"stepsCount":0,"attachmentsCount":0,"hasContent":false,"attachmentStep":false}],"labels":[{"name":"tag","value":"POST"},{"name":"feature","value":"Tasks"},{"name":"story","value":"Create Task"},{"name":"tag","value":"defaults"},{"name":"parentSuite","value":"tests.endpoints.tasks"},{"name":"suite","value":"test_tasks_create"},{"name":"host","value":"runnervmymu0l"},{"name":"thread","value":"2507-MainThread"},{"name":"framework","value":"pytest"},{"name":"language","value":"cpython3"},{"name":"package","value":"tests.endpoints.tasks.test_tasks_create"},{"name":"resultFormat","value":"allure2"}],"parameters":[],"links":[],"hidden":false,"retry":false,"extra":{"severity":"normal","retries":[],"categories":[{"name":"Product defects","matchedStatuses":[]}],"tags":["defaults","POST"]},"source":"430239fadf05602e.json","parameterValues":[]}