{"uid":"4cf64c1e6c09cc4a","name":"test_create_no_dates_sets_defaults","fullName":"tests.endpoints.tasks.test_tasks_create#test_create_no_dates_sets_defaults","historyId":"263b47fc7ce42764df3d75634c029a89","time":{"start":1772013764856,"stop":1772013765311,"duration":455},"description":"Без startDate/endDate/duration должны выставиться дефолтные даты","descriptionHtml":"<p>Без startDate/endDate/duration должны выставиться дефолтные даты</p>\n","status":"failed","statusMessage":"AssertionError: assert 480 == 1440\n +  where 480 = <built-in method get of dict object at 0x7ff7d5343840>('duration')\n +    where <built-in method get of dict object at 0x7ff7d5343840> = {'attachments': [], 'color': 1, 'comments': [], 'createdAt': '2026-02-25T10:02:45.000Z', ...}.get","statusTrace":"tests/endpoints/tasks/test_tasks_create.py:519: in test_create_no_dates_sets_defaults\n    assert item.get(\"duration\") == 1440  # Default duration in minutes\nE   AssertionError: assert 480 == 1440\nE    +  where 480 = <built-in method get of dict object at 0x7ff7d5343840>('duration')\nE    +    where <built-in method get of dict object at 0x7ff7d5343840> = {'attachments': [], 'color': 1, 'comments': [], 'createdAt': '2026-02-25T10:02:45.000Z', ...}.get","flaky":false,"newFailed":false,"newBroken":false,"newPassed":false,"retriesCount":0,"retriesStatusChange":false,"beforeStages":[{"name":"setup_reports_dir","time":{"start":1772013654613,"stop":1772013654614,"duration":1},"status":"passed","steps":[],"attachments":[],"parameters":[],"shouldDisplayMessage":false,"stepsCount":0,"attachmentsCount":0,"hasContent":false,"attachmentStep":false},{"name":"auth_headers","time":{"start":1772013654614,"stop":1772013654614,"duration":0},"status":"passed","steps":[],"attachments":[],"parameters":[],"shouldDisplayMessage":false,"stepsCount":0,"attachmentsCount":0,"hasContent":false,"attachmentStep":false},{"name":"client","time":{"start":1772013654614,"stop":1772013654614,"duration":0},"status":"passed","steps":[],"attachments":[],"parameters":[],"shouldDisplayMessage":false,"stepsCount":0,"attachmentsCount":0,"hasContent":false,"attachmentStep":false},{"name":"project_id","time":{"start":1772013654614,"stop":1772013654614,"duration":0},"status":"passed","steps":[],"attachments":[],"parameters":[],"shouldDisplayMessage":false,"stepsCount":0,"attachmentsCount":0,"hasContent":false,"attachmentStep":false},{"name":"rate_limit_pause","time":{"start":1772013764856,"stop":1772013764856,"duration":0},"status":"passed","steps":[],"attachments":[],"parameters":[],"shouldDisplayMessage":false,"stepsCount":0,"attachmentsCount":0,"hasContent":false,"attachmentStep":false}],"testStage":{"description":"Без startDate/endDate/duration должны выставиться дефолтные даты","status":"failed","statusMessage":"AssertionError: assert 480 == 1440\n +  where 480 = <built-in method get of dict object at 0x7ff7d5343840>('duration')\n +    where <built-in method get of dict object at 0x7ff7d5343840> = {'attachments': [], 'color': 1, 'comments': [], 'createdAt': '2026-02-25T10:02:45.000Z', ...}.get","statusTrace":"tests/endpoints/tasks/test_tasks_create.py:519: in test_create_no_dates_sets_defaults\n    assert item.get(\"duration\") == 1440  # Default duration in minutes\nE   AssertionError: assert 480 == 1440\nE    +  where 480 = <built-in method get of dict object at 0x7ff7d5343840>('duration')\nE    +    where <built-in method get of dict object at 0x7ff7d5343840> = {'attachments': [], 'color': 1, 'comments': [], 'createdAt': '2026-02-25T10:02:45.000Z', ...}.get","steps":[],"attachments":[{"uid":"ef829f80d8249b0f","name":"HTTP Request","source":"ef829f80d8249b0f.txt","type":"text/plain","size":112},{"uid":"51c08bd699b99ea3","name":"HTTP Response","source":"51c08bd699b99ea3.txt","type":"text/plain","size":456},{"uid":"71acbcd5306b414e","name":"log","source":"71acbcd5306b414e.txt","type":"text/plain","size":147},{"uid":"57ceb077ad461568","name":"stderr","source":"57ceb077ad461568.txt","type":"text/plain","size":104}],"parameters":[],"shouldDisplayMessage":true,"stepsCount":0,"attachmentsCount":4,"hasContent":true,"attachmentStep":false},"afterStages":[{"name":"rate_limit_pause::0","time":{"start":1772013765321,"stop":1772013766322,"duration":1001},"status":"passed","steps":[],"attachments":[],"parameters":[],"shouldDisplayMessage":false,"stepsCount":0,"attachmentsCount":0,"hasContent":false,"attachmentStep":false}],"labels":[{"name":"story","value":"Create Task"},{"name":"tag","value":"POST"},{"name":"tag","value":"defaults"},{"name":"feature","value":"Tasks"},{"name":"parentSuite","value":"tests.endpoints.tasks"},{"name":"suite","value":"test_tasks_create"},{"name":"host","value":"runnervmwffz4"},{"name":"thread","value":"2436-MainThread"},{"name":"framework","value":"pytest"},{"name":"language","value":"cpython3"},{"name":"package","value":"tests.endpoints.tasks.test_tasks_create"},{"name":"resultFormat","value":"allure2"}],"parameters":[],"links":[],"hidden":false,"retry":false,"extra":{"severity":"normal","retries":[],"categories":[{"name":"Product defects","matchedStatuses":[]}],"tags":["defaults","POST"]},"source":"4cf64c1e6c09cc4a.json","parameterValues":[]}