{"uid":"4dcc9f3e2dbb485a","name":"test_get_time_log_not_found","fullName":"tests.endpoints.timelogs.test_timelogs_get_one#test_get_time_log_not_found","historyId":"1141978ad4f2879fe3f41e846c8fbcad","time":{"start":1768984696960,"stop":1768984697120,"duration":160},"description":"Test getting non-existent time log returns 404 or 400","descriptionHtml":"<p>Test getting non-existent time log returns 404 or 400</p>\n","status":"failed","statusMessage":"AssertionError: Expected 404 or 400, got 401\nassert 401 in [404, 400]\n +  where 401 = <Response [401]>.status_code","statusTrace":"tests/endpoints/timelogs/test_timelogs_get_one.py:43: in test_get_time_log_not_found\n    assert response.status_code in [404, 400], f\"Expected 404 or 400, got {response.status_code}\"\nE   AssertionError: Expected 404 or 400, got 401\nE   assert 401 in [404, 400]\nE    +  where 401 = <Response [401]>.status_code","flaky":false,"newFailed":false,"newBroken":false,"newPassed":false,"retriesCount":0,"retriesStatusChange":false,"beforeStages":[{"name":"auth_headers","time":{"start":1768984644285,"stop":1768984644285,"duration":0},"status":"passed","steps":[],"attachments":[],"parameters":[],"shouldDisplayMessage":false,"stepsCount":0,"attachmentsCount":0,"hasContent":false,"attachmentStep":false},{"name":"client","time":{"start":1768984644285,"stop":1768984644285,"duration":0},"status":"passed","steps":[],"attachments":[],"parameters":[],"shouldDisplayMessage":false,"stepsCount":0,"attachmentsCount":0,"hasContent":false,"attachmentStep":false},{"name":"setup_reports_dir","time":{"start":1768984644285,"stop":1768984644285,"duration":0},"status":"passed","steps":[],"attachments":[],"parameters":[],"shouldDisplayMessage":false,"stepsCount":0,"attachmentsCount":0,"hasContent":false,"attachmentStep":false},{"name":"rate_limit_pause","time":{"start":1768984696960,"stop":1768984696960,"duration":0},"status":"passed","steps":[],"attachments":[],"parameters":[],"shouldDisplayMessage":false,"stepsCount":0,"attachmentsCount":0,"hasContent":false,"attachmentStep":false}],"testStage":{"description":"Test getting non-existent time log returns 404 or 400","status":"failed","statusMessage":"AssertionError: Expected 404 or 400, got 401\nassert 401 in [404, 400]\n +  where 401 = <Response [401]>.status_code","statusTrace":"tests/endpoints/timelogs/test_timelogs_get_one.py:43: in test_get_time_log_not_found\n    assert response.status_code in [404, 400], f\"Expected 404 or 400, got {response.status_code}\"\nE   AssertionError: Expected 404 or 400, got 401\nE   assert 401 in [404, 400]\nE    +  where 401 = <Response [401]>.status_code","steps":[],"attachments":[{"uid":"f7e90d6230c9face","name":"log","source":"f7e90d6230c9face.txt","type":"text/plain","size":361},{"uid":"fad64468f58e4a91","name":"stderr","source":"fad64468f58e4a91.txt","type":"text/plain","size":297}],"parameters":[],"shouldDisplayMessage":true,"stepsCount":0,"attachmentsCount":2,"hasContent":true,"attachmentStep":false},"afterStages":[{"name":"rate_limit_pause::0","time":{"start":1768984697123,"stop":1768984698124,"duration":1001},"status":"passed","steps":[],"attachments":[],"parameters":[],"shouldDisplayMessage":false,"stepsCount":0,"attachmentsCount":0,"hasContent":false,"attachmentStep":false}],"labels":[{"name":"story","value":"Get Timelog"},{"name":"feature","value":"Timelogs"},{"name":"tag","value":"negative"},{"name":"tag","value":"GET"},{"name":"parentSuite","value":"tests.endpoints.timelogs"},{"name":"suite","value":"test_timelogs_get_one"},{"name":"host","value":"runnervmmtnos"},{"name":"thread","value":"2352-MainThread"},{"name":"framework","value":"pytest"},{"name":"language","value":"cpython3"},{"name":"package","value":"tests.endpoints.timelogs.test_timelogs_get_one"},{"name":"resultFormat","value":"allure2"}],"parameters":[],"links":[],"hidden":false,"retry":false,"extra":{"severity":"normal","retries":[],"categories":[{"name":"Product defects","matchedStatuses":[]}],"tags":["negative","GET"]},"source":"4dcc9f3e2dbb485a.json","parameterValues":[]}