{"uid":"4e66e8887162710","name":"test_create_duration_only_sets_dates","fullName":"tests.endpoints.tasks.test_tasks_create#test_create_duration_only_sets_dates","historyId":"081bfa07fa5f5c06be0febd8c07f708d","time":{"start":1771325811297,"stop":1771325936776,"duration":125479},"description":"Только duration -> startDate по умолчанию, endDate рассчитан","descriptionHtml":"<p>Только duration -&gt; startDate по умолчанию, endDate рассчитан</p>\n","status":"failed","statusMessage":"AssertionError: Expected status 200, got 524. URL: https://api.ganttpro.com/v1.0/tasks, Response: <!DOCTYPE html>\n<html lang=\"en\">\n  <head>\n    <meta charset=\"UTF-8\" />\n    <meta\n      name=\"viewport\"\n      content=\"width=device-width, user-scalable=no, initial-scale=1.0, maximum-scale=1.0, minimu","statusTrace":"tests/endpoints/tasks/test_tasks_create.py:241: in test_create_duration_only_sets_dates\n    assert_status_code(response, 200)\nsrc/assertions.py:28: in assert_status_code\n    assert response.status_code == expected_status, message\nE   AssertionError: Expected status 200, got 524. URL: https://api.ganttpro.com/v1.0/tasks, Response: <!DOCTYPE html>\nE   <html lang=\"en\">\nE     <head>\nE       <meta charset=\"UTF-8\" />\nE       <meta\nE         name=\"viewport\"\nE         content=\"width=device-width, user-scalable=no, initial-scale=1.0, maximum-scale=1.0, minimu","flaky":false,"newFailed":false,"newBroken":false,"newPassed":false,"retriesCount":0,"retriesStatusChange":false,"beforeStages":[{"name":"setup_reports_dir","time":{"start":1771322232932,"stop":1771322232933,"duration":1},"status":"passed","steps":[],"attachments":[],"parameters":[],"shouldDisplayMessage":false,"stepsCount":0,"attachmentsCount":0,"hasContent":false,"attachmentStep":false},{"name":"client","time":{"start":1771322232933,"stop":1771322232933,"duration":0},"status":"passed","steps":[],"attachments":[],"parameters":[],"shouldDisplayMessage":false,"stepsCount":0,"attachmentsCount":0,"hasContent":false,"attachmentStep":false},{"name":"auth_headers","time":{"start":1771322232933,"stop":1771322232933,"duration":0},"status":"passed","steps":[],"attachments":[],"parameters":[],"shouldDisplayMessage":false,"stepsCount":0,"attachmentsCount":0,"hasContent":false,"attachmentStep":false},{"name":"project_id","time":{"start":1771322232933,"stop":1771322232933,"duration":0},"status":"passed","steps":[],"attachments":[],"parameters":[],"shouldDisplayMessage":false,"stepsCount":0,"attachmentsCount":0,"hasContent":false,"attachmentStep":false},{"name":"rate_limit_pause","time":{"start":1771325811296,"stop":1771325811296,"duration":0},"status":"passed","steps":[],"attachments":[],"parameters":[],"shouldDisplayMessage":false,"stepsCount":0,"attachmentsCount":0,"hasContent":false,"attachmentStep":false}],"testStage":{"description":"Только duration -> startDate по умолчанию, endDate рассчитан","status":"failed","statusMessage":"AssertionError: Expected status 200, got 524. URL: https://api.ganttpro.com/v1.0/tasks, Response: <!DOCTYPE html>\n<html lang=\"en\">\n  <head>\n    <meta charset=\"UTF-8\" />\n    <meta\n      name=\"viewport\"\n      content=\"width=device-width, user-scalable=no, initial-scale=1.0, maximum-scale=1.0, minimu","statusTrace":"tests/endpoints/tasks/test_tasks_create.py:241: in test_create_duration_only_sets_dates\n    assert_status_code(response, 200)\nsrc/assertions.py:28: in assert_status_code\n    assert response.status_code == expected_status, message\nE   AssertionError: Expected status 200, got 524. URL: https://api.ganttpro.com/v1.0/tasks, Response: <!DOCTYPE html>\nE   <html lang=\"en\">\nE     <head>\nE       <meta charset=\"UTF-8\" />\nE       <meta\nE         name=\"viewport\"\nE         content=\"width=device-width, user-scalable=no, initial-scale=1.0, maximum-scale=1.0, minimu","steps":[],"attachments":[{"uid":"f78def1573d9bae9","name":"log","source":"f78def1573d9bae9.txt","type":"text/plain","size":452903},{"uid":"c7eec1ba0127b87a","name":"stderr","source":"c7eec1ba0127b87a.txt","type":"text/plain","size":452840}],"parameters":[],"shouldDisplayMessage":true,"stepsCount":0,"attachmentsCount":2,"hasContent":true,"attachmentStep":false},"afterStages":[{"name":"rate_limit_pause::0","time":{"start":1771325936787,"stop":1771325937789,"duration":1002},"status":"passed","steps":[],"attachments":[],"parameters":[],"shouldDisplayMessage":false,"stepsCount":0,"attachmentsCount":0,"hasContent":false,"attachmentStep":false}],"labels":[{"name":"story","value":"Create Task"},{"name":"feature","value":"Tasks"},{"name":"tag","value":"POST"},{"name":"tag","value":"logic"},{"name":"parentSuite","value":"tests.endpoints.tasks"},{"name":"suite","value":"test_tasks_create"},{"name":"host","value":"runnervmjduv7"},{"name":"thread","value":"2432-MainThread"},{"name":"framework","value":"pytest"},{"name":"language","value":"cpython3"},{"name":"package","value":"tests.endpoints.tasks.test_tasks_create"},{"name":"resultFormat","value":"allure2"}],"parameters":[],"links":[],"hidden":false,"retry":false,"extra":{"severity":"normal","retries":[],"categories":[{"name":"Product defects","matchedStatuses":[]}],"tags":["POST","logic"]},"source":"4e66e8887162710.json","parameterValues":[]}