{"uid":"561a2eebfbba6a9e","name":"test_create_defaults","fullName":"tests.endpoints.tasks.test_tasks_create#test_create_defaults","historyId":"ee201db1d23a3c503f932d76ae4b1209","time":{"start":1772271255201,"stop":1772271255646,"duration":445},"description":"Должны проставиться дефолты: status=1, progress=0, duration=1, type=task, color=1, estimation=0","descriptionHtml":"<p>Должны проставиться дефолты: status=1, progress=0, duration=1, type=task, color=1, estimation=0</p>\n","status":"failed","statusMessage":"AssertionError: assert 480 == 1440\n +  where 480 = <built-in method get of dict object at 0x7fa54c17ab40>('duration')\n +    where <built-in method get of dict object at 0x7fa54c17ab40> = {'attachments': [], 'color': 1, 'comments': [], 'createdAt': '2026-02-28T09:34:15.000Z', ...}.get","statusTrace":"tests/endpoints/tasks/test_tasks_create.py:89: in test_create_defaults\n    assert item.get(\"duration\") == 1440  # API uses minutes (1 day = 1440 minutes)\nE   AssertionError: assert 480 == 1440\nE    +  where 480 = <built-in method get of dict object at 0x7fa54c17ab40>('duration')\nE    +    where <built-in method get of dict object at 0x7fa54c17ab40> = {'attachments': [], 'color': 1, 'comments': [], 'createdAt': '2026-02-28T09:34:15.000Z', ...}.get","flaky":false,"newFailed":false,"newBroken":false,"newPassed":false,"retriesCount":0,"retriesStatusChange":false,"beforeStages":[{"name":"client","time":{"start":1772271177489,"stop":1772271177489,"duration":0},"status":"passed","steps":[],"attachments":[],"parameters":[],"shouldDisplayMessage":false,"stepsCount":0,"attachmentsCount":0,"hasContent":false,"attachmentStep":false},{"name":"auth_headers","time":{"start":1772271177489,"stop":1772271177489,"duration":0},"status":"passed","steps":[],"attachments":[],"parameters":[],"shouldDisplayMessage":false,"stepsCount":0,"attachmentsCount":0,"hasContent":false,"attachmentStep":false},{"name":"setup_reports_dir","time":{"start":1772271177489,"stop":1772271177489,"duration":0},"status":"passed","steps":[],"attachments":[],"parameters":[],"shouldDisplayMessage":false,"stepsCount":0,"attachmentsCount":0,"hasContent":false,"attachmentStep":false},{"name":"project_id","time":{"start":1772271177490,"stop":1772271177490,"duration":0},"status":"passed","steps":[],"attachments":[],"parameters":[],"shouldDisplayMessage":false,"stepsCount":0,"attachmentsCount":0,"hasContent":false,"attachmentStep":false},{"name":"rate_limit_pause","time":{"start":1772271255200,"stop":1772271255200,"duration":0},"status":"passed","steps":[],"attachments":[],"parameters":[],"shouldDisplayMessage":false,"stepsCount":0,"attachmentsCount":0,"hasContent":false,"attachmentStep":false}],"testStage":{"description":"Должны проставиться дефолты: status=1, progress=0, duration=1, type=task, color=1, estimation=0","status":"failed","statusMessage":"AssertionError: assert 480 == 1440\n +  where 480 = <built-in method get of dict object at 0x7fa54c17ab40>('duration')\n +    where <built-in method get of dict object at 0x7fa54c17ab40> = {'attachments': [], 'color': 1, 'comments': [], 'createdAt': '2026-02-28T09:34:15.000Z', ...}.get","statusTrace":"tests/endpoints/tasks/test_tasks_create.py:89: in test_create_defaults\n    assert item.get(\"duration\") == 1440  # API uses minutes (1 day = 1440 minutes)\nE   AssertionError: assert 480 == 1440\nE    +  where 480 = <built-in method get of dict object at 0x7fa54c17ab40>('duration')\nE    +    where <built-in method get of dict object at 0x7fa54c17ab40> = {'attachments': [], 'color': 1, 'comments': [], 'createdAt': '2026-02-28T09:34:15.000Z', ...}.get","steps":[],"attachments":[{"uid":"9092a104a10bfe6d","name":"HTTP Request","source":"9092a104a10bfe6d.txt","type":"text/plain","size":123},{"uid":"24cfbc4a93129bcb","name":"HTTP Response","source":"24cfbc4a93129bcb.txt","type":"text/plain","size":467},{"uid":"7c752113b6098802","name":"log","source":"7c752113b6098802.txt","type":"text/plain","size":147},{"uid":"df849d26487de894","name":"stderr","source":"df849d26487de894.txt","type":"text/plain","size":104}],"parameters":[],"shouldDisplayMessage":true,"stepsCount":0,"attachmentsCount":4,"hasContent":true,"attachmentStep":false},"afterStages":[{"name":"rate_limit_pause::0","time":{"start":1772271255656,"stop":1772271256657,"duration":1001},"status":"passed","steps":[],"attachments":[],"parameters":[],"shouldDisplayMessage":false,"stepsCount":0,"attachmentsCount":0,"hasContent":false,"attachmentStep":false}],"labels":[{"name":"tag","value":"defaults"},{"name":"story","value":"Create Task"},{"name":"tag","value":"POST"},{"name":"feature","value":"Tasks"},{"name":"parentSuite","value":"tests.endpoints.tasks"},{"name":"suite","value":"test_tasks_create"},{"name":"host","value":"runnervmnay03"},{"name":"thread","value":"2501-MainThread"},{"name":"framework","value":"pytest"},{"name":"language","value":"cpython3"},{"name":"package","value":"tests.endpoints.tasks.test_tasks_create"},{"name":"resultFormat","value":"allure2"}],"parameters":[],"links":[],"hidden":false,"retry":false,"extra":{"severity":"normal","retries":[],"categories":[{"name":"Product defects","matchedStatuses":[]}],"tags":["defaults","POST"]},"source":"561a2eebfbba6a9e.json","parameterValues":[]}