{"uid":"5767e29343026705","name":"test_create_no_dates_sets_defaults","fullName":"tests.endpoints.tasks.test_tasks_create#test_create_no_dates_sets_defaults","historyId":"263b47fc7ce42764df3d75634c029a89","time":{"start":1770457146624,"stop":1770457147036,"duration":412},"description":"Без startDate/endDate/duration должны выставиться дефолтные даты","descriptionHtml":"<p>Без startDate/endDate/duration должны выставиться дефолтные даты</p>\n","status":"failed","statusMessage":"AssertionError: assert 480 == 1440\n +  where 480 = <built-in method get of dict object at 0x7efcd2773a40>('duration')\n +    where <built-in method get of dict object at 0x7efcd2773a40> = {'attachments': [], 'color': 1, 'comments': [], 'createdAt': '2026-02-07T09:39:06.000Z', ...}.get","statusTrace":"tests/endpoints/tasks/test_tasks_create.py:519: in test_create_no_dates_sets_defaults\n    assert item.get(\"duration\") == 1440  # Default duration in minutes\nE   AssertionError: assert 480 == 1440\nE    +  where 480 = <built-in method get of dict object at 0x7efcd2773a40>('duration')\nE    +    where <built-in method get of dict object at 0x7efcd2773a40> = {'attachments': [], 'color': 1, 'comments': [], 'createdAt': '2026-02-07T09:39:06.000Z', ...}.get","flaky":false,"newFailed":false,"newBroken":false,"newPassed":false,"retriesCount":0,"retriesStatusChange":false,"beforeStages":[{"name":"client","time":{"start":1770457039399,"stop":1770457039399,"duration":0},"status":"passed","steps":[],"attachments":[],"parameters":[],"shouldDisplayMessage":false,"stepsCount":0,"attachmentsCount":0,"hasContent":false,"attachmentStep":false},{"name":"auth_headers","time":{"start":1770457039399,"stop":1770457039399,"duration":0},"status":"passed","steps":[],"attachments":[],"parameters":[],"shouldDisplayMessage":false,"stepsCount":0,"attachmentsCount":0,"hasContent":false,"attachmentStep":false},{"name":"project_id","time":{"start":1770457039399,"stop":1770457039399,"duration":0},"status":"passed","steps":[],"attachments":[],"parameters":[],"shouldDisplayMessage":false,"stepsCount":0,"attachmentsCount":0,"hasContent":false,"attachmentStep":false},{"name":"setup_reports_dir","time":{"start":1770457039399,"stop":1770457039399,"duration":0},"status":"passed","steps":[],"attachments":[],"parameters":[],"shouldDisplayMessage":false,"stepsCount":0,"attachmentsCount":0,"hasContent":false,"attachmentStep":false},{"name":"rate_limit_pause","time":{"start":1770457146623,"stop":1770457146623,"duration":0},"status":"passed","steps":[],"attachments":[],"parameters":[],"shouldDisplayMessage":false,"stepsCount":0,"attachmentsCount":0,"hasContent":false,"attachmentStep":false}],"testStage":{"description":"Без startDate/endDate/duration должны выставиться дефолтные даты","status":"failed","statusMessage":"AssertionError: assert 480 == 1440\n +  where 480 = <built-in method get of dict object at 0x7efcd2773a40>('duration')\n +    where <built-in method get of dict object at 0x7efcd2773a40> = {'attachments': [], 'color': 1, 'comments': [], 'createdAt': '2026-02-07T09:39:06.000Z', ...}.get","statusTrace":"tests/endpoints/tasks/test_tasks_create.py:519: in test_create_no_dates_sets_defaults\n    assert item.get(\"duration\") == 1440  # Default duration in minutes\nE   AssertionError: assert 480 == 1440\nE    +  where 480 = <built-in method get of dict object at 0x7efcd2773a40>('duration')\nE    +    where <built-in method get of dict object at 0x7efcd2773a40> = {'attachments': [], 'color': 1, 'comments': [], 'createdAt': '2026-02-07T09:39:06.000Z', ...}.get","steps":[],"attachments":[{"uid":"3c84899f84d4449b","name":"HTTP Request","source":"3c84899f84d4449b.txt","type":"text/plain","size":112},{"uid":"adf9933a58700823","name":"HTTP Response","source":"adf9933a58700823.txt","type":"text/plain","size":456},{"uid":"3e7e10783fbcb696","name":"log","source":"3e7e10783fbcb696.txt","type":"text/plain","size":147},{"uid":"f24d9ef87d8cf8d0","name":"stderr","source":"f24d9ef87d8cf8d0.txt","type":"text/plain","size":104}],"parameters":[],"shouldDisplayMessage":true,"stepsCount":0,"attachmentsCount":4,"hasContent":true,"attachmentStep":false},"afterStages":[{"name":"rate_limit_pause::0","time":{"start":1770457147045,"stop":1770457148046,"duration":1001},"status":"passed","steps":[],"attachments":[],"parameters":[],"shouldDisplayMessage":false,"stepsCount":0,"attachmentsCount":0,"hasContent":false,"attachmentStep":false}],"labels":[{"name":"tag","value":"POST"},{"name":"feature","value":"Tasks"},{"name":"story","value":"Create Task"},{"name":"tag","value":"defaults"},{"name":"parentSuite","value":"tests.endpoints.tasks"},{"name":"suite","value":"test_tasks_create"},{"name":"host","value":"runnervmwffz4"},{"name":"thread","value":"2376-MainThread"},{"name":"framework","value":"pytest"},{"name":"language","value":"cpython3"},{"name":"package","value":"tests.endpoints.tasks.test_tasks_create"},{"name":"resultFormat","value":"allure2"}],"parameters":[],"links":[],"hidden":false,"retry":false,"extra":{"severity":"normal","retries":[],"categories":[{"name":"Product defects","matchedStatuses":[]}],"tags":["defaults","POST"]},"source":"5767e29343026705.json","parameterValues":[]}