{"uid":"637f6d951681320b","name":"test_create_no_dates_sets_defaults","fullName":"tests.endpoints.tasks.test_tasks_create#test_create_no_dates_sets_defaults","historyId":"263b47fc7ce42764df3d75634c029a89","time":{"start":1769852224384,"stop":1769852224807,"duration":423},"description":"Без startDate/endDate/duration должны выставиться дефолтные даты","descriptionHtml":"<p>Без startDate/endDate/duration должны выставиться дефолтные даты</p>\n","status":"failed","statusMessage":"AssertionError: assert 480 == 1440\n +  where 480 = <built-in method get of dict object at 0x7ff8959a0680>('duration')\n +    where <built-in method get of dict object at 0x7ff8959a0680> = {'attachments': [], 'color': 1, 'comments': [], 'createdAt': '2026-01-31T09:37:04.000Z', ...}.get","statusTrace":"tests/endpoints/tasks/test_tasks_create.py:519: in test_create_no_dates_sets_defaults\n    assert item.get(\"duration\") == 1440  # Default duration in minutes\nE   AssertionError: assert 480 == 1440\nE    +  where 480 = <built-in method get of dict object at 0x7ff8959a0680>('duration')\nE    +    where <built-in method get of dict object at 0x7ff8959a0680> = {'attachments': [], 'color': 1, 'comments': [], 'createdAt': '2026-01-31T09:37:04.000Z', ...}.get","flaky":false,"newFailed":false,"newBroken":false,"newPassed":false,"retriesCount":0,"retriesStatusChange":false,"beforeStages":[{"name":"setup_reports_dir","time":{"start":1769852112375,"stop":1769852112375,"duration":0},"status":"passed","steps":[],"attachments":[],"parameters":[],"shouldDisplayMessage":false,"stepsCount":0,"attachmentsCount":0,"hasContent":false,"attachmentStep":false},{"name":"client","time":{"start":1769852112375,"stop":1769852112376,"duration":1},"status":"passed","steps":[],"attachments":[],"parameters":[],"shouldDisplayMessage":false,"stepsCount":0,"attachmentsCount":0,"hasContent":false,"attachmentStep":false},{"name":"auth_headers","time":{"start":1769852112376,"stop":1769852112376,"duration":0},"status":"passed","steps":[],"attachments":[],"parameters":[],"shouldDisplayMessage":false,"stepsCount":0,"attachmentsCount":0,"hasContent":false,"attachmentStep":false},{"name":"project_id","time":{"start":1769852112376,"stop":1769852112376,"duration":0},"status":"passed","steps":[],"attachments":[],"parameters":[],"shouldDisplayMessage":false,"stepsCount":0,"attachmentsCount":0,"hasContent":false,"attachmentStep":false},{"name":"rate_limit_pause","time":{"start":1769852224384,"stop":1769852224384,"duration":0},"status":"passed","steps":[],"attachments":[],"parameters":[],"shouldDisplayMessage":false,"stepsCount":0,"attachmentsCount":0,"hasContent":false,"attachmentStep":false}],"testStage":{"description":"Без startDate/endDate/duration должны выставиться дефолтные даты","status":"failed","statusMessage":"AssertionError: assert 480 == 1440\n +  where 480 = <built-in method get of dict object at 0x7ff8959a0680>('duration')\n +    where <built-in method get of dict object at 0x7ff8959a0680> = {'attachments': [], 'color': 1, 'comments': [], 'createdAt': '2026-01-31T09:37:04.000Z', ...}.get","statusTrace":"tests/endpoints/tasks/test_tasks_create.py:519: in test_create_no_dates_sets_defaults\n    assert item.get(\"duration\") == 1440  # Default duration in minutes\nE   AssertionError: assert 480 == 1440\nE    +  where 480 = <built-in method get of dict object at 0x7ff8959a0680>('duration')\nE    +    where <built-in method get of dict object at 0x7ff8959a0680> = {'attachments': [], 'color': 1, 'comments': [], 'createdAt': '2026-01-31T09:37:04.000Z', ...}.get","steps":[],"attachments":[{"uid":"958317cae2a25aa1","name":"HTTP Request","source":"958317cae2a25aa1.txt","type":"text/plain","size":112},{"uid":"6cfda46c4cbf4a62","name":"HTTP Response","source":"6cfda46c4cbf4a62.txt","type":"text/plain","size":456},{"uid":"f0ae9194860be35d","name":"log","source":"f0ae9194860be35d.txt","type":"text/plain","size":147},{"uid":"6c1415ccae7aa0e8","name":"stderr","source":"6c1415ccae7aa0e8.txt","type":"text/plain","size":104}],"parameters":[],"shouldDisplayMessage":true,"stepsCount":0,"attachmentsCount":4,"hasContent":true,"attachmentStep":false},"afterStages":[{"name":"rate_limit_pause::0","time":{"start":1769852224817,"stop":1769852225818,"duration":1001},"status":"passed","steps":[],"attachments":[],"parameters":[],"shouldDisplayMessage":false,"stepsCount":0,"attachmentsCount":0,"hasContent":false,"attachmentStep":false}],"labels":[{"name":"story","value":"Create Task"},{"name":"feature","value":"Tasks"},{"name":"tag","value":"POST"},{"name":"tag","value":"defaults"},{"name":"parentSuite","value":"tests.endpoints.tasks"},{"name":"suite","value":"test_tasks_create"},{"name":"host","value":"runnervmkj6or"},{"name":"thread","value":"2416-MainThread"},{"name":"framework","value":"pytest"},{"name":"language","value":"cpython3"},{"name":"package","value":"tests.endpoints.tasks.test_tasks_create"},{"name":"resultFormat","value":"allure2"}],"parameters":[],"links":[],"hidden":false,"retry":false,"extra":{"severity":"normal","retries":[],"categories":[{"name":"Product defects","matchedStatuses":[]}],"tags":["defaults","POST"]},"source":"637f6d951681320b.json","parameterValues":[]}