{"uid":"66a229a3c80a00c1","name":"test_create_defaults","fullName":"tests.endpoints.tasks.test_tasks_create#test_create_defaults","historyId":"ee201db1d23a3c503f932d76ae4b1209","time":{"start":1770371647547,"stop":1770371647963,"duration":416},"description":"Должны проставиться дефолты: status=1, progress=0, duration=1, type=task, color=1, estimation=0","descriptionHtml":"<p>Должны проставиться дефолты: status=1, progress=0, duration=1, type=task, color=1, estimation=0</p>\n","status":"failed","statusMessage":"AssertionError: assert 480 == 1440\n +  where 480 = <built-in method get of dict object at 0x7fc7e5d68440>('duration')\n +    where <built-in method get of dict object at 0x7fc7e5d68440> = {'attachments': [], 'color': 1, 'comments': [], 'createdAt': '2026-02-06T09:54:07.000Z', ...}.get","statusTrace":"tests/endpoints/tasks/test_tasks_create.py:89: in test_create_defaults\n    assert item.get(\"duration\") == 1440  # API uses minutes (1 day = 1440 minutes)\nE   AssertionError: assert 480 == 1440\nE    +  where 480 = <built-in method get of dict object at 0x7fc7e5d68440>('duration')\nE    +    where <built-in method get of dict object at 0x7fc7e5d68440> = {'attachments': [], 'color': 1, 'comments': [], 'createdAt': '2026-02-06T09:54:07.000Z', ...}.get","flaky":false,"newFailed":false,"newBroken":false,"newPassed":false,"retriesCount":0,"retriesStatusChange":false,"beforeStages":[{"name":"auth_headers","time":{"start":1770371570483,"stop":1770371570483,"duration":0},"status":"passed","steps":[],"attachments":[],"parameters":[],"shouldDisplayMessage":false,"stepsCount":0,"attachmentsCount":0,"hasContent":false,"attachmentStep":false},{"name":"client","time":{"start":1770371570483,"stop":1770371570483,"duration":0},"status":"passed","steps":[],"attachments":[],"parameters":[],"shouldDisplayMessage":false,"stepsCount":0,"attachmentsCount":0,"hasContent":false,"attachmentStep":false},{"name":"setup_reports_dir","time":{"start":1770371570483,"stop":1770371570483,"duration":0},"status":"passed","steps":[],"attachments":[],"parameters":[],"shouldDisplayMessage":false,"stepsCount":0,"attachmentsCount":0,"hasContent":false,"attachmentStep":false},{"name":"project_id","time":{"start":1770371570484,"stop":1770371570484,"duration":0},"status":"passed","steps":[],"attachments":[],"parameters":[],"shouldDisplayMessage":false,"stepsCount":0,"attachmentsCount":0,"hasContent":false,"attachmentStep":false},{"name":"rate_limit_pause","time":{"start":1770371647547,"stop":1770371647547,"duration":0},"status":"passed","steps":[],"attachments":[],"parameters":[],"shouldDisplayMessage":false,"stepsCount":0,"attachmentsCount":0,"hasContent":false,"attachmentStep":false}],"testStage":{"description":"Должны проставиться дефолты: status=1, progress=0, duration=1, type=task, color=1, estimation=0","status":"failed","statusMessage":"AssertionError: assert 480 == 1440\n +  where 480 = <built-in method get of dict object at 0x7fc7e5d68440>('duration')\n +    where <built-in method get of dict object at 0x7fc7e5d68440> = {'attachments': [], 'color': 1, 'comments': [], 'createdAt': '2026-02-06T09:54:07.000Z', ...}.get","statusTrace":"tests/endpoints/tasks/test_tasks_create.py:89: in test_create_defaults\n    assert item.get(\"duration\") == 1440  # API uses minutes (1 day = 1440 minutes)\nE   AssertionError: assert 480 == 1440\nE    +  where 480 = <built-in method get of dict object at 0x7fc7e5d68440>('duration')\nE    +    where <built-in method get of dict object at 0x7fc7e5d68440> = {'attachments': [], 'color': 1, 'comments': [], 'createdAt': '2026-02-06T09:54:07.000Z', ...}.get","steps":[],"attachments":[{"uid":"e105983e94e19e89","name":"HTTP Request","source":"e105983e94e19e89.txt","type":"text/plain","size":123},{"uid":"dea2cb6fc97f88df","name":"HTTP Response","source":"dea2cb6fc97f88df.txt","type":"text/plain","size":467},{"uid":"7643cd3083ce722a","name":"log","source":"7643cd3083ce722a.txt","type":"text/plain","size":147},{"uid":"1ec57ba1b0d8bd9","name":"stderr","source":"1ec57ba1b0d8bd9.txt","type":"text/plain","size":104}],"parameters":[],"shouldDisplayMessage":true,"stepsCount":0,"attachmentsCount":4,"hasContent":true,"attachmentStep":false},"afterStages":[{"name":"rate_limit_pause::0","time":{"start":1770371647974,"stop":1770371648975,"duration":1001},"status":"passed","steps":[],"attachments":[],"parameters":[],"shouldDisplayMessage":false,"stepsCount":0,"attachmentsCount":0,"hasContent":false,"attachmentStep":false}],"labels":[{"name":"tag","value":"POST"},{"name":"tag","value":"defaults"},{"name":"feature","value":"Tasks"},{"name":"story","value":"Create Task"},{"name":"parentSuite","value":"tests.endpoints.tasks"},{"name":"suite","value":"test_tasks_create"},{"name":"host","value":"runnervmkj6or"},{"name":"thread","value":"2353-MainThread"},{"name":"framework","value":"pytest"},{"name":"language","value":"cpython3"},{"name":"package","value":"tests.endpoints.tasks.test_tasks_create"},{"name":"resultFormat","value":"allure2"}],"parameters":[],"links":[],"hidden":false,"retry":false,"extra":{"severity":"normal","retries":[],"categories":[{"name":"Product defects","matchedStatuses":[]}],"tags":["defaults","POST"]},"source":"66a229a3c80a00c1.json","parameterValues":[]}