{"uid":"6e673bdd4b58b066","name":"test_get_time_log_by_project_id_missing_required_param","fullName":"tests.endpoints.timelogs.test_timelogs_get_by_project#test_get_time_log_by_project_id_missing_required_param","historyId":"9623cd9edd28d6a8eecc2a4aad578180","time":{"start":1771927268802,"stop":1771927269044,"duration":242},"description":"Test time log retrieval without required projectId param returns 404","descriptionHtml":"<p>Test time log retrieval without required projectId param returns 404</p>\n","status":"failed","statusMessage":"AssertionError: Expected status 404, got 400. URL: https://api.ganttpro.com/v1.0/timeLogs/getByProjectId, Response: [{\"code\":3005,\"msg\":\"Code: 3005: query must have required property 'projectId'\"}]","statusTrace":"tests/endpoints/timelogs/test_timelogs_get_by_project.py:45: in test_get_time_log_by_project_id_missing_required_param\n    assert_status_code(response, 404)\nsrc/assertions.py:28: in assert_status_code\n    assert response.status_code == expected_status, message\nE   AssertionError: Expected status 404, got 400. URL: https://api.ganttpro.com/v1.0/timeLogs/getByProjectId, Response: [{\"code\":3005,\"msg\":\"Code: 3005: query must have required property 'projectId'\"}]","flaky":false,"newFailed":false,"newBroken":false,"newPassed":false,"retriesCount":0,"retriesStatusChange":false,"beforeStages":[{"name":"client","time":{"start":1771927105826,"stop":1771927105827,"duration":1},"status":"passed","steps":[],"attachments":[],"parameters":[],"shouldDisplayMessage":false,"stepsCount":0,"attachmentsCount":0,"hasContent":false,"attachmentStep":false},{"name":"setup_reports_dir","time":{"start":1771927105826,"stop":1771927105826,"duration":0},"status":"passed","steps":[],"attachments":[],"parameters":[],"shouldDisplayMessage":false,"stepsCount":0,"attachmentsCount":0,"hasContent":false,"attachmentStep":false},{"name":"auth_headers","time":{"start":1771927105827,"stop":1771927105827,"duration":0},"status":"passed","steps":[],"attachments":[],"parameters":[],"shouldDisplayMessage":false,"stepsCount":0,"attachmentsCount":0,"hasContent":false,"attachmentStep":false},{"name":"rate_limit_pause","time":{"start":1771927268801,"stop":1771927268801,"duration":0},"status":"passed","steps":[],"attachments":[],"parameters":[],"shouldDisplayMessage":false,"stepsCount":0,"attachmentsCount":0,"hasContent":false,"attachmentStep":false}],"testStage":{"description":"Test time log retrieval without required projectId param returns 404","status":"failed","statusMessage":"AssertionError: Expected status 404, got 400. URL: https://api.ganttpro.com/v1.0/timeLogs/getByProjectId, Response: [{\"code\":3005,\"msg\":\"Code: 3005: query must have required property 'projectId'\"}]","statusTrace":"tests/endpoints/timelogs/test_timelogs_get_by_project.py:45: in test_get_time_log_by_project_id_missing_required_param\n    assert_status_code(response, 404)\nsrc/assertions.py:28: in assert_status_code\n    assert response.status_code == expected_status, message\nE   AssertionError: Expected status 404, got 400. URL: https://api.ganttpro.com/v1.0/timeLogs/getByProjectId, Response: [{\"code\":3005,\"msg\":\"Code: 3005: query must have required property 'projectId'\"}]","steps":[],"attachments":[{"uid":"f708dd2f29c23576","name":"log","source":"f708dd2f29c23576.txt","type":"text/plain","size":304},{"uid":"7d65b75e6704df80","name":"stderr","source":"7d65b75e6704df80.txt","type":"text/plain","size":240}],"parameters":[],"shouldDisplayMessage":true,"stepsCount":0,"attachmentsCount":2,"hasContent":true,"attachmentStep":false},"afterStages":[{"name":"rate_limit_pause::0","time":{"start":1771927269048,"stop":1771927270050,"duration":1002},"status":"passed","steps":[],"attachments":[],"parameters":[],"shouldDisplayMessage":false,"stepsCount":0,"attachmentsCount":0,"hasContent":false,"attachmentStep":false}],"labels":[{"name":"tag","value":"validation"},{"name":"story","value":"Get Timelogs by Project"},{"name":"tag","value":"GET"},{"name":"feature","value":"Timelogs"},{"name":"parentSuite","value":"tests.endpoints.timelogs"},{"name":"suite","value":"test_timelogs_get_by_project"},{"name":"host","value":"runnervmwffz4"},{"name":"thread","value":"2441-MainThread"},{"name":"framework","value":"pytest"},{"name":"language","value":"cpython3"},{"name":"package","value":"tests.endpoints.timelogs.test_timelogs_get_by_project"},{"name":"resultFormat","value":"allure2"}],"parameters":[],"links":[],"hidden":false,"retry":false,"extra":{"severity":"normal","retries":[],"categories":[{"name":"Product defects","matchedStatuses":[]}],"tags":["GET","validation"]},"source":"6e673bdd4b58b066.json","parameterValues":[]}