{"uid":"72a0b9ee50bc1107","name":"test_create_end_duration_calculates_start","fullName":"tests.endpoints.tasks.test_tasks_create#test_create_end_duration_calculates_start","historyId":"f6d2df045ce92ea952a9e17293a73c74","time":{"start":1770893160554,"stop":1770893286188,"duration":125634},"description":"Если передали endDate и duration без startDate — startDate должен быть по умолчанию","descriptionHtml":"<p>Если передали endDate и duration без startDate — startDate должен быть по умолчанию</p>\n","status":"failed","statusMessage":"AssertionError: Expected status 200, got 524. URL: https://api.ganttpro.com/v1.0/tasks, Response: <!DOCTYPE html>\n<html lang=\"en\">\n  <head>\n    <meta charset=\"UTF-8\" />\n    <meta\n      name=\"viewport\"\n      content=\"width=device-width, user-scalable=no, initial-scale=1.0, maximum-scale=1.0, minimu","statusTrace":"tests/endpoints/tasks/test_tasks_create.py:143: in test_create_end_duration_calculates_start\n    assert_status_code(response, 200)\nsrc/assertions.py:28: in assert_status_code\n    assert response.status_code == expected_status, message\nE   AssertionError: Expected status 200, got 524. URL: https://api.ganttpro.com/v1.0/tasks, Response: <!DOCTYPE html>\nE   <html lang=\"en\">\nE     <head>\nE       <meta charset=\"UTF-8\" />\nE       <meta\nE         name=\"viewport\"\nE         content=\"width=device-width, user-scalable=no, initial-scale=1.0, maximum-scale=1.0, minimu","flaky":false,"newFailed":false,"newBroken":false,"newPassed":false,"retriesCount":0,"retriesStatusChange":false,"beforeStages":[{"name":"auth_headers","time":{"start":1770890279673,"stop":1770890279673,"duration":0},"status":"passed","steps":[],"attachments":[],"parameters":[],"shouldDisplayMessage":false,"stepsCount":0,"attachmentsCount":0,"hasContent":false,"attachmentStep":false},{"name":"project_id","time":{"start":1770890279673,"stop":1770890279673,"duration":0},"status":"passed","steps":[],"attachments":[],"parameters":[],"shouldDisplayMessage":false,"stepsCount":0,"attachmentsCount":0,"hasContent":false,"attachmentStep":false},{"name":"setup_reports_dir","time":{"start":1770890279673,"stop":1770890279673,"duration":0},"status":"passed","steps":[],"attachments":[],"parameters":[],"shouldDisplayMessage":false,"stepsCount":0,"attachmentsCount":0,"hasContent":false,"attachmentStep":false},{"name":"client","time":{"start":1770890279673,"stop":1770890279673,"duration":0},"status":"passed","steps":[],"attachments":[],"parameters":[],"shouldDisplayMessage":false,"stepsCount":0,"attachmentsCount":0,"hasContent":false,"attachmentStep":false},{"name":"rate_limit_pause","time":{"start":1770893160554,"stop":1770893160554,"duration":0},"status":"passed","steps":[],"attachments":[],"parameters":[],"shouldDisplayMessage":false,"stepsCount":0,"attachmentsCount":0,"hasContent":false,"attachmentStep":false}],"testStage":{"description":"Если передали endDate и duration без startDate — startDate должен быть по умолчанию","status":"failed","statusMessage":"AssertionError: Expected status 200, got 524. URL: https://api.ganttpro.com/v1.0/tasks, Response: <!DOCTYPE html>\n<html lang=\"en\">\n  <head>\n    <meta charset=\"UTF-8\" />\n    <meta\n      name=\"viewport\"\n      content=\"width=device-width, user-scalable=no, initial-scale=1.0, maximum-scale=1.0, minimu","statusTrace":"tests/endpoints/tasks/test_tasks_create.py:143: in test_create_end_duration_calculates_start\n    assert_status_code(response, 200)\nsrc/assertions.py:28: in assert_status_code\n    assert response.status_code == expected_status, message\nE   AssertionError: Expected status 200, got 524. URL: https://api.ganttpro.com/v1.0/tasks, Response: <!DOCTYPE html>\nE   <html lang=\"en\">\nE     <head>\nE       <meta charset=\"UTF-8\" />\nE       <meta\nE         name=\"viewport\"\nE         content=\"width=device-width, user-scalable=no, initial-scale=1.0, maximum-scale=1.0, minimu","steps":[],"attachments":[{"uid":"1afb62f5236fcb21","name":"log","source":"1afb62f5236fcb21.txt","type":"text/plain","size":452902},{"uid":"64d64e2ab6043d20","name":"stderr","source":"64d64e2ab6043d20.txt","type":"text/plain","size":452839}],"parameters":[],"shouldDisplayMessage":true,"stepsCount":0,"attachmentsCount":2,"hasContent":true,"attachmentStep":false},"afterStages":[{"name":"rate_limit_pause::0","time":{"start":1770893286199,"stop":1770893287200,"duration":1001},"status":"passed","steps":[],"attachments":[],"parameters":[],"shouldDisplayMessage":false,"stepsCount":0,"attachmentsCount":0,"hasContent":false,"attachmentStep":false}],"labels":[{"name":"tag","value":"logic"},{"name":"tag","value":"POST"},{"name":"feature","value":"Tasks"},{"name":"story","value":"Create Task"},{"name":"parentSuite","value":"tests.endpoints.tasks"},{"name":"suite","value":"test_tasks_create"},{"name":"host","value":"runnervmwffz4"},{"name":"thread","value":"2382-MainThread"},{"name":"framework","value":"pytest"},{"name":"language","value":"cpython3"},{"name":"package","value":"tests.endpoints.tasks.test_tasks_create"},{"name":"resultFormat","value":"allure2"}],"parameters":[],"links":[],"hidden":false,"retry":false,"extra":{"severity":"normal","retries":[],"categories":[{"name":"Product defects","matchedStatuses":[]}],"tags":["POST","logic"]},"source":"72a0b9ee50bc1107.json","parameterValues":[]}