{"uid":"774d9bc8f927086d","name":"test_create_defaults","fullName":"tests.endpoints.tasks.test_tasks_create#test_create_defaults","historyId":"ee201db1d23a3c503f932d76ae4b1209","time":{"start":1769161095361,"stop":1769161095783,"duration":422},"description":"Должны проставиться дефолты: status=1, progress=0, duration=1, type=task, color=1, estimation=0","descriptionHtml":"<p>Должны проставиться дефолты: status=1, progress=0, duration=1, type=task, color=1, estimation=0</p>\n","status":"failed","statusMessage":"AssertionError: assert 480 == 1440\n +  where 480 = <built-in method get of dict object at 0x7f27e7d880c0>('duration')\n +    where <built-in method get of dict object at 0x7f27e7d880c0> = {'attachments': [], 'color': 1, 'comments': [], 'createdAt': '2026-01-23T09:38:15.000Z', ...}.get","statusTrace":"tests/endpoints/tasks/test_tasks_create.py:89: in test_create_defaults\n    assert item.get(\"duration\") == 1440  # API uses minutes (1 day = 1440 minutes)\nE   AssertionError: assert 480 == 1440\nE    +  where 480 = <built-in method get of dict object at 0x7f27e7d880c0>('duration')\nE    +    where <built-in method get of dict object at 0x7f27e7d880c0> = {'attachments': [], 'color': 1, 'comments': [], 'createdAt': '2026-01-23T09:38:15.000Z', ...}.get","flaky":false,"newFailed":false,"newBroken":false,"newPassed":false,"retriesCount":0,"retriesStatusChange":false,"beforeStages":[{"name":"client","time":{"start":1769161017024,"stop":1769161017024,"duration":0},"status":"passed","steps":[],"attachments":[],"parameters":[],"shouldDisplayMessage":false,"stepsCount":0,"attachmentsCount":0,"hasContent":false,"attachmentStep":false},{"name":"project_id","time":{"start":1769161017024,"stop":1769161017024,"duration":0},"status":"passed","steps":[],"attachments":[],"parameters":[],"shouldDisplayMessage":false,"stepsCount":0,"attachmentsCount":0,"hasContent":false,"attachmentStep":false},{"name":"auth_headers","time":{"start":1769161017024,"stop":1769161017024,"duration":0},"status":"passed","steps":[],"attachments":[],"parameters":[],"shouldDisplayMessage":false,"stepsCount":0,"attachmentsCount":0,"hasContent":false,"attachmentStep":false},{"name":"setup_reports_dir","time":{"start":1769161017024,"stop":1769161017024,"duration":0},"status":"passed","steps":[],"attachments":[],"parameters":[],"shouldDisplayMessage":false,"stepsCount":0,"attachmentsCount":0,"hasContent":false,"attachmentStep":false},{"name":"rate_limit_pause","time":{"start":1769161095360,"stop":1769161095361,"duration":1},"status":"passed","steps":[],"attachments":[],"parameters":[],"shouldDisplayMessage":false,"stepsCount":0,"attachmentsCount":0,"hasContent":false,"attachmentStep":false}],"testStage":{"description":"Должны проставиться дефолты: status=1, progress=0, duration=1, type=task, color=1, estimation=0","status":"failed","statusMessage":"AssertionError: assert 480 == 1440\n +  where 480 = <built-in method get of dict object at 0x7f27e7d880c0>('duration')\n +    where <built-in method get of dict object at 0x7f27e7d880c0> = {'attachments': [], 'color': 1, 'comments': [], 'createdAt': '2026-01-23T09:38:15.000Z', ...}.get","statusTrace":"tests/endpoints/tasks/test_tasks_create.py:89: in test_create_defaults\n    assert item.get(\"duration\") == 1440  # API uses minutes (1 day = 1440 minutes)\nE   AssertionError: assert 480 == 1440\nE    +  where 480 = <built-in method get of dict object at 0x7f27e7d880c0>('duration')\nE    +    where <built-in method get of dict object at 0x7f27e7d880c0> = {'attachments': [], 'color': 1, 'comments': [], 'createdAt': '2026-01-23T09:38:15.000Z', ...}.get","steps":[],"attachments":[{"uid":"feb25b992aa3c520","name":"HTTP Request","source":"feb25b992aa3c520.txt","type":"text/plain","size":123},{"uid":"ffad3ea7f1770d2d","name":"HTTP Response","source":"ffad3ea7f1770d2d.txt","type":"text/plain","size":466},{"uid":"417c7fd985046788","name":"log","source":"417c7fd985046788.txt","type":"text/plain","size":147},{"uid":"d0b28e3a684d3558","name":"stderr","source":"d0b28e3a684d3558.txt","type":"text/plain","size":104}],"parameters":[],"shouldDisplayMessage":true,"stepsCount":0,"attachmentsCount":4,"hasContent":true,"attachmentStep":false},"afterStages":[{"name":"rate_limit_pause::0","time":{"start":1769161095793,"stop":1769161096794,"duration":1001},"status":"passed","steps":[],"attachments":[],"parameters":[],"shouldDisplayMessage":false,"stepsCount":0,"attachmentsCount":0,"hasContent":false,"attachmentStep":false}],"labels":[{"name":"story","value":"Create Task"},{"name":"tag","value":"defaults"},{"name":"feature","value":"Tasks"},{"name":"tag","value":"POST"},{"name":"parentSuite","value":"tests.endpoints.tasks"},{"name":"suite","value":"test_tasks_create"},{"name":"host","value":"runnervmymu0l"},{"name":"thread","value":"2377-MainThread"},{"name":"framework","value":"pytest"},{"name":"language","value":"cpython3"},{"name":"package","value":"tests.endpoints.tasks.test_tasks_create"},{"name":"resultFormat","value":"allure2"}],"parameters":[],"links":[],"hidden":false,"retry":false,"extra":{"severity":"normal","retries":[],"categories":[{"name":"Product defects","matchedStatuses":[]}],"tags":["defaults","POST"]},"source":"774d9bc8f927086d.json","parameterValues":[]}