{"uid":"7c9cb070366ed26c","name":"test_get_time_log_not_found","fullName":"tests.endpoints.timelogs.test_timelogs_get_one#test_get_time_log_not_found","historyId":"1141978ad4f2879fe3f41e846c8fbcad","time":{"start":1771155962595,"stop":1771156087756,"duration":125161},"description":"Test getting non-existent time log returns 404 or 400","descriptionHtml":"<p>Test getting non-existent time log returns 404 or 400</p>\n","status":"failed","statusMessage":"AssertionError: Expected 404 or 400, got 524\nassert 524 in [404, 400]\n +  where 524 = <Response [524]>.status_code","statusTrace":"tests/endpoints/timelogs/test_timelogs_get_one.py:43: in test_get_time_log_not_found\n    assert response.status_code in [404, 400], f\"Expected 404 or 400, got {response.status_code}\"\nE   AssertionError: Expected 404 or 400, got 524\nE   assert 524 in [404, 400]\nE    +  where 524 = <Response [524]>.status_code","flaky":false,"newFailed":false,"newBroken":false,"newPassed":false,"retriesCount":0,"retriesStatusChange":false,"beforeStages":[{"name":"setup_reports_dir","time":{"start":1771148334579,"stop":1771148334579,"duration":0},"status":"passed","steps":[],"attachments":[],"parameters":[],"shouldDisplayMessage":false,"stepsCount":0,"attachmentsCount":0,"hasContent":false,"attachmentStep":false},{"name":"client","time":{"start":1771148334580,"stop":1771148334580,"duration":0},"status":"passed","steps":[],"attachments":[],"parameters":[],"shouldDisplayMessage":false,"stepsCount":0,"attachmentsCount":0,"hasContent":false,"attachmentStep":false},{"name":"auth_headers","time":{"start":1771148334580,"stop":1771148334580,"duration":0},"status":"passed","steps":[],"attachments":[],"parameters":[],"shouldDisplayMessage":false,"stepsCount":0,"attachmentsCount":0,"hasContent":false,"attachmentStep":false},{"name":"rate_limit_pause","time":{"start":1771155962595,"stop":1771155962595,"duration":0},"status":"passed","steps":[],"attachments":[],"parameters":[],"shouldDisplayMessage":false,"stepsCount":0,"attachmentsCount":0,"hasContent":false,"attachmentStep":false}],"testStage":{"description":"Test getting non-existent time log returns 404 or 400","status":"failed","statusMessage":"AssertionError: Expected 404 or 400, got 524\nassert 524 in [404, 400]\n +  where 524 = <Response [524]>.status_code","statusTrace":"tests/endpoints/timelogs/test_timelogs_get_one.py:43: in test_get_time_log_not_found\n    assert response.status_code in [404, 400], f\"Expected 404 or 400, got {response.status_code}\"\nE   AssertionError: Expected 404 or 400, got 524\nE   assert 524 in [404, 400]\nE    +  where 524 = <Response [524]>.status_code","steps":[],"attachments":[{"uid":"f54c0e700909f21e","name":"log","source":"f54c0e700909f21e.txt","type":"text/plain","size":452915},{"uid":"5665bdc6a2b2a84a","name":"stderr","source":"5665bdc6a2b2a84a.txt","type":"text/plain","size":452852}],"parameters":[],"shouldDisplayMessage":true,"stepsCount":0,"attachmentsCount":2,"hasContent":true,"attachmentStep":false},"afterStages":[{"name":"rate_limit_pause::0","time":{"start":1771156087759,"stop":1771156088760,"duration":1001},"status":"passed","steps":[],"attachments":[],"parameters":[],"shouldDisplayMessage":false,"stepsCount":0,"attachmentsCount":0,"hasContent":false,"attachmentStep":false}],"labels":[{"name":"tag","value":"negative"},{"name":"feature","value":"Timelogs"},{"name":"tag","value":"GET"},{"name":"story","value":"Get Timelog"},{"name":"parentSuite","value":"tests.endpoints.timelogs"},{"name":"suite","value":"test_timelogs_get_one"},{"name":"host","value":"runnervmjduv7"},{"name":"thread","value":"2350-MainThread"},{"name":"framework","value":"pytest"},{"name":"language","value":"cpython3"},{"name":"package","value":"tests.endpoints.timelogs.test_timelogs_get_one"},{"name":"resultFormat","value":"allure2"}],"parameters":[],"links":[],"hidden":false,"retry":false,"extra":{"severity":"normal","retries":[],"categories":[{"name":"Product defects","matchedStatuses":[]}],"tags":["negative","GET"]},"source":"7c9cb070366ed26c.json","parameterValues":[]}