{"uid":"88d06079bc8afb76","name":"test_delete_task_unauthorized","fullName":"tests.endpoints.tasks.test_tasks_delete_task#test_delete_task_unauthorized","historyId":"b60e5221cb056e19fc023392bffafa87","time":{"start":1772357905580,"stop":1772357905679,"duration":99},"description":"Test task delete without API key returns 401","descriptionHtml":"<p>Test task delete without API key returns 401</p>\n","status":"failed","statusMessage":"AssertionError: Expected status 401, got 400. URL: https://api.ganttpro.com/v1.0/tasks/199468244, Response: {\"code\":1,\"text\":\"Something went wrong. Please contact our support service to solve this issue\"}","statusTrace":"tests/endpoints/tasks/test_tasks_delete_task.py:16: in test_delete_task_unauthorized\n    assert_status_code(response, 401)\nsrc/assertions.py:28: in assert_status_code\n    assert response.status_code == expected_status, message\nE   AssertionError: Expected status 401, got 400. URL: https://api.ganttpro.com/v1.0/tasks/199468244, Response: {\"code\":1,\"text\":\"Something went wrong. Please contact our support service to solve this issue\"}","flaky":false,"newFailed":false,"newBroken":false,"newPassed":false,"retriesCount":0,"retriesStatusChange":false,"beforeStages":[{"name":"auth_headers","time":{"start":1772357786760,"stop":1772357786760,"duration":0},"status":"passed","steps":[],"attachments":[],"parameters":[],"shouldDisplayMessage":false,"stepsCount":0,"attachmentsCount":0,"hasContent":false,"attachmentStep":false},{"name":"setup_reports_dir","time":{"start":1772357786760,"stop":1772357786760,"duration":0},"status":"passed","steps":[],"attachments":[],"parameters":[],"shouldDisplayMessage":false,"stepsCount":0,"attachmentsCount":0,"hasContent":false,"attachmentStep":false},{"name":"client","time":{"start":1772357786760,"stop":1772357786760,"duration":0},"status":"passed","steps":[],"attachments":[],"parameters":[],"shouldDisplayMessage":false,"stepsCount":0,"attachmentsCount":0,"hasContent":false,"attachmentStep":false},{"name":"project_id","time":{"start":1772357786761,"stop":1772357786761,"duration":0},"status":"passed","steps":[],"attachments":[],"parameters":[],"shouldDisplayMessage":false,"stepsCount":0,"attachmentsCount":0,"hasContent":false,"attachmentStep":false},{"name":"test_task_id","time":{"start":1772357786761,"stop":1772357787467,"duration":706},"status":"passed","steps":[],"attachments":[],"parameters":[],"shouldDisplayMessage":false,"stepsCount":0,"attachmentsCount":0,"hasContent":false,"attachmentStep":false},{"name":"task_id","time":{"start":1772357787468,"stop":1772357787468,"duration":0},"status":"passed","steps":[],"attachments":[],"parameters":[],"shouldDisplayMessage":false,"stepsCount":0,"attachmentsCount":0,"hasContent":false,"attachmentStep":false},{"name":"rate_limit_pause","time":{"start":1772357905580,"stop":1772357905580,"duration":0},"status":"passed","steps":[],"attachments":[],"parameters":[],"shouldDisplayMessage":false,"stepsCount":0,"attachmentsCount":0,"hasContent":false,"attachmentStep":false}],"testStage":{"description":"Test task delete without API key returns 401","status":"failed","statusMessage":"AssertionError: Expected status 401, got 400. URL: https://api.ganttpro.com/v1.0/tasks/199468244, Response: {\"code\":1,\"text\":\"Something went wrong. Please contact our support service to solve this issue\"}","statusTrace":"tests/endpoints/tasks/test_tasks_delete_task.py:16: in test_delete_task_unauthorized\n    assert_status_code(response, 401)\nsrc/assertions.py:28: in assert_status_code\n    assert response.status_code == expected_status, message\nE   AssertionError: Expected status 401, got 400. URL: https://api.ganttpro.com/v1.0/tasks/199468244, Response: {\"code\":1,\"text\":\"Something went wrong. Please contact our support service to solve this issue\"}","steps":[],"attachments":[{"uid":"3c45f07b745db18","name":"log","source":"3c45f07b745db18.txt","type":"text/plain","size":314},{"uid":"72b213fa89ffd5e7","name":"stderr","source":"72b213fa89ffd5e7.txt","type":"text/plain","size":250}],"parameters":[],"shouldDisplayMessage":true,"stepsCount":0,"attachmentsCount":2,"hasContent":true,"attachmentStep":false},"afterStages":[{"name":"rate_limit_pause::0","time":{"start":1772357905683,"stop":1772357906685,"duration":1002},"status":"passed","steps":[],"attachments":[],"parameters":[],"shouldDisplayMessage":false,"stepsCount":0,"attachmentsCount":0,"hasContent":false,"attachmentStep":false},{"name":"test_task_id::0","time":{"start":1772357956497,"stop":1772357956945,"duration":448},"status":"passed","steps":[],"attachments":[],"parameters":[],"shouldDisplayMessage":false,"stepsCount":0,"attachmentsCount":0,"hasContent":false,"attachmentStep":false}],"labels":[{"name":"story","value":"Delete Task"},{"name":"feature","value":"Tasks"},{"name":"tag","value":"auth"},{"name":"tag","value":"DELETE"},{"name":"parentSuite","value":"tests.endpoints.tasks"},{"name":"suite","value":"test_tasks_delete_task"},{"name":"host","value":"runnervmnay03"},{"name":"thread","value":"2523-MainThread"},{"name":"framework","value":"pytest"},{"name":"language","value":"cpython3"},{"name":"package","value":"tests.endpoints.tasks.test_tasks_delete_task"},{"name":"resultFormat","value":"allure2"}],"parameters":[],"links":[],"hidden":false,"retry":false,"extra":{"severity":"normal","retries":[],"categories":[{"name":"Product defects","matchedStatuses":[]}],"tags":["DELETE","auth"]},"source":"88d06079bc8afb76.json","parameterValues":[]}