{"uid":"88f37ad7b8e761e0","name":"test_create_no_dates_sets_defaults","fullName":"tests.endpoints.tasks.test_tasks_create#test_create_no_dates_sets_defaults","historyId":"263b47fc7ce42764df3d75634c029a89","time":{"start":1772357895311,"stop":1772357895752,"duration":441},"description":"Без startDate/endDate/duration должны выставиться дефолтные даты","descriptionHtml":"<p>Без startDate/endDate/duration должны выставиться дефолтные даты</p>\n","status":"failed","statusMessage":"AssertionError: assert 480 == 1440\n +  where 480 = <built-in method get of dict object at 0x7f00fc156680>('duration')\n +    where <built-in method get of dict object at 0x7f00fc156680> = {'attachments': [], 'color': 1, 'comments': [], 'createdAt': '2026-03-01T09:38:15.000Z', ...}.get","statusTrace":"tests/endpoints/tasks/test_tasks_create.py:519: in test_create_no_dates_sets_defaults\n    assert item.get(\"duration\") == 1440  # Default duration in minutes\nE   AssertionError: assert 480 == 1440\nE    +  where 480 = <built-in method get of dict object at 0x7f00fc156680>('duration')\nE    +    where <built-in method get of dict object at 0x7f00fc156680> = {'attachments': [], 'color': 1, 'comments': [], 'createdAt': '2026-03-01T09:38:15.000Z', ...}.get","flaky":false,"newFailed":false,"newBroken":false,"newPassed":false,"retriesCount":0,"retriesStatusChange":false,"beforeStages":[{"name":"auth_headers","time":{"start":1772357786760,"stop":1772357786760,"duration":0},"status":"passed","steps":[],"attachments":[],"parameters":[],"shouldDisplayMessage":false,"stepsCount":0,"attachmentsCount":0,"hasContent":false,"attachmentStep":false},{"name":"setup_reports_dir","time":{"start":1772357786760,"stop":1772357786760,"duration":0},"status":"passed","steps":[],"attachments":[],"parameters":[],"shouldDisplayMessage":false,"stepsCount":0,"attachmentsCount":0,"hasContent":false,"attachmentStep":false},{"name":"client","time":{"start":1772357786760,"stop":1772357786760,"duration":0},"status":"passed","steps":[],"attachments":[],"parameters":[],"shouldDisplayMessage":false,"stepsCount":0,"attachmentsCount":0,"hasContent":false,"attachmentStep":false},{"name":"project_id","time":{"start":1772357786761,"stop":1772357786761,"duration":0},"status":"passed","steps":[],"attachments":[],"parameters":[],"shouldDisplayMessage":false,"stepsCount":0,"attachmentsCount":0,"hasContent":false,"attachmentStep":false},{"name":"rate_limit_pause","time":{"start":1772357895310,"stop":1772357895310,"duration":0},"status":"passed","steps":[],"attachments":[],"parameters":[],"shouldDisplayMessage":false,"stepsCount":0,"attachmentsCount":0,"hasContent":false,"attachmentStep":false}],"testStage":{"description":"Без startDate/endDate/duration должны выставиться дефолтные даты","status":"failed","statusMessage":"AssertionError: assert 480 == 1440\n +  where 480 = <built-in method get of dict object at 0x7f00fc156680>('duration')\n +    where <built-in method get of dict object at 0x7f00fc156680> = {'attachments': [], 'color': 1, 'comments': [], 'createdAt': '2026-03-01T09:38:15.000Z', ...}.get","statusTrace":"tests/endpoints/tasks/test_tasks_create.py:519: in test_create_no_dates_sets_defaults\n    assert item.get(\"duration\") == 1440  # Default duration in minutes\nE   AssertionError: assert 480 == 1440\nE    +  where 480 = <built-in method get of dict object at 0x7f00fc156680>('duration')\nE    +    where <built-in method get of dict object at 0x7f00fc156680> = {'attachments': [], 'color': 1, 'comments': [], 'createdAt': '2026-03-01T09:38:15.000Z', ...}.get","steps":[],"attachments":[{"uid":"35ec0a15e2a83c4c","name":"HTTP Request","source":"35ec0a15e2a83c4c.txt","type":"text/plain","size":112},{"uid":"8fc3eebcd0496034","name":"HTTP Response","source":"8fc3eebcd0496034.txt","type":"text/plain","size":456},{"uid":"ec827d2ec9cc6902","name":"log","source":"ec827d2ec9cc6902.txt","type":"text/plain","size":147},{"uid":"102ce30aa4bab78a","name":"stderr","source":"102ce30aa4bab78a.txt","type":"text/plain","size":104}],"parameters":[],"shouldDisplayMessage":true,"stepsCount":0,"attachmentsCount":4,"hasContent":true,"attachmentStep":false},"afterStages":[{"name":"rate_limit_pause::0","time":{"start":1772357895762,"stop":1772357896763,"duration":1001},"status":"passed","steps":[],"attachments":[],"parameters":[],"shouldDisplayMessage":false,"stepsCount":0,"attachmentsCount":0,"hasContent":false,"attachmentStep":false}],"labels":[{"name":"story","value":"Create Task"},{"name":"feature","value":"Tasks"},{"name":"tag","value":"defaults"},{"name":"tag","value":"POST"},{"name":"parentSuite","value":"tests.endpoints.tasks"},{"name":"suite","value":"test_tasks_create"},{"name":"host","value":"runnervmnay03"},{"name":"thread","value":"2523-MainThread"},{"name":"framework","value":"pytest"},{"name":"language","value":"cpython3"},{"name":"package","value":"tests.endpoints.tasks.test_tasks_create"},{"name":"resultFormat","value":"allure2"}],"parameters":[],"links":[],"hidden":false,"retry":false,"extra":{"severity":"normal","retries":[],"categories":[{"name":"Product defects","matchedStatuses":[]}],"tags":["defaults","POST"]},"source":"88f37ad7b8e761e0.json","parameterValues":[]}