{"uid":"8b1bad8dc4aca8ef","name":"test_create_no_dates_sets_defaults","fullName":"tests.endpoints.tasks.test_tasks_create#test_create_no_dates_sets_defaults","historyId":"263b47fc7ce42764df3d75634c029a89","time":{"start":1769074878900,"stop":1769074879333,"duration":433},"description":"Без startDate/endDate/duration должны выставиться дефолтные даты","descriptionHtml":"<p>Без startDate/endDate/duration должны выставиться дефолтные даты</p>\n","status":"failed","statusMessage":"AssertionError: assert 480 == 1440\n +  where 480 = <built-in method get of dict object at 0x7fdd8ea95600>('duration')\n +    where <built-in method get of dict object at 0x7fdd8ea95600> = {'attachments': [], 'color': 1, 'comments': [], 'createdAt': '2026-01-22T09:41:19.000Z', ...}.get","statusTrace":"tests/endpoints/tasks/test_tasks_create.py:519: in test_create_no_dates_sets_defaults\n    assert item.get(\"duration\") == 1440  # Default duration in minutes\nE   AssertionError: assert 480 == 1440\nE    +  where 480 = <built-in method get of dict object at 0x7fdd8ea95600>('duration')\nE    +    where <built-in method get of dict object at 0x7fdd8ea95600> = {'attachments': [], 'color': 1, 'comments': [], 'createdAt': '2026-01-22T09:41:19.000Z', ...}.get","flaky":false,"newFailed":false,"newBroken":false,"newPassed":false,"retriesCount":0,"retriesStatusChange":false,"beforeStages":[{"name":"client","time":{"start":1769074767685,"stop":1769074767686,"duration":1},"status":"passed","steps":[],"attachments":[],"parameters":[],"shouldDisplayMessage":false,"stepsCount":0,"attachmentsCount":0,"hasContent":false,"attachmentStep":false},{"name":"setup_reports_dir","time":{"start":1769074767685,"stop":1769074767685,"duration":0},"status":"passed","steps":[],"attachments":[],"parameters":[],"shouldDisplayMessage":false,"stepsCount":0,"attachmentsCount":0,"hasContent":false,"attachmentStep":false},{"name":"project_id","time":{"start":1769074767686,"stop":1769074767686,"duration":0},"status":"passed","steps":[],"attachments":[],"parameters":[],"shouldDisplayMessage":false,"stepsCount":0,"attachmentsCount":0,"hasContent":false,"attachmentStep":false},{"name":"auth_headers","time":{"start":1769074767686,"stop":1769074767686,"duration":0},"status":"passed","steps":[],"attachments":[],"parameters":[],"shouldDisplayMessage":false,"stepsCount":0,"attachmentsCount":0,"hasContent":false,"attachmentStep":false},{"name":"rate_limit_pause","time":{"start":1769074878900,"stop":1769074878900,"duration":0},"status":"passed","steps":[],"attachments":[],"parameters":[],"shouldDisplayMessage":false,"stepsCount":0,"attachmentsCount":0,"hasContent":false,"attachmentStep":false}],"testStage":{"description":"Без startDate/endDate/duration должны выставиться дефолтные даты","status":"failed","statusMessage":"AssertionError: assert 480 == 1440\n +  where 480 = <built-in method get of dict object at 0x7fdd8ea95600>('duration')\n +    where <built-in method get of dict object at 0x7fdd8ea95600> = {'attachments': [], 'color': 1, 'comments': [], 'createdAt': '2026-01-22T09:41:19.000Z', ...}.get","statusTrace":"tests/endpoints/tasks/test_tasks_create.py:519: in test_create_no_dates_sets_defaults\n    assert item.get(\"duration\") == 1440  # Default duration in minutes\nE   AssertionError: assert 480 == 1440\nE    +  where 480 = <built-in method get of dict object at 0x7fdd8ea95600>('duration')\nE    +    where <built-in method get of dict object at 0x7fdd8ea95600> = {'attachments': [], 'color': 1, 'comments': [], 'createdAt': '2026-01-22T09:41:19.000Z', ...}.get","steps":[],"attachments":[{"uid":"210e88515a0dbae2","name":"HTTP Request","source":"210e88515a0dbae2.txt","type":"text/plain","size":112},{"uid":"9fdaaf565d4e96c0","name":"HTTP Response","source":"9fdaaf565d4e96c0.txt","type":"text/plain","size":455},{"uid":"b9023b1d7d3fa202","name":"log","source":"b9023b1d7d3fa202.txt","type":"text/plain","size":147},{"uid":"e13805bf2eaf4c15","name":"stderr","source":"e13805bf2eaf4c15.txt","type":"text/plain","size":104}],"parameters":[],"shouldDisplayMessage":true,"stepsCount":0,"attachmentsCount":4,"hasContent":true,"attachmentStep":false},"afterStages":[{"name":"rate_limit_pause::0","time":{"start":1769074879342,"stop":1769074880343,"duration":1001},"status":"passed","steps":[],"attachments":[],"parameters":[],"shouldDisplayMessage":false,"stepsCount":0,"attachmentsCount":0,"hasContent":false,"attachmentStep":false}],"labels":[{"name":"story","value":"Create Task"},{"name":"tag","value":"defaults"},{"name":"tag","value":"POST"},{"name":"feature","value":"Tasks"},{"name":"parentSuite","value":"tests.endpoints.tasks"},{"name":"suite","value":"test_tasks_create"},{"name":"host","value":"runnervmmtnos"},{"name":"thread","value":"2383-MainThread"},{"name":"framework","value":"pytest"},{"name":"language","value":"cpython3"},{"name":"package","value":"tests.endpoints.tasks.test_tasks_create"},{"name":"resultFormat","value":"allure2"}],"parameters":[],"links":[],"hidden":false,"retry":false,"extra":{"severity":"normal","retries":[],"categories":[{"name":"Product defects","matchedStatuses":[]}],"tags":["defaults","POST"]},"source":"8b1bad8dc4aca8ef.json","parameterValues":[]}