{"uid":"948ef7a02ccfaf54","name":"test_create_defaults","fullName":"tests.endpoints.tasks.test_tasks_create#test_create_defaults","historyId":"ee201db1d23a3c503f932d76ae4b1209","time":{"start":1772357864165,"stop":1772357864608,"duration":443},"description":"Должны проставиться дефолты: status=1, progress=0, duration=1, type=task, color=1, estimation=0","descriptionHtml":"<p>Должны проставиться дефолты: status=1, progress=0, duration=1, type=task, color=1, estimation=0</p>\n","status":"failed","statusMessage":"AssertionError: assert 480 == 1440\n +  where 480 = <built-in method get of dict object at 0x7f00fc038880>('duration')\n +    where <built-in method get of dict object at 0x7f00fc038880> = {'attachments': [], 'color': 1, 'comments': [], 'createdAt': '2026-03-01T09:37:44.000Z', ...}.get","statusTrace":"tests/endpoints/tasks/test_tasks_create.py:89: in test_create_defaults\n    assert item.get(\"duration\") == 1440  # API uses minutes (1 day = 1440 minutes)\nE   AssertionError: assert 480 == 1440\nE    +  where 480 = <built-in method get of dict object at 0x7f00fc038880>('duration')\nE    +    where <built-in method get of dict object at 0x7f00fc038880> = {'attachments': [], 'color': 1, 'comments': [], 'createdAt': '2026-03-01T09:37:44.000Z', ...}.get","flaky":false,"newFailed":false,"newBroken":false,"newPassed":false,"retriesCount":0,"retriesStatusChange":false,"beforeStages":[{"name":"setup_reports_dir","time":{"start":1772357786760,"stop":1772357786760,"duration":0},"status":"passed","steps":[],"attachments":[],"parameters":[],"shouldDisplayMessage":false,"stepsCount":0,"attachmentsCount":0,"hasContent":false,"attachmentStep":false},{"name":"auth_headers","time":{"start":1772357786760,"stop":1772357786760,"duration":0},"status":"passed","steps":[],"attachments":[],"parameters":[],"shouldDisplayMessage":false,"stepsCount":0,"attachmentsCount":0,"hasContent":false,"attachmentStep":false},{"name":"client","time":{"start":1772357786760,"stop":1772357786760,"duration":0},"status":"passed","steps":[],"attachments":[],"parameters":[],"shouldDisplayMessage":false,"stepsCount":0,"attachmentsCount":0,"hasContent":false,"attachmentStep":false},{"name":"project_id","time":{"start":1772357786761,"stop":1772357786761,"duration":0},"status":"passed","steps":[],"attachments":[],"parameters":[],"shouldDisplayMessage":false,"stepsCount":0,"attachmentsCount":0,"hasContent":false,"attachmentStep":false},{"name":"rate_limit_pause","time":{"start":1772357864165,"stop":1772357864165,"duration":0},"status":"passed","steps":[],"attachments":[],"parameters":[],"shouldDisplayMessage":false,"stepsCount":0,"attachmentsCount":0,"hasContent":false,"attachmentStep":false}],"testStage":{"description":"Должны проставиться дефолты: status=1, progress=0, duration=1, type=task, color=1, estimation=0","status":"failed","statusMessage":"AssertionError: assert 480 == 1440\n +  where 480 = <built-in method get of dict object at 0x7f00fc038880>('duration')\n +    where <built-in method get of dict object at 0x7f00fc038880> = {'attachments': [], 'color': 1, 'comments': [], 'createdAt': '2026-03-01T09:37:44.000Z', ...}.get","statusTrace":"tests/endpoints/tasks/test_tasks_create.py:89: in test_create_defaults\n    assert item.get(\"duration\") == 1440  # API uses minutes (1 day = 1440 minutes)\nE   AssertionError: assert 480 == 1440\nE    +  where 480 = <built-in method get of dict object at 0x7f00fc038880>('duration')\nE    +    where <built-in method get of dict object at 0x7f00fc038880> = {'attachments': [], 'color': 1, 'comments': [], 'createdAt': '2026-03-01T09:37:44.000Z', ...}.get","steps":[],"attachments":[{"uid":"fb783b15b265a4f8","name":"HTTP Request","source":"fb783b15b265a4f8.txt","type":"text/plain","size":123},{"uid":"7588ade8fee7294c","name":"HTTP Response","source":"7588ade8fee7294c.txt","type":"text/plain","size":467},{"uid":"1f5ecc33cb465c07","name":"log","source":"1f5ecc33cb465c07.txt","type":"text/plain","size":147},{"uid":"32f77b7181e88d3b","name":"stderr","source":"32f77b7181e88d3b.txt","type":"text/plain","size":104}],"parameters":[],"shouldDisplayMessage":true,"stepsCount":0,"attachmentsCount":4,"hasContent":true,"attachmentStep":false},"afterStages":[{"name":"rate_limit_pause::0","time":{"start":1772357864618,"stop":1772357865619,"duration":1001},"status":"passed","steps":[],"attachments":[],"parameters":[],"shouldDisplayMessage":false,"stepsCount":0,"attachmentsCount":0,"hasContent":false,"attachmentStep":false}],"labels":[{"name":"story","value":"Create Task"},{"name":"feature","value":"Tasks"},{"name":"tag","value":"defaults"},{"name":"tag","value":"POST"},{"name":"parentSuite","value":"tests.endpoints.tasks"},{"name":"suite","value":"test_tasks_create"},{"name":"host","value":"runnervmnay03"},{"name":"thread","value":"2523-MainThread"},{"name":"framework","value":"pytest"},{"name":"language","value":"cpython3"},{"name":"package","value":"tests.endpoints.tasks.test_tasks_create"},{"name":"resultFormat","value":"allure2"}],"parameters":[],"links":[],"hidden":false,"retry":false,"extra":{"severity":"normal","retries":[],"categories":[{"name":"Product defects","matchedStatuses":[]}],"tags":["defaults","POST"]},"source":"948ef7a02ccfaf54.json","parameterValues":[]}