{"uid":"9caa58debf02aa7e","name":"test_create_defaults","fullName":"tests.endpoints.tasks.test_tasks_create#test_create_defaults","historyId":"ee201db1d23a3c503f932d76ae4b1209","time":{"start":1771927187721,"stop":1771927188184,"duration":463},"description":"Должны проставиться дефолты: status=1, progress=0, duration=1, type=task, color=1, estimation=0","descriptionHtml":"<p>Должны проставиться дефолты: status=1, progress=0, duration=1, type=task, color=1, estimation=0</p>\n","status":"failed","statusMessage":"AssertionError: assert 480 == 1440\n +  where 480 = <built-in method get of dict object at 0x7f5f59bd9780>('duration')\n +    where <built-in method get of dict object at 0x7f5f59bd9780> = {'attachments': [], 'color': 1, 'comments': [], 'createdAt': '2026-02-24T09:59:48.000Z', ...}.get","statusTrace":"tests/endpoints/tasks/test_tasks_create.py:89: in test_create_defaults\n    assert item.get(\"duration\") == 1440  # API uses minutes (1 day = 1440 minutes)\nE   AssertionError: assert 480 == 1440\nE    +  where 480 = <built-in method get of dict object at 0x7f5f59bd9780>('duration')\nE    +    where <built-in method get of dict object at 0x7f5f59bd9780> = {'attachments': [], 'color': 1, 'comments': [], 'createdAt': '2026-02-24T09:59:48.000Z', ...}.get","flaky":false,"newFailed":false,"newBroken":false,"newPassed":false,"retriesCount":0,"retriesStatusChange":false,"beforeStages":[{"name":"client","time":{"start":1771927105826,"stop":1771927105827,"duration":1},"status":"passed","steps":[],"attachments":[],"parameters":[],"shouldDisplayMessage":false,"stepsCount":0,"attachmentsCount":0,"hasContent":false,"attachmentStep":false},{"name":"setup_reports_dir","time":{"start":1771927105826,"stop":1771927105826,"duration":0},"status":"passed","steps":[],"attachments":[],"parameters":[],"shouldDisplayMessage":false,"stepsCount":0,"attachmentsCount":0,"hasContent":false,"attachmentStep":false},{"name":"auth_headers","time":{"start":1771927105827,"stop":1771927105827,"duration":0},"status":"passed","steps":[],"attachments":[],"parameters":[],"shouldDisplayMessage":false,"stepsCount":0,"attachmentsCount":0,"hasContent":false,"attachmentStep":false},{"name":"project_id","time":{"start":1771927105827,"stop":1771927105827,"duration":0},"status":"passed","steps":[],"attachments":[],"parameters":[],"shouldDisplayMessage":false,"stepsCount":0,"attachmentsCount":0,"hasContent":false,"attachmentStep":false},{"name":"rate_limit_pause","time":{"start":1771927187720,"stop":1771927187720,"duration":0},"status":"passed","steps":[],"attachments":[],"parameters":[],"shouldDisplayMessage":false,"stepsCount":0,"attachmentsCount":0,"hasContent":false,"attachmentStep":false}],"testStage":{"description":"Должны проставиться дефолты: status=1, progress=0, duration=1, type=task, color=1, estimation=0","status":"failed","statusMessage":"AssertionError: assert 480 == 1440\n +  where 480 = <built-in method get of dict object at 0x7f5f59bd9780>('duration')\n +    where <built-in method get of dict object at 0x7f5f59bd9780> = {'attachments': [], 'color': 1, 'comments': [], 'createdAt': '2026-02-24T09:59:48.000Z', ...}.get","statusTrace":"tests/endpoints/tasks/test_tasks_create.py:89: in test_create_defaults\n    assert item.get(\"duration\") == 1440  # API uses minutes (1 day = 1440 minutes)\nE   AssertionError: assert 480 == 1440\nE    +  where 480 = <built-in method get of dict object at 0x7f5f59bd9780>('duration')\nE    +    where <built-in method get of dict object at 0x7f5f59bd9780> = {'attachments': [], 'color': 1, 'comments': [], 'createdAt': '2026-02-24T09:59:48.000Z', ...}.get","steps":[],"attachments":[{"uid":"d6c1a3a4a8673530","name":"HTTP Request","source":"d6c1a3a4a8673530.txt","type":"text/plain","size":123},{"uid":"416b3649062b27b0","name":"HTTP Response","source":"416b3649062b27b0.txt","type":"text/plain","size":467},{"uid":"b9aeb437b5f3e1d8","name":"log","source":"b9aeb437b5f3e1d8.txt","type":"text/plain","size":147},{"uid":"e684fd61b1ed32e3","name":"stderr","source":"e684fd61b1ed32e3.txt","type":"text/plain","size":104}],"parameters":[],"shouldDisplayMessage":true,"stepsCount":0,"attachmentsCount":4,"hasContent":true,"attachmentStep":false},"afterStages":[{"name":"rate_limit_pause::0","time":{"start":1771927188193,"stop":1771927189195,"duration":1002},"status":"passed","steps":[],"attachments":[],"parameters":[],"shouldDisplayMessage":false,"stepsCount":0,"attachmentsCount":0,"hasContent":false,"attachmentStep":false}],"labels":[{"name":"feature","value":"Tasks"},{"name":"tag","value":"defaults"},{"name":"tag","value":"POST"},{"name":"story","value":"Create Task"},{"name":"parentSuite","value":"tests.endpoints.tasks"},{"name":"suite","value":"test_tasks_create"},{"name":"host","value":"runnervmwffz4"},{"name":"thread","value":"2441-MainThread"},{"name":"framework","value":"pytest"},{"name":"language","value":"cpython3"},{"name":"package","value":"tests.endpoints.tasks.test_tasks_create"},{"name":"resultFormat","value":"allure2"}],"parameters":[],"links":[],"hidden":false,"retry":false,"extra":{"severity":"normal","retries":[],"categories":[{"name":"Product defects","matchedStatuses":[]}],"tags":["defaults","POST"]},"source":"9caa58debf02aa7e.json","parameterValues":[]}