{"uid":"a097e301bef0f272","name":"test_update_unauthorized","fullName":"tests.endpoints.tasks.test_tasks_update#test_update_unauthorized","historyId":"10ffd0d5f8cf4df70d05e11edbb60cbd","time":{"start":1771408749254,"stop":1771408749367,"duration":113},"description":"Test task update without API key returns 401","descriptionHtml":"<p>Test task update without API key returns 401</p>\n","status":"failed","statusMessage":"AssertionError: Expected status 401, got 400. URL: https://api.ganttpro.com/v1.0/tasks/194872592, Response: {\"code\":1,\"text\":\"Something went wrong. Please contact our support service to solve this issue\"}","statusTrace":"tests/endpoints/tasks/test_tasks_update.py:35: in test_update_unauthorized\n    assert_status_code(response, 401)\nsrc/assertions.py:28: in assert_status_code\n    assert response.status_code == expected_status, message\nE   AssertionError: Expected status 401, got 400. URL: https://api.ganttpro.com/v1.0/tasks/194872592, Response: {\"code\":1,\"text\":\"Something went wrong. Please contact our support service to solve this issue\"}","flaky":false,"newFailed":false,"newBroken":false,"newPassed":false,"retriesCount":0,"retriesStatusChange":false,"beforeStages":[{"name":"setup_reports_dir","time":{"start":1771408616990,"stop":1771408616990,"duration":0},"status":"passed","steps":[],"attachments":[],"parameters":[],"shouldDisplayMessage":false,"stepsCount":0,"attachmentsCount":0,"hasContent":false,"attachmentStep":false},{"name":"auth_headers","time":{"start":1771408616990,"stop":1771408616990,"duration":0},"status":"passed","steps":[],"attachments":[],"parameters":[],"shouldDisplayMessage":false,"stepsCount":0,"attachmentsCount":0,"hasContent":false,"attachmentStep":false},{"name":"project_id","time":{"start":1771408616990,"stop":1771408616990,"duration":0},"status":"passed","steps":[],"attachments":[],"parameters":[],"shouldDisplayMessage":false,"stepsCount":0,"attachmentsCount":0,"hasContent":false,"attachmentStep":false},{"name":"client","time":{"start":1771408616990,"stop":1771408616990,"duration":0},"status":"passed","steps":[],"attachments":[],"parameters":[],"shouldDisplayMessage":false,"stepsCount":0,"attachmentsCount":0,"hasContent":false,"attachmentStep":false},{"name":"rate_limit_pause","time":{"start":1771408748635,"stop":1771408748635,"duration":0},"status":"passed","steps":[],"attachments":[],"parameters":[],"shouldDisplayMessage":false,"stepsCount":0,"attachmentsCount":0,"hasContent":false,"attachmentStep":false},{"name":"fresh_task_id","time":{"start":1771408748635,"stop":1771408749253,"duration":618},"status":"passed","steps":[],"attachments":[],"parameters":[],"shouldDisplayMessage":false,"stepsCount":0,"attachmentsCount":0,"hasContent":false,"attachmentStep":false}],"testStage":{"description":"Test task update without API key returns 401","status":"failed","statusMessage":"AssertionError: Expected status 401, got 400. URL: https://api.ganttpro.com/v1.0/tasks/194872592, Response: {\"code\":1,\"text\":\"Something went wrong. Please contact our support service to solve this issue\"}","statusTrace":"tests/endpoints/tasks/test_tasks_update.py:35: in test_update_unauthorized\n    assert_status_code(response, 401)\nsrc/assertions.py:28: in assert_status_code\n    assert response.status_code == expected_status, message\nE   AssertionError: Expected status 401, got 400. URL: https://api.ganttpro.com/v1.0/tasks/194872592, Response: {\"code\":1,\"text\":\"Something went wrong. Please contact our support service to solve this issue\"}","steps":[],"attachments":[{"uid":"f91b1147e3ed18be","name":"log","source":"f91b1147e3ed18be.txt","type":"text/plain","size":619},{"uid":"67ac1dc1becc74e9","name":"stderr","source":"67ac1dc1becc74e9.txt","type":"text/plain","size":467}],"parameters":[],"shouldDisplayMessage":true,"stepsCount":0,"attachmentsCount":2,"hasContent":true,"attachmentStep":false},"afterStages":[{"name":"fresh_task_id::0","time":{"start":1771408749371,"stop":1771408749792,"duration":421},"status":"passed","steps":[],"attachments":[],"parameters":[],"shouldDisplayMessage":false,"stepsCount":0,"attachmentsCount":0,"hasContent":false,"attachmentStep":false},{"name":"rate_limit_pause::0","time":{"start":1771408749793,"stop":1771408750794,"duration":1001},"status":"passed","steps":[],"attachments":[],"parameters":[],"shouldDisplayMessage":false,"stepsCount":0,"attachmentsCount":0,"hasContent":false,"attachmentStep":false}],"labels":[{"name":"feature","value":"Tasks"},{"name":"tag","value":"auth"},{"name":"tag","value":"PUT"},{"name":"story","value":"Update Task"},{"name":"parentSuite","value":"tests.endpoints.tasks"},{"name":"suite","value":"test_tasks_update"},{"name":"host","value":"runnervmjduv7"},{"name":"thread","value":"2420-MainThread"},{"name":"framework","value":"pytest"},{"name":"language","value":"cpython3"},{"name":"package","value":"tests.endpoints.tasks.test_tasks_update"},{"name":"resultFormat","value":"allure2"}],"parameters":[],"links":[],"hidden":false,"retry":false,"extra":{"severity":"normal","retries":[],"categories":[{"name":"Product defects","matchedStatuses":[]}],"tags":["auth","PUT"]},"source":"a097e301bef0f272.json","parameterValues":[]}