{"uid":"b0f44b4afdc78931","name":"test_update_time_log_invalid_id","fullName":"tests.endpoints.timelogs.test_timelogs_update#test_update_time_log_invalid_id","historyId":"dd5277acb4f519e9ad15d019d0634ba4","time":{"start":1771243850699,"stop":1771243976220,"duration":125521},"description":"Test time log update with invalid ID returns 400 or 404","descriptionHtml":"<p>Test time log update with invalid ID returns 400 or 404</p>\n","status":"failed","statusMessage":"AssertionError: Expected 400 or 404, got 524\nassert 524 in [400, 404]\n +  where 524 = <Response [524]>.status_code","statusTrace":"tests/endpoints/timelogs/test_timelogs_update.py:47: in test_update_time_log_invalid_id\n    assert response.status_code in [400, 404], f\"Expected 400 or 404, got {response.status_code}\"\nE   AssertionError: Expected 400 or 404, got 524\nE   assert 524 in [400, 404]\nE    +  where 524 = <Response [524]>.status_code","flaky":false,"newFailed":false,"newBroken":false,"newPassed":false,"retriesCount":0,"retriesStatusChange":false,"beforeStages":[{"name":"setup_reports_dir","time":{"start":1771236098747,"stop":1771236098748,"duration":1},"status":"passed","steps":[],"attachments":[],"parameters":[],"shouldDisplayMessage":false,"stepsCount":0,"attachmentsCount":0,"hasContent":false,"attachmentStep":false},{"name":"auth_headers","time":{"start":1771236098748,"stop":1771236098748,"duration":0},"status":"passed","steps":[],"attachments":[],"parameters":[],"shouldDisplayMessage":false,"stepsCount":0,"attachmentsCount":0,"hasContent":false,"attachmentStep":false},{"name":"client","time":{"start":1771236098748,"stop":1771236098748,"duration":0},"status":"passed","steps":[],"attachments":[],"parameters":[],"shouldDisplayMessage":false,"stepsCount":0,"attachmentsCount":0,"hasContent":false,"attachmentStep":false},{"name":"rate_limit_pause","time":{"start":1771243850698,"stop":1771243850698,"duration":0},"status":"passed","steps":[],"attachments":[],"parameters":[],"shouldDisplayMessage":false,"stepsCount":0,"attachmentsCount":0,"hasContent":false,"attachmentStep":false}],"testStage":{"description":"Test time log update with invalid ID returns 400 or 404","status":"failed","statusMessage":"AssertionError: Expected 400 or 404, got 524\nassert 524 in [400, 404]\n +  where 524 = <Response [524]>.status_code","statusTrace":"tests/endpoints/timelogs/test_timelogs_update.py:47: in test_update_time_log_invalid_id\n    assert response.status_code in [400, 404], f\"Expected 400 or 404, got {response.status_code}\"\nE   AssertionError: Expected 400 or 404, got 524\nE   assert 524 in [400, 404]\nE    +  where 524 = <Response [524]>.status_code","steps":[],"attachments":[{"uid":"c22702380062c642","name":"log","source":"c22702380062c642.txt","type":"text/plain","size":452907},{"uid":"e67bec1ec6eb7096","name":"stderr","source":"e67bec1ec6eb7096.txt","type":"text/plain","size":452844}],"parameters":[],"shouldDisplayMessage":true,"stepsCount":0,"attachmentsCount":2,"hasContent":true,"attachmentStep":false},"afterStages":[{"name":"rate_limit_pause::0","time":{"start":1771243976223,"stop":1771243977224,"duration":1001},"status":"passed","steps":[],"attachments":[],"parameters":[],"shouldDisplayMessage":false,"stepsCount":0,"attachmentsCount":0,"hasContent":false,"attachmentStep":false}],"labels":[{"name":"tag","value":"validation"},{"name":"tag","value":"PUT"},{"name":"story","value":"Update Timelog"},{"name":"feature","value":"Timelogs"},{"name":"parentSuite","value":"tests.endpoints.timelogs"},{"name":"suite","value":"test_timelogs_update"},{"name":"host","value":"runnervmjduv7"},{"name":"thread","value":"2421-MainThread"},{"name":"framework","value":"pytest"},{"name":"language","value":"cpython3"},{"name":"package","value":"tests.endpoints.timelogs.test_timelogs_update"},{"name":"resultFormat","value":"allure2"}],"parameters":[],"links":[],"hidden":false,"retry":false,"extra":{"severity":"normal","retries":[],"categories":[{"name":"Product defects","matchedStatuses":[]}],"tags":["validation","PUT"]},"source":"b0f44b4afdc78931.json","parameterValues":[]}