{"uid":"bf3663d6942a2a75","name":"test_get_time_log_list_unauthorized","fullName":"tests.endpoints.timelogs.test_timelogs_get_list#test_get_time_log_list_unauthorized","historyId":"7773b8cc5eb4114bb8e98ad8ca2e01cb","time":{"start":1771927273140,"stop":1771927273247,"duration":107},"description":"Test time logs list without API key returns 401","descriptionHtml":"<p>Test time logs list without API key returns 401</p>\n","status":"failed","statusMessage":"AssertionError: Expected status 401, got 400. URL: https://api.ganttpro.com/v1.0/timeLogs?taskId=197152586, Response: {\"code\":1,\"text\":\"Something went wrong. Please contact our support service to solve this issue\"}","statusTrace":"tests/endpoints/timelogs/test_timelogs_get_list.py:29: in test_get_time_log_list_unauthorized\n    assert_status_code(response, 401)\nsrc/assertions.py:28: in assert_status_code\n    assert response.status_code == expected_status, message\nE   AssertionError: Expected status 401, got 400. URL: https://api.ganttpro.com/v1.0/timeLogs?taskId=197152586, Response: {\"code\":1,\"text\":\"Something went wrong. Please contact our support service to solve this issue\"}","flaky":false,"newFailed":false,"newBroken":false,"newPassed":false,"retriesCount":0,"retriesStatusChange":false,"beforeStages":[{"name":"client","time":{"start":1771927105826,"stop":1771927105827,"duration":1},"status":"passed","steps":[],"attachments":[],"parameters":[],"shouldDisplayMessage":false,"stepsCount":0,"attachmentsCount":0,"hasContent":false,"attachmentStep":false},{"name":"setup_reports_dir","time":{"start":1771927105826,"stop":1771927105826,"duration":0},"status":"passed","steps":[],"attachments":[],"parameters":[],"shouldDisplayMessage":false,"stepsCount":0,"attachmentsCount":0,"hasContent":false,"attachmentStep":false},{"name":"auth_headers","time":{"start":1771927105827,"stop":1771927105827,"duration":0},"status":"passed","steps":[],"attachments":[],"parameters":[],"shouldDisplayMessage":false,"stepsCount":0,"attachmentsCount":0,"hasContent":false,"attachmentStep":false},{"name":"project_id","time":{"start":1771927105827,"stop":1771927105827,"duration":0},"status":"passed","steps":[],"attachments":[],"parameters":[],"shouldDisplayMessage":false,"stepsCount":0,"attachmentsCount":0,"hasContent":false,"attachmentStep":false},{"name":"fresh_task_id","time":{"start":1771927272637,"stop":1771927273139,"duration":502},"status":"passed","steps":[],"attachments":[],"parameters":[],"shouldDisplayMessage":false,"stepsCount":0,"attachmentsCount":0,"hasContent":false,"attachmentStep":false},{"name":"rate_limit_pause","time":{"start":1771927272637,"stop":1771927272637,"duration":0},"status":"passed","steps":[],"attachments":[],"parameters":[],"shouldDisplayMessage":false,"stepsCount":0,"attachmentsCount":0,"hasContent":false,"attachmentStep":false}],"testStage":{"description":"Test time logs list without API key returns 401","status":"failed","statusMessage":"AssertionError: Expected status 401, got 400. URL: https://api.ganttpro.com/v1.0/timeLogs?taskId=197152586, Response: {\"code\":1,\"text\":\"Something went wrong. Please contact our support service to solve this issue\"}","statusTrace":"tests/endpoints/timelogs/test_timelogs_get_list.py:29: in test_get_time_log_list_unauthorized\n    assert_status_code(response, 401)\nsrc/assertions.py:28: in assert_status_code\n    assert response.status_code == expected_status, message\nE   AssertionError: Expected status 401, got 400. URL: https://api.ganttpro.com/v1.0/timeLogs?taskId=197152586, Response: {\"code\":1,\"text\":\"Something went wrong. Please contact our support service to solve this issue\"}","steps":[],"attachments":[{"uid":"bfc9532b96e91f48","name":"log","source":"bfc9532b96e91f48.txt","type":"text/plain","size":612},{"uid":"62c6b09a798737c4","name":"stderr","source":"62c6b09a798737c4.txt","type":"text/plain","size":460}],"parameters":[],"shouldDisplayMessage":true,"stepsCount":0,"attachmentsCount":2,"hasContent":true,"attachmentStep":false},"afterStages":[{"name":"fresh_task_id::0","time":{"start":1771927273252,"stop":1771927274027,"duration":775},"status":"passed","steps":[],"attachments":[],"parameters":[],"shouldDisplayMessage":false,"stepsCount":0,"attachmentsCount":0,"hasContent":false,"attachmentStep":false},{"name":"rate_limit_pause::0","time":{"start":1771927274028,"stop":1771927275029,"duration":1001},"status":"passed","steps":[],"attachments":[],"parameters":[],"shouldDisplayMessage":false,"stepsCount":0,"attachmentsCount":0,"hasContent":false,"attachmentStep":false}],"labels":[{"name":"tag","value":"auth"},{"name":"story","value":"Get Timelogs List"},{"name":"tag","value":"GET"},{"name":"feature","value":"Timelogs"},{"name":"parentSuite","value":"tests.endpoints.timelogs"},{"name":"suite","value":"test_timelogs_get_list"},{"name":"host","value":"runnervmwffz4"},{"name":"thread","value":"2441-MainThread"},{"name":"framework","value":"pytest"},{"name":"language","value":"cpython3"},{"name":"package","value":"tests.endpoints.timelogs.test_timelogs_get_list"},{"name":"resultFormat","value":"allure2"}],"parameters":[],"links":[],"hidden":false,"retry":false,"extra":{"severity":"normal","retries":[],"categories":[{"name":"Product defects","matchedStatuses":[]}],"tags":["auth","GET"]},"source":"bf3663d6942a2a75.json","parameterValues":[]}