{"uid":"c00a5ea8004bf87b","name":"test_create_defaults","fullName":"tests.endpoints.tasks.test_tasks_create#test_create_defaults","historyId":"ee201db1d23a3c503f932d76ae4b1209","time":{"start":1769074846907,"stop":1769074847512,"duration":605},"description":"Должны проставиться дефолты: status=1, progress=0, duration=1, type=task, color=1, estimation=0","descriptionHtml":"<p>Должны проставиться дефолты: status=1, progress=0, duration=1, type=task, color=1, estimation=0</p>\n","status":"failed","statusMessage":"AssertionError: assert 480 == 1440\n +  where 480 = <built-in method get of dict object at 0x7fdd8eaf9080>('duration')\n +    where <built-in method get of dict object at 0x7fdd8eaf9080> = {'attachments': [], 'color': 1, 'comments': [], 'createdAt': '2026-01-22T09:40:47.000Z', ...}.get","statusTrace":"tests/endpoints/tasks/test_tasks_create.py:89: in test_create_defaults\n    assert item.get(\"duration\") == 1440  # API uses minutes (1 day = 1440 minutes)\nE   AssertionError: assert 480 == 1440\nE    +  where 480 = <built-in method get of dict object at 0x7fdd8eaf9080>('duration')\nE    +    where <built-in method get of dict object at 0x7fdd8eaf9080> = {'attachments': [], 'color': 1, 'comments': [], 'createdAt': '2026-01-22T09:40:47.000Z', ...}.get","flaky":false,"newFailed":false,"newBroken":false,"newPassed":false,"retriesCount":0,"retriesStatusChange":false,"beforeStages":[{"name":"client","time":{"start":1769074767685,"stop":1769074767686,"duration":1},"status":"passed","steps":[],"attachments":[],"parameters":[],"shouldDisplayMessage":false,"stepsCount":0,"attachmentsCount":0,"hasContent":false,"attachmentStep":false},{"name":"setup_reports_dir","time":{"start":1769074767685,"stop":1769074767685,"duration":0},"status":"passed","steps":[],"attachments":[],"parameters":[],"shouldDisplayMessage":false,"stepsCount":0,"attachmentsCount":0,"hasContent":false,"attachmentStep":false},{"name":"project_id","time":{"start":1769074767686,"stop":1769074767686,"duration":0},"status":"passed","steps":[],"attachments":[],"parameters":[],"shouldDisplayMessage":false,"stepsCount":0,"attachmentsCount":0,"hasContent":false,"attachmentStep":false},{"name":"auth_headers","time":{"start":1769074767686,"stop":1769074767686,"duration":0},"status":"passed","steps":[],"attachments":[],"parameters":[],"shouldDisplayMessage":false,"stepsCount":0,"attachmentsCount":0,"hasContent":false,"attachmentStep":false},{"name":"rate_limit_pause","time":{"start":1769074846906,"stop":1769074846907,"duration":1},"status":"passed","steps":[],"attachments":[],"parameters":[],"shouldDisplayMessage":false,"stepsCount":0,"attachmentsCount":0,"hasContent":false,"attachmentStep":false}],"testStage":{"description":"Должны проставиться дефолты: status=1, progress=0, duration=1, type=task, color=1, estimation=0","status":"failed","statusMessage":"AssertionError: assert 480 == 1440\n +  where 480 = <built-in method get of dict object at 0x7fdd8eaf9080>('duration')\n +    where <built-in method get of dict object at 0x7fdd8eaf9080> = {'attachments': [], 'color': 1, 'comments': [], 'createdAt': '2026-01-22T09:40:47.000Z', ...}.get","statusTrace":"tests/endpoints/tasks/test_tasks_create.py:89: in test_create_defaults\n    assert item.get(\"duration\") == 1440  # API uses minutes (1 day = 1440 minutes)\nE   AssertionError: assert 480 == 1440\nE    +  where 480 = <built-in method get of dict object at 0x7fdd8eaf9080>('duration')\nE    +    where <built-in method get of dict object at 0x7fdd8eaf9080> = {'attachments': [], 'color': 1, 'comments': [], 'createdAt': '2026-01-22T09:40:47.000Z', ...}.get","steps":[],"attachments":[{"uid":"9a989bc043204220","name":"HTTP Request","source":"9a989bc043204220.txt","type":"text/plain","size":123},{"uid":"b2b4fdc048742f6b","name":"HTTP Response","source":"b2b4fdc048742f6b.txt","type":"text/plain","size":466},{"uid":"2d2514ddcbe05083","name":"log","source":"2d2514ddcbe05083.txt","type":"text/plain","size":147},{"uid":"1a72ffd58cb60299","name":"stderr","source":"1a72ffd58cb60299.txt","type":"text/plain","size":104}],"parameters":[],"shouldDisplayMessage":true,"stepsCount":0,"attachmentsCount":4,"hasContent":true,"attachmentStep":false},"afterStages":[{"name":"rate_limit_pause::0","time":{"start":1769074847522,"stop":1769074848523,"duration":1001},"status":"passed","steps":[],"attachments":[],"parameters":[],"shouldDisplayMessage":false,"stepsCount":0,"attachmentsCount":0,"hasContent":false,"attachmentStep":false}],"labels":[{"name":"story","value":"Create Task"},{"name":"tag","value":"defaults"},{"name":"tag","value":"POST"},{"name":"feature","value":"Tasks"},{"name":"parentSuite","value":"tests.endpoints.tasks"},{"name":"suite","value":"test_tasks_create"},{"name":"host","value":"runnervmmtnos"},{"name":"thread","value":"2383-MainThread"},{"name":"framework","value":"pytest"},{"name":"language","value":"cpython3"},{"name":"package","value":"tests.endpoints.tasks.test_tasks_create"},{"name":"resultFormat","value":"allure2"}],"parameters":[],"links":[],"hidden":false,"retry":false,"extra":{"severity":"normal","retries":[],"categories":[{"name":"Product defects","matchedStatuses":[]}],"tags":["defaults","POST"]},"source":"c00a5ea8004bf87b.json","parameterValues":[]}