{"uid":"c29bdcc3deec5469","name":"test_create_defaults","fullName":"tests.endpoints.tasks.test_tasks_create#test_create_defaults","historyId":"ee201db1d23a3c503f932d76ae4b1209","time":{"start":1768902029587,"stop":1768902030289,"duration":702},"description":"Должны проставиться дефолты: status=1, progress=0, duration=1, type=task, color=1, estimation=0","descriptionHtml":"<p>Должны проставиться дефолты: status=1, progress=0, duration=1, type=task, color=1, estimation=0</p>\n","status":"failed","statusMessage":"AssertionError: assert 480 == 1440\n +  where 480 = <built-in method get of dict object at 0x7fd2ac9c7f00>('duration')\n +    where <built-in method get of dict object at 0x7fd2ac9c7f00> = {'attachments': [], 'color': 1, 'comments': [], 'createdAt': '2026-01-20T09:40:29.000Z', ...}.get","statusTrace":"tests/endpoints/tasks/test_tasks_create.py:89: in test_create_defaults\n    assert item.get(\"duration\") == 1440  # API uses minutes (1 day = 1440 minutes)\nE   AssertionError: assert 480 == 1440\nE    +  where 480 = <built-in method get of dict object at 0x7fd2ac9c7f00>('duration')\nE    +    where <built-in method get of dict object at 0x7fd2ac9c7f00> = {'attachments': [], 'color': 1, 'comments': [], 'createdAt': '2026-01-20T09:40:29.000Z', ...}.get","flaky":false,"newFailed":false,"newBroken":false,"newPassed":false,"retriesCount":0,"retriesStatusChange":false,"beforeStages":[{"name":"setup_reports_dir","time":{"start":1768901946760,"stop":1768901946761,"duration":1},"status":"passed","steps":[],"attachments":[],"parameters":[],"shouldDisplayMessage":false,"stepsCount":0,"attachmentsCount":0,"hasContent":false,"attachmentStep":false},{"name":"project_id","time":{"start":1768901946761,"stop":1768901946761,"duration":0},"status":"passed","steps":[],"attachments":[],"parameters":[],"shouldDisplayMessage":false,"stepsCount":0,"attachmentsCount":0,"hasContent":false,"attachmentStep":false},{"name":"auth_headers","time":{"start":1768901946761,"stop":1768901946761,"duration":0},"status":"passed","steps":[],"attachments":[],"parameters":[],"shouldDisplayMessage":false,"stepsCount":0,"attachmentsCount":0,"hasContent":false,"attachmentStep":false},{"name":"client","time":{"start":1768901946761,"stop":1768901946761,"duration":0},"status":"passed","steps":[],"attachments":[],"parameters":[],"shouldDisplayMessage":false,"stepsCount":0,"attachmentsCount":0,"hasContent":false,"attachmentStep":false},{"name":"rate_limit_pause","time":{"start":1768902029587,"stop":1768902029587,"duration":0},"status":"passed","steps":[],"attachments":[],"parameters":[],"shouldDisplayMessage":false,"stepsCount":0,"attachmentsCount":0,"hasContent":false,"attachmentStep":false}],"testStage":{"description":"Должны проставиться дефолты: status=1, progress=0, duration=1, type=task, color=1, estimation=0","status":"failed","statusMessage":"AssertionError: assert 480 == 1440\n +  where 480 = <built-in method get of dict object at 0x7fd2ac9c7f00>('duration')\n +    where <built-in method get of dict object at 0x7fd2ac9c7f00> = {'attachments': [], 'color': 1, 'comments': [], 'createdAt': '2026-01-20T09:40:29.000Z', ...}.get","statusTrace":"tests/endpoints/tasks/test_tasks_create.py:89: in test_create_defaults\n    assert item.get(\"duration\") == 1440  # API uses minutes (1 day = 1440 minutes)\nE   AssertionError: assert 480 == 1440\nE    +  where 480 = <built-in method get of dict object at 0x7fd2ac9c7f00>('duration')\nE    +    where <built-in method get of dict object at 0x7fd2ac9c7f00> = {'attachments': [], 'color': 1, 'comments': [], 'createdAt': '2026-01-20T09:40:29.000Z', ...}.get","steps":[],"attachments":[{"uid":"f9ee9d60e9306206","name":"HTTP Request","source":"f9ee9d60e9306206.txt","type":"text/plain","size":123},{"uid":"ee03aea46a72e921","name":"HTTP Response","source":"ee03aea46a72e921.txt","type":"text/plain","size":466},{"uid":"7ccffe19952260fc","name":"log","source":"7ccffe19952260fc.txt","type":"text/plain","size":147},{"uid":"99610f93fa57a0de","name":"stderr","source":"99610f93fa57a0de.txt","type":"text/plain","size":104}],"parameters":[],"shouldDisplayMessage":true,"stepsCount":0,"attachmentsCount":4,"hasContent":true,"attachmentStep":false},"afterStages":[{"name":"rate_limit_pause::0","time":{"start":1768902030299,"stop":1768902031301,"duration":1002},"status":"passed","steps":[],"attachments":[],"parameters":[],"shouldDisplayMessage":false,"stepsCount":0,"attachmentsCount":0,"hasContent":false,"attachmentStep":false}],"labels":[{"name":"story","value":"Create Task"},{"name":"tag","value":"defaults"},{"name":"feature","value":"Tasks"},{"name":"tag","value":"POST"},{"name":"parentSuite","value":"tests.endpoints.tasks"},{"name":"suite","value":"test_tasks_create"},{"name":"host","value":"runnervmmtnos"},{"name":"thread","value":"2368-MainThread"},{"name":"framework","value":"pytest"},{"name":"language","value":"cpython3"},{"name":"package","value":"tests.endpoints.tasks.test_tasks_create"},{"name":"resultFormat","value":"allure2"}],"parameters":[],"links":[],"hidden":false,"retry":false,"extra":{"severity":"normal","retries":[],"categories":[{"name":"Product defects","matchedStatuses":[]}],"tags":["defaults","POST"]},"source":"c29bdcc3deec5469.json","parameterValues":[]}