{"uid":"c6aec016b92e8b3d","name":"test_create_defaults","fullName":"tests.endpoints.tasks.test_tasks_create#test_create_defaults","historyId":"ee201db1d23a3c503f932d76ae4b1209","time":{"start":1771495071215,"stop":1771495071944,"duration":729},"description":"Должны проставиться дефолты: status=1, progress=0, duration=1, type=task, color=1, estimation=0","descriptionHtml":"<p>Должны проставиться дефолты: status=1, progress=0, duration=1, type=task, color=1, estimation=0</p>\n","status":"failed","statusMessage":"AssertionError: assert 480 == 1440\n +  where 480 = <built-in method get of dict object at 0x7ff2a03f79c0>('duration')\n +    where <built-in method get of dict object at 0x7ff2a03f79c0> = {'attachments': [], 'color': 1, 'comments': [], 'createdAt': '2026-02-19T09:57:51.000Z', ...}.get","statusTrace":"tests/endpoints/tasks/test_tasks_create.py:89: in test_create_defaults\n    assert item.get(\"duration\") == 1440  # API uses minutes (1 day = 1440 minutes)\nE   AssertionError: assert 480 == 1440\nE    +  where 480 = <built-in method get of dict object at 0x7ff2a03f79c0>('duration')\nE    +    where <built-in method get of dict object at 0x7ff2a03f79c0> = {'attachments': [], 'color': 1, 'comments': [], 'createdAt': '2026-02-19T09:57:51.000Z', ...}.get","flaky":false,"newFailed":false,"newBroken":false,"newPassed":false,"retriesCount":0,"retriesStatusChange":false,"beforeStages":[{"name":"client","time":{"start":1771494992571,"stop":1771494992571,"duration":0},"status":"passed","steps":[],"attachments":[],"parameters":[],"shouldDisplayMessage":false,"stepsCount":0,"attachmentsCount":0,"hasContent":false,"attachmentStep":false},{"name":"setup_reports_dir","time":{"start":1771494992571,"stop":1771494992571,"duration":0},"status":"passed","steps":[],"attachments":[],"parameters":[],"shouldDisplayMessage":false,"stepsCount":0,"attachmentsCount":0,"hasContent":false,"attachmentStep":false},{"name":"project_id","time":{"start":1771494992571,"stop":1771494992571,"duration":0},"status":"passed","steps":[],"attachments":[],"parameters":[],"shouldDisplayMessage":false,"stepsCount":0,"attachmentsCount":0,"hasContent":false,"attachmentStep":false},{"name":"auth_headers","time":{"start":1771494992571,"stop":1771494992571,"duration":0},"status":"passed","steps":[],"attachments":[],"parameters":[],"shouldDisplayMessage":false,"stepsCount":0,"attachmentsCount":0,"hasContent":false,"attachmentStep":false},{"name":"rate_limit_pause","time":{"start":1771495071214,"stop":1771495071214,"duration":0},"status":"passed","steps":[],"attachments":[],"parameters":[],"shouldDisplayMessage":false,"stepsCount":0,"attachmentsCount":0,"hasContent":false,"attachmentStep":false}],"testStage":{"description":"Должны проставиться дефолты: status=1, progress=0, duration=1, type=task, color=1, estimation=0","status":"failed","statusMessage":"AssertionError: assert 480 == 1440\n +  where 480 = <built-in method get of dict object at 0x7ff2a03f79c0>('duration')\n +    where <built-in method get of dict object at 0x7ff2a03f79c0> = {'attachments': [], 'color': 1, 'comments': [], 'createdAt': '2026-02-19T09:57:51.000Z', ...}.get","statusTrace":"tests/endpoints/tasks/test_tasks_create.py:89: in test_create_defaults\n    assert item.get(\"duration\") == 1440  # API uses minutes (1 day = 1440 minutes)\nE   AssertionError: assert 480 == 1440\nE    +  where 480 = <built-in method get of dict object at 0x7ff2a03f79c0>('duration')\nE    +    where <built-in method get of dict object at 0x7ff2a03f79c0> = {'attachments': [], 'color': 1, 'comments': [], 'createdAt': '2026-02-19T09:57:51.000Z', ...}.get","steps":[],"attachments":[{"uid":"f7d6575c70a782c8","name":"HTTP Request","source":"f7d6575c70a782c8.txt","type":"text/plain","size":123},{"uid":"34856009a111238e","name":"HTTP Response","source":"34856009a111238e.txt","type":"text/plain","size":467},{"uid":"4da5a5348e0861ee","name":"log","source":"4da5a5348e0861ee.txt","type":"text/plain","size":147},{"uid":"25cbb90e3d9a3e28","name":"stderr","source":"25cbb90e3d9a3e28.txt","type":"text/plain","size":104}],"parameters":[],"shouldDisplayMessage":true,"stepsCount":0,"attachmentsCount":4,"hasContent":true,"attachmentStep":false},"afterStages":[{"name":"rate_limit_pause::0","time":{"start":1771495071954,"stop":1771495072955,"duration":1001},"status":"passed","steps":[],"attachments":[],"parameters":[],"shouldDisplayMessage":false,"stepsCount":0,"attachmentsCount":0,"hasContent":false,"attachmentStep":false}],"labels":[{"name":"tag","value":"defaults"},{"name":"tag","value":"POST"},{"name":"story","value":"Create Task"},{"name":"feature","value":"Tasks"},{"name":"parentSuite","value":"tests.endpoints.tasks"},{"name":"suite","value":"test_tasks_create"},{"name":"host","value":"runnervmjduv7"},{"name":"thread","value":"2417-MainThread"},{"name":"framework","value":"pytest"},{"name":"language","value":"cpython3"},{"name":"package","value":"tests.endpoints.tasks.test_tasks_create"},{"name":"resultFormat","value":"allure2"}],"parameters":[],"links":[],"hidden":false,"retry":false,"extra":{"severity":"normal","retries":[],"categories":[{"name":"Product defects","matchedStatuses":[]}],"tags":["defaults","POST"]},"source":"c6aec016b92e8b3d.json","parameterValues":[]}