{"uid":"c880fbbc358f3c8a","name":"test_add_comment_to_task_missing_required_fields","fullName":"tests.endpoints.comments.test_comments_add#test_add_comment_to_task_missing_required_fields","historyId":"dfc403fd2c9a4c225f7c416bc70e4133","time":{"start":1771236865119,"stop":1771236990298,"duration":125179},"description":"Test comment creation without required fields returns 400","descriptionHtml":"<p>Test comment creation without required fields returns 400</p>\n","status":"failed","statusMessage":"AssertionError: Expected status 400, got 524. URL: https://api.ganttpro.com/v1.0/comments, Response: <!DOCTYPE html>\n<html lang=\"en\">\n  <head>\n    <meta charset=\"UTF-8\" />\n    <meta\n      name=\"viewport\"\n      content=\"width=device-width, user-scalable=no, initial-scale=1.0, maximum-scale=1.0, minimu","statusTrace":"tests/endpoints/comments/test_comments_add.py:48: in test_add_comment_to_task_missing_required_fields\n    assert_status_code(response, 400)\nsrc/assertions.py:28: in assert_status_code\n    assert response.status_code == expected_status, message\nE   AssertionError: Expected status 400, got 524. URL: https://api.ganttpro.com/v1.0/comments, Response: <!DOCTYPE html>\nE   <html lang=\"en\">\nE     <head>\nE       <meta charset=\"UTF-8\" />\nE       <meta\nE         name=\"viewport\"\nE         content=\"width=device-width, user-scalable=no, initial-scale=1.0, maximum-scale=1.0, minimu","flaky":false,"newFailed":false,"newBroken":false,"newPassed":false,"retriesCount":0,"retriesStatusChange":false,"beforeStages":[{"name":"setup_reports_dir","time":{"start":1771236098747,"stop":1771236098748,"duration":1},"status":"passed","steps":[],"attachments":[],"parameters":[],"shouldDisplayMessage":false,"stepsCount":0,"attachmentsCount":0,"hasContent":false,"attachmentStep":false},{"name":"auth_headers","time":{"start":1771236098748,"stop":1771236098748,"duration":0},"status":"passed","steps":[],"attachments":[],"parameters":[],"shouldDisplayMessage":false,"stepsCount":0,"attachmentsCount":0,"hasContent":false,"attachmentStep":false},{"name":"client","time":{"start":1771236098748,"stop":1771236098748,"duration":0},"status":"passed","steps":[],"attachments":[],"parameters":[],"shouldDisplayMessage":false,"stepsCount":0,"attachmentsCount":0,"hasContent":false,"attachmentStep":false},{"name":"rate_limit_pause","time":{"start":1771236865118,"stop":1771236865118,"duration":0},"status":"passed","steps":[],"attachments":[],"parameters":[],"shouldDisplayMessage":false,"stepsCount":0,"attachmentsCount":0,"hasContent":false,"attachmentStep":false}],"testStage":{"description":"Test comment creation without required fields returns 400","status":"failed","statusMessage":"AssertionError: Expected status 400, got 524. URL: https://api.ganttpro.com/v1.0/comments, Response: <!DOCTYPE html>\n<html lang=\"en\">\n  <head>\n    <meta charset=\"UTF-8\" />\n    <meta\n      name=\"viewport\"\n      content=\"width=device-width, user-scalable=no, initial-scale=1.0, maximum-scale=1.0, minimu","statusTrace":"tests/endpoints/comments/test_comments_add.py:48: in test_add_comment_to_task_missing_required_fields\n    assert_status_code(response, 400)\nsrc/assertions.py:28: in assert_status_code\n    assert response.status_code == expected_status, message\nE   AssertionError: Expected status 400, got 524. URL: https://api.ganttpro.com/v1.0/comments, Response: <!DOCTYPE html>\nE   <html lang=\"en\">\nE     <head>\nE       <meta charset=\"UTF-8\" />\nE       <meta\nE         name=\"viewport\"\nE         content=\"width=device-width, user-scalable=no, initial-scale=1.0, maximum-scale=1.0, minimu","steps":[],"attachments":[{"uid":"c518d9494e970c86","name":"log","source":"c518d9494e970c86.txt","type":"text/plain","size":452905},{"uid":"5522814446c1ea9a","name":"stderr","source":"5522814446c1ea9a.txt","type":"text/plain","size":452842}],"parameters":[],"shouldDisplayMessage":true,"stepsCount":0,"attachmentsCount":2,"hasContent":true,"attachmentStep":false},"afterStages":[{"name":"rate_limit_pause::0","time":{"start":1771236990303,"stop":1771236991304,"duration":1001},"status":"passed","steps":[],"attachments":[],"parameters":[],"shouldDisplayMessage":false,"stepsCount":0,"attachmentsCount":0,"hasContent":false,"attachmentStep":false}],"labels":[{"name":"tag","value":"validation"},{"name":"feature","value":"Comments"},{"name":"story","value":"Add Comment"},{"name":"tag","value":"POST"},{"name":"parentSuite","value":"tests.endpoints.comments"},{"name":"suite","value":"test_comments_add"},{"name":"host","value":"runnervmjduv7"},{"name":"thread","value":"2421-MainThread"},{"name":"framework","value":"pytest"},{"name":"language","value":"cpython3"},{"name":"package","value":"tests.endpoints.comments.test_comments_add"},{"name":"resultFormat","value":"allure2"}],"parameters":[],"links":[],"hidden":false,"retry":false,"extra":{"severity":"normal","retries":[],"categories":[{"name":"Product defects","matchedStatuses":[]}],"tags":["POST","validation"]},"source":"c880fbbc358f3c8a.json","parameterValues":[]}