{"uid":"cb592321f833c44c","name":"test_add_comment_to_task_missing_required_fields","fullName":"tests.endpoints.comments.test_comments_add#test_add_comment_to_task_missing_required_fields","historyId":"dfc403fd2c9a4c225f7c416bc70e4133","time":{"start":1771149099829,"stop":1771149225182,"duration":125353},"description":"Test comment creation without required fields returns 400","descriptionHtml":"<p>Test comment creation without required fields returns 400</p>\n","status":"failed","statusMessage":"AssertionError: Expected status 400, got 524. URL: https://api.ganttpro.com/v1.0/comments, Response: <!DOCTYPE html>\n<html lang=\"en\">\n  <head>\n    <meta charset=\"UTF-8\" />\n    <meta\n      name=\"viewport\"\n      content=\"width=device-width, user-scalable=no, initial-scale=1.0, maximum-scale=1.0, minimu","statusTrace":"tests/endpoints/comments/test_comments_add.py:48: in test_add_comment_to_task_missing_required_fields\n    assert_status_code(response, 400)\nsrc/assertions.py:28: in assert_status_code\n    assert response.status_code == expected_status, message\nE   AssertionError: Expected status 400, got 524. URL: https://api.ganttpro.com/v1.0/comments, Response: <!DOCTYPE html>\nE   <html lang=\"en\">\nE     <head>\nE       <meta charset=\"UTF-8\" />\nE       <meta\nE         name=\"viewport\"\nE         content=\"width=device-width, user-scalable=no, initial-scale=1.0, maximum-scale=1.0, minimu","flaky":false,"newFailed":false,"newBroken":false,"newPassed":false,"retriesCount":0,"retriesStatusChange":false,"beforeStages":[{"name":"setup_reports_dir","time":{"start":1771148334579,"stop":1771148334579,"duration":0},"status":"passed","steps":[],"attachments":[],"parameters":[],"shouldDisplayMessage":false,"stepsCount":0,"attachmentsCount":0,"hasContent":false,"attachmentStep":false},{"name":"client","time":{"start":1771148334580,"stop":1771148334580,"duration":0},"status":"passed","steps":[],"attachments":[],"parameters":[],"shouldDisplayMessage":false,"stepsCount":0,"attachmentsCount":0,"hasContent":false,"attachmentStep":false},{"name":"auth_headers","time":{"start":1771148334580,"stop":1771148334580,"duration":0},"status":"passed","steps":[],"attachments":[],"parameters":[],"shouldDisplayMessage":false,"stepsCount":0,"attachmentsCount":0,"hasContent":false,"attachmentStep":false},{"name":"rate_limit_pause","time":{"start":1771149099829,"stop":1771149099829,"duration":0},"status":"passed","steps":[],"attachments":[],"parameters":[],"shouldDisplayMessage":false,"stepsCount":0,"attachmentsCount":0,"hasContent":false,"attachmentStep":false}],"testStage":{"description":"Test comment creation without required fields returns 400","status":"failed","statusMessage":"AssertionError: Expected status 400, got 524. URL: https://api.ganttpro.com/v1.0/comments, Response: <!DOCTYPE html>\n<html lang=\"en\">\n  <head>\n    <meta charset=\"UTF-8\" />\n    <meta\n      name=\"viewport\"\n      content=\"width=device-width, user-scalable=no, initial-scale=1.0, maximum-scale=1.0, minimu","statusTrace":"tests/endpoints/comments/test_comments_add.py:48: in test_add_comment_to_task_missing_required_fields\n    assert_status_code(response, 400)\nsrc/assertions.py:28: in assert_status_code\n    assert response.status_code == expected_status, message\nE   AssertionError: Expected status 400, got 524. URL: https://api.ganttpro.com/v1.0/comments, Response: <!DOCTYPE html>\nE   <html lang=\"en\">\nE     <head>\nE       <meta charset=\"UTF-8\" />\nE       <meta\nE         name=\"viewport\"\nE         content=\"width=device-width, user-scalable=no, initial-scale=1.0, maximum-scale=1.0, minimu","steps":[],"attachments":[{"uid":"c38721e77b87bb2c","name":"log","source":"c38721e77b87bb2c.txt","type":"text/plain","size":452906},{"uid":"e2efff23a441952d","name":"stderr","source":"e2efff23a441952d.txt","type":"text/plain","size":452843}],"parameters":[],"shouldDisplayMessage":true,"stepsCount":0,"attachmentsCount":2,"hasContent":true,"attachmentStep":false},"afterStages":[{"name":"rate_limit_pause::0","time":{"start":1771149225187,"stop":1771149226188,"duration":1001},"status":"passed","steps":[],"attachments":[],"parameters":[],"shouldDisplayMessage":false,"stepsCount":0,"attachmentsCount":0,"hasContent":false,"attachmentStep":false}],"labels":[{"name":"feature","value":"Comments"},{"name":"tag","value":"POST"},{"name":"story","value":"Add Comment"},{"name":"tag","value":"validation"},{"name":"parentSuite","value":"tests.endpoints.comments"},{"name":"suite","value":"test_comments_add"},{"name":"host","value":"runnervmjduv7"},{"name":"thread","value":"2350-MainThread"},{"name":"framework","value":"pytest"},{"name":"language","value":"cpython3"},{"name":"package","value":"tests.endpoints.comments.test_comments_add"},{"name":"resultFormat","value":"allure2"}],"parameters":[],"links":[],"hidden":false,"retry":false,"extra":{"severity":"normal","retries":[],"categories":[{"name":"Product defects","matchedStatuses":[]}],"tags":["POST","validation"]},"source":"cb592321f833c44c.json","parameterValues":[]}