{"uid":"ce22e4c5c1ca7f6f","name":"test_create_no_dates_sets_defaults","fullName":"tests.endpoints.tasks.test_tasks_create#test_create_no_dates_sets_defaults","historyId":"263b47fc7ce42764df3d75634c029a89","time":{"start":1768815789790,"stop":1768815790185,"duration":395},"description":"Без startDate/endDate/duration должны выставиться дефолтные даты","descriptionHtml":"<p>Без startDate/endDate/duration должны выставиться дефолтные даты</p>\n","status":"failed","statusMessage":"AssertionError: assert 480 == 1440\n +  where 480 = <built-in method get of dict object at 0x7f56935e9580>('duration')\n +    where <built-in method get of dict object at 0x7f56935e9580> = {'attachments': [], 'color': 1, 'comments': [], 'createdAt': '2026-01-19T09:43:10.000Z', ...}.get","statusTrace":"tests/endpoints/tasks/test_tasks_create.py:519: in test_create_no_dates_sets_defaults\n    assert item.get(\"duration\") == 1440  # Default duration in minutes\nE   AssertionError: assert 480 == 1440\nE    +  where 480 = <built-in method get of dict object at 0x7f56935e9580>('duration')\nE    +    where <built-in method get of dict object at 0x7f56935e9580> = {'attachments': [], 'color': 1, 'comments': [], 'createdAt': '2026-01-19T09:43:10.000Z', ...}.get","flaky":false,"newFailed":false,"newBroken":false,"newPassed":false,"retriesCount":0,"retriesStatusChange":false,"beforeStages":[{"name":"client","time":{"start":1768815678688,"stop":1768815678688,"duration":0},"status":"passed","steps":[],"attachments":[],"parameters":[],"shouldDisplayMessage":false,"stepsCount":0,"attachmentsCount":0,"hasContent":false,"attachmentStep":false},{"name":"setup_reports_dir","time":{"start":1768815678688,"stop":1768815678688,"duration":0},"status":"passed","steps":[],"attachments":[],"parameters":[],"shouldDisplayMessage":false,"stepsCount":0,"attachmentsCount":0,"hasContent":false,"attachmentStep":false},{"name":"auth_headers","time":{"start":1768815678689,"stop":1768815678689,"duration":0},"status":"passed","steps":[],"attachments":[],"parameters":[],"shouldDisplayMessage":false,"stepsCount":0,"attachmentsCount":0,"hasContent":false,"attachmentStep":false},{"name":"project_id","time":{"start":1768815678689,"stop":1768815678689,"duration":0},"status":"passed","steps":[],"attachments":[],"parameters":[],"shouldDisplayMessage":false,"stepsCount":0,"attachmentsCount":0,"hasContent":false,"attachmentStep":false},{"name":"rate_limit_pause","time":{"start":1768815789789,"stop":1768815789789,"duration":0},"status":"passed","steps":[],"attachments":[],"parameters":[],"shouldDisplayMessage":false,"stepsCount":0,"attachmentsCount":0,"hasContent":false,"attachmentStep":false}],"testStage":{"description":"Без startDate/endDate/duration должны выставиться дефолтные даты","status":"failed","statusMessage":"AssertionError: assert 480 == 1440\n +  where 480 = <built-in method get of dict object at 0x7f56935e9580>('duration')\n +    where <built-in method get of dict object at 0x7f56935e9580> = {'attachments': [], 'color': 1, 'comments': [], 'createdAt': '2026-01-19T09:43:10.000Z', ...}.get","statusTrace":"tests/endpoints/tasks/test_tasks_create.py:519: in test_create_no_dates_sets_defaults\n    assert item.get(\"duration\") == 1440  # Default duration in minutes\nE   AssertionError: assert 480 == 1440\nE    +  where 480 = <built-in method get of dict object at 0x7f56935e9580>('duration')\nE    +    where <built-in method get of dict object at 0x7f56935e9580> = {'attachments': [], 'color': 1, 'comments': [], 'createdAt': '2026-01-19T09:43:10.000Z', ...}.get","steps":[],"attachments":[{"uid":"96506c872f03a72","name":"HTTP Request","source":"96506c872f03a72.txt","type":"text/plain","size":112},{"uid":"7b6452869df3eef8","name":"HTTP Response","source":"7b6452869df3eef8.txt","type":"text/plain","size":455},{"uid":"8e0068453a15dbca","name":"log","source":"8e0068453a15dbca.txt","type":"text/plain","size":147},{"uid":"1253d0341e450d6d","name":"stderr","source":"1253d0341e450d6d.txt","type":"text/plain","size":104}],"parameters":[],"shouldDisplayMessage":true,"stepsCount":0,"attachmentsCount":4,"hasContent":true,"attachmentStep":false},"afterStages":[{"name":"rate_limit_pause::0","time":{"start":1768815790195,"stop":1768815791196,"duration":1001},"status":"passed","steps":[],"attachments":[],"parameters":[],"shouldDisplayMessage":false,"stepsCount":0,"attachmentsCount":0,"hasContent":false,"attachmentStep":false}],"labels":[{"name":"story","value":"Create Task"},{"name":"feature","value":"Tasks"},{"name":"tag","value":"POST"},{"name":"tag","value":"defaults"},{"name":"parentSuite","value":"tests.endpoints.tasks"},{"name":"suite","value":"test_tasks_create"},{"name":"host","value":"runnervmmtnos"},{"name":"thread","value":"2398-MainThread"},{"name":"framework","value":"pytest"},{"name":"language","value":"cpython3"},{"name":"package","value":"tests.endpoints.tasks.test_tasks_create"},{"name":"resultFormat","value":"allure2"}],"parameters":[],"links":[],"hidden":false,"retry":false,"extra":{"severity":"normal","retries":[],"categories":[{"name":"Product defects","matchedStatuses":[]}],"tags":["defaults","POST"]},"source":"ce22e4c5c1ca7f6f.json","parameterValues":[]}