{"uid":"d296e389873ef351","name":"test_create_defaults","fullName":"tests.endpoints.tasks.test_tasks_create#test_create_defaults","historyId":"ee201db1d23a3c503f932d76ae4b1209","time":{"start":1770631832103,"stop":1770631832629,"duration":526},"description":"Должны проставиться дефолты: status=1, progress=0, duration=1, type=task, color=1, estimation=0","descriptionHtml":"<p>Должны проставиться дефолты: status=1, progress=0, duration=1, type=task, color=1, estimation=0</p>\n","status":"failed","statusMessage":"AssertionError: assert 480 == 1440\n +  where 480 = <built-in method get of dict object at 0x7efd418f9900>('duration')\n +    where <built-in method get of dict object at 0x7efd418f9900> = {'attachments': [], 'color': 1, 'comments': [], 'createdAt': '2026-02-09T10:10:32.000Z', ...}.get","statusTrace":"tests/endpoints/tasks/test_tasks_create.py:89: in test_create_defaults\n    assert item.get(\"duration\") == 1440  # API uses minutes (1 day = 1440 minutes)\nE   AssertionError: assert 480 == 1440\nE    +  where 480 = <built-in method get of dict object at 0x7efd418f9900>('duration')\nE    +    where <built-in method get of dict object at 0x7efd418f9900> = {'attachments': [], 'color': 1, 'comments': [], 'createdAt': '2026-02-09T10:10:32.000Z', ...}.get","flaky":false,"newFailed":false,"newBroken":false,"newPassed":false,"retriesCount":0,"retriesStatusChange":false,"beforeStages":[{"name":"auth_headers","time":{"start":1770631754300,"stop":1770631754300,"duration":0},"status":"passed","steps":[],"attachments":[],"parameters":[],"shouldDisplayMessage":false,"stepsCount":0,"attachmentsCount":0,"hasContent":false,"attachmentStep":false},{"name":"client","time":{"start":1770631754300,"stop":1770631754300,"duration":0},"status":"passed","steps":[],"attachments":[],"parameters":[],"shouldDisplayMessage":false,"stepsCount":0,"attachmentsCount":0,"hasContent":false,"attachmentStep":false},{"name":"setup_reports_dir","time":{"start":1770631754300,"stop":1770631754300,"duration":0},"status":"passed","steps":[],"attachments":[],"parameters":[],"shouldDisplayMessage":false,"stepsCount":0,"attachmentsCount":0,"hasContent":false,"attachmentStep":false},{"name":"project_id","time":{"start":1770631754301,"stop":1770631754301,"duration":0},"status":"passed","steps":[],"attachments":[],"parameters":[],"shouldDisplayMessage":false,"stepsCount":0,"attachmentsCount":0,"hasContent":false,"attachmentStep":false},{"name":"rate_limit_pause","time":{"start":1770631832103,"stop":1770631832103,"duration":0},"status":"passed","steps":[],"attachments":[],"parameters":[],"shouldDisplayMessage":false,"stepsCount":0,"attachmentsCount":0,"hasContent":false,"attachmentStep":false}],"testStage":{"description":"Должны проставиться дефолты: status=1, progress=0, duration=1, type=task, color=1, estimation=0","status":"failed","statusMessage":"AssertionError: assert 480 == 1440\n +  where 480 = <built-in method get of dict object at 0x7efd418f9900>('duration')\n +    where <built-in method get of dict object at 0x7efd418f9900> = {'attachments': [], 'color': 1, 'comments': [], 'createdAt': '2026-02-09T10:10:32.000Z', ...}.get","statusTrace":"tests/endpoints/tasks/test_tasks_create.py:89: in test_create_defaults\n    assert item.get(\"duration\") == 1440  # API uses minutes (1 day = 1440 minutes)\nE   AssertionError: assert 480 == 1440\nE    +  where 480 = <built-in method get of dict object at 0x7efd418f9900>('duration')\nE    +    where <built-in method get of dict object at 0x7efd418f9900> = {'attachments': [], 'color': 1, 'comments': [], 'createdAt': '2026-02-09T10:10:32.000Z', ...}.get","steps":[],"attachments":[{"uid":"88db8230eb3438b","name":"HTTP Request","source":"88db8230eb3438b.txt","type":"text/plain","size":123},{"uid":"e64b88dfcc14278a","name":"HTTP Response","source":"e64b88dfcc14278a.txt","type":"text/plain","size":467},{"uid":"b9475f33597b7a3c","name":"log","source":"b9475f33597b7a3c.txt","type":"text/plain","size":147},{"uid":"d92ed418adedc820","name":"stderr","source":"d92ed418adedc820.txt","type":"text/plain","size":104}],"parameters":[],"shouldDisplayMessage":true,"stepsCount":0,"attachmentsCount":4,"hasContent":true,"attachmentStep":false},"afterStages":[{"name":"rate_limit_pause::0","time":{"start":1770631832640,"stop":1770631833641,"duration":1001},"status":"passed","steps":[],"attachments":[],"parameters":[],"shouldDisplayMessage":false,"stepsCount":0,"attachmentsCount":0,"hasContent":false,"attachmentStep":false}],"labels":[{"name":"tag","value":"POST"},{"name":"story","value":"Create Task"},{"name":"feature","value":"Tasks"},{"name":"tag","value":"defaults"},{"name":"parentSuite","value":"tests.endpoints.tasks"},{"name":"suite","value":"test_tasks_create"},{"name":"host","value":"runnervmwffz4"},{"name":"thread","value":"2478-MainThread"},{"name":"framework","value":"pytest"},{"name":"language","value":"cpython3"},{"name":"package","value":"tests.endpoints.tasks.test_tasks_create"},{"name":"resultFormat","value":"allure2"}],"parameters":[],"links":[],"hidden":false,"retry":false,"extra":{"severity":"normal","retries":[],"categories":[{"name":"Product defects","matchedStatuses":[]}],"tags":["defaults","POST"]},"source":"d296e389873ef351.json","parameterValues":[]}