{"uid":"d5c391c8be550246","name":"test_create_defaults","fullName":"tests.endpoints.tasks.test_tasks_create#test_create_defaults","historyId":"ee201db1d23a3c503f932d76ae4b1209","time":{"start":1769852192643,"stop":1769852193138,"duration":495},"description":"Должны проставиться дефолты: status=1, progress=0, duration=1, type=task, color=1, estimation=0","descriptionHtml":"<p>Должны проставиться дефолты: status=1, progress=0, duration=1, type=task, color=1, estimation=0</p>\n","status":"failed","statusMessage":"AssertionError: assert 480 == 1440\n +  where 480 = <built-in method get of dict object at 0x7ff8959c8700>('duration')\n +    where <built-in method get of dict object at 0x7ff8959c8700> = {'attachments': [], 'color': 1, 'comments': [], 'createdAt': '2026-01-31T09:36:32.000Z', ...}.get","statusTrace":"tests/endpoints/tasks/test_tasks_create.py:89: in test_create_defaults\n    assert item.get(\"duration\") == 1440  # API uses minutes (1 day = 1440 minutes)\nE   AssertionError: assert 480 == 1440\nE    +  where 480 = <built-in method get of dict object at 0x7ff8959c8700>('duration')\nE    +    where <built-in method get of dict object at 0x7ff8959c8700> = {'attachments': [], 'color': 1, 'comments': [], 'createdAt': '2026-01-31T09:36:32.000Z', ...}.get","flaky":false,"newFailed":false,"newBroken":false,"newPassed":false,"retriesCount":0,"retriesStatusChange":false,"beforeStages":[{"name":"setup_reports_dir","time":{"start":1769852112375,"stop":1769852112375,"duration":0},"status":"passed","steps":[],"attachments":[],"parameters":[],"shouldDisplayMessage":false,"stepsCount":0,"attachmentsCount":0,"hasContent":false,"attachmentStep":false},{"name":"client","time":{"start":1769852112375,"stop":1769852112376,"duration":1},"status":"passed","steps":[],"attachments":[],"parameters":[],"shouldDisplayMessage":false,"stepsCount":0,"attachmentsCount":0,"hasContent":false,"attachmentStep":false},{"name":"auth_headers","time":{"start":1769852112376,"stop":1769852112376,"duration":0},"status":"passed","steps":[],"attachments":[],"parameters":[],"shouldDisplayMessage":false,"stepsCount":0,"attachmentsCount":0,"hasContent":false,"attachmentStep":false},{"name":"project_id","time":{"start":1769852112376,"stop":1769852112376,"duration":0},"status":"passed","steps":[],"attachments":[],"parameters":[],"shouldDisplayMessage":false,"stepsCount":0,"attachmentsCount":0,"hasContent":false,"attachmentStep":false},{"name":"rate_limit_pause","time":{"start":1769852192643,"stop":1769852192643,"duration":0},"status":"passed","steps":[],"attachments":[],"parameters":[],"shouldDisplayMessage":false,"stepsCount":0,"attachmentsCount":0,"hasContent":false,"attachmentStep":false}],"testStage":{"description":"Должны проставиться дефолты: status=1, progress=0, duration=1, type=task, color=1, estimation=0","status":"failed","statusMessage":"AssertionError: assert 480 == 1440\n +  where 480 = <built-in method get of dict object at 0x7ff8959c8700>('duration')\n +    where <built-in method get of dict object at 0x7ff8959c8700> = {'attachments': [], 'color': 1, 'comments': [], 'createdAt': '2026-01-31T09:36:32.000Z', ...}.get","statusTrace":"tests/endpoints/tasks/test_tasks_create.py:89: in test_create_defaults\n    assert item.get(\"duration\") == 1440  # API uses minutes (1 day = 1440 minutes)\nE   AssertionError: assert 480 == 1440\nE    +  where 480 = <built-in method get of dict object at 0x7ff8959c8700>('duration')\nE    +    where <built-in method get of dict object at 0x7ff8959c8700> = {'attachments': [], 'color': 1, 'comments': [], 'createdAt': '2026-01-31T09:36:32.000Z', ...}.get","steps":[],"attachments":[{"uid":"54516518ad11ba13","name":"HTTP Request","source":"54516518ad11ba13.txt","type":"text/plain","size":123},{"uid":"cc9193e737870171","name":"HTTP Response","source":"cc9193e737870171.txt","type":"text/plain","size":467},{"uid":"4669f54d98cf54b2","name":"log","source":"4669f54d98cf54b2.txt","type":"text/plain","size":147},{"uid":"ac17427bb41fa92d","name":"stderr","source":"ac17427bb41fa92d.txt","type":"text/plain","size":104}],"parameters":[],"shouldDisplayMessage":true,"stepsCount":0,"attachmentsCount":4,"hasContent":true,"attachmentStep":false},"afterStages":[{"name":"rate_limit_pause::0","time":{"start":1769852193149,"stop":1769852194150,"duration":1001},"status":"passed","steps":[],"attachments":[],"parameters":[],"shouldDisplayMessage":false,"stepsCount":0,"attachmentsCount":0,"hasContent":false,"attachmentStep":false}],"labels":[{"name":"story","value":"Create Task"},{"name":"feature","value":"Tasks"},{"name":"tag","value":"POST"},{"name":"tag","value":"defaults"},{"name":"parentSuite","value":"tests.endpoints.tasks"},{"name":"suite","value":"test_tasks_create"},{"name":"host","value":"runnervmkj6or"},{"name":"thread","value":"2416-MainThread"},{"name":"framework","value":"pytest"},{"name":"language","value":"cpython3"},{"name":"package","value":"tests.endpoints.tasks.test_tasks_create"},{"name":"resultFormat","value":"allure2"}],"parameters":[],"links":[],"hidden":false,"retry":false,"extra":{"severity":"normal","retries":[],"categories":[{"name":"Product defects","matchedStatuses":[]}],"tags":["defaults","POST"]},"source":"d5c391c8be550246.json","parameterValues":[]}