{"uid":"e2d41f71b0642f8d","name":"test_create_no_dates_sets_defaults","fullName":"tests.endpoints.tasks.test_tasks_create#test_create_no_dates_sets_defaults","historyId":"263b47fc7ce42764df3d75634c029a89","time":{"start":1770112463373,"stop":1770112463815,"duration":442},"description":"Без startDate/endDate/duration должны выставиться дефолтные даты","descriptionHtml":"<p>Без startDate/endDate/duration должны выставиться дефолтные даты</p>\n","status":"failed","statusMessage":"AssertionError: assert 480 == 1440\n +  where 480 = <built-in method get of dict object at 0x7f56bd8dd400>('duration')\n +    where <built-in method get of dict object at 0x7f56bd8dd400> = {'attachments': [], 'color': 1, 'comments': [], 'createdAt': '2026-02-03T09:54:23.000Z', ...}.get","statusTrace":"tests/endpoints/tasks/test_tasks_create.py:519: in test_create_no_dates_sets_defaults\n    assert item.get(\"duration\") == 1440  # Default duration in minutes\nE   AssertionError: assert 480 == 1440\nE    +  where 480 = <built-in method get of dict object at 0x7f56bd8dd400>('duration')\nE    +    where <built-in method get of dict object at 0x7f56bd8dd400> = {'attachments': [], 'color': 1, 'comments': [], 'createdAt': '2026-02-03T09:54:23.000Z', ...}.get","flaky":false,"newFailed":false,"newBroken":false,"newPassed":false,"retriesCount":0,"retriesStatusChange":false,"beforeStages":[{"name":"setup_reports_dir","time":{"start":1770112352322,"stop":1770112352322,"duration":0},"status":"passed","steps":[],"attachments":[],"parameters":[],"shouldDisplayMessage":false,"stepsCount":0,"attachmentsCount":0,"hasContent":false,"attachmentStep":false},{"name":"project_id","time":{"start":1770112352322,"stop":1770112352322,"duration":0},"status":"passed","steps":[],"attachments":[],"parameters":[],"shouldDisplayMessage":false,"stepsCount":0,"attachmentsCount":0,"hasContent":false,"attachmentStep":false},{"name":"auth_headers","time":{"start":1770112352322,"stop":1770112352322,"duration":0},"status":"passed","steps":[],"attachments":[],"parameters":[],"shouldDisplayMessage":false,"stepsCount":0,"attachmentsCount":0,"hasContent":false,"attachmentStep":false},{"name":"client","time":{"start":1770112352322,"stop":1770112352322,"duration":0},"status":"passed","steps":[],"attachments":[],"parameters":[],"shouldDisplayMessage":false,"stepsCount":0,"attachmentsCount":0,"hasContent":false,"attachmentStep":false},{"name":"rate_limit_pause","time":{"start":1770112463373,"stop":1770112463373,"duration":0},"status":"passed","steps":[],"attachments":[],"parameters":[],"shouldDisplayMessage":false,"stepsCount":0,"attachmentsCount":0,"hasContent":false,"attachmentStep":false}],"testStage":{"description":"Без startDate/endDate/duration должны выставиться дефолтные даты","status":"failed","statusMessage":"AssertionError: assert 480 == 1440\n +  where 480 = <built-in method get of dict object at 0x7f56bd8dd400>('duration')\n +    where <built-in method get of dict object at 0x7f56bd8dd400> = {'attachments': [], 'color': 1, 'comments': [], 'createdAt': '2026-02-03T09:54:23.000Z', ...}.get","statusTrace":"tests/endpoints/tasks/test_tasks_create.py:519: in test_create_no_dates_sets_defaults\n    assert item.get(\"duration\") == 1440  # Default duration in minutes\nE   AssertionError: assert 480 == 1440\nE    +  where 480 = <built-in method get of dict object at 0x7f56bd8dd400>('duration')\nE    +    where <built-in method get of dict object at 0x7f56bd8dd400> = {'attachments': [], 'color': 1, 'comments': [], 'createdAt': '2026-02-03T09:54:23.000Z', ...}.get","steps":[],"attachments":[{"uid":"f5da7af38d760b37","name":"HTTP Request","source":"f5da7af38d760b37.txt","type":"text/plain","size":112},{"uid":"7748732afc8ae5b","name":"HTTP Response","source":"7748732afc8ae5b.txt","type":"text/plain","size":456},{"uid":"cda675a2e851a48a","name":"log","source":"cda675a2e851a48a.txt","type":"text/plain","size":147},{"uid":"151344a4fce2bd21","name":"stderr","source":"151344a4fce2bd21.txt","type":"text/plain","size":104}],"parameters":[],"shouldDisplayMessage":true,"stepsCount":0,"attachmentsCount":4,"hasContent":true,"attachmentStep":false},"afterStages":[{"name":"rate_limit_pause::0","time":{"start":1770112463824,"stop":1770112464825,"duration":1001},"status":"passed","steps":[],"attachments":[],"parameters":[],"shouldDisplayMessage":false,"stepsCount":0,"attachmentsCount":0,"hasContent":false,"attachmentStep":false}],"labels":[{"name":"story","value":"Create Task"},{"name":"tag","value":"POST"},{"name":"tag","value":"defaults"},{"name":"feature","value":"Tasks"},{"name":"parentSuite","value":"tests.endpoints.tasks"},{"name":"suite","value":"test_tasks_create"},{"name":"host","value":"runnervmkj6or"},{"name":"thread","value":"2493-MainThread"},{"name":"framework","value":"pytest"},{"name":"language","value":"cpython3"},{"name":"package","value":"tests.endpoints.tasks.test_tasks_create"},{"name":"resultFormat","value":"allure2"}],"parameters":[],"links":[],"hidden":false,"retry":false,"extra":{"severity":"normal","retries":[],"categories":[{"name":"Product defects","matchedStatuses":[]}],"tags":["defaults","POST"]},"source":"e2d41f71b0642f8d.json","parameterValues":[]}