{"uid":"e699126f25b95514","name":"test_create_no_dates_sets_defaults","fullName":"tests.endpoints.tasks.test_tasks_create#test_create_no_dates_sets_defaults","historyId":"263b47fc7ce42764df3d75634c029a89","time":{"start":1770198928715,"stop":1770198929293,"duration":578},"description":"Без startDate/endDate/duration должны выставиться дефолтные даты","descriptionHtml":"<p>Без startDate/endDate/duration должны выставиться дефолтные даты</p>\n","status":"failed","statusMessage":"AssertionError: assert 480 == 1440\n +  where 480 = <built-in method get of dict object at 0x7f393ef3c140>('duration')\n +    where <built-in method get of dict object at 0x7f393ef3c140> = {'attachments': [], 'color': 1, 'comments': [], 'createdAt': '2026-02-04T09:55:29.000Z', ...}.get","statusTrace":"tests/endpoints/tasks/test_tasks_create.py:519: in test_create_no_dates_sets_defaults\n    assert item.get(\"duration\") == 1440  # Default duration in minutes\nE   AssertionError: assert 480 == 1440\nE    +  where 480 = <built-in method get of dict object at 0x7f393ef3c140>('duration')\nE    +    where <built-in method get of dict object at 0x7f393ef3c140> = {'attachments': [], 'color': 1, 'comments': [], 'createdAt': '2026-02-04T09:55:29.000Z', ...}.get","flaky":false,"newFailed":false,"newBroken":false,"newPassed":false,"retriesCount":0,"retriesStatusChange":false,"beforeStages":[{"name":"auth_headers","time":{"start":1770198812206,"stop":1770198812206,"duration":0},"status":"passed","steps":[],"attachments":[],"parameters":[],"shouldDisplayMessage":false,"stepsCount":0,"attachmentsCount":0,"hasContent":false,"attachmentStep":false},{"name":"setup_reports_dir","time":{"start":1770198812206,"stop":1770198812206,"duration":0},"status":"passed","steps":[],"attachments":[],"parameters":[],"shouldDisplayMessage":false,"stepsCount":0,"attachmentsCount":0,"hasContent":false,"attachmentStep":false},{"name":"client","time":{"start":1770198812206,"stop":1770198812206,"duration":0},"status":"passed","steps":[],"attachments":[],"parameters":[],"shouldDisplayMessage":false,"stepsCount":0,"attachmentsCount":0,"hasContent":false,"attachmentStep":false},{"name":"project_id","time":{"start":1770198812206,"stop":1770198812206,"duration":0},"status":"passed","steps":[],"attachments":[],"parameters":[],"shouldDisplayMessage":false,"stepsCount":0,"attachmentsCount":0,"hasContent":false,"attachmentStep":false},{"name":"rate_limit_pause","time":{"start":1770198928715,"stop":1770198928715,"duration":0},"status":"passed","steps":[],"attachments":[],"parameters":[],"shouldDisplayMessage":false,"stepsCount":0,"attachmentsCount":0,"hasContent":false,"attachmentStep":false}],"testStage":{"description":"Без startDate/endDate/duration должны выставиться дефолтные даты","status":"failed","statusMessage":"AssertionError: assert 480 == 1440\n +  where 480 = <built-in method get of dict object at 0x7f393ef3c140>('duration')\n +    where <built-in method get of dict object at 0x7f393ef3c140> = {'attachments': [], 'color': 1, 'comments': [], 'createdAt': '2026-02-04T09:55:29.000Z', ...}.get","statusTrace":"tests/endpoints/tasks/test_tasks_create.py:519: in test_create_no_dates_sets_defaults\n    assert item.get(\"duration\") == 1440  # Default duration in minutes\nE   AssertionError: assert 480 == 1440\nE    +  where 480 = <built-in method get of dict object at 0x7f393ef3c140>('duration')\nE    +    where <built-in method get of dict object at 0x7f393ef3c140> = {'attachments': [], 'color': 1, 'comments': [], 'createdAt': '2026-02-04T09:55:29.000Z', ...}.get","steps":[],"attachments":[{"uid":"6d418cdc13e12418","name":"HTTP Request","source":"6d418cdc13e12418.txt","type":"text/plain","size":112},{"uid":"2f1ad641e92544b4","name":"HTTP Response","source":"2f1ad641e92544b4.txt","type":"text/plain","size":456},{"uid":"cfeb749479eec62c","name":"log","source":"cfeb749479eec62c.txt","type":"text/plain","size":147},{"uid":"d67f07deed518bc5","name":"stderr","source":"d67f07deed518bc5.txt","type":"text/plain","size":104}],"parameters":[],"shouldDisplayMessage":true,"stepsCount":0,"attachmentsCount":4,"hasContent":true,"attachmentStep":false},"afterStages":[{"name":"rate_limit_pause::0","time":{"start":1770198929301,"stop":1770198930302,"duration":1001},"status":"passed","steps":[],"attachments":[],"parameters":[],"shouldDisplayMessage":false,"stepsCount":0,"attachmentsCount":0,"hasContent":false,"attachmentStep":false}],"labels":[{"name":"tag","value":"POST"},{"name":"story","value":"Create Task"},{"name":"feature","value":"Tasks"},{"name":"tag","value":"defaults"},{"name":"parentSuite","value":"tests.endpoints.tasks"},{"name":"suite","value":"test_tasks_create"},{"name":"host","value":"runnervmkj6or"},{"name":"thread","value":"2380-MainThread"},{"name":"framework","value":"pytest"},{"name":"language","value":"cpython3"},{"name":"package","value":"tests.endpoints.tasks.test_tasks_create"},{"name":"resultFormat","value":"allure2"}],"parameters":[],"links":[],"hidden":false,"retry":false,"extra":{"severity":"normal","retries":[],"categories":[{"name":"Product defects","matchedStatuses":[]}],"tags":["defaults","POST"]},"source":"e699126f25b95514.json","parameterValues":[]}