{"uid":"ebf8f3cfa7944da7","name":"test_get_attachments_by_project_id_missing_required_param","fullName":"tests.endpoints.attachments.test_attachments_get_by_project#test_get_attachments_by_project_id_missing_required_param","historyId":"aa25db44aeb185691928547eadde1ca5","time":{"start":1771495002839,"stop":1771495002963,"duration":124},"description":"Test attachments retrieval without required projectId param returns 404","descriptionHtml":"<p>Test attachments retrieval without required projectId param returns 404</p>\n","status":"failed","statusMessage":"AssertionError: Expected status 404, got 400. URL: https://api.ganttpro.com/v1.0/attachments/getByProjectId, Response: [{\"code\":3005,\"msg\":\"Code: 3005: query must have required property 'projectId'\"}]","statusTrace":"tests/endpoints/attachments/test_attachments_get_by_project.py:45: in test_get_attachments_by_project_id_missing_required_param\n    assert_status_code(response, 404)\nsrc/assertions.py:28: in assert_status_code\n    assert response.status_code == expected_status, message\nE   AssertionError: Expected status 404, got 400. URL: https://api.ganttpro.com/v1.0/attachments/getByProjectId, Response: [{\"code\":3005,\"msg\":\"Code: 3005: query must have required property 'projectId'\"}]","flaky":false,"newFailed":false,"newBroken":false,"newPassed":false,"retriesCount":0,"retriesStatusChange":false,"beforeStages":[{"name":"client","time":{"start":1771494992571,"stop":1771494992571,"duration":0},"status":"passed","steps":[],"attachments":[],"parameters":[],"shouldDisplayMessage":false,"stepsCount":0,"attachmentsCount":0,"hasContent":false,"attachmentStep":false},{"name":"setup_reports_dir","time":{"start":1771494992571,"stop":1771494992571,"duration":0},"status":"passed","steps":[],"attachments":[],"parameters":[],"shouldDisplayMessage":false,"stepsCount":0,"attachmentsCount":0,"hasContent":false,"attachmentStep":false},{"name":"auth_headers","time":{"start":1771494992571,"stop":1771494992571,"duration":0},"status":"passed","steps":[],"attachments":[],"parameters":[],"shouldDisplayMessage":false,"stepsCount":0,"attachmentsCount":0,"hasContent":false,"attachmentStep":false},{"name":"rate_limit_pause","time":{"start":1771495002839,"stop":1771495002839,"duration":0},"status":"passed","steps":[],"attachments":[],"parameters":[],"shouldDisplayMessage":false,"stepsCount":0,"attachmentsCount":0,"hasContent":false,"attachmentStep":false}],"testStage":{"description":"Test attachments retrieval without required projectId param returns 404","status":"failed","statusMessage":"AssertionError: Expected status 404, got 400. URL: https://api.ganttpro.com/v1.0/attachments/getByProjectId, Response: [{\"code\":3005,\"msg\":\"Code: 3005: query must have required property 'projectId'\"}]","statusTrace":"tests/endpoints/attachments/test_attachments_get_by_project.py:45: in test_get_attachments_by_project_id_missing_required_param\n    assert_status_code(response, 404)\nsrc/assertions.py:28: in assert_status_code\n    assert response.status_code == expected_status, message\nE   AssertionError: Expected status 404, got 400. URL: https://api.ganttpro.com/v1.0/attachments/getByProjectId, Response: [{\"code\":3005,\"msg\":\"Code: 3005: query must have required property 'projectId'\"}]","steps":[],"attachments":[{"uid":"a2d55d3aa44f7f","name":"log","source":"a2d55d3aa44f7f.txt","type":"text/plain","size":307},{"uid":"473673a34838def","name":"stderr","source":"473673a34838def.txt","type":"text/plain","size":243}],"parameters":[],"shouldDisplayMessage":true,"stepsCount":0,"attachmentsCount":2,"hasContent":true,"attachmentStep":false},"afterStages":[{"name":"rate_limit_pause::0","time":{"start":1771495002967,"stop":1771495003968,"duration":1001},"status":"passed","steps":[],"attachments":[],"parameters":[],"shouldDisplayMessage":false,"stepsCount":0,"attachmentsCount":0,"hasContent":false,"attachmentStep":false}],"labels":[{"name":"tag","value":"validation"},{"name":"tag","value":"GET"},{"name":"feature","value":"Attachments"},{"name":"story","value":"Get Attachments by Project"},{"name":"parentSuite","value":"tests.endpoints.attachments"},{"name":"suite","value":"test_attachments_get_by_project"},{"name":"host","value":"runnervmjduv7"},{"name":"thread","value":"2417-MainThread"},{"name":"framework","value":"pytest"},{"name":"language","value":"cpython3"},{"name":"package","value":"tests.endpoints.attachments.test_attachments_get_by_project"},{"name":"resultFormat","value":"allure2"}],"parameters":[],"links":[],"hidden":false,"retry":false,"extra":{"severity":"normal","retries":[],"categories":[{"name":"Product defects","matchedStatuses":[]}],"tags":["GET","validation"]},"source":"ebf8f3cfa7944da7.json","parameterValues":[]}