{"uid":"edf547759bc32117","name":"test_create_defaults","fullName":"tests.endpoints.tasks.test_tasks_create#test_create_defaults","historyId":"ee201db1d23a3c503f932d76ae4b1209","time":{"start":1768410174972,"stop":1768410175405,"duration":433},"description":"Должны проставиться дефолты: status=1, progress=0, duration=1, type=task, color=1, estimation=0","descriptionHtml":"<p>Должны проставиться дефолты: status=1, progress=0, duration=1, type=task, color=1, estimation=0</p>\n","status":"failed","statusMessage":"AssertionError: assert 480 == 1440\n +  where 480 = <built-in method get of dict object at 0x7f3826a482c0>('duration')\n +    where <built-in method get of dict object at 0x7f3826a482c0> = {'attachments': [], 'color': 1, 'comments': [], 'createdAt': '2026-01-14T17:02:55.000Z', ...}.get","statusTrace":"tests/endpoints/tasks/test_tasks_create.py:89: in test_create_defaults\n    assert item.get(\"duration\") == 1440  # API uses minutes (1 day = 1440 minutes)\nE   AssertionError: assert 480 == 1440\nE    +  where 480 = <built-in method get of dict object at 0x7f3826a482c0>('duration')\nE    +    where <built-in method get of dict object at 0x7f3826a482c0> = {'attachments': [], 'color': 1, 'comments': [], 'createdAt': '2026-01-14T17:02:55.000Z', ...}.get","flaky":false,"newFailed":false,"newBroken":false,"newPassed":false,"retriesCount":0,"retriesStatusChange":false,"beforeStages":[{"name":"setup_reports_dir","time":{"start":1768410098056,"stop":1768410098056,"duration":0},"status":"passed","steps":[],"attachments":[],"parameters":[],"shouldDisplayMessage":false,"stepsCount":0,"attachmentsCount":0,"hasContent":false,"attachmentStep":false},{"name":"auth_headers","time":{"start":1768410098056,"stop":1768410098056,"duration":0},"status":"passed","steps":[],"attachments":[],"parameters":[],"shouldDisplayMessage":false,"stepsCount":0,"attachmentsCount":0,"hasContent":false,"attachmentStep":false},{"name":"project_id","time":{"start":1768410098056,"stop":1768410098056,"duration":0},"status":"passed","steps":[],"attachments":[],"parameters":[],"shouldDisplayMessage":false,"stepsCount":0,"attachmentsCount":0,"hasContent":false,"attachmentStep":false},{"name":"client","time":{"start":1768410098056,"stop":1768410098056,"duration":0},"status":"passed","steps":[],"attachments":[],"parameters":[],"shouldDisplayMessage":false,"stepsCount":0,"attachmentsCount":0,"hasContent":false,"attachmentStep":false},{"name":"rate_limit_pause","time":{"start":1768410174971,"stop":1768410174971,"duration":0},"status":"passed","steps":[],"attachments":[],"parameters":[],"shouldDisplayMessage":false,"stepsCount":0,"attachmentsCount":0,"hasContent":false,"attachmentStep":false}],"testStage":{"description":"Должны проставиться дефолты: status=1, progress=0, duration=1, type=task, color=1, estimation=0","status":"failed","statusMessage":"AssertionError: assert 480 == 1440\n +  where 480 = <built-in method get of dict object at 0x7f3826a482c0>('duration')\n +    where <built-in method get of dict object at 0x7f3826a482c0> = {'attachments': [], 'color': 1, 'comments': [], 'createdAt': '2026-01-14T17:02:55.000Z', ...}.get","statusTrace":"tests/endpoints/tasks/test_tasks_create.py:89: in test_create_defaults\n    assert item.get(\"duration\") == 1440  # API uses minutes (1 day = 1440 minutes)\nE   AssertionError: assert 480 == 1440\nE    +  where 480 = <built-in method get of dict object at 0x7f3826a482c0>('duration')\nE    +    where <built-in method get of dict object at 0x7f3826a482c0> = {'attachments': [], 'color': 1, 'comments': [], 'createdAt': '2026-01-14T17:02:55.000Z', ...}.get","steps":[],"attachments":[{"uid":"68c36bdb2b70f989","name":"HTTP Request","source":"68c36bdb2b70f989.txt","type":"text/plain","size":123},{"uid":"fa2a69ac209bd201","name":"HTTP Response","source":"fa2a69ac209bd201.txt","type":"text/plain","size":466},{"uid":"a2ee5ec777f42b4b","name":"log","source":"a2ee5ec777f42b4b.txt","type":"text/plain","size":147},{"uid":"f8daedb6cac46d0f","name":"stderr","source":"f8daedb6cac46d0f.txt","type":"text/plain","size":104}],"parameters":[],"shouldDisplayMessage":true,"stepsCount":0,"attachmentsCount":4,"hasContent":true,"attachmentStep":false},"afterStages":[{"name":"rate_limit_pause::0","time":{"start":1768410175415,"stop":1768410176416,"duration":1001},"status":"passed","steps":[],"attachments":[],"parameters":[],"shouldDisplayMessage":false,"stepsCount":0,"attachmentsCount":0,"hasContent":false,"attachmentStep":false}],"labels":[{"name":"tag","value":"POST"},{"name":"tag","value":"defaults"},{"name":"feature","value":"Tasks"},{"name":"story","value":"Create Task"},{"name":"parentSuite","value":"tests.endpoints.tasks"},{"name":"suite","value":"test_tasks_create"},{"name":"host","value":"runnervmi13qx"},{"name":"thread","value":"2244-MainThread"},{"name":"framework","value":"pytest"},{"name":"language","value":"cpython3"},{"name":"package","value":"tests.endpoints.tasks.test_tasks_create"},{"name":"resultFormat","value":"allure2"}],"parameters":[],"links":[],"hidden":false,"retry":false,"extra":{"severity":"normal","retries":[],"categories":[{"name":"Product defects","matchedStatuses":[]}],"tags":["defaults","POST"]},"source":"edf547759bc32117.json","parameterValues":[]}