{"uid":"f12e1dc75978f36e","name":"test_get_comments_by_project_id_missing_required_param","fullName":"tests.endpoints.comments.test_comments_get_by_project#test_get_comments_by_project_id_missing_required_param","historyId":"0529855e98ef31c558e49a108e451c9b","time":{"start":1772099865627,"stop":1772099865817,"duration":190},"description":"Test comments retrieval without required projectId param returns 404","descriptionHtml":"<p>Test comments retrieval without required projectId param returns 404</p>\n","status":"failed","statusMessage":"AssertionError: Expected status 404, got 400. URL: https://api.ganttpro.com/v1.0/comments/getByProjectId, Response: [{\"code\":3005,\"msg\":\"Code: 3005: query must have required property 'projectId'\"}]","statusTrace":"tests/endpoints/comments/test_comments_get_by_project.py:45: in test_get_comments_by_project_id_missing_required_param\n    assert_status_code(response, 404)\nsrc/assertions.py:28: in assert_status_code\n    assert response.status_code == expected_status, message\nE   AssertionError: Expected status 404, got 400. URL: https://api.ganttpro.com/v1.0/comments/getByProjectId, Response: [{\"code\":3005,\"msg\":\"Code: 3005: query must have required property 'projectId'\"}]","flaky":false,"newFailed":false,"newBroken":false,"newPassed":false,"retriesCount":0,"retriesStatusChange":false,"beforeStages":[{"name":"setup_reports_dir","time":{"start":1772099840710,"stop":1772099840710,"duration":0},"status":"passed","steps":[],"attachments":[],"parameters":[],"shouldDisplayMessage":false,"stepsCount":0,"attachmentsCount":0,"hasContent":false,"attachmentStep":false},{"name":"auth_headers","time":{"start":1772099840711,"stop":1772099840711,"duration":0},"status":"passed","steps":[],"attachments":[],"parameters":[],"shouldDisplayMessage":false,"stepsCount":0,"attachmentsCount":0,"hasContent":false,"attachmentStep":false},{"name":"client","time":{"start":1772099840711,"stop":1772099840711,"duration":0},"status":"passed","steps":[],"attachments":[],"parameters":[],"shouldDisplayMessage":false,"stepsCount":0,"attachmentsCount":0,"hasContent":false,"attachmentStep":false},{"name":"rate_limit_pause","time":{"start":1772099865627,"stop":1772099865627,"duration":0},"status":"passed","steps":[],"attachments":[],"parameters":[],"shouldDisplayMessage":false,"stepsCount":0,"attachmentsCount":0,"hasContent":false,"attachmentStep":false}],"testStage":{"description":"Test comments retrieval without required projectId param returns 404","status":"failed","statusMessage":"AssertionError: Expected status 404, got 400. URL: https://api.ganttpro.com/v1.0/comments/getByProjectId, Response: [{\"code\":3005,\"msg\":\"Code: 3005: query must have required property 'projectId'\"}]","statusTrace":"tests/endpoints/comments/test_comments_get_by_project.py:45: in test_get_comments_by_project_id_missing_required_param\n    assert_status_code(response, 404)\nsrc/assertions.py:28: in assert_status_code\n    assert response.status_code == expected_status, message\nE   AssertionError: Expected status 404, got 400. URL: https://api.ganttpro.com/v1.0/comments/getByProjectId, Response: [{\"code\":3005,\"msg\":\"Code: 3005: query must have required property 'projectId'\"}]","steps":[],"attachments":[{"uid":"34906a86cf3566e5","name":"log","source":"34906a86cf3566e5.txt","type":"text/plain","size":304},{"uid":"af7077a981eb8cc0","name":"stderr","source":"af7077a981eb8cc0.txt","type":"text/plain","size":240}],"parameters":[],"shouldDisplayMessage":true,"stepsCount":0,"attachmentsCount":2,"hasContent":true,"attachmentStep":false},"afterStages":[{"name":"rate_limit_pause::0","time":{"start":1772099865822,"stop":1772099866823,"duration":1001},"status":"passed","steps":[],"attachments":[],"parameters":[],"shouldDisplayMessage":false,"stepsCount":0,"attachmentsCount":0,"hasContent":false,"attachmentStep":false}],"labels":[{"name":"feature","value":"Comments"},{"name":"tag","value":"validation"},{"name":"tag","value":"GET"},{"name":"story","value":"Get Comments by Project"},{"name":"parentSuite","value":"tests.endpoints.comments"},{"name":"suite","value":"test_comments_get_by_project"},{"name":"host","value":"runnervmnay03"},{"name":"thread","value":"2424-MainThread"},{"name":"framework","value":"pytest"},{"name":"language","value":"cpython3"},{"name":"package","value":"tests.endpoints.comments.test_comments_get_by_project"},{"name":"resultFormat","value":"allure2"}],"parameters":[],"links":[],"hidden":false,"retry":false,"extra":{"severity":"normal","retries":[],"categories":[{"name":"Product defects","matchedStatuses":[]}],"tags":["GET","validation"]},"source":"f12e1dc75978f36e.json","parameterValues":[]}