{"uid":"f18534ea4f30311d","name":"test_create_duration_negative","fullName":"tests.endpoints.tasks.test_tasks_create#test_create_duration_negative","historyId":"0c77bfef12c1af6b9cec06b39e1b1e09","time":{"start":1771326696981,"stop":1771326823595,"duration":126614},"description":"duration<0 — ожидаем 400","descriptionHtml":"<p>duration&lt;0 — ожидаем 400</p>\n","status":"failed","statusMessage":"AssertionError: Expected status 400, got 524. URL: https://api.ganttpro.com/v1.0/tasks, Response: <!DOCTYPE html>\n<html lang=\"en\">\n  <head>\n    <meta charset=\"UTF-8\" />\n    <meta\n      name=\"viewport\"\n      content=\"width=device-width, user-scalable=no, initial-scale=1.0, maximum-scale=1.0, minimu","statusTrace":"tests/endpoints/tasks/test_tasks_create.py:375: in test_create_duration_negative\n    assert_status_code(response, 400)\nsrc/assertions.py:28: in assert_status_code\n    assert response.status_code == expected_status, message\nE   AssertionError: Expected status 400, got 524. URL: https://api.ganttpro.com/v1.0/tasks, Response: <!DOCTYPE html>\nE   <html lang=\"en\">\nE     <head>\nE       <meta charset=\"UTF-8\" />\nE       <meta\nE         name=\"viewport\"\nE         content=\"width=device-width, user-scalable=no, initial-scale=1.0, maximum-scale=1.0, minimu","flaky":false,"newFailed":false,"newBroken":false,"newPassed":false,"retriesCount":0,"retriesStatusChange":false,"beforeStages":[{"name":"setup_reports_dir","time":{"start":1771322232932,"stop":1771322232933,"duration":1},"status":"passed","steps":[],"attachments":[],"parameters":[],"shouldDisplayMessage":false,"stepsCount":0,"attachmentsCount":0,"hasContent":false,"attachmentStep":false},{"name":"client","time":{"start":1771322232933,"stop":1771322232933,"duration":0},"status":"passed","steps":[],"attachments":[],"parameters":[],"shouldDisplayMessage":false,"stepsCount":0,"attachmentsCount":0,"hasContent":false,"attachmentStep":false},{"name":"auth_headers","time":{"start":1771322232933,"stop":1771322232933,"duration":0},"status":"passed","steps":[],"attachments":[],"parameters":[],"shouldDisplayMessage":false,"stepsCount":0,"attachmentsCount":0,"hasContent":false,"attachmentStep":false},{"name":"project_id","time":{"start":1771322232933,"stop":1771322232933,"duration":0},"status":"passed","steps":[],"attachments":[],"parameters":[],"shouldDisplayMessage":false,"stepsCount":0,"attachmentsCount":0,"hasContent":false,"attachmentStep":false},{"name":"rate_limit_pause","time":{"start":1771326696981,"stop":1771326696981,"duration":0},"status":"passed","steps":[],"attachments":[],"parameters":[],"shouldDisplayMessage":false,"stepsCount":0,"attachmentsCount":0,"hasContent":false,"attachmentStep":false}],"testStage":{"description":"duration<0 — ожидаем 400","status":"failed","statusMessage":"AssertionError: Expected status 400, got 524. URL: https://api.ganttpro.com/v1.0/tasks, Response: <!DOCTYPE html>\n<html lang=\"en\">\n  <head>\n    <meta charset=\"UTF-8\" />\n    <meta\n      name=\"viewport\"\n      content=\"width=device-width, user-scalable=no, initial-scale=1.0, maximum-scale=1.0, minimu","statusTrace":"tests/endpoints/tasks/test_tasks_create.py:375: in test_create_duration_negative\n    assert_status_code(response, 400)\nsrc/assertions.py:28: in assert_status_code\n    assert response.status_code == expected_status, message\nE   AssertionError: Expected status 400, got 524. URL: https://api.ganttpro.com/v1.0/tasks, Response: <!DOCTYPE html>\nE   <html lang=\"en\">\nE     <head>\nE       <meta charset=\"UTF-8\" />\nE       <meta\nE         name=\"viewport\"\nE         content=\"width=device-width, user-scalable=no, initial-scale=1.0, maximum-scale=1.0, minimu","steps":[],"attachments":[{"uid":"1c7661589c3b683c","name":"log","source":"1c7661589c3b683c.txt","type":"text/plain","size":452903},{"uid":"ac5d6b2bb8f240df","name":"stderr","source":"ac5d6b2bb8f240df.txt","type":"text/plain","size":452840}],"parameters":[],"shouldDisplayMessage":true,"stepsCount":0,"attachmentsCount":2,"hasContent":true,"attachmentStep":false},"afterStages":[{"name":"rate_limit_pause::0","time":{"start":1771326823605,"stop":1771326824606,"duration":1001},"status":"passed","steps":[],"attachments":[],"parameters":[],"shouldDisplayMessage":false,"stepsCount":0,"attachmentsCount":0,"hasContent":false,"attachmentStep":false}],"labels":[{"name":"story","value":"Create Task"},{"name":"feature","value":"Tasks"},{"name":"tag","value":"POST"},{"name":"tag","value":"validation"},{"name":"parentSuite","value":"tests.endpoints.tasks"},{"name":"suite","value":"test_tasks_create"},{"name":"host","value":"runnervmjduv7"},{"name":"thread","value":"2432-MainThread"},{"name":"framework","value":"pytest"},{"name":"language","value":"cpython3"},{"name":"package","value":"tests.endpoints.tasks.test_tasks_create"},{"name":"resultFormat","value":"allure2"}],"parameters":[],"links":[],"hidden":false,"retry":false,"extra":{"severity":"normal","retries":[],"categories":[{"name":"Product defects","matchedStatuses":[]}],"tags":["POST","validation"]},"source":"f18534ea4f30311d.json","parameterValues":[]}