{"uid":"f19fed49047a82cb","name":"test_create_no_dates_sets_defaults","fullName":"tests.endpoints.tasks.test_tasks_create#test_create_no_dates_sets_defaults","historyId":"263b47fc7ce42764df3d75634c029a89","time":{"start":1768902071619,"stop":1768902072097,"duration":478},"description":"Без startDate/endDate/duration должны выставиться дефолтные даты","descriptionHtml":"<p>Без startDate/endDate/duration должны выставиться дефолтные даты</p>\n","status":"failed","statusMessage":"AssertionError: assert 480 == 1440\n +  where 480 = <built-in method get of dict object at 0x7fd2ac96c4c0>('duration')\n +    where <built-in method get of dict object at 0x7fd2ac96c4c0> = {'attachments': [], 'color': 1, 'comments': [], 'createdAt': '2026-01-20T09:41:11.000Z', ...}.get","statusTrace":"tests/endpoints/tasks/test_tasks_create.py:519: in test_create_no_dates_sets_defaults\n    assert item.get(\"duration\") == 1440  # Default duration in minutes\nE   AssertionError: assert 480 == 1440\nE    +  where 480 = <built-in method get of dict object at 0x7fd2ac96c4c0>('duration')\nE    +    where <built-in method get of dict object at 0x7fd2ac96c4c0> = {'attachments': [], 'color': 1, 'comments': [], 'createdAt': '2026-01-20T09:41:11.000Z', ...}.get","flaky":false,"newFailed":false,"newBroken":false,"newPassed":false,"retriesCount":0,"retriesStatusChange":false,"beforeStages":[{"name":"setup_reports_dir","time":{"start":1768901946760,"stop":1768901946761,"duration":1},"status":"passed","steps":[],"attachments":[],"parameters":[],"shouldDisplayMessage":false,"stepsCount":0,"attachmentsCount":0,"hasContent":false,"attachmentStep":false},{"name":"project_id","time":{"start":1768901946761,"stop":1768901946761,"duration":0},"status":"passed","steps":[],"attachments":[],"parameters":[],"shouldDisplayMessage":false,"stepsCount":0,"attachmentsCount":0,"hasContent":false,"attachmentStep":false},{"name":"auth_headers","time":{"start":1768901946761,"stop":1768901946761,"duration":0},"status":"passed","steps":[],"attachments":[],"parameters":[],"shouldDisplayMessage":false,"stepsCount":0,"attachmentsCount":0,"hasContent":false,"attachmentStep":false},{"name":"client","time":{"start":1768901946761,"stop":1768901946761,"duration":0},"status":"passed","steps":[],"attachments":[],"parameters":[],"shouldDisplayMessage":false,"stepsCount":0,"attachmentsCount":0,"hasContent":false,"attachmentStep":false},{"name":"rate_limit_pause","time":{"start":1768902071619,"stop":1768902071619,"duration":0},"status":"passed","steps":[],"attachments":[],"parameters":[],"shouldDisplayMessage":false,"stepsCount":0,"attachmentsCount":0,"hasContent":false,"attachmentStep":false}],"testStage":{"description":"Без startDate/endDate/duration должны выставиться дефолтные даты","status":"failed","statusMessage":"AssertionError: assert 480 == 1440\n +  where 480 = <built-in method get of dict object at 0x7fd2ac96c4c0>('duration')\n +    where <built-in method get of dict object at 0x7fd2ac96c4c0> = {'attachments': [], 'color': 1, 'comments': [], 'createdAt': '2026-01-20T09:41:11.000Z', ...}.get","statusTrace":"tests/endpoints/tasks/test_tasks_create.py:519: in test_create_no_dates_sets_defaults\n    assert item.get(\"duration\") == 1440  # Default duration in minutes\nE   AssertionError: assert 480 == 1440\nE    +  where 480 = <built-in method get of dict object at 0x7fd2ac96c4c0>('duration')\nE    +    where <built-in method get of dict object at 0x7fd2ac96c4c0> = {'attachments': [], 'color': 1, 'comments': [], 'createdAt': '2026-01-20T09:41:11.000Z', ...}.get","steps":[],"attachments":[{"uid":"57554ab99b129c47","name":"HTTP Request","source":"57554ab99b129c47.txt","type":"text/plain","size":112},{"uid":"25d87af47907eaea","name":"HTTP Response","source":"25d87af47907eaea.txt","type":"text/plain","size":455},{"uid":"dcf88a61b91d4cfe","name":"log","source":"dcf88a61b91d4cfe.txt","type":"text/plain","size":147},{"uid":"2865d958970544fe","name":"stderr","source":"2865d958970544fe.txt","type":"text/plain","size":104}],"parameters":[],"shouldDisplayMessage":true,"stepsCount":0,"attachmentsCount":4,"hasContent":true,"attachmentStep":false},"afterStages":[{"name":"rate_limit_pause::0","time":{"start":1768902072106,"stop":1768902073107,"duration":1001},"status":"passed","steps":[],"attachments":[],"parameters":[],"shouldDisplayMessage":false,"stepsCount":0,"attachmentsCount":0,"hasContent":false,"attachmentStep":false}],"labels":[{"name":"story","value":"Create Task"},{"name":"tag","value":"defaults"},{"name":"feature","value":"Tasks"},{"name":"tag","value":"POST"},{"name":"parentSuite","value":"tests.endpoints.tasks"},{"name":"suite","value":"test_tasks_create"},{"name":"host","value":"runnervmmtnos"},{"name":"thread","value":"2368-MainThread"},{"name":"framework","value":"pytest"},{"name":"language","value":"cpython3"},{"name":"package","value":"tests.endpoints.tasks.test_tasks_create"},{"name":"resultFormat","value":"allure2"}],"parameters":[],"links":[],"hidden":false,"retry":false,"extra":{"severity":"normal","retries":[],"categories":[{"name":"Product defects","matchedStatuses":[]}],"tags":["defaults","POST"]},"source":"f19fed49047a82cb.json","parameterValues":[]}