{"uid":"f3c196c85e7150e9","name":"test_create_defaults","fullName":"tests.endpoints.tasks.test_tasks_create#test_create_defaults","historyId":"ee201db1d23a3c503f932d76ae4b1209","time":{"start":1772185957770,"stop":1772185958346,"duration":576},"description":"Должны проставиться дефолты: status=1, progress=0, duration=1, type=task, color=1, estimation=0","descriptionHtml":"<p>Должны проставиться дефолты: status=1, progress=0, duration=1, type=task, color=1, estimation=0</p>\n","status":"failed","statusMessage":"AssertionError: assert 480 == 1440\n +  where 480 = <built-in method get of dict object at 0x7f4bfe52d980>('duration')\n +    where <built-in method get of dict object at 0x7f4bfe52d980> = {'attachments': [], 'color': 1, 'comments': [], 'createdAt': '2026-02-27T09:52:38.000Z', ...}.get","statusTrace":"tests/endpoints/tasks/test_tasks_create.py:89: in test_create_defaults\n    assert item.get(\"duration\") == 1440  # API uses minutes (1 day = 1440 minutes)\nE   AssertionError: assert 480 == 1440\nE    +  where 480 = <built-in method get of dict object at 0x7f4bfe52d980>('duration')\nE    +    where <built-in method get of dict object at 0x7f4bfe52d980> = {'attachments': [], 'color': 1, 'comments': [], 'createdAt': '2026-02-27T09:52:38.000Z', ...}.get","flaky":false,"newFailed":false,"newBroken":false,"newPassed":false,"retriesCount":0,"retriesStatusChange":false,"beforeStages":[{"name":"setup_reports_dir","time":{"start":1772185879374,"stop":1772185879374,"duration":0},"status":"passed","steps":[],"attachments":[],"parameters":[],"shouldDisplayMessage":false,"stepsCount":0,"attachmentsCount":0,"hasContent":false,"attachmentStep":false},{"name":"client","time":{"start":1772185879374,"stop":1772185879374,"duration":0},"status":"passed","steps":[],"attachments":[],"parameters":[],"shouldDisplayMessage":false,"stepsCount":0,"attachmentsCount":0,"hasContent":false,"attachmentStep":false},{"name":"project_id","time":{"start":1772185879374,"stop":1772185879374,"duration":0},"status":"passed","steps":[],"attachments":[],"parameters":[],"shouldDisplayMessage":false,"stepsCount":0,"attachmentsCount":0,"hasContent":false,"attachmentStep":false},{"name":"auth_headers","time":{"start":1772185879374,"stop":1772185879374,"duration":0},"status":"passed","steps":[],"attachments":[],"parameters":[],"shouldDisplayMessage":false,"stepsCount":0,"attachmentsCount":0,"hasContent":false,"attachmentStep":false},{"name":"rate_limit_pause","time":{"start":1772185957770,"stop":1772185957770,"duration":0},"status":"passed","steps":[],"attachments":[],"parameters":[],"shouldDisplayMessage":false,"stepsCount":0,"attachmentsCount":0,"hasContent":false,"attachmentStep":false}],"testStage":{"description":"Должны проставиться дефолты: status=1, progress=0, duration=1, type=task, color=1, estimation=0","status":"failed","statusMessage":"AssertionError: assert 480 == 1440\n +  where 480 = <built-in method get of dict object at 0x7f4bfe52d980>('duration')\n +    where <built-in method get of dict object at 0x7f4bfe52d980> = {'attachments': [], 'color': 1, 'comments': [], 'createdAt': '2026-02-27T09:52:38.000Z', ...}.get","statusTrace":"tests/endpoints/tasks/test_tasks_create.py:89: in test_create_defaults\n    assert item.get(\"duration\") == 1440  # API uses minutes (1 day = 1440 minutes)\nE   AssertionError: assert 480 == 1440\nE    +  where 480 = <built-in method get of dict object at 0x7f4bfe52d980>('duration')\nE    +    where <built-in method get of dict object at 0x7f4bfe52d980> = {'attachments': [], 'color': 1, 'comments': [], 'createdAt': '2026-02-27T09:52:38.000Z', ...}.get","steps":[],"attachments":[{"uid":"794005eab5b65c70","name":"HTTP Request","source":"794005eab5b65c70.txt","type":"text/plain","size":123},{"uid":"435fe76d40dbfcb2","name":"HTTP Response","source":"435fe76d40dbfcb2.txt","type":"text/plain","size":467},{"uid":"11e474c2da3352b5","name":"log","source":"11e474c2da3352b5.txt","type":"text/plain","size":147},{"uid":"79b78566f4eb98ed","name":"stderr","source":"79b78566f4eb98ed.txt","type":"text/plain","size":104}],"parameters":[],"shouldDisplayMessage":true,"stepsCount":0,"attachmentsCount":4,"hasContent":true,"attachmentStep":false},"afterStages":[{"name":"rate_limit_pause::0","time":{"start":1772185958355,"stop":1772185959357,"duration":1002},"status":"passed","steps":[],"attachments":[],"parameters":[],"shouldDisplayMessage":false,"stepsCount":0,"attachmentsCount":0,"hasContent":false,"attachmentStep":false}],"labels":[{"name":"story","value":"Create Task"},{"name":"tag","value":"defaults"},{"name":"feature","value":"Tasks"},{"name":"tag","value":"POST"},{"name":"parentSuite","value":"tests.endpoints.tasks"},{"name":"suite","value":"test_tasks_create"},{"name":"host","value":"runnervmnay03"},{"name":"thread","value":"2500-MainThread"},{"name":"framework","value":"pytest"},{"name":"language","value":"cpython3"},{"name":"package","value":"tests.endpoints.tasks.test_tasks_create"},{"name":"resultFormat","value":"allure2"}],"parameters":[],"links":[],"hidden":false,"retry":false,"extra":{"severity":"normal","retries":[],"categories":[{"name":"Product defects","matchedStatuses":[]}],"tags":["defaults","POST"]},"source":"f3c196c85e7150e9.json","parameterValues":[]}