{"uid":"fa39ed822270f3c6","name":"test_create_defaults","fullName":"tests.endpoints.tasks.test_tasks_create#test_create_defaults","historyId":"ee201db1d23a3c503f932d76ae4b1209","time":{"start":1768988426491,"stop":1768988426897,"duration":406},"description":"Должны проставиться дефолты: status=1, progress=0, duration=1, type=task, color=1, estimation=0","descriptionHtml":"<p>Должны проставиться дефолты: status=1, progress=0, duration=1, type=task, color=1, estimation=0</p>\n","status":"failed","statusMessage":"AssertionError: assert 480 == 1440\n +  where 480 = <built-in method get of dict object at 0x7effc0e33080>('duration')\n +    where <built-in method get of dict object at 0x7effc0e33080> = {'attachments': [], 'color': 1, 'comments': [], 'createdAt': '2026-01-21T09:40:26.000Z', ...}.get","statusTrace":"tests/endpoints/tasks/test_tasks_create.py:89: in test_create_defaults\n    assert item.get(\"duration\") == 1440  # API uses minutes (1 day = 1440 minutes)\nE   AssertionError: assert 480 == 1440\nE    +  where 480 = <built-in method get of dict object at 0x7effc0e33080>('duration')\nE    +    where <built-in method get of dict object at 0x7effc0e33080> = {'attachments': [], 'color': 1, 'comments': [], 'createdAt': '2026-01-21T09:40:26.000Z', ...}.get","flaky":false,"newFailed":false,"newBroken":false,"newPassed":false,"retriesCount":0,"retriesStatusChange":false,"beforeStages":[{"name":"setup_reports_dir","time":{"start":1768988346292,"stop":1768988346292,"duration":0},"status":"passed","steps":[],"attachments":[],"parameters":[],"shouldDisplayMessage":false,"stepsCount":0,"attachmentsCount":0,"hasContent":false,"attachmentStep":false},{"name":"client","time":{"start":1768988346292,"stop":1768988346293,"duration":1},"status":"passed","steps":[],"attachments":[],"parameters":[],"shouldDisplayMessage":false,"stepsCount":0,"attachmentsCount":0,"hasContent":false,"attachmentStep":false},{"name":"project_id","time":{"start":1768988346293,"stop":1768988346293,"duration":0},"status":"passed","steps":[],"attachments":[],"parameters":[],"shouldDisplayMessage":false,"stepsCount":0,"attachmentsCount":0,"hasContent":false,"attachmentStep":false},{"name":"auth_headers","time":{"start":1768988346293,"stop":1768988346293,"duration":0},"status":"passed","steps":[],"attachments":[],"parameters":[],"shouldDisplayMessage":false,"stepsCount":0,"attachmentsCount":0,"hasContent":false,"attachmentStep":false},{"name":"rate_limit_pause","time":{"start":1768988426490,"stop":1768988426490,"duration":0},"status":"passed","steps":[],"attachments":[],"parameters":[],"shouldDisplayMessage":false,"stepsCount":0,"attachmentsCount":0,"hasContent":false,"attachmentStep":false}],"testStage":{"description":"Должны проставиться дефолты: status=1, progress=0, duration=1, type=task, color=1, estimation=0","status":"failed","statusMessage":"AssertionError: assert 480 == 1440\n +  where 480 = <built-in method get of dict object at 0x7effc0e33080>('duration')\n +    where <built-in method get of dict object at 0x7effc0e33080> = {'attachments': [], 'color': 1, 'comments': [], 'createdAt': '2026-01-21T09:40:26.000Z', ...}.get","statusTrace":"tests/endpoints/tasks/test_tasks_create.py:89: in test_create_defaults\n    assert item.get(\"duration\") == 1440  # API uses minutes (1 day = 1440 minutes)\nE   AssertionError: assert 480 == 1440\nE    +  where 480 = <built-in method get of dict object at 0x7effc0e33080>('duration')\nE    +    where <built-in method get of dict object at 0x7effc0e33080> = {'attachments': [], 'color': 1, 'comments': [], 'createdAt': '2026-01-21T09:40:26.000Z', ...}.get","steps":[],"attachments":[{"uid":"836b253736a8561f","name":"HTTP Request","source":"836b253736a8561f.txt","type":"text/plain","size":123},{"uid":"10e45fa685c3e3bb","name":"HTTP Response","source":"10e45fa685c3e3bb.txt","type":"text/plain","size":466},{"uid":"67940f2b7c792100","name":"log","source":"67940f2b7c792100.txt","type":"text/plain","size":147},{"uid":"3b33017093bae3d1","name":"stderr","source":"3b33017093bae3d1.txt","type":"text/plain","size":104}],"parameters":[],"shouldDisplayMessage":true,"stepsCount":0,"attachmentsCount":4,"hasContent":true,"attachmentStep":false},"afterStages":[{"name":"rate_limit_pause::0","time":{"start":1768988426907,"stop":1768988427909,"duration":1002},"status":"passed","steps":[],"attachments":[],"parameters":[],"shouldDisplayMessage":false,"stepsCount":0,"attachmentsCount":0,"hasContent":false,"attachmentStep":false}],"labels":[{"name":"feature","value":"Tasks"},{"name":"story","value":"Create Task"},{"name":"tag","value":"defaults"},{"name":"tag","value":"POST"},{"name":"parentSuite","value":"tests.endpoints.tasks"},{"name":"suite","value":"test_tasks_create"},{"name":"host","value":"runnervmmtnos"},{"name":"thread","value":"2372-MainThread"},{"name":"framework","value":"pytest"},{"name":"language","value":"cpython3"},{"name":"package","value":"tests.endpoints.tasks.test_tasks_create"},{"name":"resultFormat","value":"allure2"}],"parameters":[],"links":[],"hidden":false,"retry":false,"extra":{"severity":"normal","retries":[],"categories":[{"name":"Product defects","matchedStatuses":[]}],"tags":["defaults","POST"]},"source":"fa39ed822270f3c6.json","parameterValues":[]}