{"uid":"fe69ff30f6be01de","name":"test_get_time_log_by_project_id_missing_required_param","fullName":"tests.endpoints.timelogs.test_timelogs_get_by_project#test_get_time_log_by_project_id_missing_required_param","historyId":"9623cd9edd28d6a8eecc2a4aad578180","time":{"start":1771666736488,"stop":1771666736655,"duration":167},"description":"Test time log retrieval without required projectId param returns 404","descriptionHtml":"<p>Test time log retrieval without required projectId param returns 404</p>\n","status":"failed","statusMessage":"AssertionError: Expected status 404, got 400. URL: https://api.ganttpro.com/v1.0/timeLogs/getByProjectId, Response: [{\"code\":3005,\"msg\":\"Code: 3005: query must have required property 'projectId'\"}]","statusTrace":"tests/endpoints/timelogs/test_timelogs_get_by_project.py:45: in test_get_time_log_by_project_id_missing_required_param\n    assert_status_code(response, 404)\nsrc/assertions.py:28: in assert_status_code\n    assert response.status_code == expected_status, message\nE   AssertionError: Expected status 404, got 400. URL: https://api.ganttpro.com/v1.0/timeLogs/getByProjectId, Response: [{\"code\":3005,\"msg\":\"Code: 3005: query must have required property 'projectId'\"}]","flaky":false,"newFailed":false,"newBroken":false,"newPassed":false,"retriesCount":0,"retriesStatusChange":false,"beforeStages":[{"name":"setup_reports_dir","time":{"start":1771666581497,"stop":1771666581497,"duration":0},"status":"passed","steps":[],"attachments":[],"parameters":[],"shouldDisplayMessage":false,"stepsCount":0,"attachmentsCount":0,"hasContent":false,"attachmentStep":false},{"name":"client","time":{"start":1771666581497,"stop":1771666581497,"duration":0},"status":"passed","steps":[],"attachments":[],"parameters":[],"shouldDisplayMessage":false,"stepsCount":0,"attachmentsCount":0,"hasContent":false,"attachmentStep":false},{"name":"auth_headers","time":{"start":1771666581498,"stop":1771666581498,"duration":0},"status":"passed","steps":[],"attachments":[],"parameters":[],"shouldDisplayMessage":false,"stepsCount":0,"attachmentsCount":0,"hasContent":false,"attachmentStep":false},{"name":"rate_limit_pause","time":{"start":1771666736488,"stop":1771666736488,"duration":0},"status":"passed","steps":[],"attachments":[],"parameters":[],"shouldDisplayMessage":false,"stepsCount":0,"attachmentsCount":0,"hasContent":false,"attachmentStep":false}],"testStage":{"description":"Test time log retrieval without required projectId param returns 404","status":"failed","statusMessage":"AssertionError: Expected status 404, got 400. URL: https://api.ganttpro.com/v1.0/timeLogs/getByProjectId, Response: [{\"code\":3005,\"msg\":\"Code: 3005: query must have required property 'projectId'\"}]","statusTrace":"tests/endpoints/timelogs/test_timelogs_get_by_project.py:45: in test_get_time_log_by_project_id_missing_required_param\n    assert_status_code(response, 404)\nsrc/assertions.py:28: in assert_status_code\n    assert response.status_code == expected_status, message\nE   AssertionError: Expected status 404, got 400. URL: https://api.ganttpro.com/v1.0/timeLogs/getByProjectId, Response: [{\"code\":3005,\"msg\":\"Code: 3005: query must have required property 'projectId'\"}]","steps":[],"attachments":[{"uid":"c8ea4eda0a49bd9d","name":"log","source":"c8ea4eda0a49bd9d.txt","type":"text/plain","size":304},{"uid":"bdc6964b4d06d0ad","name":"stderr","source":"bdc6964b4d06d0ad.txt","type":"text/plain","size":240}],"parameters":[],"shouldDisplayMessage":true,"stepsCount":0,"attachmentsCount":2,"hasContent":true,"attachmentStep":false},"afterStages":[{"name":"rate_limit_pause::0","time":{"start":1771666736660,"stop":1771666737661,"duration":1001},"status":"passed","steps":[],"attachments":[],"parameters":[],"shouldDisplayMessage":false,"stepsCount":0,"attachmentsCount":0,"hasContent":false,"attachmentStep":false}],"labels":[{"name":"story","value":"Get Timelogs by Project"},{"name":"tag","value":"validation"},{"name":"feature","value":"Timelogs"},{"name":"tag","value":"GET"},{"name":"parentSuite","value":"tests.endpoints.timelogs"},{"name":"suite","value":"test_timelogs_get_by_project"},{"name":"host","value":"runnervmwffz4"},{"name":"thread","value":"2444-MainThread"},{"name":"framework","value":"pytest"},{"name":"language","value":"cpython3"},{"name":"package","value":"tests.endpoints.timelogs.test_timelogs_get_by_project"},{"name":"resultFormat","value":"allure2"}],"parameters":[],"links":[],"hidden":false,"retry":false,"extra":{"severity":"normal","retries":[],"categories":[{"name":"Product defects","matchedStatuses":[]}],"tags":["GET","validation"]},"source":"fe69ff30f6be01de.json","parameterValues":[]}